2025-07-31 03:46:58 - root - INFO - Logging initialized. Log file: logs/bot_run_20250731_034658.log
2025-07-31 03:46:58 - __main__ - INFO - Using default configuration
2025-07-31 03:46:58 - __main__ - INFO - 🚀 Starting Amazon Shift Bot [ID: 1f3c3727]
2025-07-31 03:46:58 - selenium.webdriver.common.driver_finder - DEBUG - Skipping Selenium Manager; path to chrome driver specified in Service class: /Users/lovepreetgill/developer/amazon_shift_bot/venv/lib/python3.12/site-packages/seleniumbase/drivers/chromedriver
2025-07-31 03:46:58 - selenium.webdriver.common.service - DEBUG - Started executable: `/Users/lovepreetgill/developer/amazon_shift_bot/venv/lib/python3.12/site-packages/seleniumbase/drivers/chromedriver` in a child process with pid: 55261 using 0 to output -3
2025-07-31 03:46:59 - selenium.webdriver.common.driver_finder - DEBUG - Skipping Selenium Manager; path to chrome driver specified in Service class: /Users/lovepreetgill/developer/amazon_shift_bot/venv/lib/python3.12/site-packages/seleniumbase/drivers/uc_driver
2025-07-31 03:46:59 - selenium.webdriver.common.service - DEBUG - Started executable: `/Users/lovepreetgill/developer/amazon_shift_bot/venv/lib/python3.12/site-packages/seleniumbase/drivers/uc_driver` in a child process with pid: 55299 using 0 to output -1
2025-07-31 03:46:59 - asyncio - DEBUG - Using selector: KqueueSelector
2025-07-31 03:47:00 - selenium.webdriver.common.service - DEBUG - Started executable: `/Users/lovepreetgill/developer/amazon_shift_bot/venv/lib/python3.12/site-packages/seleniumbase/drivers/uc_driver` in a child process with pid: 55346 using 0 to output -1
2025-07-31 03:47:00 - services.session_service - INFO - 🔐 Establishing Amazon session
2025-07-31 03:47:07 - session_manager - INFO - 📊 Added 25/25 cookies
2025-07-31 03:47:07 - session_manager - DEBUG - Failed to restore local storage persist:alert: Message: javascript error: missing ) after argument list
  (Session info: chrome=138.0.7204.183)
Stacktrace:
0   uc_driver                           0x0000000104d62a98 uc_driver + 6167192
1   uc_driver                           0x0000000104d5a04a uc_driver + 6131786
2   uc_driver                           0x00000001047e6e00 uc_driver + 417280
3   uc_driver                           0x00000001047edb5e uc_driver + 445278
4   uc_driver                           0x00000001047f082a uc_driver + 456746
5   uc_driver                           0x000000010488720a uc_driver + 1073674
6   uc_driver                           0x000000010485ec92 uc_driver + 908434
7   uc_driver                           0x000000010488610c uc_driver + 1069324
8   uc_driver                           0x000000010485ea63 uc_driver + 907875
9   uc_driver                           0x000000010482b0c7 uc_driver + 696519
10  uc_driver                           0x000000010482bd31 uc_driver + 699697
11  uc_driver                           0x0000000104d20c50 uc_driver + 5897296
12  uc_driver                           0x0000000104d24cc9 uc_driver + 5913801
13  uc_driver                           0x0000000104cfb962 uc_driver + 5744994
14  uc_driver                           0x0000000104d2564f uc_driver + 5916239
15  uc_driver                           0x0000000104cea634 uc_driver + 5674548
16  uc_driver                           0x0000000104d47628 uc_driver + 6055464
17  uc_driver                           0x0000000104d477f0 uc_driver + 6055920
18  uc_driver                           0x0000000104d59be1 uc_driver + 6130657
19  libsystem_pthread.dylib             0x00007ff811914df1 _pthread_start + 99
20  libsystem_pthread.dylib             0x00007ff811910857 thread_start + 15

2025-07-31 03:47:16 - session_manager - INFO - ✅ Session valid - found: div[data-test-component="StencilReactRow"]
2025-07-31 03:47:16 - session_manager - INFO - ✅ Session restored successfully for lovepreet@teamarora.com
2025-07-31 03:47:20 - services.session_service - DEBUG - Session valid - found: div[data-test-component="StencilReactRow"]
2025-07-31 03:47:20 - services.session_service - INFO - ✅ Existing session validated successfully
2025-07-31 03:47:20 - enhanced_integrated_monitor - INFO - ✅ Loaded filter configuration from /Users/lovepreetgill/developer/amazon_shift_bot/filter_config.yaml
2025-07-31 03:47:20 - enhanced_integrated_monitor - INFO - 🚀 Starting Enhanced Job Monitor
2025-07-31 03:47:20 - enhanced_integrated_monitor - INFO - ✅ Enhanced components initialized successfully
2025-07-31 03:47:20 - enhanced_integrated_monitor - INFO - 📊 Starting monitoring cycle 1
2025-07-31 03:47:20 - enhanced_integrated_monitor - INFO - 🔍 Attempt 1: Processing URL 1/3: https://hiring.amazon.com/app#/jobSearch
