2025-07-31 04:37:56 - root - INFO - Logging initialized. Log file: logs/bot_run_20250731_043756.log
2025-07-31 04:37:56 - __main__ - INFO - Using default configuration
2025-07-31 04:37:56 - __main__ - INFO - 🚀 Starting Amazon Shift Bot [ID: c1b3bfd0]
2025-07-31 04:37:57 - services.session_service - INFO - 🔐 Establishing Amazon session
2025-07-31 04:38:05 - session_manager - INFO - 📊 Added 25/25 cookies
2025-07-31 04:38:14 - session_manager - INFO - ✅ Session valid - found: div[data-test-component="StencilReactRow"]
2025-07-31 04:38:14 - session_manager - INFO - ✅ Session restored successfully for lovepreet@teamarora.com
2025-07-31 04:38:18 - services.session_service - INFO - ✅ Existing session validated successfully
2025-07-31 04:38:18 - enhanced_integrated_monitor - INFO - ✅ Loaded filter configuration from /Users/lovepreetgill/developer/amazon_shift_bot/filter_config.yaml
2025-07-31 04:38:18 - enhanced_integrated_monitor - INFO - 🚀 Starting Enhanced Job Monitor
2025-07-31 04:38:18 - enhanced_integrated_monitor - INFO - ✅ Enhanced components initialized successfully
2025-07-31 04:38:18 - enhanced_integrated_monitor - INFO - 📊 Starting monitoring cycle 1
2025-07-31 04:38:18 - enhanced_integrated_monitor - INFO - 🔍 Attempt 1: Processing URL 1/3: https://hiring.amazon.com/app#/jobSearch
2025-07-31 04:39:32 - enhanced_integrated_monitor - INFO - Found guided search modal, attempting to close or use filters
2025-07-31 04:39:32 - enhanced_integrated_monitor - INFO - Clicking 'View all filters' to access filters panel
2025-07-31 04:39:39 - enhanced_integrated_monitor - INFO - Detected page type: search
2025-07-31 04:39:42 - enhanced_integrated_monitor - INFO - Found visible element with selector: button:contains("View all filters")
2025-07-31 04:39:42 - enhanced_integrated_monitor - INFO - ✅ Filters accessible via: button:contains("View all filters")
2025-07-31 04:39:42 - enhanced_integrated_monitor - INFO - 🏙️ Processing city 1/24: Granville, NY
2025-07-31 04:39:42 - enhanced_integrated_monitor - INFO - 🔧 Applying city filter: Granville, NY
2025-07-31 04:39:42 - job_components - INFO - Applying filters: ['cities']
2025-07-31 04:39:43 - job_components - INFO - Filters panel already open
2025-07-31 04:39:43 - job_components - INFO - Filters panel already open
2025-07-31 04:39:43 - job_components - INFO - Applying city filter: Granville, NY
2025-07-31 04:39:45 - job_components - INFO - ✅ Applied city filter: Granville, NY
2025-07-31 04:39:47 - job_components - INFO - ✅ Clicked show results button using: button:contains("Show")
2025-07-31 04:39:47 - job_components - INFO - ✅ Applied cities filter
2025-07-31 04:39:48 - job_components - INFO - Successfully applied 1/1 filters
2025-07-31 04:39:48 - job_components - INFO - Extracting all job information
2025-07-31 04:39:48 - job_components - INFO - Total jobs found: 1
2025-07-31 04:39:48 - job_components - INFO - Successfully extracted details for 1 jobs
2025-07-31 04:39:48 - job_components - INFO - Job extraction complete: 1 jobs, 1 total shifts
2025-07-31 04:39:48 - enhanced_integrated_monitor - INFO - 📊 Generated report: 1 total jobs, 1 jobs extracted
2025-07-31 04:39:48 - enhanced_integrated_monitor - INFO - 🎯 JOBS FOUND! 1 jobs available.
2025-07-31 04:39:48 - enhanced_integrated_monitor - INFO - 🎯 Booking enabled! Attempting immediate booking for 1 jobs...
2025-07-31 04:39:48 - enhanced_integrated_monitor - INFO - 🎯 Attempting to book job 1/1: Delivery Station Warehouse Associate
2025-07-31 04:39:48 - page_objects.shift_booking - INFO - 🔎 Starting shift slot discovery
2025-07-31 04:39:48 - page_objects.shift_booking - INFO - ✅ Discovered 1 available slots (excluding already booked)
2025-07-31 04:39:48 - enhanced_integrated_monitor - INFO - 🎯 Attempting to book slot: Delivery Station Warehouse Associate at Location TBD
2025-07-31 04:39:48 - page_objects.shift_booking - INFO - ▶️ Attempting to book slot: Delivery Station Warehouse Associate @ Location TBD
2025-07-31 04:39:52 - page_objects.shift_booking - INFO - 📋 Found shift dropdown with selector: .jobDetailScheduleDropdown
2025-07-31 04:39:52 - page_objects.shift_booking - INFO - 📋 Opened shift dropdown
2025-07-31 04:39:55 - page_objects.shift_booking - INFO - 📋 Found 5 shift options with selector: div[tabindex="0"]
2025-07-31 04:39:55 - page_objects.shift_booking - INFO - 📋 Found 2 valid shift options
2025-07-31 04:39:57 - page_objects.shift_booking - INFO - 📋 Found shift dropdown with selector: [data-test-component="StencilReactRow"].jobDetailScheduleDropdown
2025-07-31 04:39:58 - page_objects.shift_booking - INFO - 📋 Found shift dropdown with selector: div:contains("Work shift")
2025-07-31 04:40:00 - page_objects.shift_booking - INFO - 📋 Found shift dropdown with selector: div:contains("Select one")
2025-07-31 04:40:01 - page_objects.shift_booking - INFO - 📋 Found shift dropdown with selector: [tabindex="0"]:contains("Select one")
2025-07-31 04:40:03 - page_objects.shift_booking - INFO - 📋 Found shift dropdown with selector: .hvh-careers-emotion-1uzwmf0
2025-07-31 04:40:05 - page_objects.shift_booking - WARNING - ⚠️ Shift dropdown handling failed, continuing with apply...
2025-07-31 04:40:10 - page_objects.shift_booking - WARNING - Click attempt 1 failed: Message: 
. Retrying in 1.0s...
2025-07-31 04:40:16 - page_objects.shift_booking - WARNING - Click attempt 2 failed: Message: 
. Retrying in 1.2s...
2025-07-31 04:40:16 - page_objects.shift_booking - ERROR - Failed to click after 2 attempts
2025-07-31 04:40:32 - page_objects.shift_booking - WARNING - Click attempt 1 failed: Message: 
. Retrying in 1.0s...
2025-07-31 04:40:38 - page_objects.shift_booking - WARNING - Click attempt 2 failed: Message: 
. Retrying in 1.2s...
2025-07-31 04:40:38 - page_objects.shift_booking - ERROR - Failed to click after 2 attempts
2025-07-31 04:40:58 - page_objects.shift_booking - ERROR - ❌ Failed to click Apply button with any selector
2025-07-31 04:40:58 - enhanced_integrated_monitor - WARNING - ⚠️ Failed to book slot: Delivery Station Warehouse Associate
2025-07-31 04:40:58 - enhanced_integrated_monitor - WARNING - ⚠️ No slots could be booked from available jobs
2025-07-31 04:40:58 - enhanced_integrated_monitor - WARNING - ⚠️ Booking attempt failed, continuing monitoring...
2025-07-31 04:41:01 - enhanced_integrated_monitor - INFO - ✅ Cleared city filter using close button: [data-test-component="StencilReactButton"]
2025-07-31 04:41:02 - enhanced_integrated_monitor - INFO - ✅ Completed processing for city: Granville, NY
2025-07-31 04:41:02 - enhanced_integrated_monitor - INFO - 🏙️ Processing city 2/24: Poway, CA
2025-07-31 04:41:02 - enhanced_integrated_monitor - INFO - 🔧 Applying city filter: Poway, CA
2025-07-31 04:41:02 - job_components - INFO - Applying filters: ['cities']
2025-07-31 04:41:02 - job_components - INFO - Filters panel already open
2025-07-31 04:41:02 - job_components - INFO - Filters panel already open
2025-07-31 04:41:02 - job_components - INFO - Applying city filter: Poway, CA
2025-07-31 04:41:02 - job_components - WARNING - City input not found, attempt 1/2. Trying to reopen filters panel...
2025-07-31 04:41:03 - job_components - INFO - Filters panel already open
2025-07-31 04:41:04 - job_components - ERROR - Could not find city input field with any selector after retries
2025-07-31 04:41:04 - job_components - INFO - ✅ Applied cities filter
2025-07-31 04:41:05 - job_components - INFO - Successfully applied 1/1 filters
2025-07-31 04:41:05 - job_components - INFO - Extracting all job information
2025-07-31 04:41:05 - job_components - INFO - Total jobs found: 0
2025-07-31 04:41:05 - job_components - INFO - Successfully extracted details for 0 jobs
2025-07-31 04:41:05 - job_components - INFO - Job extraction complete: 0 jobs, 0 total shifts
2025-07-31 04:41:05 - enhanced_integrated_monitor - INFO - 📊 Generated report: 0 total jobs, 0 jobs extracted
2025-07-31 04:41:06 - enhanced_integrated_monitor - INFO - ✅ Cleared city filter using close button: [data-test-component="StencilReactButton"]
2025-07-31 04:41:07 - enhanced_integrated_monitor - INFO - ✅ Completed processing for city: Poway, CA
2025-07-31 04:41:07 - enhanced_integrated_monitor - INFO - 🏙️ Processing city 3/24: North Pekin, IL
2025-07-31 04:41:07 - enhanced_integrated_monitor - INFO - 🔧 Applying city filter: North Pekin, IL
2025-07-31 04:41:07 - job_components - INFO - Applying filters: ['cities']
2025-07-31 04:41:07 - job_components - INFO - Filters panel already open
2025-07-31 04:41:07 - job_components - INFO - Filters panel already open
2025-07-31 04:41:07 - job_components - INFO - Applying city filter: North Pekin, IL
2025-07-31 04:41:07 - job_components - WARNING - City input not found, attempt 1/2. Trying to reopen filters panel...
2025-07-31 04:41:08 - job_components - INFO - Filters panel already open
2025-07-31 04:41:09 - job_components - ERROR - Could not find city input field with any selector after retries
2025-07-31 04:41:09 - job_components - INFO - ✅ Applied cities filter
2025-07-31 04:41:10 - job_components - INFO - Successfully applied 1/1 filters
2025-07-31 04:41:10 - job_components - INFO - Extracting all job information
2025-07-31 04:41:10 - job_components - INFO - Total jobs found: 0
2025-07-31 04:41:10 - job_components - INFO - Successfully extracted details for 0 jobs
2025-07-31 04:41:10 - job_components - INFO - Job extraction complete: 0 jobs, 0 total shifts
2025-07-31 04:41:10 - enhanced_integrated_monitor - INFO - 📊 Generated report: 0 total jobs, 0 jobs extracted
2025-07-31 04:41:11 - enhanced_integrated_monitor - INFO - ✅ Cleared city filter using close button: [data-test-component="StencilReactButton"]
2025-07-31 04:41:12 - enhanced_integrated_monitor - INFO - ✅ Completed processing for city: North Pekin, IL
2025-07-31 04:41:12 - enhanced_integrated_monitor - INFO - 🏙️ Processing city 4/24: Missoula, MT
2025-07-31 04:41:12 - enhanced_integrated_monitor - INFO - 🔧 Applying city filter: Missoula, MT
2025-07-31 04:41:12 - job_components - INFO - Applying filters: ['cities']
2025-07-31 04:41:12 - job_components - INFO - Filters panel already open
2025-07-31 04:41:12 - job_components - INFO - Filters panel already open
2025-07-31 04:41:12 - job_components - INFO - Applying city filter: Missoula, MT
2025-07-31 04:41:12 - job_components - WARNING - City input not found, attempt 1/2. Trying to reopen filters panel...
2025-07-31 04:41:13 - job_components - INFO - Filters panel already open
2025-07-31 04:41:15 - job_components - ERROR - Could not find city input field with any selector after retries
2025-07-31 04:41:15 - job_components - INFO - ✅ Applied cities filter
2025-07-31 04:41:15 - job_components - INFO - Successfully applied 1/1 filters
2025-07-31 04:41:15 - job_components - INFO - Extracting all job information
2025-07-31 04:41:15 - job_components - INFO - Total jobs found: 0
2025-07-31 04:41:15 - job_components - INFO - Successfully extracted details for 0 jobs
2025-07-31 04:41:15 - job_components - INFO - Job extraction complete: 0 jobs, 0 total shifts
2025-07-31 04:41:15 - enhanced_integrated_monitor - INFO - 📊 Generated report: 0 total jobs, 0 jobs extracted
2025-07-31 04:41:16 - enhanced_integrated_monitor - INFO - ✅ Cleared city filter using close button: [data-test-component="StencilReactButton"]
2025-07-31 04:41:17 - enhanced_integrated_monitor - INFO - ✅ Completed processing for city: Missoula, MT
2025-07-31 04:41:17 - enhanced_integrated_monitor - INFO - 🏙️ Processing city 5/24: Ashland, MO
2025-07-31 04:41:17 - enhanced_integrated_monitor - INFO - 🔧 Applying city filter: Ashland, MO
2025-07-31 04:41:17 - job_components - INFO - Applying filters: ['cities']
2025-07-31 04:41:17 - job_components - INFO - Filters panel already open
2025-07-31 04:41:17 - job_components - INFO - Filters panel already open
2025-07-31 04:41:17 - job_components - INFO - Applying city filter: Ashland, MO
2025-07-31 04:41:17 - job_components - WARNING - City input not found, attempt 1/2. Trying to reopen filters panel...
2025-07-31 04:41:19 - job_components - INFO - Filters panel already open
2025-07-31 04:41:20 - job_components - ERROR - Could not find city input field with any selector after retries
2025-07-31 04:41:20 - job_components - INFO - ✅ Applied cities filter
2025-07-31 04:41:20 - job_components - INFO - Successfully applied 1/1 filters
2025-07-31 04:41:20 - job_components - INFO - Extracting all job information
2025-07-31 04:41:20 - job_components - INFO - Total jobs found: 0
2025-07-31 04:41:20 - job_components - INFO - Successfully extracted details for 0 jobs
2025-07-31 04:41:20 - job_components - INFO - Job extraction complete: 0 jobs, 0 total shifts
2025-07-31 04:41:20 - enhanced_integrated_monitor - INFO - 📊 Generated report: 0 total jobs, 0 jobs extracted
2025-07-31 04:41:21 - enhanced_integrated_monitor - INFO - ✅ Cleared city filter using close button: [data-test-component="StencilReactButton"]
2025-07-31 04:41:22 - enhanced_integrated_monitor - INFO - ✅ Completed processing for city: Ashland, MO
2025-07-31 04:41:22 - enhanced_integrated_monitor - INFO - 🏙️ Processing city 6/24: Gypsum, CO
2025-07-31 04:41:22 - enhanced_integrated_monitor - INFO - 🔧 Applying city filter: Gypsum, CO
2025-07-31 04:41:22 - job_components - INFO - Applying filters: ['cities']
2025-07-31 04:41:22 - job_components - INFO - Filters panel already open
2025-07-31 04:41:23 - job_components - INFO - Filters panel already open
2025-07-31 04:41:23 - job_components - INFO - Applying city filter: Gypsum, CO
2025-07-31 04:41:23 - job_components - WARNING - City input not found, attempt 1/2. Trying to reopen filters panel...
2025-07-31 04:41:24 - job_components - INFO - Filters panel already open
2025-07-31 04:41:25 - job_components - ERROR - Could not find city input field with any selector after retries
2025-07-31 04:41:25 - job_components - INFO - ✅ Applied cities filter
2025-07-31 04:41:25 - job_components - INFO - Successfully applied 1/1 filters
2025-07-31 04:41:25 - job_components - INFO - Extracting all job information
2025-07-31 04:41:25 - job_components - INFO - Total jobs found: 0
2025-07-31 04:41:25 - job_components - INFO - Successfully extracted details for 0 jobs
2025-07-31 04:41:25 - job_components - INFO - Job extraction complete: 0 jobs, 0 total shifts
2025-07-31 04:41:25 - enhanced_integrated_monitor - INFO - 📊 Generated report: 0 total jobs, 0 jobs extracted
2025-07-31 04:41:26 - enhanced_integrated_monitor - INFO - ✅ Cleared city filter using close button: [data-test-component="StencilReactButton"]
2025-07-31 04:41:27 - enhanced_integrated_monitor - INFO - ✅ Completed processing for city: Gypsum, CO
2025-07-31 04:41:27 - enhanced_integrated_monitor - INFO - 🏙️ Processing city 7/24: Belgrade, MT
2025-07-31 04:41:27 - enhanced_integrated_monitor - INFO - 🔧 Applying city filter: Belgrade, MT
2025-07-31 04:41:27 - job_components - INFO - Applying filters: ['cities']
2025-07-31 04:41:28 - job_components - INFO - Filters panel already open
2025-07-31 04:41:28 - job_components - INFO - Filters panel already open
2025-07-31 04:41:28 - job_components - INFO - Applying city filter: Belgrade, MT
2025-07-31 04:41:28 - job_components - WARNING - City input not found, attempt 1/2. Trying to reopen filters panel...
2025-07-31 04:41:29 - job_components - INFO - Filters panel already open
2025-07-31 04:41:30 - job_components - ERROR - Could not find city input field with any selector after retries
2025-07-31 04:41:30 - job_components - INFO - ✅ Applied cities filter
2025-07-31 04:41:30 - job_components - INFO - Successfully applied 1/1 filters
2025-07-31 04:41:30 - job_components - INFO - Extracting all job information
2025-07-31 04:41:30 - job_components - INFO - Total jobs found: 0
2025-07-31 04:41:30 - job_components - INFO - Successfully extracted details for 0 jobs
2025-07-31 04:41:30 - job_components - INFO - Job extraction complete: 0 jobs, 0 total shifts
2025-07-31 04:41:30 - enhanced_integrated_monitor - INFO - 📊 Generated report: 0 total jobs, 0 jobs extracted
2025-07-31 04:41:31 - enhanced_integrated_monitor - INFO - ✅ Cleared city filter using close button: [data-test-component="StencilReactButton"]
2025-07-31 04:41:32 - enhanced_integrated_monitor - INFO - ✅ Completed processing for city: Belgrade, MT
2025-07-31 04:41:32 - enhanced_integrated_monitor - INFO - 🏙️ Processing city 8/24: Basalt, CO
2025-07-31 04:41:32 - enhanced_integrated_monitor - INFO - 🔧 Applying city filter: Basalt, CO
2025-07-31 04:41:32 - job_components - INFO - Applying filters: ['cities']
2025-07-31 04:41:33 - job_components - INFO - Filters panel already open
2025-07-31 04:41:33 - job_components - INFO - Filters panel already open
2025-07-31 04:41:33 - job_components - INFO - Applying city filter: Basalt, CO
2025-07-31 04:41:33 - job_components - WARNING - City input not found, attempt 1/2. Trying to reopen filters panel...
2025-07-31 04:41:34 - job_components - INFO - Filters panel already open
2025-07-31 04:41:35 - job_components - ERROR - Could not find city input field with any selector after retries
2025-07-31 04:41:35 - job_components - INFO - ✅ Applied cities filter
2025-07-31 04:41:35 - job_components - INFO - Successfully applied 1/1 filters
2025-07-31 04:41:35 - job_components - INFO - Extracting all job information
2025-07-31 04:41:35 - job_components - INFO - Total jobs found: 0
2025-07-31 04:41:35 - job_components - INFO - Successfully extracted details for 0 jobs
2025-07-31 04:41:35 - job_components - INFO - Job extraction complete: 0 jobs, 0 total shifts
2025-07-31 04:41:35 - enhanced_integrated_monitor - INFO - 📊 Generated report: 0 total jobs, 0 jobs extracted
2025-07-31 04:41:36 - enhanced_integrated_monitor - INFO - ✅ Cleared city filter using close button: [data-test-component="StencilReactButton"]
2025-07-31 04:41:37 - enhanced_integrated_monitor - INFO - ✅ Completed processing for city: Basalt, CO
2025-07-31 04:41:37 - enhanced_integrated_monitor - INFO - 🏙️ Processing city 9/24: Ottawa, IL
2025-07-31 04:41:37 - enhanced_integrated_monitor - INFO - 🔧 Applying city filter: Ottawa, IL
2025-07-31 04:41:37 - job_components - INFO - Applying filters: ['cities']
2025-07-31 04:41:38 - job_components - INFO - Filters panel already open
2025-07-31 04:41:38 - job_components - INFO - Filters panel already open
2025-07-31 04:41:38 - job_components - INFO - Applying city filter: Ottawa, IL
2025-07-31 04:41:38 - job_components - WARNING - City input not found, attempt 1/2. Trying to reopen filters panel...
2025-07-31 04:41:39 - job_components - INFO - Filters panel already open
2025-07-31 04:41:40 - job_components - ERROR - Could not find city input field with any selector after retries
2025-07-31 04:41:40 - job_components - INFO - ✅ Applied cities filter
2025-07-31 04:41:40 - job_components - INFO - Successfully applied 1/1 filters
2025-07-31 04:41:40 - job_components - INFO - Extracting all job information
2025-07-31 04:41:40 - job_components - INFO - Total jobs found: 0
2025-07-31 04:41:40 - job_components - INFO - Successfully extracted details for 0 jobs
2025-07-31 04:41:40 - job_components - INFO - Job extraction complete: 0 jobs, 0 total shifts
2025-07-31 04:41:40 - enhanced_integrated_monitor - INFO - 📊 Generated report: 0 total jobs, 0 jobs extracted
2025-07-31 04:41:41 - enhanced_integrated_monitor - INFO - ✅ Cleared city filter using close button: [data-test-component="StencilReactButton"]
2025-07-31 04:41:42 - enhanced_integrated_monitor - INFO - ✅ Completed processing for city: Ottawa, IL
2025-07-31 04:41:43 - enhanced_integrated_monitor - INFO - 🏙️ Processing city 10/24: Tillamook, OR
2025-07-31 04:41:43 - enhanced_integrated_monitor - INFO - 🔧 Applying city filter: Tillamook, OR
2025-07-31 04:41:43 - job_components - INFO - Applying filters: ['cities']
2025-07-31 04:41:43 - job_components - INFO - Filters panel already open
2025-07-31 04:41:43 - job_components - INFO - Filters panel already open
2025-07-31 04:41:43 - job_components - INFO - Applying city filter: Tillamook, OR
2025-07-31 04:41:43 - job_components - WARNING - City input not found, attempt 1/2. Trying to reopen filters panel...
2025-07-31 04:41:44 - job_components - INFO - Filters panel already open
2025-07-31 04:41:45 - job_components - ERROR - Could not find city input field with any selector after retries
2025-07-31 04:41:45 - job_components - INFO - ✅ Applied cities filter
2025-07-31 04:41:45 - job_components - INFO - Successfully applied 1/1 filters
2025-07-31 04:41:45 - job_components - INFO - Extracting all job information
2025-07-31 04:41:45 - job_components - INFO - Total jobs found: 0
2025-07-31 04:41:45 - job_components - INFO - Successfully extracted details for 0 jobs
2025-07-31 04:41:45 - job_components - INFO - Job extraction complete: 0 jobs, 0 total shifts
2025-07-31 04:41:45 - enhanced_integrated_monitor - INFO - 📊 Generated report: 0 total jobs, 0 jobs extracted
2025-07-31 04:41:46 - enhanced_integrated_monitor - INFO - ✅ Cleared city filter using close button: [data-test-component="StencilReactButton"]
2025-07-31 04:41:47 - enhanced_integrated_monitor - INFO - ✅ Completed processing for city: Tillamook, OR
2025-07-31 04:41:48 - enhanced_integrated_monitor - INFO - 🏙️ Processing city 11/24: Jackson, WY
2025-07-31 04:41:48 - enhanced_integrated_monitor - INFO - 🔧 Applying city filter: Jackson, WY
2025-07-31 04:41:48 - job_components - INFO - Applying filters: ['cities']
2025-07-31 04:41:48 - job_components - INFO - Filters panel already open
2025-07-31 04:41:48 - job_components - INFO - Filters panel already open
2025-07-31 04:41:48 - job_components - INFO - Applying city filter: Jackson, WY
2025-07-31 04:41:48 - job_components - WARNING - City input not found, attempt 1/2. Trying to reopen filters panel...
2025-07-31 04:41:49 - job_components - INFO - Filters panel already open
2025-07-31 04:41:50 - job_components - ERROR - Could not find city input field with any selector after retries
2025-07-31 04:41:50 - job_components - INFO - ✅ Applied cities filter
2025-07-31 04:41:50 - job_components - INFO - Successfully applied 1/1 filters
2025-07-31 04:41:50 - job_components - INFO - Extracting all job information
2025-07-31 04:41:50 - job_components - INFO - Total jobs found: 0
2025-07-31 04:41:50 - job_components - INFO - Successfully extracted details for 0 jobs
2025-07-31 04:41:50 - job_components - INFO - Job extraction complete: 0 jobs, 0 total shifts
2025-07-31 04:41:50 - enhanced_integrated_monitor - INFO - 📊 Generated report: 0 total jobs, 0 jobs extracted
2025-07-31 04:41:51 - enhanced_integrated_monitor - INFO - ✅ Cleared city filter using close button: [data-test-component="StencilReactButton"]
2025-07-31 04:41:52 - enhanced_integrated_monitor - INFO - ✅ Completed processing for city: Jackson, WY
2025-07-31 04:41:53 - enhanced_integrated_monitor - INFO - 🏙️ Processing city 12/24: Weston, WI
2025-07-31 04:41:53 - enhanced_integrated_monitor - INFO - 🔧 Applying city filter: Weston, WI
2025-07-31 04:41:53 - job_components - INFO - Applying filters: ['cities']
2025-07-31 04:41:53 - job_components - INFO - Filters panel already open
2025-07-31 04:41:53 - job_components - INFO - Filters panel already open
2025-07-31 04:41:53 - job_components - INFO - Applying city filter: Weston, WI
2025-07-31 04:41:53 - job_components - WARNING - City input not found, attempt 1/2. Trying to reopen filters panel...
2025-07-31 04:41:54 - job_components - INFO - Filters panel already open
2025-07-31 04:41:55 - job_components - ERROR - Could not find city input field with any selector after retries
2025-07-31 04:41:55 - job_components - INFO - ✅ Applied cities filter
2025-07-31 04:41:55 - job_components - INFO - Successfully applied 1/1 filters
2025-07-31 04:41:55 - job_components - INFO - Extracting all job information
2025-07-31 04:41:55 - job_components - INFO - Total jobs found: 0
2025-07-31 04:41:55 - job_components - INFO - Successfully extracted details for 0 jobs
2025-07-31 04:41:55 - job_components - INFO - Job extraction complete: 0 jobs, 0 total shifts
2025-07-31 04:41:55 - enhanced_integrated_monitor - INFO - 📊 Generated report: 0 total jobs, 0 jobs extracted
2025-07-31 04:41:56 - enhanced_integrated_monitor - INFO - ✅ Cleared city filter using close button: [data-test-component="StencilReactButton"]
2025-07-31 04:41:57 - enhanced_integrated_monitor - INFO - ✅ Completed processing for city: Weston, WI
2025-07-31 04:41:57 - enhanced_integrated_monitor - INFO - 🏙️ Processing city 13/24: Capitola, CA
2025-07-31 04:41:57 - enhanced_integrated_monitor - INFO - 🔧 Applying city filter: Capitola, CA
2025-07-31 04:41:57 - job_components - INFO - Applying filters: ['cities']
2025-07-31 04:41:58 - job_components - INFO - Filters panel already open
2025-07-31 04:41:58 - job_components - INFO - Filters panel already open
2025-07-31 04:41:58 - job_components - INFO - Applying city filter: Capitola, CA
2025-07-31 04:41:58 - job_components - WARNING - City input not found, attempt 1/2. Trying to reopen filters panel...
2025-07-31 04:41:59 - job_components - INFO - Filters panel already open
2025-07-31 04:42:00 - job_components - ERROR - Could not find city input field with any selector after retries
2025-07-31 04:42:00 - job_components - INFO - ✅ Applied cities filter
2025-07-31 04:42:00 - job_components - INFO - Successfully applied 1/1 filters
2025-07-31 04:42:00 - job_components - INFO - Extracting all job information
2025-07-31 04:42:00 - job_components - INFO - Total jobs found: 0
2025-07-31 04:42:00 - job_components - INFO - Successfully extracted details for 0 jobs
2025-07-31 04:42:00 - job_components - INFO - Job extraction complete: 0 jobs, 0 total shifts
2025-07-31 04:42:00 - enhanced_integrated_monitor - INFO - 📊 Generated report: 0 total jobs, 0 jobs extracted
2025-07-31 04:42:01 - enhanced_integrated_monitor - INFO - ✅ Cleared city filter using close button: [data-test-component="StencilReactButton"]
2025-07-31 04:42:02 - enhanced_integrated_monitor - INFO - ✅ Completed processing for city: Capitola, CA
2025-07-31 04:42:03 - enhanced_integrated_monitor - INFO - 🏙️ Processing city 14/24: Bend, OR
2025-07-31 04:42:03 - enhanced_integrated_monitor - INFO - 🔧 Applying city filter: Bend, OR
2025-07-31 04:42:03 - job_components - INFO - Applying filters: ['cities']
2025-07-31 04:42:03 - job_components - INFO - Filters panel already open
2025-07-31 04:42:03 - job_components - INFO - Filters panel already open
2025-07-31 04:42:03 - job_components - INFO - Applying city filter: Bend, OR
2025-07-31 04:42:03 - job_components - WARNING - City input not found, attempt 1/2. Trying to reopen filters panel...
2025-07-31 04:42:04 - job_components - INFO - Filters panel already open
2025-07-31 04:42:05 - job_components - ERROR - Could not find city input field with any selector after retries
2025-07-31 04:42:05 - job_components - INFO - ✅ Applied cities filter
2025-07-31 04:42:05 - job_components - INFO - Successfully applied 1/1 filters
2025-07-31 04:42:05 - job_components - INFO - Extracting all job information
2025-07-31 04:42:05 - job_components - INFO - Total jobs found: 0
2025-07-31 04:42:06 - job_components - INFO - Successfully extracted details for 0 jobs
2025-07-31 04:42:06 - job_components - INFO - Job extraction complete: 0 jobs, 0 total shifts
2025-07-31 04:42:06 - enhanced_integrated_monitor - INFO - 📊 Generated report: 0 total jobs, 0 jobs extracted
2025-07-31 04:42:06 - enhanced_integrated_monitor - INFO - ✅ Cleared city filter using close button: [data-test-component="StencilReactButton"]
2025-07-31 04:42:07 - enhanced_integrated_monitor - INFO - ✅ Completed processing for city: Bend, OR
2025-07-31 04:42:07 - enhanced_integrated_monitor - INFO - 🏙️ Processing city 15/24: La Crosse, WI
2025-07-31 04:42:07 - enhanced_integrated_monitor - INFO - 🔧 Applying city filter: La Crosse, WI
2025-07-31 04:42:07 - job_components - INFO - Applying filters: ['cities']
2025-07-31 04:42:08 - job_components - INFO - Filters panel already open
2025-07-31 04:42:08 - job_components - INFO - Filters panel already open
2025-07-31 04:42:08 - job_components - INFO - Applying city filter: La Crosse, WI
2025-07-31 04:42:08 - job_components - WARNING - City input not found, attempt 1/2. Trying to reopen filters panel...
2025-07-31 04:42:09 - job_components - INFO - Filters panel already open
2025-07-31 04:42:10 - job_components - ERROR - Could not find city input field with any selector after retries
2025-07-31 04:42:10 - job_components - INFO - ✅ Applied cities filter
2025-07-31 04:42:10 - job_components - INFO - Successfully applied 1/1 filters
2025-07-31 04:42:10 - job_components - INFO - Extracting all job information
2025-07-31 04:42:10 - job_components - INFO - Total jobs found: 0
2025-07-31 04:42:10 - job_components - INFO - Successfully extracted details for 0 jobs
2025-07-31 04:42:10 - job_components - INFO - Job extraction complete: 0 jobs, 0 total shifts
2025-07-31 04:42:10 - enhanced_integrated_monitor - INFO - 📊 Generated report: 0 total jobs, 0 jobs extracted
2025-07-31 04:42:11 - enhanced_integrated_monitor - INFO - ✅ Cleared city filter using close button: [data-test-component="StencilReactButton"]
2025-07-31 04:42:12 - enhanced_integrated_monitor - INFO - ✅ Completed processing for city: La Crosse, WI
2025-07-31 04:42:12 - enhanced_integrated_monitor - INFO - 🏙️ Processing city 16/24: Jerome, ID
2025-07-31 04:42:12 - enhanced_integrated_monitor - INFO - 🔧 Applying city filter: Jerome, ID
2025-07-31 04:42:12 - job_components - INFO - Applying filters: ['cities']
2025-07-31 04:42:13 - job_components - INFO - Filters panel already open
2025-07-31 04:42:13 - job_components - INFO - Filters panel already open
2025-07-31 04:42:13 - job_components - INFO - Applying city filter: Jerome, ID
2025-07-31 04:42:15 - job_components - INFO - ✅ Applied city filter: Jerome, ID
2025-07-31 04:42:16 - job_components - WARNING - Could not find show results button
2025-07-31 04:42:16 - job_components - INFO - ✅ Applied cities filter
2025-07-31 04:42:16 - job_components - INFO - Successfully applied 1/1 filters
2025-07-31 04:42:16 - job_components - INFO - Extracting all job information
2025-07-31 04:42:17 - job_components - INFO - Total jobs found: 1
2025-07-31 04:42:17 - job_components - INFO - Successfully extracted details for 1 jobs
2025-07-31 04:42:17 - job_components - INFO - Job extraction complete: 1 jobs, 1 total shifts
2025-07-31 04:42:17 - enhanced_integrated_monitor - INFO - 📊 Generated report: 1 total jobs, 1 jobs extracted
2025-07-31 04:42:17 - enhanced_integrated_monitor - INFO - 🎯 JOBS FOUND! 1 jobs available.
2025-07-31 04:42:17 - enhanced_integrated_monitor - INFO - 🎯 Booking enabled! Attempting immediate booking for 1 jobs...
2025-07-31 04:42:17 - enhanced_integrated_monitor - INFO - 🎯 Attempting to book job 1/1: Delivery Station Warehouse Associate
2025-07-31 04:42:17 - page_objects.shift_booking - INFO - 🔎 Starting shift slot discovery
2025-07-31 04:42:17 - page_objects.shift_booking - INFO - ✅ Discovered 1 available slots (excluding already booked)
2025-07-31 04:42:17 - enhanced_integrated_monitor - INFO - 🎯 Attempting to book slot: Delivery Station Warehouse Associate at Location TBD
2025-07-31 04:42:17 - page_objects.shift_booking - INFO - ▶️ Attempting to book slot: Delivery Station Warehouse Associate @ Location TBD
2025-07-31 04:42:21 - page_objects.shift_booking - INFO - 📋 Found shift dropdown with selector: .jobDetailScheduleDropdown
2025-07-31 04:42:21 - page_objects.shift_booking - INFO - 📋 Opened shift dropdown
2025-07-31 04:42:24 - page_objects.shift_booking - INFO - 📋 Found 2 shift options with selector: div[tabindex="0"]
2025-07-31 04:42:24 - page_objects.shift_booking - INFO - 📋 Found 2 valid shift options
2025-07-31 04:42:24 - page_objects.shift_booking - INFO - ✅ Selected shift from dropdown
2025-07-31 04:42:29 - page_objects.shift_booking - INFO - ✅ Booking flow completed successfully
2025-07-31 04:42:29 - enhanced_integrated_monitor - INFO - 🎉 SUCCESSFULLY BOOKED: Delivery Station Warehouse Associate at Location TBD
2025-07-31 04:42:29 - enhanced_integrated_monitor - INFO - 🎉 SHIFT SUCCESSFULLY BOOKED! Stopping further monitoring.
2025-07-31 04:42:29 - enhanced_integrated_monitor - INFO - 🎉 BOOKING SUCCESSFUL in city: Jerome, ID! Stopping all processing.
2025-07-31 04:42:29 - enhanced_integrated_monitor - INFO - 🎉 Booking successful! Stopping monitoring.
2025-07-31 04:42:29 - enhanced_integrated_monitor - INFO - 🎉 SHIFT SUCCESSFULLY BOOKED! Stopping monitoring completely.
2025-07-31 04:42:29 - enhanced_integrated_monitor - INFO - 🏁 Enhanced monitoring stopped
