2025-08-01 23:32:42 - root - INFO - Logging initialized. Log file: logs/bot_run_20250801_233242.log
2025-08-01 23:32:42 - __main__ - INFO - ✅ Loaded YAML configuration from: instant_booking_config.yaml
2025-08-01 23:32:42 - __main__ - INFO - ⚡ Fast mode: True
2025-08-01 23:32:42 - __main__ - INFO - 🎯 Instant booking: True
2025-08-01 23:32:42 - __main__ - INFO - ⏰ Check interval: 45s
2025-08-01 23:32:42 - __main__ - INFO - 👁️ Headless mode: False
2025-08-01 23:32:42 - __main__ - INFO - 👁️ Using YAML config headless setting: False
2025-08-01 23:32:42 - __main__ - INFO - 🚀 Starting Amazon Shift Bot [ID: 0589459d]
2025-08-01 23:32:42 - selenium.webdriver.common.driver_finder - DEBUG - Skipping Selenium Manager; path to chrome driver specified in Service class: /Users/lovepreetgill/developer/amazon_shift_bot/venv/lib/python3.12/site-packages/seleniumbase/drivers/uc_driver
2025-08-01 23:32:42 - selenium.webdriver.common.service - DEBUG - Started executable: `/Users/lovepreetgill/developer/amazon_shift_bot/venv/lib/python3.12/site-packages/seleniumbase/drivers/uc_driver` in a child process with pid: 89631 using 0 to output -1
2025-08-01 23:32:42 - asyncio - DEBUG - Using selector: KqueueSelector
2025-08-01 23:32:43 - selenium.webdriver.common.service - DEBUG - Started executable: `/Users/lovepreetgill/developer/amazon_shift_bot/venv/lib/python3.12/site-packages/seleniumbase/drivers/uc_driver` in a child process with pid: 89648 using 0 to output -1
2025-08-01 23:32:43 - services.session_service - INFO - 🔐 Establishing Amazon session
2025-08-01 23:32:43 - seleniumbase.undetected.reactor - DEBUG - Exception ignored: HTTPConnectionPool(host='localhost', port=57983): Max retries exceeded with url: /session/40d7a2b33d37ed0f85c3d34d43c7bc05/se/log (Caused by NewConnectionError('<urllib3.connection.HTTPConnection object at 0x1079c32c0>: Failed to establish a new connection: [Errno 61] Connection refused'))
2025-08-01 23:32:45 - selenium.webdriver.common.service - DEBUG - Started executable: `/Users/lovepreetgill/developer/amazon_shift_bot/venv/lib/python3.12/site-packages/seleniumbase/drivers/uc_driver` in a child process with pid: 89724 using 0 to output -1
2025-08-01 23:32:51 - session_manager - INFO - 📊 Added 15/15 cookies
2025-08-01 23:32:51 - session_manager - DEBUG - Failed to restore local storage persist:alert: Message: javascript error: missing ) after argument list
  (Session info: chrome=138.0.7204.184)
Stacktrace:
0   uc_driver                           0x0000000102705a98 uc_driver + 6167192
1   uc_driver                           0x00000001026fd04a uc_driver + 6131786
2   uc_driver                           0x0000000102189e00 uc_driver + 417280
3   uc_driver                           0x0000000102190b5e uc_driver + 445278
4   uc_driver                           0x000000010219382a uc_driver + 456746
5   uc_driver                           0x000000010222a20a uc_driver + 1073674
6   uc_driver                           0x0000000102201c92 uc_driver + 908434
7   uc_driver                           0x000000010222910c uc_driver + 1069324
8   uc_driver                           0x0000000102201a63 uc_driver + 907875
9   uc_driver                           0x00000001021ce0c7 uc_driver + 696519
10  uc_driver                           0x00000001021ced31 uc_driver + 699697
11  uc_driver                           0x00000001026c3c50 uc_driver + 5897296
12  uc_driver                           0x00000001026c7cc9 uc_driver + 5913801
13  uc_driver                           0x000000010269e962 uc_driver + 5744994
14  uc_driver                           0x00000001026c864f uc_driver + 5916239
15  uc_driver                           0x000000010268d634 uc_driver + 5674548
16  uc_driver                           0x00000001026ea628 uc_driver + 6055464
17  uc_driver                           0x00000001026ea7f0 uc_driver + 6055920
18  uc_driver                           0x00000001026fcbe1 uc_driver + 6130657
19  libsystem_pthread.dylib             0x00007ff811914df1 _pthread_start + 99
20  libsystem_pthread.dylib             0x00007ff811910857 thread_start + 15

2025-08-01 23:32:52 - seleniumbase.undetected.reactor - DEBUG - Exception ignored: HTTPConnectionPool(host='localhost', port=57983): Max retries exceeded with url: /session/d951c6107f8046efe865707415938e81/se/log (Caused by NewConnectionError('<urllib3.connection.HTTPConnection object at 0x107a00110>: Failed to establish a new connection: [Errno 61] Connection refused'))
2025-08-01 23:32:53 - seleniumbase.undetected.reactor - DEBUG - Exception ignored: HTTPConnectionPool(host='localhost', port=57983): Max retries exceeded with url: /session/d951c6107f8046efe865707415938e81/se/log (Caused by NewConnectionError('<urllib3.connection.HTTPConnection object at 0x1079c0fe0>: Failed to establish a new connection: [Errno 61] Connection refused'))
2025-08-01 23:32:54 - seleniumbase.undetected.reactor - DEBUG - Exception ignored: HTTPConnectionPool(host='localhost', port=57983): Max retries exceeded with url: /session/d951c6107f8046efe865707415938e81/se/log (Caused by NewConnectionError('<urllib3.connection.HTTPConnection object at 0x1079c30e0>: Failed to establish a new connection: [Errno 61] Connection refused'))
2025-08-01 23:32:55 - selenium.webdriver.common.service - DEBUG - Started executable: `/Users/lovepreetgill/developer/amazon_shift_bot/venv/lib/python3.12/site-packages/seleniumbase/drivers/uc_driver` in a child process with pid: 89858 using 0 to output -1
2025-08-01 23:33:03 - session_manager - INFO - ✅ Session valid - found: div[data-test-component="StencilReactRow"]
2025-08-01 23:33:03 - session_manager - INFO - ✅ Session restored successfully for lovepreet@teamarora.com
2025-08-01 23:33:03 - services.session_service - INFO - ✅ Session restored from saved state
2025-08-01 23:33:04 - seleniumbase.undetected.reactor - DEBUG - Exception ignored: HTTPConnectionPool(host='localhost', port=57983): Max retries exceeded with url: /session/24b34dafa482a5a869245a2320fb71a3/se/log (Caused by NewConnectionError('<urllib3.connection.HTTPConnection object at 0x107a00320>: Failed to establish a new connection: [Errno 61] Connection refused'))
2025-08-01 23:33:06 - selenium.webdriver.common.service - DEBUG - Started executable: `/Users/lovepreetgill/developer/amazon_shift_bot/venv/lib/python3.12/site-packages/seleniumbase/drivers/uc_driver` in a child process with pid: 90040 using 0 to output -1
2025-08-01 23:33:07 - services.session_service - DEBUG - Session valid - found: div[data-test-component="StencilReactRow"]
2025-08-01 23:33:07 - services.session_service - INFO - ✅ Restored session is valid
2025-08-01 23:33:07 - enhanced_notifier - INFO - 🔔 Sending Discord notification (attempt 1/3) with 5s timeout
2025-08-01 23:33:08 - enhanced_notifier - INFO - ✅ Discord notification sent successfully on attempt 1
2025-08-01 23:33:08 - enhanced_notifier - INFO - ✅ Discord notification system tested successfully!
2025-08-01 23:33:08 - enhanced_integrated_monitor - INFO - 🔔 Enhanced Discord notifier initialized successfully
2025-08-01 23:33:08 - enhanced_integrated_monitor - INFO - ✅ Loaded filter configuration from /Users/lovepreetgill/developer/amazon_shift_bot/filter_config.yaml
2025-08-01 23:33:08 - enhanced_integrated_monitor - INFO - 🚀 Starting Enhanced Job Monitor
2025-08-01 23:33:08 - enhanced_integrated_monitor - INFO - ✅ Enhanced components initialized successfully
2025-08-01 23:33:08 - enhanced_integrated_monitor - INFO - 📊 Starting monitoring cycle 1
2025-08-01 23:33:08 - enhanced_integrated_monitor - INFO - 🔍 Attempt 1: Processing URL 1/3: https://hiring.amazon.com/app#/jobSearch
2025-08-01 23:33:08 - seleniumbase.undetected.reactor - DEBUG - Exception ignored: HTTPConnectionPool(host='localhost', port=57983): Max retries exceeded with url: /session/1ecd487ab724f1158c5352ce8b417038/se/log (Caused by NewConnectionError('<urllib3.connection.HTTPConnection object at 0x107a01370>: Failed to establish a new connection: [Errno 61] Connection refused'))
2025-08-01 23:33:11 - selenium.webdriver.common.service - DEBUG - Started executable: `/Users/lovepreetgill/developer/amazon_shift_bot/venv/lib/python3.12/site-packages/seleniumbase/drivers/uc_driver` in a child process with pid: 90105 using 0 to output -1
2025-08-01 23:34:22 - enhanced_integrated_monitor - INFO - Found guided search modal: div:contains("Tell us a little more about yourself")
2025-08-01 23:34:22 - enhanced_integrated_monitor - INFO - Clicking 'View all filters' using: button:contains("View all filters")
2025-08-01 23:34:29 - enhanced_integrated_monitor - INFO - Detected page type: search
2025-08-01 23:34:30 - enhanced_integrated_monitor - INFO - Found visible element with selector: button:contains("View all filters")
2025-08-01 23:34:30 - enhanced_integrated_monitor - INFO - ✅ Filters accessible via: button:contains("View all filters")
2025-08-01 23:34:30 - enhanced_integrated_monitor - INFO - 🚀 FAST MODE: Processing 8 cities with aggressive optimizations
2025-08-01 23:34:30 - enhanced_integrated_monitor - INFO - ⚡ Fast processing city 1/8: Seattle, WA
2025-08-01 23:34:30 - enhanced_integrated_monitor - INFO - ⚡ Found 25 jobs without filters, attempting instant booking
2025-08-01 23:34:30 - job_components - INFO - Extracting all job information
2025-08-01 23:34:30 - job_components - INFO - Total jobs found: 100
2025-08-01 23:34:30 - job_components - DEBUG - Found 25 job cards to process
2025-08-01 23:34:33 - job_components - INFO - Successfully extracted details for 25 jobs
2025-08-01 23:34:33 - job_components - INFO - Job extraction complete: 25 jobs, 1 total shifts
2025-08-01 23:34:33 - enhanced_integrated_monitor - INFO - 📊 Generated report: 100 total jobs, 25 jobs extracted
2025-08-01 23:34:33 - enhanced_integrated_monitor - INFO - 🎯 JOBS FOUND! 25 jobs available.
2025-08-01 23:34:33 - enhanced_integrated_monitor - INFO - 🎯 Booking enabled! Attempting immediate booking for 25 jobs...
2025-08-01 23:34:33 - enhanced_integrated_monitor - INFO - 🎯 Attempting to book job 1/25: Delivery Station Warehouse Associate
2025-08-01 23:34:33 - page_objects.shift_booking - INFO - 🔎 Starting shift slot discovery
2025-08-01 23:34:33 - page_objects.shift_booking - DEBUG - Found 25 cards using selector: div[data-test-id='JobCard']
2025-08-01 23:34:34 - page_objects.shift_booking - INFO - ✅ Discovered 25 available slots (excluding already booked)
2025-08-01 23:34:34 - enhanced_integrated_monitor - INFO - 🎯 Attempting to book slot: Delivery Station Warehouse Associate at Location TBD
2025-08-01 23:34:34 - page_objects.shift_booking - INFO - ▶️ Attempting to book slot: Delivery Station Warehouse Associate @ Location TBD
2025-08-01 23:34:34 - page_objects.shift_booking - WARNING - Failed to take initial screenshot: 'BaseCase' object has no attribute 'get_screenshot_as_png'
2025-08-01 23:34:34 - page_objects.shift_booking - INFO - 🔍 Found 25 job cards with selector: div[data-test-id='JobCard']
2025-08-01 23:34:34 - page_objects.shift_booking - INFO - 🖱️ Attempting to click job card 1 of 25
2025-08-01 23:34:36 - page_objects.shift_booking - WARNING - Click method 1 failed: Message: element click intercepted: Element <div data-test-component="StencilReactCard" data-test-id="JobCard" role="link" class="pointer focusableItem jobCardItem e1egzu6o0 hvh-careers-emotion-nubm9m el67hw60" tabindex="0">...</div> is not clickable at point (632, 468). Other element would receive the click: <div data-test-component="StencilFlyoutBackdrop" style="position: fixed; inset: 0px; background-color: var(--st-dt-color-surface-overlay); opacity: 0.5;"></div>
  (Session info: chrome=138.0.7204.184); For documentation on this error, please visit: https://www.selenium.dev/documentation/webdriver/troubleshooting/errors#elementclickinterceptedexception
Stacktrace:
0   uc_driver                           0x0000000100b0aa98 uc_driver + 6167192
1   uc_driver                           0x0000000100b0204a uc_driver + 6131786
2   uc_driver                           0x000000010058ee00 uc_driver + 417280
3   uc_driver                           0x00000001005e7b00 uc_driver + 781056
4   uc_driver                           0x00000001005e595b uc_driver + 772443
5   uc_driver                           0x00000001005e2ff2 uc_driver + 761842
6   uc_driver                           0x00000001005e2710 uc_driver + 759568
7   uc_driver                           0x00000001005d4e9a uc_driver + 704154
8   uc_driver                           0x0000000100606c92 uc_driver + 908434
9   uc_driver                           0x00000001005d4818 uc_driver + 702488
10  uc_driver                           0x0000000100606e4e uc_driver + 908878
11  uc_driver                           0x000000010062e10c uc_driver + 1069324
12  uc_driver                           0x0000000100606a63 uc_driver + 907875
13  uc_driver                           0x00000001005d30c7 uc_driver + 696519
14  uc_driver                           0x00000001005d3d31 uc_driver + 699697
15  uc_driver                           0x0000000100ac8c50 uc_driver + 5897296
16  uc_driver                           0x0000000100acccc9 uc_driver + 5913801
17  uc_driver                           0x0000000100aa3962 uc_driver + 5744994
18  uc_driver                           0x0000000100acd64f uc_driver + 5916239
19  uc_driver                           0x0000000100a92634 uc_driver + 5674548
20  uc_driver                           0x0000000100aef628 uc_driver + 6055464
21  uc_driver                           0x0000000100aef7f0 uc_driver + 6055920
22  uc_driver                           0x0000000100b01be1 uc_driver + 6130657
23  libsystem_pthread.dylib             0x00007ff811914df1 _pthread_start + 99
24  libsystem_pthread.dylib             0x00007ff811910857 thread_start + 15

2025-08-01 23:34:36 - page_objects.shift_booking - WARNING - Click method 2 failed: Message: javascript error: missing ) after argument list
  (Session info: chrome=138.0.7204.184)
Stacktrace:
0   uc_driver                           0x0000000100b0aa98 uc_driver + 6167192
1   uc_driver                           0x0000000100b0204a uc_driver + 6131786
2   uc_driver                           0x000000010058ee00 uc_driver + 417280
3   uc_driver                           0x0000000100595b5e uc_driver + 445278
4   uc_driver                           0x000000010059882a uc_driver + 456746
5   uc_driver                           0x000000010062f20a uc_driver + 1073674
6   uc_driver                           0x0000000100606c92 uc_driver + 908434
7   uc_driver                           0x000000010062e10c uc_driver + 1069324
8   uc_driver                           0x0000000100606a63 uc_driver + 907875
9   uc_driver                           0x00000001005d30c7 uc_driver + 696519
10  uc_driver                           0x00000001005d3d31 uc_driver + 699697
11  uc_driver                           0x0000000100ac8c50 uc_driver + 5897296
12  uc_driver                           0x0000000100acccc9 uc_driver + 5913801
13  uc_driver                           0x0000000100aa3962 uc_driver + 5744994
14  uc_driver                           0x0000000100acd64f uc_driver + 5916239
15  uc_driver                           0x0000000100a92634 uc_driver + 5674548
16  uc_driver                           0x0000000100aef628 uc_driver + 6055464
17  uc_driver                           0x0000000100aef7f0 uc_driver + 6055920
18  uc_driver                           0x0000000100b01be1 uc_driver + 6130657
19  libsystem_pthread.dylib             0x00007ff811914df1 _pthread_start + 99
20  libsystem_pthread.dylib             0x00007ff811910857 thread_start + 15

2025-08-01 23:34:36 - page_objects.shift_booking - INFO - ✅ Card clicked using method 3
2025-08-01 23:34:36 - page_objects.shift_booking - INFO - ⚡ Fast shift dropdown handling
2025-08-01 23:34:36 - page_objects.shift_booking - DEBUG - ⚡ No shift dropdown found in fast mode, skipping
2025-08-01 23:34:36 - page_objects.shift_booking - INFO - 🔍 Looking for apply button (attempt 1/3)
2025-08-01 23:34:36 - page_objects.shift_booking - DEBUG - Error with apply selector 'button.hvh-careers-emotion-*[style*='background-color']:contains('Apply')': Expected selector, got <DELIM '*' at 27>
2025-08-01 23:34:38 - page_objects.shift_booking - INFO - ⏳ Apply button not found, waiting before retry...
2025-08-01 23:34:40 - page_objects.shift_booking - INFO - 🔍 Looking for apply button (attempt 2/3)
2025-08-01 23:34:40 - page_objects.shift_booking - DEBUG - Error with apply selector 'button.hvh-careers-emotion-*[style*='background-color']:contains('Apply')': Expected selector, got <DELIM '*' at 27>
2025-08-01 23:34:41 - page_objects.shift_booking - INFO - ⏳ Apply button not found, waiting before retry...
2025-08-01 23:34:43 - page_objects.shift_booking - INFO - 🔍 Looking for apply button (attempt 3/3)
2025-08-01 23:34:43 - page_objects.shift_booking - DEBUG - Error with apply selector 'button.hvh-careers-emotion-*[style*='background-color']:contains('Apply')': Expected selector, got <DELIM '*' at 27>
