2025-07-31 04:25:09 - root - INFO - Logging initialized. Log file: logs/bot_run_20250731_042509.log
2025-07-31 04:25:09 - __main__ - INFO - Using default configuration
2025-07-31 04:25:09 - __main__ - INFO - 🚀 Starting Amazon Shift Bot [ID: 1b449f1a]
2025-07-31 04:25:10 - services.session_service - INFO - 🔐 Establishing Amazon session
2025-07-31 04:25:17 - session_manager - INFO - 📊 Added 25/25 cookies
2025-07-31 04:25:27 - session_manager - INFO - ✅ Session valid - found: div[data-test-component="StencilReactRow"]
2025-07-31 04:25:27 - session_manager - INFO - ✅ Session restored successfully for lovepreet@teamarora.com
2025-07-31 04:25:30 - services.session_service - INFO - ✅ Existing session validated successfully
2025-07-31 04:25:30 - enhanced_integrated_monitor - INFO - ✅ Loaded filter configuration from /Users/lovepreetgill/developer/amazon_shift_bot/filter_config.yaml
2025-07-31 04:25:30 - enhanced_integrated_monitor - INFO - 🚀 Starting Enhanced Job Monitor
2025-07-31 04:25:30 - enhanced_integrated_monitor - INFO - ✅ Enhanced components initialized successfully
2025-07-31 04:25:30 - enhanced_integrated_monitor - INFO - 📊 Starting monitoring cycle 1
2025-07-31 04:25:30 - enhanced_integrated_monitor - INFO - 🔍 Attempt 1: Processing URL 1/3: https://hiring.amazon.com/app#/jobSearch
2025-07-31 04:26:49 - enhanced_integrated_monitor - INFO - Found guided search modal, attempting to close or use filters
2025-07-31 04:26:50 - enhanced_integrated_monitor - INFO - Clicking 'View all filters' to access filters panel
2025-07-31 04:26:57 - enhanced_integrated_monitor - INFO - Detected page type: search
2025-07-31 04:27:00 - enhanced_integrated_monitor - INFO - Found visible element with selector: button:contains("View all filters")
2025-07-31 04:27:00 - enhanced_integrated_monitor - INFO - ✅ Filters accessible via: button:contains("View all filters")
2025-07-31 04:27:00 - enhanced_integrated_monitor - INFO - 🏙️ Processing city 1/24: Granville, NY
2025-07-31 04:27:00 - enhanced_integrated_monitor - INFO - 🔧 Applying city filter: Granville, NY
2025-07-31 04:27:00 - job_components - INFO - Applying filters: ['cities']
2025-07-31 04:27:00 - job_components - INFO - Filters panel already open
2025-07-31 04:27:00 - job_components - INFO - Filters panel already open
2025-07-31 04:27:00 - job_components - INFO - Applying city filter: Granville, NY
2025-07-31 04:27:03 - job_components - INFO - ✅ Applied city filter: Granville, NY
2025-07-31 04:27:07 - job_components - INFO - ✅ Clicked show results button using: button:contains("Show")
2025-07-31 04:27:07 - job_components - INFO - ✅ Applied cities filter
2025-07-31 04:27:07 - job_components - INFO - Successfully applied 1/1 filters
2025-07-31 04:27:07 - job_components - INFO - Extracting all job information
2025-07-31 04:27:08 - job_components - INFO - Total jobs found: 1
2025-07-31 04:27:08 - job_components - INFO - Successfully extracted details for 1 jobs
2025-07-31 04:27:08 - job_components - INFO - Job extraction complete: 1 jobs, 1 total shifts
2025-07-31 04:27:08 - enhanced_integrated_monitor - INFO - 📊 Generated report: 1 total jobs, 1 jobs extracted
2025-07-31 04:27:08 - enhanced_integrated_monitor - INFO - 🎯 JOBS FOUND! 1 jobs available.
2025-07-31 04:27:08 - enhanced_integrated_monitor - INFO - 🎯 Booking enabled! Attempting immediate booking for 1 jobs...
2025-07-31 04:27:08 - enhanced_integrated_monitor - INFO - 🎯 Attempting to book job 1/1: Delivery Station Warehouse Associate
2025-07-31 04:27:08 - page_objects.shift_booking - INFO - 🔎 Starting shift slot discovery
2025-07-31 04:27:08 - page_objects.shift_booking - INFO - ✅ Discovered 1 available slots (excluding already booked)
2025-07-31 04:27:08 - enhanced_integrated_monitor - INFO - 🎯 Attempting to book slot: Delivery Station Warehouse Associate at Location TBD
2025-07-31 04:27:08 - page_objects.shift_booking - INFO - ▶️ Attempting to book slot: Delivery Station Warehouse Associate @ Location TBD
2025-07-31 04:27:21 - page_objects.shift_booking - WARNING - Click attempt 1 failed: Message: 
. Retrying in 1.0s...
2025-07-31 04:27:32 - page_objects.shift_booking - WARNING - Click attempt 2 failed: Message: 
. Retrying in 1.5s...
2025-07-31 04:27:43 - page_objects.shift_booking - WARNING - Click attempt 3 failed: Message: 
. Retrying in 2.2s...
2025-07-31 04:27:43 - page_objects.shift_booking - ERROR - Failed to click after 3 attempts
2025-07-31 04:28:03 - page_objects.shift_booking - WARNING - Click attempt 1 failed: Message: 
. Retrying in 1.0s...
2025-07-31 04:28:15 - page_objects.shift_booking - WARNING - Click attempt 2 failed: Message: 
. Retrying in 1.5s...
2025-07-31 04:28:27 - page_objects.shift_booking - WARNING - Click attempt 3 failed: Message: 
. Retrying in 2.2s...
2025-07-31 04:28:27 - page_objects.shift_booking - ERROR - Failed to click after 3 attempts
2025-07-31 04:28:47 - page_objects.shift_booking - ERROR - ❌ Failed to click Apply button with any selector
2025-07-31 04:28:47 - enhanced_integrated_monitor - WARNING - ⚠️ Failed to book slot: Delivery Station Warehouse Associate
2025-07-31 04:28:47 - enhanced_integrated_monitor - WARNING - ⚠️ No slots could be booked from available jobs
2025-07-31 04:28:47 - enhanced_integrated_monitor - WARNING - ⚠️ Booking attempt failed, continuing monitoring...
2025-07-31 04:28:48 - enhanced_integrated_monitor - INFO - ✅ Cleared city filter using close button: [data-test-component="StencilReactButton"]
2025-07-31 04:28:49 - enhanced_integrated_monitor - INFO - ✅ Completed processing for city: Granville, NY
2025-07-31 04:28:51 - enhanced_integrated_monitor - INFO - 🏙️ Processing city 2/24: Poway, CA
2025-07-31 04:28:51 - enhanced_integrated_monitor - INFO - 🔧 Applying city filter: Poway, CA
2025-07-31 04:28:51 - job_components - INFO - Applying filters: ['cities']
2025-07-31 04:28:51 - job_components - INFO - Filters panel already open
2025-07-31 04:28:51 - job_components - INFO - Filters panel already open
2025-07-31 04:28:51 - job_components - INFO - Applying city filter: Poway, CA
2025-07-31 04:28:51 - job_components - WARNING - City input not found, attempt 1/2. Trying to reopen filters panel...
2025-07-31 04:28:52 - job_components - INFO - Filters panel already open
2025-07-31 04:28:53 - job_components - ERROR - Could not find city input field with any selector after retries
2025-07-31 04:28:53 - job_components - INFO - ✅ Applied cities filter
2025-07-31 04:28:54 - job_components - INFO - Successfully applied 1/1 filters
2025-07-31 04:28:54 - job_components - INFO - Extracting all job information
2025-07-31 04:28:54 - job_components - INFO - Total jobs found: 0
2025-07-31 04:28:54 - job_components - INFO - Successfully extracted details for 0 jobs
2025-07-31 04:28:54 - job_components - INFO - Job extraction complete: 0 jobs, 0 total shifts
2025-07-31 04:28:54 - enhanced_integrated_monitor - INFO - 📊 Generated report: 0 total jobs, 0 jobs extracted
2025-07-31 04:28:54 - enhanced_integrated_monitor - INFO - ✅ Cleared city filter using close button: [data-test-component="StencilReactButton"]
2025-07-31 04:28:55 - enhanced_integrated_monitor - INFO - ✅ Completed processing for city: Poway, CA
2025-07-31 04:28:57 - enhanced_integrated_monitor - INFO - 🏙️ Processing city 3/24: North Pekin, IL
2025-07-31 04:28:57 - enhanced_integrated_monitor - INFO - 🔧 Applying city filter: North Pekin, IL
2025-07-31 04:28:57 - job_components - INFO - Applying filters: ['cities']
2025-07-31 04:28:57 - job_components - INFO - Filters panel already open
2025-07-31 04:28:57 - job_components - INFO - Filters panel already open
2025-07-31 04:28:57 - job_components - INFO - Applying city filter: North Pekin, IL
2025-07-31 04:28:57 - job_components - WARNING - City input not found, attempt 1/2. Trying to reopen filters panel...
2025-07-31 04:28:59 - job_components - INFO - Filters panel already open
2025-07-31 04:29:00 - job_components - ERROR - Could not find city input field with any selector after retries
2025-07-31 04:29:00 - job_components - INFO - ✅ Applied cities filter
2025-07-31 04:29:00 - job_components - INFO - Successfully applied 1/1 filters
2025-07-31 04:29:00 - job_components - INFO - Extracting all job information
2025-07-31 04:29:00 - job_components - INFO - Total jobs found: 0
2025-07-31 04:29:00 - job_components - INFO - Successfully extracted details for 0 jobs
2025-07-31 04:29:00 - job_components - INFO - Job extraction complete: 0 jobs, 0 total shifts
2025-07-31 04:29:00 - enhanced_integrated_monitor - INFO - 📊 Generated report: 0 total jobs, 0 jobs extracted
2025-07-31 04:29:01 - enhanced_integrated_monitor - INFO - ✅ Cleared city filter using close button: [data-test-component="StencilReactButton"]
2025-07-31 04:29:02 - enhanced_integrated_monitor - INFO - ✅ Completed processing for city: North Pekin, IL
2025-07-31 04:29:04 - enhanced_integrated_monitor - INFO - 🏙️ Processing city 4/24: Missoula, MT
2025-07-31 04:29:04 - enhanced_integrated_monitor - INFO - 🔧 Applying city filter: Missoula, MT
2025-07-31 04:29:04 - job_components - INFO - Applying filters: ['cities']
2025-07-31 04:29:04 - job_components - INFO - Filters panel already open
2025-07-31 04:29:04 - job_components - INFO - Filters panel already open
2025-07-31 04:29:04 - job_components - INFO - Applying city filter: Missoula, MT
2025-07-31 04:29:04 - job_components - WARNING - City input not found, attempt 1/2. Trying to reopen filters panel...
2025-07-31 04:29:05 - job_components - INFO - Filters panel already open
2025-07-31 04:29:06 - job_components - ERROR - Could not find city input field with any selector after retries
2025-07-31 04:29:06 - job_components - INFO - ✅ Applied cities filter
2025-07-31 04:29:07 - job_components - INFO - Successfully applied 1/1 filters
2025-07-31 04:29:07 - job_components - INFO - Extracting all job information
2025-07-31 04:29:07 - job_components - INFO - Total jobs found: 0
2025-07-31 04:29:07 - job_components - INFO - Successfully extracted details for 0 jobs
2025-07-31 04:29:07 - job_components - INFO - Job extraction complete: 0 jobs, 0 total shifts
2025-07-31 04:29:07 - enhanced_integrated_monitor - INFO - 📊 Generated report: 0 total jobs, 0 jobs extracted
2025-07-31 04:29:07 - enhanced_integrated_monitor - INFO - ✅ Cleared city filter using close button: [data-test-component="StencilReactButton"]
2025-07-31 04:29:08 - enhanced_integrated_monitor - INFO - ✅ Completed processing for city: Missoula, MT
2025-07-31 04:29:10 - enhanced_integrated_monitor - INFO - 🏙️ Processing city 5/24: Ashland, MO
2025-07-31 04:29:10 - enhanced_integrated_monitor - INFO - 🔧 Applying city filter: Ashland, MO
2025-07-31 04:29:10 - job_components - INFO - Applying filters: ['cities']
2025-07-31 04:29:10 - job_components - INFO - Filters panel already open
2025-07-31 04:29:10 - job_components - INFO - Filters panel already open
2025-07-31 04:29:10 - job_components - INFO - Applying city filter: Ashland, MO
2025-07-31 04:29:10 - job_components - WARNING - City input not found, attempt 1/2. Trying to reopen filters panel...
2025-07-31 04:29:12 - job_components - INFO - Filters panel already open
2025-07-31 04:29:13 - job_components - ERROR - Could not find city input field with any selector after retries
2025-07-31 04:29:13 - job_components - INFO - ✅ Applied cities filter
2025-07-31 04:29:13 - job_components - INFO - Successfully applied 1/1 filters
2025-07-31 04:29:13 - job_components - INFO - Extracting all job information
2025-07-31 04:29:13 - job_components - INFO - Total jobs found: 0
2025-07-31 04:29:13 - job_components - INFO - Successfully extracted details for 0 jobs
2025-07-31 04:29:13 - job_components - INFO - Job extraction complete: 0 jobs, 0 total shifts
2025-07-31 04:29:13 - enhanced_integrated_monitor - INFO - 📊 Generated report: 0 total jobs, 0 jobs extracted
2025-07-31 04:29:14 - enhanced_integrated_monitor - INFO - ✅ Cleared city filter using close button: [data-test-component="StencilReactButton"]
2025-07-31 04:29:15 - enhanced_integrated_monitor - INFO - ✅ Completed processing for city: Ashland, MO
2025-07-31 04:29:17 - enhanced_integrated_monitor - INFO - 🏙️ Processing city 6/24: Gypsum, CO
2025-07-31 04:29:17 - enhanced_integrated_monitor - INFO - 🔧 Applying city filter: Gypsum, CO
2025-07-31 04:29:17 - job_components - INFO - Applying filters: ['cities']
2025-07-31 04:29:17 - job_components - INFO - Filters panel already open
2025-07-31 04:29:17 - job_components - INFO - Filters panel already open
2025-07-31 04:29:17 - job_components - INFO - Applying city filter: Gypsum, CO
2025-07-31 04:29:17 - job_components - WARNING - City input not found, attempt 1/2. Trying to reopen filters panel...
2025-07-31 04:29:18 - job_components - INFO - Filters panel already open
2025-07-31 04:29:19 - job_components - ERROR - Could not find city input field with any selector after retries
2025-07-31 04:29:19 - job_components - INFO - ✅ Applied cities filter
2025-07-31 04:29:20 - job_components - INFO - Successfully applied 1/1 filters
2025-07-31 04:29:20 - job_components - INFO - Extracting all job information
2025-07-31 04:29:20 - job_components - INFO - Total jobs found: 0
2025-07-31 04:29:20 - job_components - INFO - Successfully extracted details for 0 jobs
2025-07-31 04:29:20 - job_components - INFO - Job extraction complete: 0 jobs, 0 total shifts
2025-07-31 04:29:20 - enhanced_integrated_monitor - INFO - 📊 Generated report: 0 total jobs, 0 jobs extracted
2025-07-31 04:29:20 - enhanced_integrated_monitor - INFO - ✅ Cleared city filter using close button: [data-test-component="StencilReactButton"]
2025-07-31 04:29:21 - enhanced_integrated_monitor - INFO - ✅ Completed processing for city: Gypsum, CO
2025-07-31 04:29:23 - enhanced_integrated_monitor - INFO - 🏙️ Processing city 7/24: Belgrade, MT
2025-07-31 04:29:23 - enhanced_integrated_monitor - INFO - 🔧 Applying city filter: Belgrade, MT
2025-07-31 04:29:23 - job_components - INFO - Applying filters: ['cities']
2025-07-31 04:29:23 - job_components - INFO - Filters panel already open
2025-07-31 04:29:23 - job_components - INFO - Filters panel already open
2025-07-31 04:29:23 - job_components - INFO - Applying city filter: Belgrade, MT
2025-07-31 04:29:24 - job_components - WARNING - City input not found, attempt 1/2. Trying to reopen filters panel...
2025-07-31 04:29:25 - job_components - INFO - Filters panel already open
2025-07-31 04:29:26 - job_components - ERROR - Could not find city input field with any selector after retries
2025-07-31 04:29:26 - job_components - INFO - ✅ Applied cities filter
2025-07-31 04:29:26 - job_components - INFO - Successfully applied 1/1 filters
2025-07-31 04:29:26 - job_components - INFO - Extracting all job information
2025-07-31 04:29:26 - job_components - INFO - Total jobs found: 0
2025-07-31 04:29:26 - job_components - INFO - Successfully extracted details for 0 jobs
2025-07-31 04:29:26 - job_components - INFO - Job extraction complete: 0 jobs, 0 total shifts
2025-07-31 04:29:26 - enhanced_integrated_monitor - INFO - 📊 Generated report: 0 total jobs, 0 jobs extracted
2025-07-31 04:29:27 - enhanced_integrated_monitor - INFO - ✅ Cleared city filter using close button: [data-test-component="StencilReactButton"]
2025-07-31 04:29:28 - enhanced_integrated_monitor - INFO - ✅ Completed processing for city: Belgrade, MT
2025-07-31 04:29:30 - enhanced_integrated_monitor - INFO - 🏙️ Processing city 8/24: Basalt, CO
2025-07-31 04:29:30 - enhanced_integrated_monitor - INFO - 🔧 Applying city filter: Basalt, CO
2025-07-31 04:29:30 - job_components - INFO - Applying filters: ['cities']
2025-07-31 04:29:30 - job_components - INFO - Filters panel already open
2025-07-31 04:29:30 - job_components - INFO - Filters panel already open
2025-07-31 04:29:30 - job_components - INFO - Applying city filter: Basalt, CO
2025-07-31 04:29:30 - job_components - WARNING - City input not found, attempt 1/2. Trying to reopen filters panel...
2025-07-31 04:29:31 - job_components - INFO - Filters panel already open
2025-07-31 04:29:32 - job_components - ERROR - Could not find city input field with any selector after retries
2025-07-31 04:29:32 - job_components - INFO - ✅ Applied cities filter
2025-07-31 04:29:33 - job_components - INFO - Successfully applied 1/1 filters
2025-07-31 04:29:33 - job_components - INFO - Extracting all job information
2025-07-31 04:29:33 - job_components - INFO - Total jobs found: 0
2025-07-31 04:29:33 - job_components - INFO - Successfully extracted details for 0 jobs
2025-07-31 04:29:33 - job_components - INFO - Job extraction complete: 0 jobs, 0 total shifts
2025-07-31 04:29:33 - enhanced_integrated_monitor - INFO - 📊 Generated report: 0 total jobs, 0 jobs extracted
2025-07-31 04:29:33 - enhanced_integrated_monitor - INFO - ✅ Cleared city filter using close button: [data-test-component="StencilReactButton"]
2025-07-31 04:29:34 - enhanced_integrated_monitor - INFO - ✅ Completed processing for city: Basalt, CO
2025-07-31 04:29:36 - enhanced_integrated_monitor - INFO - 🏙️ Processing city 9/24: Ottawa, IL
2025-07-31 04:29:36 - enhanced_integrated_monitor - INFO - 🔧 Applying city filter: Ottawa, IL
2025-07-31 04:29:36 - job_components - INFO - Applying filters: ['cities']
2025-07-31 04:29:36 - job_components - INFO - Filters panel already open
2025-07-31 04:29:36 - job_components - INFO - Filters panel already open
2025-07-31 04:29:36 - job_components - INFO - Applying city filter: Ottawa, IL
2025-07-31 04:29:36 - job_components - WARNING - City input not found, attempt 1/2. Trying to reopen filters panel...
2025-07-31 04:29:37 - job_components - INFO - Filters panel already open
2025-07-31 04:29:39 - job_components - ERROR - Could not find city input field with any selector after retries
2025-07-31 04:29:39 - job_components - INFO - ✅ Applied cities filter
2025-07-31 04:29:39 - job_components - INFO - Successfully applied 1/1 filters
2025-07-31 04:29:39 - job_components - INFO - Extracting all job information
2025-07-31 04:29:39 - job_components - INFO - Total jobs found: 0
2025-07-31 04:29:39 - job_components - INFO - Successfully extracted details for 0 jobs
2025-07-31 04:29:39 - job_components - INFO - Job extraction complete: 0 jobs, 0 total shifts
2025-07-31 04:29:39 - enhanced_integrated_monitor - INFO - 📊 Generated report: 0 total jobs, 0 jobs extracted
2025-07-31 04:29:40 - enhanced_integrated_monitor - INFO - ✅ Cleared city filter using close button: [data-test-component="StencilReactButton"]
2025-07-31 04:29:41 - enhanced_integrated_monitor - INFO - ✅ Completed processing for city: Ottawa, IL
2025-07-31 04:29:43 - enhanced_integrated_monitor - INFO - 🏙️ Processing city 10/24: Tillamook, OR
2025-07-31 04:29:43 - enhanced_integrated_monitor - INFO - 🔧 Applying city filter: Tillamook, OR
2025-07-31 04:29:43 - job_components - INFO - Applying filters: ['cities']
2025-07-31 04:29:43 - job_components - INFO - Filters panel already open
2025-07-31 04:29:43 - job_components - INFO - Filters panel already open
2025-07-31 04:29:43 - job_components - INFO - Applying city filter: Tillamook, OR
2025-07-31 04:29:43 - job_components - WARNING - City input not found, attempt 1/2. Trying to reopen filters panel...
2025-07-31 04:29:44 - job_components - INFO - Filters panel already open
2025-07-31 04:29:45 - job_components - ERROR - Could not find city input field with any selector after retries
2025-07-31 04:29:45 - job_components - INFO - ✅ Applied cities filter
2025-07-31 04:29:45 - job_components - INFO - Successfully applied 1/1 filters
2025-07-31 04:29:45 - job_components - INFO - Extracting all job information
2025-07-31 04:29:45 - job_components - INFO - Total jobs found: 0
2025-07-31 04:29:46 - job_components - INFO - Successfully extracted details for 0 jobs
2025-07-31 04:29:46 - job_components - INFO - Job extraction complete: 0 jobs, 0 total shifts
2025-07-31 04:29:46 - enhanced_integrated_monitor - INFO - 📊 Generated report: 0 total jobs, 0 jobs extracted
2025-07-31 04:29:46 - enhanced_integrated_monitor - INFO - ✅ Cleared city filter using close button: [data-test-component="StencilReactButton"]
2025-07-31 04:29:47 - enhanced_integrated_monitor - INFO - ✅ Completed processing for city: Tillamook, OR
2025-07-31 04:29:49 - enhanced_integrated_monitor - INFO - 🏙️ Processing city 11/24: Jackson, WY
2025-07-31 04:29:49 - enhanced_integrated_monitor - INFO - 🔧 Applying city filter: Jackson, WY
2025-07-31 04:29:49 - job_components - INFO - Applying filters: ['cities']
2025-07-31 04:29:49 - job_components - INFO - Filters panel already open
2025-07-31 04:29:49 - job_components - INFO - Filters panel already open
2025-07-31 04:29:49 - job_components - INFO - Applying city filter: Jackson, WY
2025-07-31 04:29:49 - job_components - WARNING - City input not found, attempt 1/2. Trying to reopen filters panel...
2025-07-31 04:29:50 - job_components - INFO - Filters panel already open
2025-07-31 04:29:51 - job_components - ERROR - Could not find city input field with any selector after retries
2025-07-31 04:29:51 - job_components - INFO - ✅ Applied cities filter
2025-07-31 04:29:52 - job_components - INFO - Successfully applied 1/1 filters
2025-07-31 04:29:52 - job_components - INFO - Extracting all job information
2025-07-31 04:29:52 - job_components - INFO - Total jobs found: 0
2025-07-31 04:29:52 - job_components - INFO - Successfully extracted details for 0 jobs
2025-07-31 04:29:52 - job_components - INFO - Job extraction complete: 0 jobs, 0 total shifts
2025-07-31 04:29:52 - enhanced_integrated_monitor - INFO - 📊 Generated report: 0 total jobs, 0 jobs extracted
2025-07-31 04:29:53 - enhanced_integrated_monitor - INFO - ✅ Cleared city filter using close button: [data-test-component="StencilReactButton"]
2025-07-31 04:29:54 - enhanced_integrated_monitor - INFO - ✅ Completed processing for city: Jackson, WY
2025-07-31 04:29:56 - enhanced_integrated_monitor - INFO - 🏙️ Processing city 12/24: Weston, WI
2025-07-31 04:29:56 - enhanced_integrated_monitor - INFO - 🔧 Applying city filter: Weston, WI
2025-07-31 04:29:56 - job_components - INFO - Applying filters: ['cities']
2025-07-31 04:29:56 - job_components - INFO - Filters panel already open
2025-07-31 04:29:56 - job_components - INFO - Filters panel already open
2025-07-31 04:29:56 - job_components - INFO - Applying city filter: Weston, WI
2025-07-31 04:29:56 - job_components - WARNING - City input not found, attempt 1/2. Trying to reopen filters panel...
2025-07-31 04:29:57 - job_components - INFO - Filters panel already open
2025-07-31 04:29:58 - job_components - ERROR - Could not find city input field with any selector after retries
2025-07-31 04:29:58 - job_components - INFO - ✅ Applied cities filter
2025-07-31 04:29:58 - job_components - INFO - Successfully applied 1/1 filters
2025-07-31 04:29:58 - job_components - INFO - Extracting all job information
2025-07-31 04:29:58 - job_components - INFO - Total jobs found: 0
2025-07-31 04:29:59 - job_components - INFO - Successfully extracted details for 0 jobs
2025-07-31 04:29:59 - job_components - INFO - Job extraction complete: 0 jobs, 0 total shifts
2025-07-31 04:29:59 - enhanced_integrated_monitor - INFO - 📊 Generated report: 0 total jobs, 0 jobs extracted
2025-07-31 04:29:59 - enhanced_integrated_monitor - INFO - ✅ Cleared city filter using close button: [data-test-component="StencilReactButton"]
2025-07-31 04:30:00 - enhanced_integrated_monitor - INFO - ✅ Completed processing for city: Weston, WI
2025-07-31 04:30:02 - enhanced_integrated_monitor - INFO - 🏙️ Processing city 13/24: Capitola, CA
2025-07-31 04:30:02 - enhanced_integrated_monitor - INFO - 🔧 Applying city filter: Capitola, CA
2025-07-31 04:30:02 - job_components - INFO - Applying filters: ['cities']
2025-07-31 04:30:02 - job_components - INFO - Filters panel already open
2025-07-31 04:30:02 - job_components - INFO - Filters panel already open
2025-07-31 04:30:02 - job_components - INFO - Applying city filter: Capitola, CA
2025-07-31 04:30:02 - job_components - WARNING - City input not found, attempt 1/2. Trying to reopen filters panel...
2025-07-31 04:30:03 - job_components - INFO - Filters panel already open
2025-07-31 04:30:05 - job_components - ERROR - Could not find city input field with any selector after retries
2025-07-31 04:30:05 - job_components - INFO - ✅ Applied cities filter
2025-07-31 04:30:05 - job_components - INFO - Successfully applied 1/1 filters
2025-07-31 04:30:05 - job_components - INFO - Extracting all job information
2025-07-31 04:30:05 - job_components - INFO - Total jobs found: 0
2025-07-31 04:30:05 - job_components - INFO - Successfully extracted details for 0 jobs
2025-07-31 04:30:05 - job_components - INFO - Job extraction complete: 0 jobs, 0 total shifts
2025-07-31 04:30:05 - enhanced_integrated_monitor - INFO - 📊 Generated report: 0 total jobs, 0 jobs extracted
2025-07-31 04:30:06 - enhanced_integrated_monitor - INFO - ✅ Cleared city filter using close button: [data-test-component="StencilReactButton"]
2025-07-31 04:30:07 - enhanced_integrated_monitor - INFO - ✅ Completed processing for city: Capitola, CA
2025-07-31 04:30:09 - enhanced_integrated_monitor - INFO - 🏙️ Processing city 14/24: Bend, OR
2025-07-31 04:30:09 - enhanced_integrated_monitor - INFO - 🔧 Applying city filter: Bend, OR
2025-07-31 04:30:09 - job_components - INFO - Applying filters: ['cities']
2025-07-31 04:30:09 - job_components - INFO - Filters panel already open
2025-07-31 04:30:09 - job_components - INFO - Filters panel already open
2025-07-31 04:30:09 - job_components - INFO - Applying city filter: Bend, OR
2025-07-31 04:30:09 - job_components - WARNING - City input not found, attempt 1/2. Trying to reopen filters panel...
2025-07-31 04:30:10 - job_components - INFO - Filters panel already open
2025-07-31 04:30:11 - job_components - ERROR - Could not find city input field with any selector after retries
2025-07-31 04:30:11 - job_components - INFO - ✅ Applied cities filter
2025-07-31 04:30:12 - job_components - INFO - Successfully applied 1/1 filters
2025-07-31 04:30:12 - job_components - INFO - Extracting all job information
2025-07-31 04:30:12 - job_components - INFO - Total jobs found: 0
2025-07-31 04:30:12 - job_components - INFO - Successfully extracted details for 0 jobs
2025-07-31 04:30:12 - job_components - INFO - Job extraction complete: 0 jobs, 0 total shifts
2025-07-31 04:30:12 - enhanced_integrated_monitor - INFO - 📊 Generated report: 0 total jobs, 0 jobs extracted
2025-07-31 04:30:12 - enhanced_integrated_monitor - INFO - ✅ Cleared city filter using close button: [data-test-component="StencilReactButton"]
2025-07-31 04:30:13 - enhanced_integrated_monitor - INFO - ✅ Completed processing for city: Bend, OR
2025-07-31 04:30:15 - enhanced_integrated_monitor - INFO - 🏙️ Processing city 15/24: La Crosse, WI
2025-07-31 04:30:15 - enhanced_integrated_monitor - INFO - 🔧 Applying city filter: La Crosse, WI
2025-07-31 04:30:15 - job_components - INFO - Applying filters: ['cities']
2025-07-31 04:30:15 - job_components - INFO - Filters panel already open
2025-07-31 04:30:15 - job_components - INFO - Filters panel already open
2025-07-31 04:30:15 - job_components - INFO - Applying city filter: La Crosse, WI
2025-07-31 04:30:15 - job_components - WARNING - City input not found, attempt 1/2. Trying to reopen filters panel...
2025-07-31 04:30:16 - job_components - INFO - Filters panel already open
2025-07-31 04:30:18 - job_components - ERROR - Could not find city input field with any selector after retries
2025-07-31 04:30:18 - job_components - INFO - ✅ Applied cities filter
2025-07-31 04:30:18 - job_components - INFO - Successfully applied 1/1 filters
2025-07-31 04:30:18 - job_components - INFO - Extracting all job information
2025-07-31 04:30:18 - job_components - INFO - Total jobs found: 0
2025-07-31 04:30:18 - job_components - INFO - Successfully extracted details for 0 jobs
2025-07-31 04:30:18 - job_components - INFO - Job extraction complete: 0 jobs, 0 total shifts
2025-07-31 04:30:18 - enhanced_integrated_monitor - INFO - 📊 Generated report: 0 total jobs, 0 jobs extracted
2025-07-31 04:30:19 - enhanced_integrated_monitor - INFO - ✅ Cleared city filter using close button: [data-test-component="StencilReactButton"]
2025-07-31 04:30:20 - enhanced_integrated_monitor - INFO - ✅ Completed processing for city: La Crosse, WI
2025-07-31 04:30:22 - enhanced_integrated_monitor - INFO - 🏙️ Processing city 16/24: Jerome, ID
2025-07-31 04:30:22 - enhanced_integrated_monitor - INFO - 🔧 Applying city filter: Jerome, ID
2025-07-31 04:30:22 - job_components - INFO - Applying filters: ['cities']
2025-07-31 04:30:22 - job_components - INFO - Filters panel already open
2025-07-31 04:30:22 - job_components - INFO - Filters panel already open
2025-07-31 04:30:22 - job_components - INFO - Applying city filter: Jerome, ID
2025-07-31 04:30:22 - job_components - WARNING - City input not found, attempt 1/2. Trying to reopen filters panel...
2025-07-31 04:30:23 - job_components - INFO - Filters panel already open
2025-07-31 04:30:24 - job_components - ERROR - Could not find city input field with any selector after retries
2025-07-31 04:30:24 - job_components - INFO - ✅ Applied cities filter
2025-07-31 04:30:25 - job_components - INFO - Successfully applied 1/1 filters
2025-07-31 04:30:25 - job_components - INFO - Extracting all job information
2025-07-31 04:30:25 - job_components - INFO - Total jobs found: 0
2025-07-31 04:30:25 - job_components - INFO - Successfully extracted details for 0 jobs
2025-07-31 04:30:25 - job_components - INFO - Job extraction complete: 0 jobs, 0 total shifts
2025-07-31 04:30:25 - enhanced_integrated_monitor - INFO - 📊 Generated report: 0 total jobs, 0 jobs extracted
2025-07-31 04:30:25 - enhanced_integrated_monitor - INFO - ✅ Cleared city filter using close button: [data-test-component="StencilReactButton"]
2025-07-31 04:30:26 - enhanced_integrated_monitor - INFO - ✅ Completed processing for city: Jerome, ID
2025-07-31 04:30:28 - enhanced_integrated_monitor - INFO - 🏙️ Processing city 17/24: Gaylord, MI
2025-07-31 04:30:28 - enhanced_integrated_monitor - INFO - 🔧 Applying city filter: Gaylord, MI
2025-07-31 04:30:28 - job_components - INFO - Applying filters: ['cities']
2025-07-31 04:30:28 - job_components - INFO - Filters panel already open
2025-07-31 04:30:28 - job_components - INFO - Filters panel already open
2025-07-31 04:30:28 - job_components - INFO - Applying city filter: Gaylord, MI
2025-07-31 04:30:28 - job_components - WARNING - City input not found, attempt 1/2. Trying to reopen filters panel...
2025-07-31 04:30:29 - job_components - INFO - Filters panel already open
2025-07-31 04:30:31 - job_components - ERROR - Could not find city input field with any selector after retries
2025-07-31 04:30:31 - job_components - INFO - ✅ Applied cities filter
2025-07-31 04:30:31 - job_components - INFO - Successfully applied 1/1 filters
2025-07-31 04:30:31 - job_components - INFO - Extracting all job information
2025-07-31 04:30:31 - job_components - INFO - Total jobs found: 0
2025-07-31 04:30:31 - job_components - INFO - Successfully extracted details for 0 jobs
2025-07-31 04:30:31 - job_components - INFO - Job extraction complete: 0 jobs, 0 total shifts
2025-07-31 04:30:31 - enhanced_integrated_monitor - INFO - 📊 Generated report: 0 total jobs, 0 jobs extracted
2025-07-31 04:30:32 - enhanced_integrated_monitor - INFO - ✅ Cleared city filter using close button: [data-test-component="StencilReactButton"]
2025-07-31 04:30:33 - enhanced_integrated_monitor - INFO - ✅ Completed processing for city: Gaylord, MI
2025-07-31 04:30:35 - enhanced_integrated_monitor - INFO - 🏙️ Processing city 18/24: Traverse City, MI
2025-07-31 04:30:35 - enhanced_integrated_monitor - INFO - 🔧 Applying city filter: Traverse City, MI
2025-07-31 04:30:35 - job_components - INFO - Applying filters: ['cities']
2025-07-31 04:30:35 - job_components - INFO - Filters panel already open
2025-07-31 04:30:35 - job_components - INFO - Filters panel already open
2025-07-31 04:30:35 - job_components - INFO - Applying city filter: Traverse City, MI
2025-07-31 04:30:35 - job_components - WARNING - City input not found, attempt 1/2. Trying to reopen filters panel...
2025-07-31 04:30:36 - job_components - INFO - Filters panel already open
2025-07-31 04:30:37 - job_components - ERROR - Could not find city input field with any selector after retries
2025-07-31 04:30:37 - job_components - INFO - ✅ Applied cities filter
2025-07-31 04:30:38 - job_components - INFO - Successfully applied 1/1 filters
2025-07-31 04:30:38 - job_components - INFO - Extracting all job information
2025-07-31 04:30:38 - job_components - INFO - Total jobs found: 0
2025-07-31 04:30:38 - job_components - INFO - Successfully extracted details for 0 jobs
2025-07-31 04:30:38 - job_components - INFO - Job extraction complete: 0 jobs, 0 total shifts
2025-07-31 04:30:38 - enhanced_integrated_monitor - INFO - 📊 Generated report: 0 total jobs, 0 jobs extracted
2025-07-31 04:30:38 - enhanced_integrated_monitor - INFO - ✅ Cleared city filter using close button: [data-test-component="StencilReactButton"]
2025-07-31 04:30:39 - enhanced_integrated_monitor - INFO - ✅ Completed processing for city: Traverse City, MI
2025-07-31 04:30:41 - enhanced_integrated_monitor - INFO - 🏙️ Processing city 19/24: Richfield, UT
2025-07-31 04:30:41 - enhanced_integrated_monitor - INFO - 🔧 Applying city filter: Richfield, UT
2025-07-31 04:30:41 - job_components - INFO - Applying filters: ['cities']
2025-07-31 04:30:41 - job_components - INFO - Filters panel already open
2025-07-31 04:30:41 - job_components - INFO - Filters panel already open
2025-07-31 04:30:41 - job_components - INFO - Applying city filter: Richfield, UT
2025-07-31 04:30:41 - job_components - WARNING - City input not found, attempt 1/2. Trying to reopen filters panel...
2025-07-31 04:30:42 - job_components - INFO - Filters panel already open
2025-07-31 04:30:43 - job_components - ERROR - Could not find city input field with any selector after retries
2025-07-31 04:30:43 - job_components - INFO - ✅ Applied cities filter
2025-07-31 04:30:44 - job_components - INFO - Successfully applied 1/1 filters
2025-07-31 04:30:44 - job_components - INFO - Extracting all job information
2025-07-31 04:30:44 - job_components - INFO - Total jobs found: 0
2025-07-31 04:30:44 - job_components - INFO - Successfully extracted details for 0 jobs
2025-07-31 04:30:44 - job_components - INFO - Job extraction complete: 0 jobs, 0 total shifts
2025-07-31 04:30:44 - enhanced_integrated_monitor - INFO - 📊 Generated report: 0 total jobs, 0 jobs extracted
2025-07-31 04:30:45 - enhanced_integrated_monitor - INFO - ✅ Cleared city filter using close button: [data-test-component="StencilReactButton"]
2025-07-31 04:30:46 - enhanced_integrated_monitor - INFO - ✅ Completed processing for city: Richfield, UT
2025-07-31 04:30:48 - enhanced_integrated_monitor - INFO - 🏙️ Processing city 20/24: Caribou, ME
2025-07-31 04:30:48 - enhanced_integrated_monitor - INFO - 🔧 Applying city filter: Caribou, ME
2025-07-31 04:30:48 - job_components - INFO - Applying filters: ['cities']
2025-07-31 04:30:48 - job_components - INFO - Filters panel already open
2025-07-31 04:30:48 - job_components - INFO - Filters panel already open
2025-07-31 04:30:48 - job_components - INFO - Applying city filter: Caribou, ME
2025-07-31 04:30:48 - job_components - WARNING - City input not found, attempt 1/2. Trying to reopen filters panel...
2025-07-31 04:30:49 - job_components - INFO - Filters panel already open
2025-07-31 04:30:50 - job_components - ERROR - Could not find city input field with any selector after retries
2025-07-31 04:30:50 - job_components - INFO - ✅ Applied cities filter
2025-07-31 04:30:50 - job_components - INFO - Successfully applied 1/1 filters
2025-07-31 04:30:50 - job_components - INFO - Extracting all job information
2025-07-31 04:30:50 - job_components - INFO - Total jobs found: 0
2025-07-31 04:30:51 - job_components - INFO - Successfully extracted details for 0 jobs
2025-07-31 04:30:51 - job_components - INFO - Job extraction complete: 0 jobs, 0 total shifts
2025-07-31 04:30:51 - enhanced_integrated_monitor - INFO - 📊 Generated report: 0 total jobs, 0 jobs extracted
2025-07-31 04:30:51 - enhanced_integrated_monitor - INFO - ✅ Cleared city filter using close button: [data-test-component="StencilReactButton"]
2025-07-31 04:30:52 - enhanced_integrated_monitor - INFO - ✅ Completed processing for city: Caribou, ME
2025-07-31 04:30:54 - enhanced_integrated_monitor - INFO - 🏙️ Processing city 21/24: Kahului, HI
2025-07-31 04:30:54 - enhanced_integrated_monitor - INFO - 🔧 Applying city filter: Kahului, HI
2025-07-31 04:30:54 - job_components - INFO - Applying filters: ['cities']
2025-07-31 04:30:54 - job_components - INFO - Filters panel already open
2025-07-31 04:30:54 - job_components - INFO - Filters panel already open
2025-07-31 04:30:54 - job_components - INFO - Applying city filter: Kahului, HI
2025-07-31 04:30:54 - job_components - WARNING - City input not found, attempt 1/2. Trying to reopen filters panel...
2025-07-31 04:30:55 - job_components - INFO - Filters panel already open
2025-07-31 04:30:56 - job_components - ERROR - Could not find city input field with any selector after retries
2025-07-31 04:30:56 - job_components - INFO - ✅ Applied cities filter
2025-07-31 04:30:57 - job_components - INFO - Successfully applied 1/1 filters
2025-07-31 04:30:57 - job_components - INFO - Extracting all job information
2025-07-31 04:30:57 - job_components - INFO - Total jobs found: 0
2025-07-31 04:30:57 - job_components - INFO - Successfully extracted details for 0 jobs
2025-07-31 04:30:57 - job_components - INFO - Job extraction complete: 0 jobs, 0 total shifts
2025-07-31 04:30:57 - enhanced_integrated_monitor - INFO - 📊 Generated report: 0 total jobs, 0 jobs extracted
2025-07-31 04:30:58 - enhanced_integrated_monitor - INFO - ✅ Cleared city filter using close button: [data-test-component="StencilReactButton"]
2025-07-31 04:30:59 - enhanced_integrated_monitor - INFO - ✅ Completed processing for city: Kahului, HI
2025-07-31 04:31:01 - enhanced_integrated_monitor - INFO - 🏙️ Processing city 22/24: Hyannis, MA
2025-07-31 04:31:01 - enhanced_integrated_monitor - INFO - 🔧 Applying city filter: Hyannis, MA
2025-07-31 04:31:01 - job_components - INFO - Applying filters: ['cities']
2025-07-31 04:31:01 - job_components - INFO - Filters panel already open
2025-07-31 04:31:01 - job_components - INFO - Filters panel already open
2025-07-31 04:31:01 - job_components - INFO - Applying city filter: Hyannis, MA
2025-07-31 04:31:01 - job_components - WARNING - City input not found, attempt 1/2. Trying to reopen filters panel...
2025-07-31 04:31:02 - job_components - INFO - Filters panel already open
2025-07-31 04:31:03 - job_components - ERROR - Could not find city input field with any selector after retries
2025-07-31 04:31:03 - job_components - INFO - ✅ Applied cities filter
2025-07-31 04:31:03 - job_components - INFO - Successfully applied 1/1 filters
2025-07-31 04:31:03 - job_components - INFO - Extracting all job information
2025-07-31 04:31:03 - job_components - INFO - Total jobs found: 0
2025-07-31 04:31:03 - job_components - INFO - Successfully extracted details for 0 jobs
2025-07-31 04:31:03 - job_components - INFO - Job extraction complete: 0 jobs, 0 total shifts
2025-07-31 04:31:03 - enhanced_integrated_monitor - INFO - 📊 Generated report: 0 total jobs, 0 jobs extracted
2025-07-31 04:31:04 - enhanced_integrated_monitor - INFO - ✅ Cleared city filter using close button: [data-test-component="StencilReactButton"]
2025-07-31 04:31:05 - enhanced_integrated_monitor - INFO - ✅ Completed processing for city: Hyannis, MA
2025-07-31 04:31:07 - enhanced_integrated_monitor - INFO - 🏙️ Processing city 23/24: Lexington, KY
2025-07-31 04:31:07 - enhanced_integrated_monitor - INFO - 🔧 Applying city filter: Lexington, KY
2025-07-31 04:31:07 - job_components - INFO - Applying filters: ['cities']
2025-07-31 04:31:07 - job_components - INFO - Filters panel already open
2025-07-31 04:31:07 - job_components - INFO - Filters panel already open
2025-07-31 04:31:07 - job_components - INFO - Applying city filter: Lexington, KY
2025-07-31 04:31:07 - job_components - WARNING - City input not found, attempt 1/2. Trying to reopen filters panel...
2025-07-31 04:31:08 - job_components - INFO - Filters panel already open
2025-07-31 04:31:09 - job_components - ERROR - Could not find city input field with any selector after retries
2025-07-31 04:31:09 - job_components - INFO - ✅ Applied cities filter
2025-07-31 04:31:10 - job_components - INFO - Successfully applied 1/1 filters
2025-07-31 04:31:10 - job_components - INFO - Extracting all job information
2025-07-31 04:31:10 - job_components - INFO - Total jobs found: 0
2025-07-31 04:31:10 - job_components - INFO - Successfully extracted details for 0 jobs
2025-07-31 04:31:10 - job_components - INFO - Job extraction complete: 0 jobs, 0 total shifts
2025-07-31 04:31:10 - enhanced_integrated_monitor - INFO - 📊 Generated report: 0 total jobs, 0 jobs extracted
2025-07-31 04:31:10 - enhanced_integrated_monitor - INFO - ✅ Cleared city filter using close button: [data-test-component="StencilReactButton"]
2025-07-31 04:31:11 - enhanced_integrated_monitor - INFO - ✅ Completed processing for city: Lexington, KY
2025-07-31 04:31:13 - enhanced_integrated_monitor - INFO - 🏙️ Processing city 24/24: Bozeman, MT
2025-07-31 04:31:13 - enhanced_integrated_monitor - INFO - 🔧 Applying city filter: Bozeman, MT
2025-07-31 04:31:13 - job_components - INFO - Applying filters: ['cities']
2025-07-31 04:31:13 - job_components - INFO - Filters panel already open
2025-07-31 04:31:14 - job_components - INFO - Filters panel already open
2025-07-31 04:31:14 - job_components - INFO - Applying city filter: Bozeman, MT
2025-07-31 04:31:14 - job_components - WARNING - City input not found, attempt 1/2. Trying to reopen filters panel...
2025-07-31 04:31:15 - job_components - INFO - Filters panel already open
2025-07-31 04:31:16 - job_components - ERROR - Could not find city input field with any selector after retries
2025-07-31 04:31:16 - job_components - INFO - ✅ Applied cities filter
2025-07-31 04:31:16 - job_components - INFO - Successfully applied 1/1 filters
2025-07-31 04:31:16 - job_components - INFO - Extracting all job information
2025-07-31 04:31:16 - job_components - INFO - Total jobs found: 0
2025-07-31 04:31:16 - job_components - INFO - Successfully extracted details for 0 jobs
2025-07-31 04:31:16 - job_components - INFO - Job extraction complete: 0 jobs, 0 total shifts
2025-07-31 04:31:16 - enhanced_integrated_monitor - INFO - 📊 Generated report: 0 total jobs, 0 jobs extracted
2025-07-31 04:31:17 - enhanced_integrated_monitor - INFO - ✅ Cleared city filter using close button: [data-test-component="StencilReactButton"]
2025-07-31 04:31:18 - enhanced_integrated_monitor - INFO - ✅ Completed processing for city: Bozeman, MT
2025-07-31 04:31:20 - enhanced_integrated_monitor - INFO - ✅ Completed processing all 24 cities. No bookings made.
2025-07-31 04:31:20 - enhanced_integrated_monitor - INFO - ⏰ Waiting 300s until next cycle
2025-07-31 04:36:20 - enhanced_integrated_monitor - INFO - 📊 Starting monitoring cycle 2
2025-07-31 04:36:20 - enhanced_integrated_monitor - INFO - 🔍 Attempt 1: Processing URL 1/3: https://hiring.amazon.com/app#/jobSearch
2025-07-31 04:37:39 - enhanced_integrated_monitor - INFO - 🛑 Monitoring stopped by user
2025-07-31 04:37:39 - enhanced_integrated_monitor - INFO - 🏁 Enhanced monitoring stopped
2025-07-31 04:37:40 - __main__ - INFO - 🛑 Monitoring stopped by user
