2025-08-01 22:10:19 - root - INFO - Logging initialized. Log file: logs/bot_run_20250801_221019.log
2025-08-01 22:10:19 - __main__ - INFO - ✅ Loaded YAML configuration from: instant_booking_config.yaml
2025-08-01 22:10:19 - __main__ - INFO - ⚡ Fast mode: True
2025-08-01 22:10:19 - __main__ - INFO - 🎯 Instant booking: True
2025-08-01 22:10:19 - __main__ - INFO - ⏰ Check interval: 45s
2025-08-01 22:10:19 - __main__ - INFO - 👁️ Headless mode: False
2025-08-01 22:10:19 - __main__ - INFO - 👁️ Using YAML config headless setting: False
2025-08-01 22:10:19 - __main__ - INFO - 🚀 Starting Amazon Shift Bot [ID: 02eebe1a]
2025-08-01 22:10:20 - selenium.webdriver.common.driver_finder - DEBUG - Skipping Selenium Manager; path to chrome driver specified in Service class: /Users/lovepreetgill/developer/amazon_shift_bot/venv/lib/python3.12/site-packages/seleniumbase/drivers/uc_driver
2025-08-01 22:10:20 - selenium.webdriver.common.service - DEBUG - Started executable: `/Users/lovepreetgill/developer/amazon_shift_bot/venv/lib/python3.12/site-packages/seleniumbase/drivers/uc_driver` in a child process with pid: 44380 using 0 to output -1
2025-08-01 22:10:20 - asyncio - DEBUG - Using selector: KqueueSelector
2025-08-01 22:10:20 - selenium.webdriver.common.service - DEBUG - Started executable: `/Users/lovepreetgill/developer/amazon_shift_bot/venv/lib/python3.12/site-packages/seleniumbase/drivers/uc_driver` in a child process with pid: 44403 using 0 to output -1
2025-08-01 22:10:20 - services.session_service - INFO - 🔐 Establishing Amazon session
2025-08-01 22:10:21 - seleniumbase.undetected.reactor - DEBUG - Exception ignored: HTTPConnectionPool(host='localhost', port=62868): Max retries exceeded with url: /session/44a81cbc1922b03935bf9640e5dacba6/se/log (Caused by NewConnectionError('<urllib3.connection.HTTPConnection object at 0x107fbb200>: Failed to establish a new connection: [Errno 61] Connection refused'))
2025-08-01 22:10:23 - selenium.webdriver.common.service - DEBUG - Started executable: `/Users/lovepreetgill/developer/amazon_shift_bot/venv/lib/python3.12/site-packages/seleniumbase/drivers/uc_driver` in a child process with pid: 44444 using 0 to output -1
2025-08-01 22:10:28 - session_manager - INFO - 📊 Added 15/15 cookies
2025-08-01 22:10:28 - session_manager - DEBUG - Failed to restore local storage persist:alert: Message: javascript error: missing ) after argument list
  (Session info: chrome=138.0.7204.184)
Stacktrace:
0   uc_driver                           0x00000001008d3a98 uc_driver + 6167192
1   uc_driver                           0x00000001008cb04a uc_driver + 6131786
2   uc_driver                           0x0000000100357e00 uc_driver + 417280
3   uc_driver                           0x000000010035eb5e uc_driver + 445278
4   uc_driver                           0x000000010036182a uc_driver + 456746
5   uc_driver                           0x00000001003f820a uc_driver + 1073674
6   uc_driver                           0x00000001003cfc92 uc_driver + 908434
7   uc_driver                           0x00000001003f710c uc_driver + 1069324
8   uc_driver                           0x00000001003cfa63 uc_driver + 907875
9   uc_driver                           0x000000010039c0c7 uc_driver + 696519
10  uc_driver                           0x000000010039cd31 uc_driver + 699697
11  uc_driver                           0x0000000100891c50 uc_driver + 5897296
12  uc_driver                           0x0000000100895cc9 uc_driver + 5913801
13  uc_driver                           0x000000010086c962 uc_driver + 5744994
14  uc_driver                           0x000000010089664f uc_driver + 5916239
15  uc_driver                           0x000000010085b634 uc_driver + 5674548
16  uc_driver                           0x00000001008b8628 uc_driver + 6055464
17  uc_driver                           0x00000001008b87f0 uc_driver + 6055920
18  uc_driver                           0x00000001008cabe1 uc_driver + 6130657
19  libsystem_pthread.dylib             0x00007ff811914df1 _pthread_start + 99
20  libsystem_pthread.dylib             0x00007ff811910857 thread_start + 15

2025-08-01 22:10:30 - seleniumbase.undetected.reactor - DEBUG - Exception ignored: HTTPConnectionPool(host='localhost', port=62868): Max retries exceeded with url: /session/1960d37b6d455fb64ed80e3728f5f123/se/log (Caused by NewConnectionError('<urllib3.connection.HTTPConnection object at 0x107ff4710>: Failed to establish a new connection: [Errno 61] Connection refused'))
2025-08-01 22:10:31 - selenium.webdriver.common.service - DEBUG - Started executable: `/Users/lovepreetgill/developer/amazon_shift_bot/venv/lib/python3.12/site-packages/seleniumbase/drivers/uc_driver` in a child process with pid: 44496 using 0 to output -1
2025-08-01 22:10:40 - session_manager - INFO - ✅ Session valid - found: div[data-test-component="StencilReactRow"]
2025-08-01 22:10:40 - session_manager - INFO - ✅ Session restored successfully for lovepreet@teamarora.com
2025-08-01 22:10:41 - seleniumbase.undetected.reactor - DEBUG - Exception ignored: HTTPConnectionPool(host='localhost', port=62868): Max retries exceeded with url: /session/793841b593581af8ce04fb556af0e871/se/log (Caused by NewConnectionError('<urllib3.connection.HTTPConnection object at 0x107ff5f10>: Failed to establish a new connection: [Errno 61] Connection refused'))
2025-08-01 22:10:43 - selenium.webdriver.common.service - DEBUG - Started executable: `/Users/lovepreetgill/developer/amazon_shift_bot/venv/lib/python3.12/site-packages/seleniumbase/drivers/uc_driver` in a child process with pid: 44555 using 0 to output -1
2025-08-01 22:10:44 - services.session_service - DEBUG - Session valid - found: div[data-test-component="StencilReactRow"]
2025-08-01 22:10:44 - services.session_service - INFO - ✅ Existing session validated successfully
2025-08-01 22:10:44 - enhanced_integrated_monitor - INFO - 🔔 Enhanced Discord notifier initialized successfully
2025-08-01 22:10:44 - enhanced_integrated_monitor - INFO - ✅ Loaded filter configuration from /Users/lovepreetgill/developer/amazon_shift_bot/filter_config.yaml
2025-08-01 22:10:44 - enhanced_integrated_monitor - INFO - 🚀 Starting Enhanced Job Monitor
2025-08-01 22:10:44 - enhanced_integrated_monitor - INFO - ✅ Enhanced components initialized successfully
2025-08-01 22:10:44 - enhanced_integrated_monitor - INFO - 📊 Starting monitoring cycle 1
2025-08-01 22:10:44 - enhanced_integrated_monitor - INFO - 🔍 Attempt 1: Processing URL 1/3: https://hiring.amazon.com/app#/jobSearch
2025-08-01 22:10:45 - seleniumbase.undetected.reactor - DEBUG - Exception ignored: HTTPConnectionPool(host='localhost', port=62868): Max retries exceeded with url: /session/cbc85bdb8508e7d1e570d7be058d6c1e/se/log (Caused by NewConnectionError('<urllib3.connection.HTTPConnection object at 0x107ff4620>: Failed to establish a new connection: [Errno 61] Connection refused'))
2025-08-01 22:10:47 - selenium.webdriver.common.service - DEBUG - Started executable: `/Users/lovepreetgill/developer/amazon_shift_bot/venv/lib/python3.12/site-packages/seleniumbase/drivers/uc_driver` in a child process with pid: 44579 using 0 to output -1
2025-08-01 22:11:59 - enhanced_integrated_monitor - INFO - Found guided search modal: div:contains("Tell us a little more about yourself")
2025-08-01 22:11:59 - enhanced_integrated_monitor - INFO - Clicking 'View all filters' using: button:contains("View all filters")
2025-08-01 22:12:06 - enhanced_integrated_monitor - INFO - Detected page type: search
2025-08-01 22:12:07 - enhanced_integrated_monitor - INFO - Found visible element with selector: button:contains("View all filters")
2025-08-01 22:12:07 - enhanced_integrated_monitor - INFO - ✅ Filters accessible via: button:contains("View all filters")
2025-08-01 22:12:07 - enhanced_integrated_monitor - INFO - 🚀 FAST MODE: Processing 8 cities with aggressive optimizations
2025-08-01 22:12:07 - enhanced_integrated_monitor - INFO - ⚡ Fast processing city 1/8: Seattle, WA
2025-08-01 22:12:07 - enhanced_integrated_monitor - INFO - ⚡ Found 25 jobs without filters, attempting instant booking
2025-08-01 22:12:07 - job_components - INFO - Extracting all job information
2025-08-01 22:12:07 - job_components - INFO - Total jobs found: 100
2025-08-01 22:12:07 - job_components - DEBUG - Found 25 job cards to process
2025-08-01 22:12:11 - job_components - INFO - Successfully extracted details for 25 jobs
2025-08-01 22:12:11 - job_components - INFO - Job extraction complete: 25 jobs, 1 total shifts
2025-08-01 22:12:11 - enhanced_integrated_monitor - INFO - 📊 Generated report: 100 total jobs, 25 jobs extracted
2025-08-01 22:12:11 - enhanced_integrated_monitor - INFO - 🎯 JOBS FOUND! 25 jobs available.
2025-08-01 22:12:11 - enhanced_integrated_monitor - INFO - 🎯 Booking enabled! Attempting immediate booking for 25 jobs...
2025-08-01 22:12:11 - enhanced_integrated_monitor - INFO - 🎯 Attempting to book job 1/25: Delivery Station Warehouse Associate
2025-08-01 22:12:11 - page_objects.shift_booking - INFO - 🔎 Starting shift slot discovery
2025-08-01 22:12:11 - page_objects.shift_booking - DEBUG - Found 25 cards using selector: div[data-test-id='JobCard']
2025-08-01 22:12:14 - page_objects.shift_booking - INFO - ✅ Discovered 25 available slots (excluding already booked)
2025-08-01 22:12:14 - enhanced_integrated_monitor - INFO - 🎯 Attempting to book slot: Delivery Station Warehouse Associate at Location TBD
2025-08-01 22:12:14 - page_objects.shift_booking - INFO - ▶️ Attempting to book slot: Delivery Station Warehouse Associate @ Location TBD
2025-08-01 22:12:14 - page_objects.shift_booking - WARNING - Failed to take initial screenshot: 'BaseCase' object has no attribute 'get_screenshot_as_png'
2025-08-01 22:12:14 - page_objects.shift_booking - INFO - 🔍 Found 25 job cards with selector: div[data-test-id='JobCard']
2025-08-01 22:12:14 - page_objects.shift_booking - INFO - 🖱️ Attempting to click job card 1 of 25
2025-08-01 22:12:15 - page_objects.shift_booking - WARNING - Click method 1 failed: Message: element click intercepted: Element <div data-test-component="StencilReactCard" data-test-id="JobCard" role="link" class="pointer focusableItem jobCardItem hvh-careers-emotion-rr9j32" tabindex="0">...</div> is not clickable at point (632, 467). Other element would receive the click: <div data-test-component="StencilFlyoutBackdrop" style="position: fixed; inset: 0px; background-color: rgb(35, 47, 62); opacity: 0.5;"></div>
  (Session info: chrome=138.0.7204.184); For documentation on this error, please visit: https://www.selenium.dev/documentation/webdriver/troubleshooting/errors#elementclickinterceptedexception
Stacktrace:
0   uc_driver                           0x000000010504fa98 uc_driver + 6167192
1   uc_driver                           0x000000010504704a uc_driver + 6131786
2   uc_driver                           0x0000000104ad3e00 uc_driver + 417280
3   uc_driver                           0x0000000104b2cb00 uc_driver + 781056
4   uc_driver                           0x0000000104b2a95b uc_driver + 772443
5   uc_driver                           0x0000000104b27ff2 uc_driver + 761842
6   uc_driver                           0x0000000104b27710 uc_driver + 759568
7   uc_driver                           0x0000000104b19e9a uc_driver + 704154
8   uc_driver                           0x0000000104b4bc92 uc_driver + 908434
9   uc_driver                           0x0000000104b19818 uc_driver + 702488
10  uc_driver                           0x0000000104b4be4e uc_driver + 908878
11  uc_driver                           0x0000000104b7310c uc_driver + 1069324
12  uc_driver                           0x0000000104b4ba63 uc_driver + 907875
13  uc_driver                           0x0000000104b180c7 uc_driver + 696519
14  uc_driver                           0x0000000104b18d31 uc_driver + 699697
15  uc_driver                           0x000000010500dc50 uc_driver + 5897296
16  uc_driver                           0x0000000105011cc9 uc_driver + 5913801
17  uc_driver                           0x0000000104fe8962 uc_driver + 5744994
18  uc_driver                           0x000000010501264f uc_driver + 5916239
19  uc_driver                           0x0000000104fd7634 uc_driver + 5674548
20  uc_driver                           0x0000000105034628 uc_driver + 6055464
21  uc_driver                           0x00000001050347f0 uc_driver + 6055920
22  uc_driver                           0x0000000105046be1 uc_driver + 6130657
23  libsystem_pthread.dylib             0x00007ff811914df1 _pthread_start + 99
24  libsystem_pthread.dylib             0x00007ff811910857 thread_start + 15

2025-08-01 22:12:15 - page_objects.shift_booking - WARNING - Click method 2 failed: Message: javascript error: missing ) after argument list
  (Session info: chrome=138.0.7204.184)
Stacktrace:
0   uc_driver                           0x000000010504fa98 uc_driver + 6167192
1   uc_driver                           0x000000010504704a uc_driver + 6131786
2   uc_driver                           0x0000000104ad3e00 uc_driver + 417280
3   uc_driver                           0x0000000104adab5e uc_driver + 445278
4   uc_driver                           0x0000000104add82a uc_driver + 456746
5   uc_driver                           0x0000000104b7420a uc_driver + 1073674
6   uc_driver                           0x0000000104b4bc92 uc_driver + 908434
7   uc_driver                           0x0000000104b7310c uc_driver + 1069324
8   uc_driver                           0x0000000104b4ba63 uc_driver + 907875
9   uc_driver                           0x0000000104b180c7 uc_driver + 696519
10  uc_driver                           0x0000000104b18d31 uc_driver + 699697
11  uc_driver                           0x000000010500dc50 uc_driver + 5897296
12  uc_driver                           0x0000000105011cc9 uc_driver + 5913801
13  uc_driver                           0x0000000104fe8962 uc_driver + 5744994
14  uc_driver                           0x000000010501264f uc_driver + 5916239
15  uc_driver                           0x0000000104fd7634 uc_driver + 5674548
16  uc_driver                           0x0000000105034628 uc_driver + 6055464
17  uc_driver                           0x00000001050347f0 uc_driver + 6055920
18  uc_driver                           0x0000000105046be1 uc_driver + 6130657
19  libsystem_pthread.dylib             0x00007ff811914df1 _pthread_start + 99
20  libsystem_pthread.dylib             0x00007ff811910857 thread_start + 15

2025-08-01 22:12:15 - page_objects.shift_booking - INFO - ✅ Card clicked using method 3
2025-08-01 22:12:16 - page_objects.shift_booking - INFO - ⚡ Fast shift dropdown handling
2025-08-01 22:12:16 - page_objects.shift_booking - INFO - ⚡ Fast shift selection completed
2025-08-01 22:12:17 - page_objects.shift_booking - INFO - 🔍 Looking for apply button (attempt 1/3)
2025-08-01 22:12:17 - page_objects.shift_booking - INFO - ✅ Clicked apply button: button[data-test-id='jobDetailApplyButtonDesktop']
2025-08-01 22:12:21 - page_objects.shift_booking - INFO - ✅ Booking flow completed successfully
2025-08-01 22:12:21 - enhanced_integrated_monitor - INFO - 🎉 SUCCESSFULLY BOOKED: Delivery Station Warehouse Associate at Location TBD
2025-08-01 22:12:21 - enhanced_notifier - INFO - 🔔 Discord notification sent successfully
2025-08-01 22:12:21 - enhanced_integrated_monitor - INFO - 🔔 Enhanced Discord booking notification sent successfully
2025-08-01 22:12:21 - enhanced_integrated_monitor - INFO - 🎉 SHIFT SUCCESSFULLY BOOKED! Stopping further monitoring.
2025-08-01 22:12:21 - enhanced_integrated_monitor - INFO - 🎉 LIGHTNING BOOKING SUCCESS! Job booked in Seattle, WA
2025-08-01 22:12:21 - enhanced_integrated_monitor - INFO - 🎉 Booking successful! Stopping monitoring.
2025-08-01 22:12:21 - enhanced_integrated_monitor - INFO - 🎉 SHIFT SUCCESSFULLY BOOKED! Stopping monitoring completely.
2025-08-01 22:12:21 - enhanced_integrated_monitor - INFO - 🏁 Enhanced monitoring stopped
2025-08-01 22:12:21 - seleniumbase.undetected.reactor - DEBUG - Exception ignored: HTTPConnectionPool(host='localhost', port=62868): Max retries exceeded with url: /session/df9fe78817761e983bca385d80f56e38/se/log (Caused by NewConnectionError('<urllib3.connection.HTTPConnection object at 0x107ff40b0>: Failed to establish a new connection: [Errno 61] Connection refused'))
