2025-07-31 17:28:12 - root - INFO - Logging initialized. Log file: logs/bot_run_20250731_172812.log
2025-07-31 17:28:12 - __main__ - INFO - Using default configuration
2025-07-31 17:28:12 - __main__ - INFO - 🚀 Starting Amazon Shift Bot [ID: 41e81446]
2025-07-31 17:28:14 - services.session_service - INFO - 🔐 Establishing Amazon session
2025-07-31 17:28:21 - session_manager - INFO - 📊 Added 16/16 cookies
2025-07-31 17:28:31 - session_manager - INFO - ✅ Session valid - found: div[data-test-component="StencilReactRow"]
2025-07-31 17:28:31 - session_manager - INFO - ✅ Session restored successfully for lovepreet@teamarora.com
2025-07-31 17:28:34 - services.session_service - INFO - ✅ Existing session validated successfully
2025-07-31 17:28:34 - enhanced_integrated_monitor - INFO - ✅ Loaded filter configuration from /Users/lovepreetgill/developer/amazon_shift_bot/filter_config.yaml
2025-07-31 17:28:34 - enhanced_integrated_monitor - INFO - 🚀 Starting Enhanced Job Monitor
2025-07-31 17:28:34 - enhanced_integrated_monitor - INFO - ✅ Enhanced components initialized successfully
2025-07-31 17:28:34 - enhanced_integrated_monitor - INFO - 📊 Starting monitoring cycle 1
2025-07-31 17:28:34 - enhanced_integrated_monitor - INFO - 🔍 Attempt 1: Processing URL 1/3: https://hiring.amazon.com/app#/jobSearch
2025-07-31 17:29:49 - enhanced_integrated_monitor - INFO - Found guided search modal: div:contains("Tell us a little more about yourself")
2025-07-31 17:29:49 - enhanced_integrated_monitor - INFO - Clicking 'View all filters' using: button:contains("View all filters")
2025-07-31 17:29:55 - enhanced_integrated_monitor - INFO - Detected page type: search
2025-07-31 17:29:56 - enhanced_integrated_monitor - INFO - Found visible element with selector: button:contains("View all filters")
2025-07-31 17:29:56 - enhanced_integrated_monitor - INFO - ✅ Filters accessible via: button:contains("View all filters")
2025-07-31 17:29:56 - enhanced_integrated_monitor - INFO - 🏙️ Processing city 1/24: Granville, NY
2025-07-31 17:29:56 - enhanced_integrated_monitor - INFO - 🔧 Applying city filter: Granville, NY
2025-07-31 17:29:56 - job_components - INFO - Applying filters: ['cities']
2025-07-31 17:29:56 - job_components - INFO - Filters panel already open
2025-07-31 17:29:56 - job_components - INFO - Filters panel already open
2025-07-31 17:29:56 - job_components - INFO - Applying city filter: Granville, NY
2025-07-31 17:29:59 - job_components - INFO - ✅ Applied city filter: Granville, NY
2025-07-31 17:30:01 - job_components - INFO - ✅ Clicked show results button using: button:contains("Show")
2025-07-31 17:30:01 - job_components - INFO - ✅ Applied cities filter
2025-07-31 17:30:02 - job_components - INFO - Successfully applied 1/1 filters
2025-07-31 17:30:02 - job_components - INFO - Extracting all job information
2025-07-31 17:30:02 - job_components - INFO - Total jobs found: 0
2025-07-31 17:30:02 - job_components - INFO - Successfully extracted details for 1 jobs
2025-07-31 17:30:02 - job_components - INFO - Job extraction complete: 1 jobs, 1 total shifts
2025-07-31 17:30:02 - enhanced_integrated_monitor - INFO - 📊 Generated report: 0 total jobs, 1 jobs extracted
2025-07-31 17:30:02 - enhanced_integrated_monitor - INFO - 🎯 JOBS FOUND! 1 jobs available.
2025-07-31 17:30:02 - enhanced_integrated_monitor - INFO - 🎯 Booking enabled! Attempting immediate booking for 1 jobs...
2025-07-31 17:30:02 - enhanced_integrated_monitor - INFO - 🎯 Attempting to book job 1/1: Fulfillment Center Warehouse Associate
2025-07-31 17:30:02 - page_objects.shift_booking - INFO - 🔎 Starting shift slot discovery
2025-07-31 17:30:02 - page_objects.shift_booking - INFO - ✅ Discovered 1 available slots (excluding already booked)
2025-07-31 17:30:02 - enhanced_integrated_monitor - INFO - 🎯 Attempting to book slot: Fulfillment Center Warehouse Associate at Location TBD
2025-07-31 17:30:02 - page_objects.shift_booking - INFO - ▶️ Attempting to book slot: Fulfillment Center Warehouse Associate @ Location TBD
2025-07-31 17:30:02 - page_objects.shift_booking - WARNING - Failed to take initial screenshot: 'BaseCase' object has no attribute 'get_screenshot_as_png'
2025-07-31 17:30:02 - page_objects.shift_booking - INFO - 🔍 Found 1 job cards with selector: div[data-test-id='JobCard']
2025-07-31 17:30:02 - page_objects.shift_booking - INFO - 🖱️ Attempting to click job card 1 of 1
2025-07-31 17:30:02 - page_objects.shift_booking - INFO - ✅ Card clicked using method 1
2025-07-31 17:30:04 - page_objects.shift_booking - WARNING - Could not get current URL: 'BaseCase' object has no attribute 'current_url'
2025-07-31 17:30:04 - page_objects.shift_booking - INFO - 🔄 Handling shift dropdown (if present)
2025-07-31 17:30:05 - page_objects.shift_booking - INFO - ✅ Found shift selection modal: .hvh-careers-emotion-zd3r3r
2025-07-31 17:30:06 - page_objects.shift_booking - INFO - No shift selection elements found, proceeding without selection
2025-07-31 17:30:07 - page_objects.shift_booking - INFO - 🔍 Looking for apply button (attempt 1/3)
2025-07-31 17:30:09 - page_objects.shift_booking - INFO - ⏳ Apply button not found, waiting before retry...
2025-07-31 17:30:11 - page_objects.shift_booking - INFO - 🔍 Looking for apply button (attempt 2/3)
2025-07-31 17:30:12 - page_objects.shift_booking - INFO - ⏳ Apply button not found, waiting before retry...
2025-07-31 17:30:14 - page_objects.shift_booking - INFO - 🔍 Looking for apply button (attempt 3/3)
2025-07-31 17:30:15 - page_objects.shift_booking - ERROR - ❌ Failed to click any apply button
2025-07-31 17:30:15 - enhanced_integrated_monitor - WARNING - ⚠️ Failed to book slot: Fulfillment Center Warehouse Associate
2025-07-31 17:30:15 - enhanced_integrated_monitor - WARNING - ⚠️ No slots could be booked from available jobs
2025-07-31 17:30:15 - enhanced_integrated_monitor - WARNING - ⚠️ Booking attempt failed, continuing monitoring...
2025-07-31 17:30:16 - enhanced_integrated_monitor - INFO - ✅ Cleared city filter using close button: [data-test-component="StencilReactButton"]
2025-07-31 17:30:17 - enhanced_integrated_monitor - INFO - ✅ Completed processing for city: Granville, NY
2025-07-31 17:30:17 - enhanced_integrated_monitor - INFO - 🏙️ Processing city 2/24: Poway, CA
2025-07-31 17:30:17 - enhanced_integrated_monitor - INFO - 🔧 Applying city filter: Poway, CA
2025-07-31 17:30:17 - job_components - INFO - Applying filters: ['cities']
2025-07-31 17:30:18 - job_components - INFO - Filters panel already open
2025-07-31 17:30:18 - job_components - INFO - Filters panel already open
2025-07-31 17:30:18 - job_components - INFO - Applying city filter: Poway, CA
2025-07-31 17:30:18 - job_components - WARNING - City input not found, attempt 1/2. Trying to reopen filters panel...
2025-07-31 17:30:19 - job_components - INFO - Filters panel already open
2025-07-31 17:30:20 - job_components - ERROR - Could not find city input field with any selector after retries
2025-07-31 17:30:20 - job_components - INFO - ✅ Applied cities filter
2025-07-31 17:30:21 - job_components - INFO - Successfully applied 1/1 filters
2025-07-31 17:30:21 - job_components - INFO - Extracting all job information
2025-07-31 17:30:21 - job_components - INFO - Total jobs found: 0
2025-07-31 17:30:21 - job_components - INFO - Successfully extracted details for 0 jobs
2025-07-31 17:30:21 - job_components - INFO - Job extraction complete: 0 jobs, 0 total shifts
2025-07-31 17:30:21 - enhanced_integrated_monitor - INFO - 📊 Generated report: 0 total jobs, 0 jobs extracted
2025-07-31 17:30:21 - enhanced_integrated_monitor - INFO - ✅ Cleared city filter using close button: [data-test-component="StencilReactButton"]
2025-07-31 17:30:22 - enhanced_integrated_monitor - INFO - ✅ Completed processing for city: Poway, CA
2025-07-31 17:30:23 - enhanced_integrated_monitor - INFO - 🏙️ Processing city 3/24: North Pekin, IL
2025-07-31 17:30:23 - enhanced_integrated_monitor - INFO - 🔧 Applying city filter: North Pekin, IL
2025-07-31 17:30:23 - job_components - INFO - Applying filters: ['cities']
2025-07-31 17:30:23 - job_components - INFO - Filters panel already open
2025-07-31 17:30:23 - job_components - INFO - Filters panel already open
2025-07-31 17:30:23 - job_components - INFO - Applying city filter: North Pekin, IL
2025-07-31 17:30:23 - job_components - WARNING - City input not found, attempt 1/2. Trying to reopen filters panel...
2025-07-31 17:30:24 - job_components - INFO - Filters panel already open
2025-07-31 17:30:25 - job_components - ERROR - Could not find city input field with any selector after retries
2025-07-31 17:30:25 - job_components - INFO - ✅ Applied cities filter
2025-07-31 17:30:26 - job_components - INFO - Successfully applied 1/1 filters
2025-07-31 17:30:26 - job_components - INFO - Extracting all job information
2025-07-31 17:30:26 - job_components - INFO - Total jobs found: 0
2025-07-31 17:30:26 - job_components - INFO - Successfully extracted details for 0 jobs
2025-07-31 17:30:26 - job_components - INFO - Job extraction complete: 0 jobs, 0 total shifts
2025-07-31 17:30:26 - enhanced_integrated_monitor - INFO - 📊 Generated report: 0 total jobs, 0 jobs extracted
2025-07-31 17:30:27 - enhanced_integrated_monitor - INFO - ✅ Cleared city filter using close button: [data-test-component="StencilReactButton"]
2025-07-31 17:30:28 - enhanced_integrated_monitor - INFO - ✅ Completed processing for city: North Pekin, IL
2025-07-31 17:30:28 - enhanced_integrated_monitor - INFO - 🏙️ Processing city 4/24: Missoula, MT
2025-07-31 17:30:28 - enhanced_integrated_monitor - INFO - 🔧 Applying city filter: Missoula, MT
2025-07-31 17:30:28 - job_components - INFO - Applying filters: ['cities']
2025-07-31 17:30:28 - job_components - INFO - Filters panel already open
2025-07-31 17:30:28 - job_components - INFO - Filters panel already open
2025-07-31 17:30:28 - job_components - INFO - Applying city filter: Missoula, MT
2025-07-31 17:30:28 - job_components - WARNING - City input not found, attempt 1/2. Trying to reopen filters panel...
2025-07-31 17:30:29 - job_components - INFO - Filters panel already open
2025-07-31 17:30:31 - job_components - ERROR - Could not find city input field with any selector after retries
2025-07-31 17:30:31 - job_components - INFO - ✅ Applied cities filter
2025-07-31 17:30:31 - job_components - INFO - Successfully applied 1/1 filters
2025-07-31 17:30:31 - job_components - INFO - Extracting all job information
2025-07-31 17:30:31 - job_components - INFO - Total jobs found: 0
2025-07-31 17:30:31 - job_components - INFO - Successfully extracted details for 0 jobs
2025-07-31 17:30:31 - job_components - INFO - Job extraction complete: 0 jobs, 0 total shifts
2025-07-31 17:30:31 - enhanced_integrated_monitor - INFO - 📊 Generated report: 0 total jobs, 0 jobs extracted
2025-07-31 17:30:32 - enhanced_integrated_monitor - INFO - ✅ Cleared city filter using close button: [data-test-component="StencilReactButton"]
2025-07-31 17:30:33 - enhanced_integrated_monitor - INFO - ✅ Completed processing for city: Missoula, MT
2025-07-31 17:30:33 - enhanced_integrated_monitor - INFO - 🏙️ Processing city 5/24: Ashland, MO
2025-07-31 17:30:33 - enhanced_integrated_monitor - INFO - 🔧 Applying city filter: Ashland, MO
2025-07-31 17:30:33 - job_components - INFO - Applying filters: ['cities']
2025-07-31 17:30:33 - job_components - INFO - Filters panel already open
2025-07-31 17:30:33 - job_components - INFO - Filters panel already open
2025-07-31 17:30:33 - job_components - INFO - Applying city filter: Ashland, MO
2025-07-31 17:30:34 - job_components - WARNING - City input not found, attempt 1/2. Trying to reopen filters panel...
2025-07-31 17:30:35 - job_components - INFO - Filters panel already open
2025-07-31 17:30:36 - job_components - ERROR - Could not find city input field with any selector after retries
2025-07-31 17:30:36 - job_components - INFO - ✅ Applied cities filter
2025-07-31 17:30:36 - job_components - INFO - Successfully applied 1/1 filters
2025-07-31 17:30:36 - job_components - INFO - Extracting all job information
2025-07-31 17:30:36 - job_components - INFO - Total jobs found: 0
2025-07-31 17:30:37 - job_components - INFO - Successfully extracted details for 0 jobs
2025-07-31 17:30:37 - job_components - INFO - Job extraction complete: 0 jobs, 0 total shifts
2025-07-31 17:30:37 - enhanced_integrated_monitor - INFO - 📊 Generated report: 0 total jobs, 0 jobs extracted
2025-07-31 17:30:37 - enhanced_integrated_monitor - INFO - ✅ Cleared city filter using close button: [data-test-component="StencilReactButton"]
2025-07-31 17:30:38 - enhanced_integrated_monitor - INFO - ✅ Completed processing for city: Ashland, MO
2025-07-31 17:30:39 - enhanced_integrated_monitor - INFO - 🏙️ Processing city 6/24: Gypsum, CO
2025-07-31 17:30:39 - enhanced_integrated_monitor - INFO - 🔧 Applying city filter: Gypsum, CO
2025-07-31 17:30:39 - job_components - INFO - Applying filters: ['cities']
2025-07-31 17:30:39 - job_components - INFO - Filters panel already open
2025-07-31 17:30:39 - job_components - INFO - Filters panel already open
2025-07-31 17:30:39 - job_components - INFO - Applying city filter: Gypsum, CO
2025-07-31 17:30:39 - job_components - WARNING - City input not found, attempt 1/2. Trying to reopen filters panel...
2025-07-31 17:30:40 - job_components - INFO - Filters panel already open
2025-07-31 17:30:41 - job_components - ERROR - Could not find city input field with any selector after retries
2025-07-31 17:30:41 - job_components - INFO - ✅ Applied cities filter
2025-07-31 17:30:42 - job_components - INFO - Successfully applied 1/1 filters
2025-07-31 17:30:42 - job_components - INFO - Extracting all job information
2025-07-31 17:30:42 - job_components - INFO - Total jobs found: 0
2025-07-31 17:30:42 - job_components - INFO - Successfully extracted details for 0 jobs
2025-07-31 17:30:42 - job_components - INFO - Job extraction complete: 0 jobs, 0 total shifts
2025-07-31 17:30:42 - enhanced_integrated_monitor - INFO - 📊 Generated report: 0 total jobs, 0 jobs extracted
2025-07-31 17:30:42 - enhanced_integrated_monitor - INFO - ✅ Cleared city filter using close button: [data-test-component="StencilReactButton"]
2025-07-31 17:30:43 - enhanced_integrated_monitor - INFO - ✅ Completed processing for city: Gypsum, CO
2025-07-31 17:30:44 - enhanced_integrated_monitor - INFO - 🏙️ Processing city 7/24: Belgrade, MT
2025-07-31 17:30:44 - enhanced_integrated_monitor - INFO - 🔧 Applying city filter: Belgrade, MT
2025-07-31 17:30:44 - job_components - INFO - Applying filters: ['cities']
2025-07-31 17:30:44 - job_components - INFO - Filters panel already open
2025-07-31 17:30:44 - job_components - INFO - Filters panel already open
2025-07-31 17:30:44 - job_components - INFO - Applying city filter: Belgrade, MT
2025-07-31 17:30:44 - job_components - WARNING - City input not found, attempt 1/2. Trying to reopen filters panel...
2025-07-31 17:30:45 - job_components - INFO - Filters panel already open
2025-07-31 17:30:46 - job_components - ERROR - Could not find city input field with any selector after retries
2025-07-31 17:30:46 - job_components - INFO - ✅ Applied cities filter
2025-07-31 17:30:47 - job_components - INFO - Successfully applied 1/1 filters
2025-07-31 17:30:47 - job_components - INFO - Extracting all job information
2025-07-31 17:30:47 - job_components - INFO - Total jobs found: 0
2025-07-31 17:30:47 - job_components - INFO - Successfully extracted details for 0 jobs
2025-07-31 17:30:47 - job_components - INFO - Job extraction complete: 0 jobs, 0 total shifts
2025-07-31 17:30:47 - enhanced_integrated_monitor - INFO - 📊 Generated report: 0 total jobs, 0 jobs extracted
2025-07-31 17:30:48 - enhanced_integrated_monitor - INFO - ✅ Cleared city filter using close button: [data-test-component="StencilReactButton"]
2025-07-31 17:30:49 - enhanced_integrated_monitor - INFO - ✅ Completed processing for city: Belgrade, MT
2025-07-31 17:30:49 - enhanced_integrated_monitor - INFO - 🏙️ Processing city 8/24: Basalt, CO
2025-07-31 17:30:49 - enhanced_integrated_monitor - INFO - 🔧 Applying city filter: Basalt, CO
2025-07-31 17:30:49 - job_components - INFO - Applying filters: ['cities']
2025-07-31 17:30:49 - job_components - INFO - Filters panel already open
2025-07-31 17:30:49 - job_components - INFO - Filters panel already open
2025-07-31 17:30:49 - job_components - INFO - Applying city filter: Basalt, CO
2025-07-31 17:30:49 - job_components - WARNING - City input not found, attempt 1/2. Trying to reopen filters panel...
2025-07-31 17:30:50 - job_components - INFO - Filters panel already open
2025-07-31 17:30:52 - job_components - ERROR - Could not find city input field with any selector after retries
2025-07-31 17:30:52 - job_components - INFO - ✅ Applied cities filter
2025-07-31 17:30:52 - job_components - INFO - Successfully applied 1/1 filters
2025-07-31 17:30:52 - job_components - INFO - Extracting all job information
2025-07-31 17:30:52 - job_components - INFO - Total jobs found: 0
2025-07-31 17:30:52 - job_components - INFO - Successfully extracted details for 0 jobs
2025-07-31 17:30:52 - job_components - INFO - Job extraction complete: 0 jobs, 0 total shifts
2025-07-31 17:30:52 - enhanced_integrated_monitor - INFO - 📊 Generated report: 0 total jobs, 0 jobs extracted
2025-07-31 17:30:53 - enhanced_integrated_monitor - INFO - ✅ Cleared city filter using close button: [data-test-component="StencilReactButton"]
2025-07-31 17:30:54 - enhanced_integrated_monitor - INFO - ✅ Completed processing for city: Basalt, CO
2025-07-31 17:30:54 - enhanced_integrated_monitor - INFO - 🏙️ Processing city 9/24: Ottawa, IL
2025-07-31 17:30:54 - enhanced_integrated_monitor - INFO - 🔧 Applying city filter: Ottawa, IL
2025-07-31 17:30:54 - job_components - INFO - Applying filters: ['cities']
2025-07-31 17:30:54 - job_components - INFO - Filters panel already open
2025-07-31 17:30:54 - job_components - INFO - Filters panel already open
2025-07-31 17:30:54 - job_components - INFO - Applying city filter: Ottawa, IL
2025-07-31 17:30:55 - job_components - WARNING - City input not found, attempt 1/2. Trying to reopen filters panel...
2025-07-31 17:30:56 - job_components - INFO - Filters panel already open
2025-07-31 17:30:57 - job_components - ERROR - Could not find city input field with any selector after retries
2025-07-31 17:30:57 - job_components - INFO - ✅ Applied cities filter
2025-07-31 17:30:57 - job_components - INFO - Successfully applied 1/1 filters
2025-07-31 17:30:57 - job_components - INFO - Extracting all job information
2025-07-31 17:30:57 - job_components - INFO - Total jobs found: 0
2025-07-31 17:30:58 - job_components - INFO - Successfully extracted details for 0 jobs
2025-07-31 17:30:58 - job_components - INFO - Job extraction complete: 0 jobs, 0 total shifts
2025-07-31 17:30:58 - enhanced_integrated_monitor - INFO - 📊 Generated report: 0 total jobs, 0 jobs extracted
2025-07-31 17:30:58 - enhanced_integrated_monitor - INFO - ✅ Cleared city filter using close button: [data-test-component="StencilReactButton"]
2025-07-31 17:30:59 - enhanced_integrated_monitor - INFO - ✅ Completed processing for city: Ottawa, IL
2025-07-31 17:31:00 - enhanced_integrated_monitor - INFO - 🏙️ Processing city 10/24: Tillamook, OR
2025-07-31 17:31:00 - enhanced_integrated_monitor - INFO - 🔧 Applying city filter: Tillamook, OR
2025-07-31 17:31:00 - job_components - INFO - Applying filters: ['cities']
2025-07-31 17:31:00 - job_components - INFO - Filters panel already open
2025-07-31 17:31:00 - job_components - INFO - Filters panel already open
2025-07-31 17:31:00 - job_components - INFO - Applying city filter: Tillamook, OR
2025-07-31 17:31:00 - job_components - WARNING - City input not found, attempt 1/2. Trying to reopen filters panel...
2025-07-31 17:31:01 - job_components - INFO - Filters panel already open
2025-07-31 17:31:02 - job_components - ERROR - Could not find city input field with any selector after retries
2025-07-31 17:31:02 - job_components - INFO - ✅ Applied cities filter
2025-07-31 17:31:03 - job_components - INFO - Successfully applied 1/1 filters
2025-07-31 17:31:03 - job_components - INFO - Extracting all job information
2025-07-31 17:31:03 - job_components - INFO - Total jobs found: 0
2025-07-31 17:31:03 - job_components - INFO - Successfully extracted details for 0 jobs
2025-07-31 17:31:03 - job_components - INFO - Job extraction complete: 0 jobs, 0 total shifts
2025-07-31 17:31:03 - enhanced_integrated_monitor - INFO - 📊 Generated report: 0 total jobs, 0 jobs extracted
2025-07-31 17:31:03 - enhanced_integrated_monitor - INFO - ✅ Cleared city filter using close button: [data-test-component="StencilReactButton"]
2025-07-31 17:31:04 - enhanced_integrated_monitor - INFO - ✅ Completed processing for city: Tillamook, OR
2025-07-31 17:31:05 - enhanced_integrated_monitor - INFO - 🏙️ Processing city 11/24: Jackson, WY
2025-07-31 17:31:05 - enhanced_integrated_monitor - INFO - 🔧 Applying city filter: Jackson, WY
2025-07-31 17:31:05 - job_components - INFO - Applying filters: ['cities']
2025-07-31 17:31:05 - job_components - INFO - Filters panel already open
2025-07-31 17:31:05 - job_components - INFO - Filters panel already open
2025-07-31 17:31:05 - job_components - INFO - Applying city filter: Jackson, WY
2025-07-31 17:31:05 - job_components - WARNING - City input not found, attempt 1/2. Trying to reopen filters panel...
2025-07-31 17:31:06 - job_components - INFO - Filters panel already open
2025-07-31 17:31:07 - job_components - ERROR - Could not find city input field with any selector after retries
2025-07-31 17:31:07 - job_components - INFO - ✅ Applied cities filter
2025-07-31 17:31:08 - job_components - INFO - Successfully applied 1/1 filters
2025-07-31 17:31:08 - job_components - INFO - Extracting all job information
2025-07-31 17:31:08 - job_components - INFO - Total jobs found: 0
2025-07-31 17:31:08 - job_components - INFO - Successfully extracted details for 0 jobs
2025-07-31 17:31:08 - job_components - INFO - Job extraction complete: 0 jobs, 0 total shifts
2025-07-31 17:31:08 - enhanced_integrated_monitor - INFO - 📊 Generated report: 0 total jobs, 0 jobs extracted
2025-07-31 17:31:08 - enhanced_integrated_monitor - INFO - ✅ Cleared city filter using close button: [data-test-component="StencilReactButton"]
2025-07-31 17:31:09 - enhanced_integrated_monitor - INFO - ✅ Completed processing for city: Jackson, WY
2025-07-31 17:31:10 - enhanced_integrated_monitor - INFO - 🏙️ Processing city 12/24: Weston, WI
2025-07-31 17:31:10 - enhanced_integrated_monitor - INFO - 🔧 Applying city filter: Weston, WI
2025-07-31 17:31:10 - job_components - INFO - Applying filters: ['cities']
2025-07-31 17:31:10 - job_components - INFO - Filters panel already open
2025-07-31 17:31:10 - job_components - INFO - Filters panel already open
2025-07-31 17:31:10 - job_components - INFO - Applying city filter: Weston, WI
2025-07-31 17:31:10 - job_components - WARNING - City input not found, attempt 1/2. Trying to reopen filters panel...
2025-07-31 17:31:11 - job_components - INFO - Filters panel already open
2025-07-31 17:31:12 - job_components - ERROR - Could not find city input field with any selector after retries
2025-07-31 17:31:12 - job_components - INFO - ✅ Applied cities filter
2025-07-31 17:31:13 - job_components - INFO - Successfully applied 1/1 filters
2025-07-31 17:31:13 - job_components - INFO - Extracting all job information
2025-07-31 17:31:13 - job_components - INFO - Total jobs found: 0
2025-07-31 17:31:13 - job_components - INFO - Successfully extracted details for 0 jobs
2025-07-31 17:31:13 - job_components - INFO - Job extraction complete: 0 jobs, 0 total shifts
2025-07-31 17:31:13 - enhanced_integrated_monitor - INFO - 📊 Generated report: 0 total jobs, 0 jobs extracted
2025-07-31 17:31:13 - enhanced_integrated_monitor - INFO - ✅ Cleared city filter using close button: [data-test-component="StencilReactButton"]
2025-07-31 17:31:14 - enhanced_integrated_monitor - INFO - ✅ Completed processing for city: Weston, WI
2025-07-31 17:31:15 - enhanced_integrated_monitor - INFO - 🏙️ Processing city 13/24: Capitola, CA
2025-07-31 17:31:15 - enhanced_integrated_monitor - INFO - 🔧 Applying city filter: Capitola, CA
2025-07-31 17:31:15 - job_components - INFO - Applying filters: ['cities']
2025-07-31 17:31:15 - job_components - INFO - Filters panel already open
2025-07-31 17:31:15 - job_components - INFO - Filters panel already open
2025-07-31 17:31:15 - job_components - INFO - Applying city filter: Capitola, CA
2025-07-31 17:31:15 - job_components - WARNING - City input not found, attempt 1/2. Trying to reopen filters panel...
2025-07-31 17:31:16 - job_components - INFO - Filters panel already open
2025-07-31 17:31:18 - job_components - ERROR - Could not find city input field with any selector after retries
2025-07-31 17:31:18 - job_components - INFO - ✅ Applied cities filter
2025-07-31 17:31:18 - job_components - INFO - Successfully applied 1/1 filters
2025-07-31 17:31:18 - job_components - INFO - Extracting all job information
2025-07-31 17:31:18 - job_components - INFO - Total jobs found: 0
2025-07-31 17:31:18 - job_components - INFO - Successfully extracted details for 0 jobs
2025-07-31 17:31:18 - job_components - INFO - Job extraction complete: 0 jobs, 0 total shifts
2025-07-31 17:31:18 - enhanced_integrated_monitor - INFO - 📊 Generated report: 0 total jobs, 0 jobs extracted
2025-07-31 17:31:19 - enhanced_integrated_monitor - INFO - ✅ Cleared city filter using close button: [data-test-component="StencilReactButton"]
2025-07-31 17:31:20 - enhanced_integrated_monitor - INFO - ✅ Completed processing for city: Capitola, CA
2025-07-31 17:31:20 - enhanced_integrated_monitor - INFO - 🏙️ Processing city 14/24: Bend, OR
2025-07-31 17:31:20 - enhanced_integrated_monitor - INFO - 🔧 Applying city filter: Bend, OR
2025-07-31 17:31:20 - job_components - INFO - Applying filters: ['cities']
2025-07-31 17:31:20 - job_components - INFO - Filters panel already open
2025-07-31 17:31:20 - job_components - INFO - Filters panel already open
2025-07-31 17:31:20 - job_components - INFO - Applying city filter: Bend, OR
2025-07-31 17:31:21 - job_components - WARNING - City input not found, attempt 1/2. Trying to reopen filters panel...
2025-07-31 17:31:22 - job_components - INFO - Filters panel already open
2025-07-31 17:31:23 - job_components - ERROR - Could not find city input field with any selector after retries
2025-07-31 17:31:23 - job_components - INFO - ✅ Applied cities filter
2025-07-31 17:31:23 - job_components - INFO - Successfully applied 1/1 filters
2025-07-31 17:31:23 - job_components - INFO - Extracting all job information
2025-07-31 17:31:23 - job_components - INFO - Total jobs found: 0
2025-07-31 17:31:23 - job_components - INFO - Successfully extracted details for 0 jobs
2025-07-31 17:31:23 - job_components - INFO - Job extraction complete: 0 jobs, 0 total shifts
2025-07-31 17:31:23 - enhanced_integrated_monitor - INFO - 📊 Generated report: 0 total jobs, 0 jobs extracted
2025-07-31 17:31:24 - enhanced_integrated_monitor - INFO - ✅ Cleared city filter using close button: [data-test-component="StencilReactButton"]
2025-07-31 17:31:25 - enhanced_integrated_monitor - INFO - ✅ Completed processing for city: Bend, OR
2025-07-31 17:31:25 - enhanced_integrated_monitor - INFO - 🏙️ Processing city 15/24: La Crosse, WI
2025-07-31 17:31:25 - enhanced_integrated_monitor - INFO - 🔧 Applying city filter: La Crosse, WI
2025-07-31 17:31:25 - job_components - INFO - Applying filters: ['cities']
2025-07-31 17:31:25 - job_components - INFO - Filters panel already open
2025-07-31 17:31:25 - job_components - INFO - Filters panel already open
2025-07-31 17:31:25 - job_components - INFO - Applying city filter: La Crosse, WI
2025-07-31 17:31:26 - job_components - WARNING - City input not found, attempt 1/2. Trying to reopen filters panel...
2025-07-31 17:31:27 - job_components - INFO - Filters panel already open
2025-07-31 17:31:28 - job_components - ERROR - Could not find city input field with any selector after retries
2025-07-31 17:31:28 - job_components - INFO - ✅ Applied cities filter
2025-07-31 17:31:29 - job_components - INFO - Successfully applied 1/1 filters
2025-07-31 17:31:29 - job_components - INFO - Extracting all job information
2025-07-31 17:31:29 - job_components - INFO - Total jobs found: 0
2025-07-31 17:31:29 - job_components - INFO - Successfully extracted details for 0 jobs
2025-07-31 17:31:29 - job_components - INFO - Job extraction complete: 0 jobs, 0 total shifts
2025-07-31 17:31:29 - enhanced_integrated_monitor - INFO - 📊 Generated report: 0 total jobs, 0 jobs extracted
2025-07-31 17:31:29 - enhanced_integrated_monitor - INFO - ✅ Cleared city filter using close button: [data-test-component="StencilReactButton"]
2025-07-31 17:31:30 - enhanced_integrated_monitor - INFO - ✅ Completed processing for city: La Crosse, WI
2025-07-31 17:31:31 - enhanced_integrated_monitor - INFO - 🏙️ Processing city 16/24: Jerome, ID
2025-07-31 17:31:31 - enhanced_integrated_monitor - INFO - 🔧 Applying city filter: Jerome, ID
2025-07-31 17:31:31 - job_components - INFO - Applying filters: ['cities']
2025-07-31 17:31:31 - job_components - INFO - Filters panel already open
2025-07-31 17:31:31 - job_components - INFO - Filters panel already open
2025-07-31 17:31:31 - job_components - INFO - Applying city filter: Jerome, ID
2025-07-31 17:31:31 - job_components - WARNING - City input not found, attempt 1/2. Trying to reopen filters panel...
2025-07-31 17:31:32 - job_components - INFO - Filters panel already open
2025-07-31 17:31:33 - job_components - ERROR - Could not find city input field with any selector after retries
2025-07-31 17:31:33 - job_components - INFO - ✅ Applied cities filter
2025-07-31 17:31:34 - job_components - INFO - Successfully applied 1/1 filters
2025-07-31 17:31:34 - job_components - INFO - Extracting all job information
2025-07-31 17:31:34 - job_components - INFO - Total jobs found: 0
2025-07-31 17:31:34 - job_components - INFO - Successfully extracted details for 0 jobs
2025-07-31 17:31:34 - job_components - INFO - Job extraction complete: 0 jobs, 0 total shifts
2025-07-31 17:31:34 - enhanced_integrated_monitor - INFO - 📊 Generated report: 0 total jobs, 0 jobs extracted
2025-07-31 17:31:35 - enhanced_integrated_monitor - INFO - ✅ Cleared city filter using close button: [data-test-component="StencilReactButton"]
2025-07-31 17:31:36 - enhanced_integrated_monitor - INFO - ✅ Completed processing for city: Jerome, ID
2025-07-31 17:31:36 - enhanced_integrated_monitor - INFO - 🏙️ Processing city 17/24: Gaylord, MI
2025-07-31 17:31:36 - enhanced_integrated_monitor - INFO - 🔧 Applying city filter: Gaylord, MI
2025-07-31 17:31:36 - job_components - INFO - Applying filters: ['cities']
2025-07-31 17:31:36 - job_components - INFO - Filters panel already open
2025-07-31 17:31:36 - job_components - INFO - Filters panel already open
2025-07-31 17:31:36 - job_components - INFO - Applying city filter: Gaylord, MI
2025-07-31 17:31:37 - job_components - WARNING - City input not found, attempt 1/2. Trying to reopen filters panel...
2025-07-31 17:31:38 - job_components - INFO - Filters panel already open
2025-07-31 17:31:39 - job_components - ERROR - Could not find city input field with any selector after retries
2025-07-31 17:31:39 - job_components - INFO - ✅ Applied cities filter
2025-07-31 17:31:40 - job_components - INFO - Successfully applied 1/1 filters
2025-07-31 17:31:40 - job_components - INFO - Extracting all job information
2025-07-31 17:31:40 - job_components - INFO - Total jobs found: 0
2025-07-31 17:31:40 - job_components - INFO - Successfully extracted details for 0 jobs
2025-07-31 17:31:40 - job_components - INFO - Job extraction complete: 0 jobs, 0 total shifts
2025-07-31 17:31:40 - enhanced_integrated_monitor - INFO - 📊 Generated report: 0 total jobs, 0 jobs extracted
2025-07-31 17:31:40 - enhanced_integrated_monitor - INFO - ✅ Cleared city filter using close button: [data-test-component="StencilReactButton"]
2025-07-31 17:31:41 - enhanced_integrated_monitor - INFO - ✅ Completed processing for city: Gaylord, MI
2025-07-31 17:31:42 - enhanced_integrated_monitor - INFO - 🏙️ Processing city 18/24: Traverse City, MI
2025-07-31 17:31:42 - enhanced_integrated_monitor - INFO - 🔧 Applying city filter: Traverse City, MI
2025-07-31 17:31:42 - job_components - INFO - Applying filters: ['cities']
2025-07-31 17:31:42 - job_components - INFO - Filters panel already open
2025-07-31 17:31:42 - job_components - INFO - Filters panel already open
2025-07-31 17:31:42 - job_components - INFO - Applying city filter: Traverse City, MI
2025-07-31 17:31:42 - job_components - WARNING - City input not found, attempt 1/2. Trying to reopen filters panel...
2025-07-31 17:31:43 - job_components - INFO - Filters panel already open
2025-07-31 17:31:45 - job_components - ERROR - Could not find city input field with any selector after retries
2025-07-31 17:31:45 - job_components - INFO - ✅ Applied cities filter
2025-07-31 17:31:45 - job_components - INFO - Successfully applied 1/1 filters
2025-07-31 17:31:45 - job_components - INFO - Extracting all job information
2025-07-31 17:31:45 - job_components - INFO - Total jobs found: 0
2025-07-31 17:31:45 - job_components - INFO - Successfully extracted details for 0 jobs
2025-07-31 17:31:45 - job_components - INFO - Job extraction complete: 0 jobs, 0 total shifts
2025-07-31 17:31:45 - enhanced_integrated_monitor - INFO - 📊 Generated report: 0 total jobs, 0 jobs extracted
2025-07-31 17:31:46 - enhanced_integrated_monitor - INFO - ✅ Cleared city filter using close button: [data-test-component="StencilReactButton"]
2025-07-31 17:31:47 - enhanced_integrated_monitor - INFO - ✅ Completed processing for city: Traverse City, MI
2025-07-31 17:31:47 - enhanced_integrated_monitor - INFO - 🏙️ Processing city 19/24: Richfield, UT
2025-07-31 17:31:47 - enhanced_integrated_monitor - INFO - 🔧 Applying city filter: Richfield, UT
2025-07-31 17:31:47 - job_components - INFO - Applying filters: ['cities']
2025-07-31 17:31:48 - job_components - INFO - Filters panel already open
2025-07-31 17:31:48 - job_components - INFO - Filters panel already open
2025-07-31 17:31:48 - job_components - INFO - Applying city filter: Richfield, UT
2025-07-31 17:31:48 - job_components - WARNING - City input not found, attempt 1/2. Trying to reopen filters panel...
2025-07-31 17:31:49 - job_components - INFO - Filters panel already open
2025-07-31 17:31:51 - job_components - ERROR - Could not find city input field with any selector after retries
2025-07-31 17:31:51 - job_components - INFO - ✅ Applied cities filter
2025-07-31 17:31:51 - job_components - INFO - Successfully applied 1/1 filters
2025-07-31 17:31:51 - job_components - INFO - Extracting all job information
2025-07-31 17:31:51 - job_components - INFO - Total jobs found: 0
2025-07-31 17:31:51 - job_components - INFO - Successfully extracted details for 0 jobs
2025-07-31 17:31:51 - job_components - INFO - Job extraction complete: 0 jobs, 0 total shifts
2025-07-31 17:31:51 - enhanced_integrated_monitor - INFO - 📊 Generated report: 0 total jobs, 0 jobs extracted
2025-07-31 17:31:52 - enhanced_integrated_monitor - INFO - ✅ Cleared city filter using close button: [data-test-component="StencilReactButton"]
2025-07-31 17:31:53 - enhanced_integrated_monitor - INFO - ✅ Completed processing for city: Richfield, UT
2025-07-31 17:31:53 - enhanced_integrated_monitor - INFO - 🏙️ Processing city 20/24: Caribou, ME
2025-07-31 17:31:53 - enhanced_integrated_monitor - INFO - 🔧 Applying city filter: Caribou, ME
2025-07-31 17:31:53 - job_components - INFO - Applying filters: ['cities']
2025-07-31 17:31:53 - job_components - INFO - Filters panel already open
2025-07-31 17:31:54 - job_components - INFO - Filters panel already open
2025-07-31 17:31:54 - job_components - INFO - Applying city filter: Caribou, ME
2025-07-31 17:31:54 - job_components - WARNING - City input not found, attempt 1/2. Trying to reopen filters panel...
2025-07-31 17:31:55 - job_components - INFO - Filters panel already open
2025-07-31 17:31:56 - job_components - ERROR - Could not find city input field with any selector after retries
2025-07-31 17:31:56 - job_components - INFO - ✅ Applied cities filter
2025-07-31 17:31:57 - job_components - INFO - Successfully applied 1/1 filters
2025-07-31 17:31:57 - job_components - INFO - Extracting all job information
2025-07-31 17:31:57 - job_components - INFO - Total jobs found: 0
2025-07-31 17:31:57 - job_components - INFO - Successfully extracted details for 0 jobs
2025-07-31 17:31:57 - job_components - INFO - Job extraction complete: 0 jobs, 0 total shifts
2025-07-31 17:31:57 - enhanced_integrated_monitor - INFO - 📊 Generated report: 0 total jobs, 0 jobs extracted
2025-07-31 17:31:57 - enhanced_integrated_monitor - INFO - ✅ Cleared city filter using close button: [data-test-component="StencilReactButton"]
2025-07-31 17:31:58 - enhanced_integrated_monitor - INFO - ✅ Completed processing for city: Caribou, ME
2025-07-31 17:31:59 - enhanced_integrated_monitor - INFO - 🏙️ Processing city 21/24: Kahului, HI
2025-07-31 17:31:59 - enhanced_integrated_monitor - INFO - 🔧 Applying city filter: Kahului, HI
2025-07-31 17:31:59 - job_components - INFO - Applying filters: ['cities']
2025-07-31 17:31:59 - job_components - INFO - Filters panel already open
2025-07-31 17:31:59 - job_components - INFO - Filters panel already open
2025-07-31 17:31:59 - job_components - INFO - Applying city filter: Kahului, HI
2025-07-31 17:31:59 - job_components - WARNING - City input not found, attempt 1/2. Trying to reopen filters panel...
2025-07-31 17:32:00 - job_components - INFO - Filters panel already open
2025-07-31 17:32:02 - job_components - ERROR - Could not find city input field with any selector after retries
2025-07-31 17:32:02 - job_components - INFO - ✅ Applied cities filter
2025-07-31 17:32:02 - job_components - INFO - Successfully applied 1/1 filters
2025-07-31 17:32:02 - job_components - INFO - Extracting all job information
2025-07-31 17:32:02 - job_components - INFO - Total jobs found: 0
2025-07-31 17:32:02 - job_components - INFO - Successfully extracted details for 0 jobs
2025-07-31 17:32:02 - job_components - INFO - Job extraction complete: 0 jobs, 0 total shifts
2025-07-31 17:32:02 - enhanced_integrated_monitor - INFO - 📊 Generated report: 0 total jobs, 0 jobs extracted
2025-07-31 17:32:03 - enhanced_integrated_monitor - INFO - ✅ Cleared city filter using close button: [data-test-component="StencilReactButton"]
2025-07-31 17:32:04 - enhanced_integrated_monitor - INFO - ✅ Completed processing for city: Kahului, HI
2025-07-31 17:32:04 - enhanced_integrated_monitor - INFO - 🏙️ Processing city 22/24: Hyannis, MA
2025-07-31 17:32:04 - enhanced_integrated_monitor - INFO - 🔧 Applying city filter: Hyannis, MA
2025-07-31 17:32:04 - job_components - INFO - Applying filters: ['cities']
2025-07-31 17:32:05 - job_components - INFO - Filters panel already open
2025-07-31 17:32:05 - job_components - INFO - Filters panel already open
2025-07-31 17:32:05 - job_components - INFO - Applying city filter: Hyannis, MA
2025-07-31 17:32:05 - job_components - WARNING - City input not found, attempt 1/2. Trying to reopen filters panel...
2025-07-31 17:32:06 - job_components - INFO - Filters panel already open
2025-07-31 17:32:07 - job_components - ERROR - Could not find city input field with any selector after retries
2025-07-31 17:32:07 - job_components - INFO - ✅ Applied cities filter
2025-07-31 17:32:08 - job_components - INFO - Successfully applied 1/1 filters
2025-07-31 17:32:08 - job_components - INFO - Extracting all job information
2025-07-31 17:32:08 - job_components - INFO - Total jobs found: 0
2025-07-31 17:32:08 - job_components - INFO - Successfully extracted details for 0 jobs
2025-07-31 17:32:08 - job_components - INFO - Job extraction complete: 0 jobs, 0 total shifts
2025-07-31 17:32:08 - enhanced_integrated_monitor - INFO - 📊 Generated report: 0 total jobs, 0 jobs extracted
2025-07-31 17:32:08 - enhanced_integrated_monitor - INFO - ✅ Cleared city filter using close button: [data-test-component="StencilReactButton"]
2025-07-31 17:32:09 - enhanced_integrated_monitor - INFO - ✅ Completed processing for city: Hyannis, MA
2025-07-31 17:32:10 - enhanced_integrated_monitor - INFO - 🏙️ Processing city 23/24: Lexington, KY
2025-07-31 17:32:10 - enhanced_integrated_monitor - INFO - 🔧 Applying city filter: Lexington, KY
2025-07-31 17:32:10 - job_components - INFO - Applying filters: ['cities']
2025-07-31 17:32:10 - job_components - INFO - Filters panel already open
2025-07-31 17:32:10 - job_components - INFO - Filters panel already open
2025-07-31 17:32:10 - job_components - INFO - Applying city filter: Lexington, KY
2025-07-31 17:32:10 - job_components - WARNING - City input not found, attempt 1/2. Trying to reopen filters panel...
2025-07-31 17:32:11 - job_components - INFO - Filters panel already open
2025-07-31 17:32:12 - job_components - ERROR - Could not find city input field with any selector after retries
2025-07-31 17:32:12 - job_components - INFO - ✅ Applied cities filter
2025-07-31 17:32:13 - job_components - INFO - Successfully applied 1/1 filters
2025-07-31 17:32:13 - job_components - INFO - Extracting all job information
2025-07-31 17:32:13 - job_components - INFO - Total jobs found: 0
2025-07-31 17:32:13 - job_components - INFO - Successfully extracted details for 0 jobs
2025-07-31 17:32:13 - job_components - INFO - Job extraction complete: 0 jobs, 0 total shifts
2025-07-31 17:32:13 - enhanced_integrated_monitor - INFO - 📊 Generated report: 0 total jobs, 0 jobs extracted
2025-07-31 17:32:14 - enhanced_integrated_monitor - INFO - ✅ Cleared city filter using close button: [data-test-component="StencilReactButton"]
2025-07-31 17:32:15 - enhanced_integrated_monitor - INFO - ✅ Completed processing for city: Lexington, KY
2025-07-31 17:32:15 - enhanced_integrated_monitor - INFO - 🏙️ Processing city 24/24: Bozeman, MT
2025-07-31 17:32:15 - enhanced_integrated_monitor - INFO - 🔧 Applying city filter: Bozeman, MT
2025-07-31 17:32:15 - job_components - INFO - Applying filters: ['cities']
2025-07-31 17:32:15 - job_components - INFO - Filters panel already open
2025-07-31 17:32:15 - job_components - INFO - Filters panel already open
2025-07-31 17:32:15 - job_components - INFO - Applying city filter: Bozeman, MT
2025-07-31 17:32:15 - job_components - WARNING - City input not found, attempt 1/2. Trying to reopen filters panel...
2025-07-31 17:32:16 - job_components - INFO - Filters panel already open
2025-07-31 17:32:18 - job_components - ERROR - Could not find city input field with any selector after retries
2025-07-31 17:32:18 - job_components - INFO - ✅ Applied cities filter
2025-07-31 17:32:18 - job_components - INFO - Successfully applied 1/1 filters
2025-07-31 17:32:18 - job_components - INFO - Extracting all job information
2025-07-31 17:32:18 - job_components - INFO - Total jobs found: 0
2025-07-31 17:32:18 - job_components - INFO - Successfully extracted details for 0 jobs
2025-07-31 17:32:18 - job_components - INFO - Job extraction complete: 0 jobs, 0 total shifts
2025-07-31 17:32:18 - enhanced_integrated_monitor - INFO - 📊 Generated report: 0 total jobs, 0 jobs extracted
2025-07-31 17:32:19 - enhanced_integrated_monitor - INFO - ✅ Cleared city filter using close button: [data-test-component="StencilReactButton"]
2025-07-31 17:32:20 - enhanced_integrated_monitor - INFO - ✅ Completed processing for city: Bozeman, MT
2025-07-31 17:32:20 - enhanced_integrated_monitor - INFO - ✅ Completed processing all 24 cities. No bookings made.
2025-07-31 17:32:20 - enhanced_integrated_monitor - INFO - ⏰ Waiting 120s until next cycle
2025-07-31 17:53:21 - enhanced_integrated_monitor - INFO - 📊 Starting monitoring cycle 2
2025-07-31 17:53:21 - enhanced_integrated_monitor - INFO - 🔍 Attempt 1: Processing URL 1/3: https://hiring.amazon.com/app#/jobSearch
2025-07-31 18:11:05 - enhanced_integrated_monitor - INFO - Found guided search modal: div:contains("Tell us a little more about yourself")
2025-07-31 18:11:05 - enhanced_integrated_monitor - INFO - Clicking 'View all filters' using: button:contains("View all filters")
2025-07-31 18:11:09 - enhanced_integrated_monitor - INFO - Detected page type: search
2025-07-31 18:11:10 - enhanced_integrated_monitor - INFO - Found visible element with selector: button:contains("View all filters")
2025-07-31 18:11:10 - enhanced_integrated_monitor - INFO - ✅ Filters accessible via: button:contains("View all filters")
2025-07-31 18:11:10 - enhanced_integrated_monitor - INFO - 🏙️ Processing city 1/24: Granville, NY
2025-07-31 18:11:10 - enhanced_integrated_monitor - INFO - 🔧 Applying city filter: Granville, NY
2025-07-31 18:11:10 - job_components - INFO - Applying filters: ['cities']
2025-07-31 18:11:10 - job_components - INFO - Filters panel already open
2025-07-31 18:11:10 - job_components - INFO - Filters panel already open
2025-07-31 18:11:10 - job_components - INFO - Applying city filter: Granville, NY
2025-07-31 18:11:13 - job_components - INFO - ✅ Applied city filter: Granville, NY
2025-07-31 18:11:15 - job_components - INFO - ✅ Clicked show results button using: button:contains("Show")
2025-07-31 18:11:15 - job_components - INFO - ✅ Applied cities filter
2025-07-31 18:11:15 - job_components - INFO - Successfully applied 1/1 filters
2025-07-31 18:11:15 - job_components - INFO - Extracting all job information
2025-07-31 18:11:16 - job_components - INFO - Total jobs found: 0
2025-07-31 18:11:16 - job_components - INFO - Successfully extracted details for 0 jobs
2025-07-31 18:11:16 - job_components - INFO - Job extraction complete: 0 jobs, 0 total shifts
2025-07-31 18:11:16 - enhanced_integrated_monitor - INFO - 📊 Generated report: 0 total jobs, 0 jobs extracted
2025-07-31 18:11:18 - enhanced_integrated_monitor - INFO - ✅ Cleared city filter using close button: [data-test-component="StencilReactButton"]
2025-07-31 18:11:19 - enhanced_integrated_monitor - INFO - ✅ Completed processing for city: Granville, NY
2025-07-31 18:11:19 - enhanced_integrated_monitor - INFO - 🏙️ Processing city 2/24: Poway, CA
2025-07-31 18:11:19 - enhanced_integrated_monitor - INFO - 🔧 Applying city filter: Poway, CA
2025-07-31 18:11:19 - job_components - INFO - Applying filters: ['cities']
2025-07-31 18:11:19 - job_components - INFO - Filters panel already open
2025-07-31 18:11:19 - job_components - INFO - Filters panel already open
2025-07-31 18:11:19 - job_components - INFO - Applying city filter: Poway, CA
2025-07-31 18:11:20 - job_components - WARNING - City input not found, attempt 1/2. Trying to reopen filters panel...
2025-07-31 18:11:21 - job_components - INFO - Filters panel already open
2025-07-31 18:11:22 - job_components - ERROR - Could not find city input field with any selector after retries
2025-07-31 18:11:22 - job_components - INFO - ✅ Applied cities filter
2025-07-31 18:11:22 - job_components - INFO - Successfully applied 1/1 filters
2025-07-31 18:11:22 - job_components - INFO - Extracting all job information
2025-07-31 18:11:22 - job_components - INFO - Total jobs found: 0
2025-07-31 18:11:23 - job_components - INFO - Successfully extracted details for 0 jobs
2025-07-31 18:11:23 - job_components - INFO - Job extraction complete: 0 jobs, 0 total shifts
2025-07-31 18:11:23 - enhanced_integrated_monitor - INFO - 📊 Generated report: 0 total jobs, 0 jobs extracted
2025-07-31 18:11:24 - enhanced_integrated_monitor - INFO - ✅ Cleared city filter using close button: [data-test-component="StencilReactButton"]
2025-07-31 18:11:25 - enhanced_integrated_monitor - INFO - ✅ Completed processing for city: Poway, CA
2025-07-31 18:11:26 - enhanced_integrated_monitor - INFO - 🏙️ Processing city 3/24: North Pekin, IL
2025-07-31 18:11:26 - enhanced_integrated_monitor - INFO - 🔧 Applying city filter: North Pekin, IL
2025-07-31 18:11:26 - job_components - INFO - Applying filters: ['cities']
2025-07-31 18:11:26 - job_components - INFO - Filters panel already open
2025-07-31 18:11:26 - job_components - INFO - Filters panel already open
2025-07-31 18:11:26 - job_components - INFO - Applying city filter: North Pekin, IL
2025-07-31 18:11:26 - job_components - WARNING - City input not found, attempt 1/2. Trying to reopen filters panel...
2025-07-31 18:11:27 - job_components - INFO - Filters panel already open
2025-07-31 18:11:29 - job_components - ERROR - Could not find city input field with any selector after retries
2025-07-31 18:11:29 - job_components - INFO - ✅ Applied cities filter
2025-07-31 18:11:29 - job_components - INFO - Successfully applied 1/1 filters
2025-07-31 18:11:29 - job_components - INFO - Extracting all job information
2025-07-31 18:11:29 - job_components - INFO - Total jobs found: 0
2025-07-31 18:11:29 - job_components - INFO - Successfully extracted details for 0 jobs
2025-07-31 18:11:29 - job_components - INFO - Job extraction complete: 0 jobs, 0 total shifts
2025-07-31 18:11:29 - enhanced_integrated_monitor - INFO - 📊 Generated report: 0 total jobs, 0 jobs extracted
2025-07-31 18:11:30 - enhanced_integrated_monitor - INFO - ✅ Cleared city filter using close button: [data-test-component="StencilReactButton"]
2025-07-31 18:11:31 - enhanced_integrated_monitor - INFO - ✅ Completed processing for city: North Pekin, IL
2025-07-31 18:14:32 - enhanced_integrated_monitor - INFO - 🏙️ Processing city 4/24: Missoula, MT
2025-07-31 18:14:32 - enhanced_integrated_monitor - INFO - 🔧 Applying city filter: Missoula, MT
2025-07-31 18:14:32 - job_components - INFO - Applying filters: ['cities']
2025-07-31 18:14:32 - job_components - INFO - Filters panel already open
2025-07-31 18:14:33 - job_components - INFO - Filters panel already open
2025-07-31 18:14:33 - job_components - INFO - Applying city filter: Missoula, MT
2025-07-31 18:14:33 - job_components - WARNING - City input not found, attempt 1/2. Trying to reopen filters panel...
2025-07-31 18:14:34 - job_components - INFO - Filters panel already open
2025-07-31 18:14:35 - job_components - ERROR - Could not find city input field with any selector after retries
2025-07-31 18:14:35 - job_components - INFO - ✅ Applied cities filter
2025-07-31 18:14:36 - job_components - INFO - Successfully applied 1/1 filters
2025-07-31 18:14:36 - job_components - INFO - Extracting all job information
2025-07-31 18:14:36 - job_components - INFO - Total jobs found: 0
2025-07-31 18:14:36 - job_components - INFO - Successfully extracted details for 0 jobs
2025-07-31 18:14:36 - job_components - INFO - Job extraction complete: 0 jobs, 0 total shifts
2025-07-31 18:14:36 - enhanced_integrated_monitor - INFO - 📊 Generated report: 0 total jobs, 0 jobs extracted
2025-07-31 18:14:37 - enhanced_integrated_monitor - INFO - ✅ Cleared city filter using close button: [data-test-component="StencilReactButton"]
2025-07-31 18:14:38 - enhanced_integrated_monitor - INFO - ✅ Completed processing for city: Missoula, MT
2025-07-31 18:14:38 - enhanced_integrated_monitor - INFO - 🏙️ Processing city 5/24: Ashland, MO
2025-07-31 18:14:38 - enhanced_integrated_monitor - INFO - 🔧 Applying city filter: Ashland, MO
2025-07-31 18:14:38 - job_components - INFO - Applying filters: ['cities']
2025-07-31 18:14:38 - job_components - INFO - Filters panel already open
2025-07-31 18:14:38 - job_components - INFO - Filters panel already open
2025-07-31 18:14:38 - job_components - INFO - Applying city filter: Ashland, MO
2025-07-31 18:14:39 - job_components - WARNING - City input not found, attempt 1/2. Trying to reopen filters panel...
2025-07-31 18:14:40 - job_components - INFO - Filters panel already open
2025-07-31 18:14:41 - job_components - ERROR - Could not find city input field with any selector after retries
2025-07-31 18:14:41 - job_components - INFO - ✅ Applied cities filter
2025-07-31 18:14:41 - job_components - INFO - Successfully applied 1/1 filters
2025-07-31 18:14:41 - job_components - INFO - Extracting all job information
2025-07-31 18:14:41 - job_components - INFO - Total jobs found: 0
2025-07-31 18:14:41 - job_components - INFO - Successfully extracted details for 0 jobs
2025-07-31 18:14:41 - job_components - INFO - Job extraction complete: 0 jobs, 0 total shifts
2025-07-31 18:14:41 - enhanced_integrated_monitor - INFO - 📊 Generated report: 0 total jobs, 0 jobs extracted
2025-07-31 18:14:42 - enhanced_integrated_monitor - INFO - ✅ Cleared city filter using close button: [data-test-component="StencilReactButton"]
2025-07-31 18:14:43 - enhanced_integrated_monitor - INFO - ✅ Completed processing for city: Ashland, MO
2025-07-31 18:14:44 - enhanced_integrated_monitor - INFO - 🏙️ Processing city 6/24: Gypsum, CO
2025-07-31 18:14:44 - enhanced_integrated_monitor - INFO - 🔧 Applying city filter: Gypsum, CO
2025-07-31 18:14:44 - job_components - INFO - Applying filters: ['cities']
2025-07-31 18:14:44 - job_components - INFO - Filters panel already open
2025-07-31 18:14:44 - job_components - INFO - Filters panel already open
2025-07-31 18:14:44 - job_components - INFO - Applying city filter: Gypsum, CO
2025-07-31 18:14:44 - job_components - WARNING - City input not found, attempt 1/2. Trying to reopen filters panel...
2025-07-31 18:14:45 - job_components - INFO - Filters panel already open
2025-07-31 18:14:46 - job_components - ERROR - Could not find city input field with any selector after retries
2025-07-31 18:14:46 - job_components - INFO - ✅ Applied cities filter
2025-07-31 18:14:47 - job_components - INFO - Successfully applied 1/1 filters
2025-07-31 18:14:47 - job_components - INFO - Extracting all job information
2025-07-31 18:14:47 - job_components - INFO - Total jobs found: 0
2025-07-31 18:14:47 - job_components - INFO - Successfully extracted details for 0 jobs
2025-07-31 18:14:47 - job_components - INFO - Job extraction complete: 0 jobs, 0 total shifts
2025-07-31 18:14:47 - enhanced_integrated_monitor - INFO - 📊 Generated report: 0 total jobs, 0 jobs extracted
2025-07-31 18:14:47 - enhanced_integrated_monitor - INFO - ✅ Cleared city filter using close button: [data-test-component="StencilReactButton"]
2025-07-31 18:14:48 - enhanced_integrated_monitor - INFO - ✅ Completed processing for city: Gypsum, CO
2025-07-31 18:14:49 - enhanced_integrated_monitor - INFO - 🏙️ Processing city 7/24: Belgrade, MT
2025-07-31 18:14:49 - enhanced_integrated_monitor - INFO - 🔧 Applying city filter: Belgrade, MT
2025-07-31 18:14:49 - job_components - INFO - Applying filters: ['cities']
2025-07-31 18:14:49 - job_components - INFO - Filters panel already open
2025-07-31 18:14:49 - job_components - INFO - Filters panel already open
2025-07-31 18:14:49 - job_components - INFO - Applying city filter: Belgrade, MT
2025-07-31 18:14:49 - job_components - WARNING - City input not found, attempt 1/2. Trying to reopen filters panel...
2025-07-31 18:14:50 - job_components - INFO - Filters panel already open
2025-07-31 18:14:51 - job_components - ERROR - Could not find city input field with any selector after retries
2025-07-31 18:14:51 - job_components - INFO - ✅ Applied cities filter
2025-07-31 18:14:52 - job_components - INFO - Successfully applied 1/1 filters
2025-07-31 18:14:52 - job_components - INFO - Extracting all job information
2025-07-31 18:14:52 - job_components - INFO - Total jobs found: 0
2025-07-31 18:14:52 - job_components - INFO - Successfully extracted details for 0 jobs
2025-07-31 18:14:52 - job_components - INFO - Job extraction complete: 0 jobs, 0 total shifts
2025-07-31 18:14:52 - enhanced_integrated_monitor - INFO - 📊 Generated report: 0 total jobs, 0 jobs extracted
2025-07-31 18:14:53 - enhanced_integrated_monitor - INFO - ✅ Cleared city filter using close button: [data-test-component="StencilReactButton"]
2025-07-31 18:14:54 - enhanced_integrated_monitor - INFO - ✅ Completed processing for city: Belgrade, MT
2025-07-31 18:14:54 - enhanced_integrated_monitor - INFO - 🏙️ Processing city 8/24: Basalt, CO
2025-07-31 18:14:54 - enhanced_integrated_monitor - INFO - 🔧 Applying city filter: Basalt, CO
2025-07-31 18:14:54 - job_components - INFO - Applying filters: ['cities']
2025-07-31 18:14:54 - job_components - INFO - Filters panel already open
2025-07-31 18:14:54 - job_components - INFO - Filters panel already open
2025-07-31 18:14:54 - job_components - INFO - Applying city filter: Basalt, CO
2025-07-31 18:14:55 - job_components - WARNING - City input not found, attempt 1/2. Trying to reopen filters panel...
2025-07-31 18:14:56 - job_components - INFO - Filters panel already open
2025-07-31 18:14:57 - job_components - ERROR - Could not find city input field with any selector after retries
2025-07-31 18:14:57 - job_components - INFO - ✅ Applied cities filter
2025-07-31 18:14:57 - job_components - INFO - Successfully applied 1/1 filters
2025-07-31 18:14:57 - job_components - INFO - Extracting all job information
2025-07-31 18:14:57 - job_components - INFO - Total jobs found: 0
2025-07-31 18:14:57 - job_components - INFO - Successfully extracted details for 0 jobs
2025-07-31 18:14:57 - job_components - INFO - Job extraction complete: 0 jobs, 0 total shifts
2025-07-31 18:14:57 - enhanced_integrated_monitor - INFO - 📊 Generated report: 0 total jobs, 0 jobs extracted
2025-07-31 18:14:58 - enhanced_integrated_monitor - INFO - ✅ Cleared city filter using close button: [data-test-component="StencilReactButton"]
2025-07-31 18:14:59 - enhanced_integrated_monitor - INFO - ✅ Completed processing for city: Basalt, CO
2025-07-31 18:14:59 - enhanced_integrated_monitor - INFO - 🏙️ Processing city 9/24: Ottawa, IL
2025-07-31 18:14:59 - enhanced_integrated_monitor - INFO - 🔧 Applying city filter: Ottawa, IL
2025-07-31 18:14:59 - job_components - INFO - Applying filters: ['cities']
2025-07-31 18:15:00 - job_components - INFO - Filters panel already open
2025-07-31 18:15:00 - job_components - INFO - Filters panel already open
2025-07-31 18:15:00 - job_components - INFO - Applying city filter: Ottawa, IL
2025-07-31 18:15:00 - job_components - WARNING - City input not found, attempt 1/2. Trying to reopen filters panel...
2025-07-31 18:15:01 - job_components - INFO - Filters panel already open
2025-07-31 18:15:02 - job_components - ERROR - Could not find city input field with any selector after retries
2025-07-31 18:15:02 - job_components - INFO - ✅ Applied cities filter
2025-07-31 18:15:03 - job_components - INFO - Successfully applied 1/1 filters
2025-07-31 18:15:03 - job_components - INFO - Extracting all job information
2025-07-31 18:15:03 - job_components - INFO - Total jobs found: 0
2025-07-31 18:15:03 - job_components - INFO - Successfully extracted details for 0 jobs
2025-07-31 18:15:03 - job_components - INFO - Job extraction complete: 0 jobs, 0 total shifts
2025-07-31 18:15:03 - enhanced_integrated_monitor - INFO - 📊 Generated report: 0 total jobs, 0 jobs extracted
2025-07-31 18:15:03 - enhanced_integrated_monitor - INFO - ✅ Cleared city filter using close button: [data-test-component="StencilReactButton"]
2025-07-31 18:15:04 - enhanced_integrated_monitor - INFO - ✅ Completed processing for city: Ottawa, IL
2025-07-31 18:15:05 - enhanced_integrated_monitor - INFO - 🏙️ Processing city 10/24: Tillamook, OR
2025-07-31 18:15:05 - enhanced_integrated_monitor - INFO - 🔧 Applying city filter: Tillamook, OR
2025-07-31 18:15:05 - job_components - INFO - Applying filters: ['cities']
2025-07-31 18:15:05 - job_components - INFO - Filters panel already open
2025-07-31 18:15:05 - job_components - INFO - Filters panel already open
2025-07-31 18:15:05 - job_components - INFO - Applying city filter: Tillamook, OR
2025-07-31 18:15:05 - job_components - WARNING - City input not found, attempt 1/2. Trying to reopen filters panel...
2025-07-31 18:15:06 - job_components - INFO - Filters panel already open
2025-07-31 18:15:07 - job_components - ERROR - Could not find city input field with any selector after retries
2025-07-31 18:15:07 - job_components - INFO - ✅ Applied cities filter
2025-07-31 18:15:08 - job_components - INFO - Successfully applied 1/1 filters
2025-07-31 18:15:08 - job_components - INFO - Extracting all job information
2025-07-31 18:15:08 - job_components - INFO - Total jobs found: 0
2025-07-31 18:15:08 - job_components - INFO - Successfully extracted details for 0 jobs
2025-07-31 18:15:08 - job_components - INFO - Job extraction complete: 0 jobs, 0 total shifts
2025-07-31 18:15:08 - enhanced_integrated_monitor - INFO - 📊 Generated report: 0 total jobs, 0 jobs extracted
2025-07-31 18:15:09 - enhanced_integrated_monitor - INFO - ✅ Cleared city filter using close button: [data-test-component="StencilReactButton"]
2025-07-31 18:15:10 - enhanced_integrated_monitor - INFO - ✅ Completed processing for city: Tillamook, OR
2025-07-31 18:15:10 - enhanced_integrated_monitor - INFO - 🏙️ Processing city 11/24: Jackson, WY
2025-07-31 18:15:10 - enhanced_integrated_monitor - INFO - 🔧 Applying city filter: Jackson, WY
2025-07-31 18:15:10 - job_components - INFO - Applying filters: ['cities']
2025-07-31 18:15:10 - job_components - INFO - Filters panel already open
2025-07-31 18:15:10 - job_components - INFO - Filters panel already open
2025-07-31 18:15:10 - job_components - INFO - Applying city filter: Jackson, WY
2025-07-31 18:15:11 - job_components - WARNING - City input not found, attempt 1/2. Trying to reopen filters panel...
2025-07-31 18:15:12 - job_components - INFO - Filters panel already open
2025-07-31 18:15:13 - job_components - ERROR - Could not find city input field with any selector after retries
2025-07-31 18:15:13 - job_components - INFO - ✅ Applied cities filter
2025-07-31 18:15:13 - job_components - INFO - Successfully applied 1/1 filters
2025-07-31 18:15:13 - job_components - INFO - Extracting all job information
2025-07-31 18:15:13 - job_components - INFO - Total jobs found: 0
2025-07-31 18:15:13 - job_components - INFO - Successfully extracted details for 0 jobs
2025-07-31 18:15:13 - job_components - INFO - Job extraction complete: 0 jobs, 0 total shifts
2025-07-31 18:15:13 - enhanced_integrated_monitor - INFO - 📊 Generated report: 0 total jobs, 0 jobs extracted
2025-07-31 18:15:14 - enhanced_integrated_monitor - INFO - ✅ Cleared city filter using close button: [data-test-component="StencilReactButton"]
2025-07-31 18:15:15 - enhanced_integrated_monitor - INFO - ✅ Completed processing for city: Jackson, WY
2025-07-31 18:15:16 - enhanced_integrated_monitor - INFO - 🏙️ Processing city 12/24: Weston, WI
2025-07-31 18:15:16 - enhanced_integrated_monitor - INFO - 🔧 Applying city filter: Weston, WI
2025-07-31 18:15:16 - job_components - INFO - Applying filters: ['cities']
2025-07-31 18:15:16 - job_components - INFO - Filters panel already open
2025-07-31 18:15:16 - job_components - INFO - Filters panel already open
2025-07-31 18:15:16 - job_components - INFO - Applying city filter: Weston, WI
2025-07-31 18:15:16 - job_components - WARNING - City input not found, attempt 1/2. Trying to reopen filters panel...
2025-07-31 18:15:17 - job_components - INFO - Filters panel already open
2025-07-31 18:15:18 - job_components - ERROR - Could not find city input field with any selector after retries
2025-07-31 18:15:18 - job_components - INFO - ✅ Applied cities filter
2025-07-31 18:15:19 - job_components - INFO - Successfully applied 1/1 filters
2025-07-31 18:15:19 - job_components - INFO - Extracting all job information
2025-07-31 18:15:19 - job_components - INFO - Total jobs found: 0
2025-07-31 18:15:19 - job_components - INFO - Successfully extracted details for 0 jobs
2025-07-31 18:15:19 - job_components - INFO - Job extraction complete: 0 jobs, 0 total shifts
2025-07-31 18:15:19 - enhanced_integrated_monitor - INFO - 📊 Generated report: 0 total jobs, 0 jobs extracted
2025-07-31 18:15:19 - enhanced_integrated_monitor - INFO - ✅ Cleared city filter using close button: [data-test-component="StencilReactButton"]
2025-07-31 18:15:20 - enhanced_integrated_monitor - INFO - ✅ Completed processing for city: Weston, WI
2025-07-31 18:15:21 - enhanced_integrated_monitor - INFO - 🏙️ Processing city 13/24: Capitola, CA
2025-07-31 18:15:21 - enhanced_integrated_monitor - INFO - 🔧 Applying city filter: Capitola, CA
2025-07-31 18:15:21 - job_components - INFO - Applying filters: ['cities']
2025-07-31 18:15:21 - job_components - INFO - Filters panel already open
2025-07-31 18:15:21 - job_components - INFO - Filters panel already open
2025-07-31 18:15:21 - job_components - INFO - Applying city filter: Capitola, CA
2025-07-31 18:15:21 - job_components - WARNING - City input not found, attempt 1/2. Trying to reopen filters panel...
2025-07-31 18:15:22 - job_components - INFO - Filters panel already open
2025-07-31 18:15:23 - job_components - ERROR - Could not find city input field with any selector after retries
2025-07-31 18:15:23 - job_components - INFO - ✅ Applied cities filter
2025-07-31 18:15:24 - job_components - INFO - Successfully applied 1/1 filters
2025-07-31 18:15:24 - job_components - INFO - Extracting all job information
2025-07-31 18:15:24 - job_components - INFO - Total jobs found: 0
2025-07-31 18:15:24 - job_components - INFO - Successfully extracted details for 0 jobs
2025-07-31 18:15:24 - job_components - INFO - Job extraction complete: 0 jobs, 0 total shifts
2025-07-31 18:15:24 - enhanced_integrated_monitor - INFO - 📊 Generated report: 0 total jobs, 0 jobs extracted
2025-07-31 18:15:24 - enhanced_integrated_monitor - INFO - ✅ Cleared city filter using close button: [data-test-component="StencilReactButton"]
2025-07-31 18:15:25 - enhanced_integrated_monitor - INFO - ✅ Completed processing for city: Capitola, CA
2025-07-31 18:15:26 - enhanced_integrated_monitor - INFO - 🏙️ Processing city 14/24: Bend, OR
2025-07-31 18:15:26 - enhanced_integrated_monitor - INFO - 🔧 Applying city filter: Bend, OR
2025-07-31 18:15:26 - job_components - INFO - Applying filters: ['cities']
2025-07-31 18:15:26 - job_components - INFO - Filters panel already open
2025-07-31 18:15:26 - job_components - INFO - Filters panel already open
2025-07-31 18:15:26 - job_components - INFO - Applying city filter: Bend, OR
2025-07-31 18:15:26 - job_components - WARNING - City input not found, attempt 1/2. Trying to reopen filters panel...
2025-07-31 18:15:27 - job_components - INFO - Filters panel already open
2025-07-31 18:15:29 - job_components - ERROR - Could not find city input field with any selector after retries
2025-07-31 18:15:29 - job_components - INFO - ✅ Applied cities filter
2025-07-31 18:15:29 - job_components - INFO - Successfully applied 1/1 filters
2025-07-31 18:15:29 - job_components - INFO - Extracting all job information
2025-07-31 18:15:29 - job_components - INFO - Total jobs found: 0
2025-07-31 18:15:29 - job_components - INFO - Successfully extracted details for 0 jobs
2025-07-31 18:15:29 - job_components - INFO - Job extraction complete: 0 jobs, 0 total shifts
2025-07-31 18:15:29 - enhanced_integrated_monitor - INFO - 📊 Generated report: 0 total jobs, 0 jobs extracted
2025-07-31 18:15:30 - enhanced_integrated_monitor - INFO - ✅ Cleared city filter using close button: [data-test-component="StencilReactButton"]
2025-07-31 18:15:31 - enhanced_integrated_monitor - INFO - ✅ Completed processing for city: Bend, OR
2025-07-31 18:15:31 - enhanced_integrated_monitor - INFO - 🏙️ Processing city 15/24: La Crosse, WI
2025-07-31 18:15:31 - enhanced_integrated_monitor - INFO - 🔧 Applying city filter: La Crosse, WI
2025-07-31 18:15:31 - job_components - INFO - Applying filters: ['cities']
2025-07-31 18:15:31 - job_components - INFO - Filters panel already open
2025-07-31 18:15:31 - job_components - INFO - Filters panel already open
2025-07-31 18:15:31 - job_components - INFO - Applying city filter: La Crosse, WI
2025-07-31 18:15:32 - job_components - WARNING - City input not found, attempt 1/2. Trying to reopen filters panel...
2025-07-31 18:15:33 - job_components - INFO - Filters panel already open
2025-07-31 18:15:34 - job_components - ERROR - Could not find city input field with any selector after retries
2025-07-31 18:15:34 - job_components - INFO - ✅ Applied cities filter
2025-07-31 18:15:34 - job_components - INFO - Successfully applied 1/1 filters
2025-07-31 18:15:34 - job_components - INFO - Extracting all job information
2025-07-31 18:15:34 - job_components - INFO - Total jobs found: 0
2025-07-31 18:15:34 - job_components - INFO - Successfully extracted details for 0 jobs
2025-07-31 18:15:34 - job_components - INFO - Job extraction complete: 0 jobs, 0 total shifts
2025-07-31 18:15:34 - enhanced_integrated_monitor - INFO - 📊 Generated report: 0 total jobs, 0 jobs extracted
2025-07-31 18:15:35 - enhanced_integrated_monitor - INFO - ✅ Cleared city filter using close button: [data-test-component="StencilReactButton"]
2025-07-31 18:15:36 - enhanced_integrated_monitor - INFO - ✅ Completed processing for city: La Crosse, WI
2025-07-31 18:15:37 - enhanced_integrated_monitor - INFO - 🏙️ Processing city 16/24: Jerome, ID
2025-07-31 18:15:37 - enhanced_integrated_monitor - INFO - 🔧 Applying city filter: Jerome, ID
2025-07-31 18:15:37 - job_components - INFO - Applying filters: ['cities']
2025-07-31 18:15:37 - job_components - INFO - Filters panel already open
2025-07-31 18:15:37 - job_components - INFO - Filters panel already open
2025-07-31 18:15:37 - job_components - INFO - Applying city filter: Jerome, ID
2025-07-31 18:15:37 - job_components - WARNING - City input not found, attempt 1/2. Trying to reopen filters panel...
2025-07-31 18:15:38 - job_components - INFO - Filters panel already open
2025-07-31 18:15:39 - job_components - ERROR - Could not find city input field with any selector after retries
2025-07-31 18:15:39 - job_components - INFO - ✅ Applied cities filter
2025-07-31 18:15:40 - job_components - INFO - Successfully applied 1/1 filters
2025-07-31 18:15:40 - job_components - INFO - Extracting all job information
2025-07-31 18:15:40 - job_components - INFO - Total jobs found: 0
2025-07-31 18:15:40 - job_components - INFO - Successfully extracted details for 0 jobs
2025-07-31 18:15:40 - job_components - INFO - Job extraction complete: 0 jobs, 0 total shifts
2025-07-31 18:15:40 - enhanced_integrated_monitor - INFO - 📊 Generated report: 0 total jobs, 0 jobs extracted
2025-07-31 18:15:40 - enhanced_integrated_monitor - INFO - ✅ Cleared city filter using close button: [data-test-component="StencilReactButton"]
2025-07-31 18:15:41 - enhanced_integrated_monitor - INFO - ✅ Completed processing for city: Jerome, ID
2025-07-31 18:15:42 - enhanced_integrated_monitor - INFO - 🏙️ Processing city 17/24: Gaylord, MI
2025-07-31 18:15:42 - enhanced_integrated_monitor - INFO - 🔧 Applying city filter: Gaylord, MI
2025-07-31 18:15:42 - job_components - INFO - Applying filters: ['cities']
2025-07-31 18:15:42 - job_components - INFO - Filters panel already open
2025-07-31 18:15:42 - job_components - INFO - Filters panel already open
2025-07-31 18:15:42 - job_components - INFO - Applying city filter: Gaylord, MI
2025-07-31 18:15:42 - job_components - WARNING - City input not found, attempt 1/2. Trying to reopen filters panel...
2025-07-31 18:15:43 - job_components - INFO - Filters panel already open
2025-07-31 18:15:44 - job_components - ERROR - Could not find city input field with any selector after retries
2025-07-31 18:15:44 - job_components - INFO - ✅ Applied cities filter
2025-07-31 18:15:45 - job_components - INFO - Successfully applied 1/1 filters
2025-07-31 18:15:45 - job_components - INFO - Extracting all job information
2025-07-31 18:15:45 - job_components - INFO - Total jobs found: 0
2025-07-31 18:15:45 - job_components - INFO - Successfully extracted details for 0 jobs
2025-07-31 18:15:45 - job_components - INFO - Job extraction complete: 0 jobs, 0 total shifts
2025-07-31 18:15:45 - enhanced_integrated_monitor - INFO - 📊 Generated report: 0 total jobs, 0 jobs extracted
2025-07-31 18:15:46 - enhanced_integrated_monitor - INFO - ✅ Cleared city filter using close button: [data-test-component="StencilReactButton"]
2025-07-31 18:15:47 - enhanced_integrated_monitor - INFO - ✅ Completed processing for city: Gaylord, MI
2025-07-31 18:15:47 - enhanced_integrated_monitor - INFO - 🏙️ Processing city 18/24: Traverse City, MI
2025-07-31 18:15:47 - enhanced_integrated_monitor - INFO - 🔧 Applying city filter: Traverse City, MI
2025-07-31 18:15:47 - job_components - INFO - Applying filters: ['cities']
2025-07-31 18:15:47 - job_components - INFO - Filters panel already open
2025-07-31 18:15:47 - job_components - INFO - Filters panel already open
2025-07-31 18:15:47 - job_components - INFO - Applying city filter: Traverse City, MI
2025-07-31 18:15:47 - job_components - WARNING - City input not found, attempt 1/2. Trying to reopen filters panel...
2025-07-31 18:15:49 - job_components - INFO - Filters panel already open
2025-07-31 18:15:50 - job_components - ERROR - Could not find city input field with any selector after retries
2025-07-31 18:15:50 - job_components - INFO - ✅ Applied cities filter
2025-07-31 18:15:50 - job_components - INFO - Successfully applied 1/1 filters
2025-07-31 18:15:50 - job_components - INFO - Extracting all job information
2025-07-31 18:15:50 - job_components - INFO - Total jobs found: 0
2025-07-31 18:15:50 - job_components - INFO - Successfully extracted details for 0 jobs
2025-07-31 18:15:50 - job_components - INFO - Job extraction complete: 0 jobs, 0 total shifts
2025-07-31 18:15:50 - enhanced_integrated_monitor - INFO - 📊 Generated report: 0 total jobs, 0 jobs extracted
2025-07-31 18:15:51 - enhanced_integrated_monitor - INFO - ✅ Cleared city filter using close button: [data-test-component="StencilReactButton"]
2025-07-31 18:15:52 - enhanced_integrated_monitor - INFO - ✅ Completed processing for city: Traverse City, MI
2025-07-31 18:15:53 - enhanced_integrated_monitor - INFO - 🏙️ Processing city 19/24: Richfield, UT
2025-07-31 18:15:53 - enhanced_integrated_monitor - INFO - 🔧 Applying city filter: Richfield, UT
2025-07-31 18:15:53 - job_components - INFO - Applying filters: ['cities']
2025-07-31 18:15:53 - job_components - INFO - Filters panel already open
2025-07-31 18:15:53 - job_components - INFO - Filters panel already open
2025-07-31 18:15:53 - job_components - INFO - Applying city filter: Richfield, UT
2025-07-31 18:15:53 - job_components - WARNING - City input not found, attempt 1/2. Trying to reopen filters panel...
2025-07-31 18:15:54 - job_components - INFO - Filters panel already open
2025-07-31 18:15:55 - job_components - ERROR - Could not find city input field with any selector after retries
2025-07-31 18:15:55 - job_components - INFO - ✅ Applied cities filter
2025-07-31 18:15:56 - job_components - INFO - Successfully applied 1/1 filters
2025-07-31 18:15:56 - job_components - INFO - Extracting all job information
2025-07-31 18:15:56 - job_components - INFO - Total jobs found: 0
2025-07-31 18:15:56 - job_components - INFO - Successfully extracted details for 0 jobs
2025-07-31 18:15:56 - job_components - INFO - Job extraction complete: 0 jobs, 0 total shifts
2025-07-31 18:15:56 - enhanced_integrated_monitor - INFO - 📊 Generated report: 0 total jobs, 0 jobs extracted
2025-07-31 18:15:56 - enhanced_integrated_monitor - INFO - ✅ Cleared city filter using close button: [data-test-component="StencilReactButton"]
2025-07-31 18:15:57 - enhanced_integrated_monitor - INFO - ✅ Completed processing for city: Richfield, UT
2025-07-31 18:15:58 - enhanced_integrated_monitor - INFO - 🏙️ Processing city 20/24: Caribou, ME
2025-07-31 18:15:58 - enhanced_integrated_monitor - INFO - 🔧 Applying city filter: Caribou, ME
2025-07-31 18:15:58 - job_components - INFO - Applying filters: ['cities']
2025-07-31 18:15:58 - job_components - INFO - Filters panel already open
2025-07-31 18:15:58 - job_components - INFO - Filters panel already open
2025-07-31 18:15:58 - job_components - INFO - Applying city filter: Caribou, ME
2025-07-31 18:15:58 - job_components - WARNING - City input not found, attempt 1/2. Trying to reopen filters panel...
2025-07-31 18:15:59 - job_components - INFO - Filters panel already open
2025-07-31 18:16:00 - job_components - ERROR - Could not find city input field with any selector after retries
2025-07-31 18:16:00 - job_components - INFO - ✅ Applied cities filter
2025-07-31 18:16:01 - job_components - INFO - Successfully applied 1/1 filters
2025-07-31 18:16:01 - job_components - INFO - Extracting all job information
2025-07-31 18:16:01 - job_components - INFO - Total jobs found: 0
2025-07-31 18:16:01 - job_components - INFO - Successfully extracted details for 0 jobs
2025-07-31 18:16:01 - job_components - INFO - Job extraction complete: 0 jobs, 0 total shifts
2025-07-31 18:16:01 - enhanced_integrated_monitor - INFO - 📊 Generated report: 0 total jobs, 0 jobs extracted
2025-07-31 18:16:02 - enhanced_integrated_monitor - INFO - ✅ Cleared city filter using close button: [data-test-component="StencilReactButton"]
2025-07-31 18:16:03 - enhanced_integrated_monitor - INFO - ✅ Completed processing for city: Caribou, ME
2025-07-31 18:16:03 - enhanced_integrated_monitor - INFO - 🏙️ Processing city 21/24: Kahului, HI
2025-07-31 18:16:03 - enhanced_integrated_monitor - INFO - 🔧 Applying city filter: Kahului, HI
2025-07-31 18:16:03 - job_components - INFO - Applying filters: ['cities']
2025-07-31 18:16:03 - job_components - INFO - Filters panel already open
2025-07-31 18:16:03 - job_components - INFO - Filters panel already open
2025-07-31 18:16:03 - job_components - INFO - Applying city filter: Kahului, HI
2025-07-31 18:16:03 - job_components - WARNING - City input not found, attempt 1/2. Trying to reopen filters panel...
2025-07-31 18:16:04 - job_components - INFO - Filters panel already open
2025-07-31 18:16:06 - job_components - ERROR - Could not find city input field with any selector after retries
2025-07-31 18:16:06 - job_components - INFO - ✅ Applied cities filter
2025-07-31 18:16:06 - job_components - INFO - Successfully applied 1/1 filters
2025-07-31 18:16:06 - job_components - INFO - Extracting all job information
2025-07-31 18:16:06 - job_components - INFO - Total jobs found: 0
2025-07-31 18:16:06 - job_components - INFO - Successfully extracted details for 0 jobs
2025-07-31 18:16:06 - job_components - INFO - Job extraction complete: 0 jobs, 0 total shifts
2025-07-31 18:16:06 - enhanced_integrated_monitor - INFO - 📊 Generated report: 0 total jobs, 0 jobs extracted
2025-07-31 18:16:07 - enhanced_integrated_monitor - INFO - ✅ Cleared city filter using close button: [data-test-component="StencilReactButton"]
2025-07-31 18:16:08 - enhanced_integrated_monitor - INFO - ✅ Completed processing for city: Kahului, HI
2025-07-31 18:16:08 - enhanced_integrated_monitor - INFO - 🏙️ Processing city 22/24: Hyannis, MA
2025-07-31 18:16:08 - enhanced_integrated_monitor - INFO - 🔧 Applying city filter: Hyannis, MA
2025-07-31 18:16:08 - job_components - INFO - Applying filters: ['cities']
2025-07-31 18:16:08 - job_components - INFO - Filters panel already open
2025-07-31 18:16:08 - job_components - INFO - Filters panel already open
2025-07-31 18:16:08 - job_components - INFO - Applying city filter: Hyannis, MA
2025-07-31 18:16:09 - job_components - WARNING - City input not found, attempt 1/2. Trying to reopen filters panel...
2025-07-31 18:16:10 - job_components - INFO - Filters panel already open
2025-07-31 18:16:11 - job_components - ERROR - Could not find city input field with any selector after retries
2025-07-31 18:16:11 - job_components - INFO - ✅ Applied cities filter
2025-07-31 18:16:11 - job_components - INFO - Successfully applied 1/1 filters
2025-07-31 18:16:11 - job_components - INFO - Extracting all job information
2025-07-31 18:16:12 - job_components - INFO - Total jobs found: 0
2025-07-31 18:16:12 - job_components - INFO - Successfully extracted details for 0 jobs
2025-07-31 18:16:12 - job_components - INFO - Job extraction complete: 0 jobs, 0 total shifts
2025-07-31 18:16:12 - enhanced_integrated_monitor - INFO - 📊 Generated report: 0 total jobs, 0 jobs extracted
2025-07-31 18:16:12 - enhanced_integrated_monitor - INFO - ✅ Cleared city filter using close button: [data-test-component="StencilReactButton"]
2025-07-31 18:16:13 - enhanced_integrated_monitor - INFO - ✅ Completed processing for city: Hyannis, MA
2025-07-31 18:16:14 - enhanced_integrated_monitor - INFO - 🏙️ Processing city 23/24: Lexington, KY
2025-07-31 18:16:14 - enhanced_integrated_monitor - INFO - 🔧 Applying city filter: Lexington, KY
2025-07-31 18:16:14 - job_components - INFO - Applying filters: ['cities']
2025-07-31 18:16:14 - job_components - INFO - Filters panel already open
2025-07-31 18:16:14 - job_components - INFO - Filters panel already open
2025-07-31 18:16:14 - job_components - INFO - Applying city filter: Lexington, KY
2025-07-31 18:16:14 - job_components - WARNING - City input not found, attempt 1/2. Trying to reopen filters panel...
2025-07-31 18:16:15 - job_components - INFO - Filters panel already open
2025-07-31 18:16:16 - job_components - ERROR - Could not find city input field with any selector after retries
2025-07-31 18:16:16 - job_components - INFO - ✅ Applied cities filter
2025-07-31 18:16:17 - job_components - INFO - Successfully applied 1/1 filters
2025-07-31 18:16:17 - job_components - INFO - Extracting all job information
2025-07-31 18:16:17 - job_components - INFO - Total jobs found: 0
2025-07-31 18:16:17 - job_components - INFO - Successfully extracted details for 0 jobs
2025-07-31 18:16:17 - job_components - INFO - Job extraction complete: 0 jobs, 0 total shifts
2025-07-31 18:16:17 - enhanced_integrated_monitor - INFO - 📊 Generated report: 0 total jobs, 0 jobs extracted
2025-07-31 18:16:18 - enhanced_integrated_monitor - INFO - ✅ Cleared city filter using close button: [data-test-component="StencilReactButton"]
2025-07-31 18:16:19 - enhanced_integrated_monitor - INFO - ✅ Completed processing for city: Lexington, KY
2025-07-31 18:16:19 - enhanced_integrated_monitor - INFO - 🏙️ Processing city 24/24: Bozeman, MT
2025-07-31 18:16:19 - enhanced_integrated_monitor - INFO - 🔧 Applying city filter: Bozeman, MT
2025-07-31 18:16:19 - job_components - INFO - Applying filters: ['cities']
2025-07-31 18:16:19 - job_components - INFO - Filters panel already open
2025-07-31 18:16:19 - job_components - INFO - Filters panel already open
2025-07-31 18:16:19 - job_components - INFO - Applying city filter: Bozeman, MT
2025-07-31 18:16:19 - job_components - WARNING - City input not found, attempt 1/2. Trying to reopen filters panel...
2025-07-31 18:16:21 - job_components - INFO - Filters panel already open
2025-07-31 18:16:22 - job_components - ERROR - Could not find city input field with any selector after retries
2025-07-31 18:16:22 - job_components - INFO - ✅ Applied cities filter
2025-07-31 18:16:22 - job_components - INFO - Successfully applied 1/1 filters
2025-07-31 18:16:22 - job_components - INFO - Extracting all job information
2025-07-31 18:16:22 - job_components - INFO - Total jobs found: 0
2025-07-31 18:16:22 - job_components - INFO - Successfully extracted details for 0 jobs
2025-07-31 18:16:22 - job_components - INFO - Job extraction complete: 0 jobs, 0 total shifts
2025-07-31 18:16:22 - enhanced_integrated_monitor - INFO - 📊 Generated report: 0 total jobs, 0 jobs extracted
2025-07-31 18:16:23 - enhanced_integrated_monitor - INFO - ✅ Cleared city filter using close button: [data-test-component="StencilReactButton"]
2025-07-31 18:16:24 - enhanced_integrated_monitor - INFO - ✅ Completed processing for city: Bozeman, MT
2025-07-31 18:16:24 - enhanced_integrated_monitor - INFO - ✅ Completed processing all 24 cities. No bookings made.
2025-07-31 18:16:24 - enhanced_integrated_monitor - INFO - ⏰ Waiting 120s until next cycle
2025-07-31 18:17:43 - enhanced_integrated_monitor - INFO - 🛑 Monitoring stopped by user
2025-07-31 18:17:43 - enhanced_integrated_monitor - INFO - 🏁 Enhanced monitoring stopped
2025-07-31 18:17:46 - __main__ - INFO - 🛑 Monitoring stopped by user
