2025-07-30 17:26:32 - root - INFO - Logging initialized. Log file: logs/bot_run_20250730_172632.log
2025-07-30 17:26:32 - __main__ - INFO - Using default configuration
2025-07-30 17:26:32 - __main__ - INFO - 🚀 Starting Amazon Shift Bot [ID: e03c44fa]
2025-07-30 17:26:33 - services.session_service - INFO - 🔐 Establishing Amazon session
2025-07-30 17:26:41 - session_manager - INFO - 📊 Added 25/25 cookies
2025-07-30 17:26:49 - session_manager - INFO - ✅ Session valid - found: div:contains("Recommended jobs")
2025-07-30 17:26:49 - session_manager - INFO - ✅ Session restored successfully for lovepreet@teamarora.com
2025-07-30 17:26:53 - services.session_service - INFO - ✅ Existing session validated successfully
2025-07-30 17:26:53 - enhanced_integrated_monitor - INFO - ✅ Loaded filter configuration from /Users/lovepreetgill/developer/amazon_shift_bot/filter_config.yaml
2025-07-30 17:26:53 - enhanced_integrated_monitor - INFO - 🚀 Starting Enhanced Job Monitor
2025-07-30 17:26:53 - enhanced_integrated_monitor - INFO - ✅ Enhanced components initialized successfully
2025-07-30 17:26:53 - enhanced_integrated_monitor - INFO - 📊 Starting monitoring cycle 1
2025-07-30 17:26:53 - enhanced_integrated_monitor - INFO - 🔍 Attempt 1: Processing URL 1/3: https://hiring.amazon.com/app#/jobSearch
2025-07-30 17:28:12 - enhanced_integrated_monitor - INFO - Closing modal with: button:contains("Skip")
2025-07-30 17:28:13 - enhanced_integrated_monitor - INFO - Closing modal with: .guidedSearchCloseButton
2025-07-30 17:28:15 - enhanced_integrated_monitor - INFO - Closing modal with: button:contains("Close")
2025-07-30 17:28:17 - enhanced_integrated_monitor - INFO - Detected page type: application
2025-07-30 17:28:17 - enhanced_integrated_monitor - INFO - On application page, navigating back to search...
2025-07-30 17:28:23 - enhanced_integrated_monitor - ERROR - ❌ No filter buttons found - filters not accessible
2025-07-30 17:28:23 - enhanced_integrated_monitor - WARNING - Navigation failed for https://hiring.amazon.com/app#/jobSearch, attempt 1
2025-07-30 17:28:26 - enhanced_integrated_monitor - INFO - 🔍 Attempt 2: Processing URL 1/3: https://hiring.amazon.com/app#/jobSearch
2025-07-30 17:29:46 - enhanced_integrated_monitor - INFO - Detected page type: application
2025-07-30 17:29:46 - enhanced_integrated_monitor - INFO - On application page, navigating back to search...
2025-07-30 17:29:52 - enhanced_integrated_monitor - ERROR - ❌ No filter buttons found - filters not accessible
2025-07-30 17:29:52 - enhanced_integrated_monitor - WARNING - Navigation failed for https://hiring.amazon.com/app#/jobSearch, attempt 2
2025-07-30 17:29:55 - enhanced_integrated_monitor - INFO - 🔍 Attempt 3: Processing URL 1/3: https://hiring.amazon.com/app#/jobSearch
2025-07-30 17:31:16 - enhanced_integrated_monitor - INFO - Detected page type: application
2025-07-30 17:31:16 - enhanced_integrated_monitor - INFO - On application page, navigating back to search...
2025-07-30 17:31:22 - enhanced_integrated_monitor - ERROR - ❌ No filter buttons found - filters not accessible
2025-07-30 17:31:22 - enhanced_integrated_monitor - WARNING - Navigation failed for https://hiring.amazon.com/app#/jobSearch, attempt 3
2025-07-30 17:31:22 - enhanced_integrated_monitor - ERROR - All attempts failed for URL: https://hiring.amazon.com/app#/jobSearch
2025-07-30 17:31:22 - enhanced_integrated_monitor - INFO - 🔍 Attempt 1: Processing URL 2/3: https://hiring.amazon.com/app#/dashboard
2025-07-30 17:32:42 - enhanced_integrated_monitor - INFO - Detected page type: application
2025-07-30 17:32:42 - enhanced_integrated_monitor - INFO - On application page, navigating back to search...
2025-07-30 17:32:49 - enhanced_integrated_monitor - ERROR - ❌ No filter buttons found - filters not accessible
2025-07-30 17:32:49 - enhanced_integrated_monitor - WARNING - Navigation failed for https://hiring.amazon.com/app#/dashboard, attempt 1
2025-07-30 17:32:52 - enhanced_integrated_monitor - INFO - 🔍 Attempt 2: Processing URL 2/3: https://hiring.amazon.com/app#/dashboard
