2025-07-31 21:47:53 - root - INFO - Logging initialized. Log file: logs/bot_run_20250731_214753.log
2025-07-31 21:47:53 - __main__ - INFO - Using default configuration
2025-07-31 21:47:53 - __main__ - INFO - 🚀 Starting Amazon Shift Bot [ID: a986f4e0]
2025-07-31 21:48:04 - services.session_service - INFO - 🔐 Establishing Amazon session
2025-08-01 11:22:54 - session_manager - INFO - 📊 Added 16/16 cookies
2025-08-01 11:23:20 - session_manager - WARNING - ⚠️ Session invalid - found logout indicator: input[data-test-id="input-test-id-login"]
2025-08-01 11:23:33 - session_manager - WARNING - ⚠️ Session invalid - found logout indicator: input[data-test-id="input-test-id-login"]
2025-08-01 11:23:44 - session_manager - WARNING - ⚠️ Session invalid - found logout indicator: input[data-test-id="input-test-id-login"]
2025-08-01 11:23:44 - session_manager - WARNING - ⚠️ Session restoration failed after validation, clearing invalid session
2025-08-01 11:23:44 - session_manager - INFO - 🗑️ Session files cleared
2025-08-01 11:23:44 - session_manager - INFO - 🗑️ Session files cleared
2025-08-01 11:23:44 - services.session_service - INFO - 🔄 Creating new session from scratch
2025-08-01 11:23:44 - create_session - INFO - 🔐 Creating Amazon session...
2025-08-01 11:23:44 - create_session - INFO - 🌐 Navigating to Amazon hiring page...
2025-08-01 11:23:53 - amazon_page_objects - INFO - 🍪 Checking for consent buttons...
2025-08-01 11:23:56 - amazon_page_objects - INFO - ✅ Found consent button with selector 7: button[data-test-component="StencilReactButton"]
2025-08-01 11:24:01 - amazon_page_objects - INFO - ✅ Consent button clicked successfully with selector: button[data-test-component="StencilReactButton"]
2025-08-01 11:24:03 - amazon_page_objects - INFO - 🔐 Navigating to login...
2025-08-01 11:24:11 - amazon_page_objects - INFO - 🍪 Checking for consent buttons...
2025-08-01 11:24:11 - amazon_page_objects - INFO - ℹ️ Consent already handled, skipping...
2025-08-01 11:24:11 - amazon_page_objects - INFO - 🔍 Checking for bottom consent button...
2025-08-01 11:24:14 - amazon_page_objects - INFO - ℹ️ No bottom consent button found
2025-08-01 11:24:14 - amazon_page_objects - INFO - 📧 Entering email...
2025-08-01 11:24:14 - amazon_page_objects - INFO - 📧 Found email input field: input[data-test-id="input-test-id-login"]
2025-08-01 11:24:23 - amazon_page_objects - INFO - ➡️ Clicking continue button on email page: button[data-test-id="button-continue"]
2025-08-01 11:24:27 - amazon_page_objects - INFO - 🔍 Checking for bottom consent button...
2025-08-01 11:24:29 - amazon_page_objects - INFO - ℹ️ No bottom consent button found
2025-08-01 11:24:32 - amazon_page_objects - INFO - 🔍 Checking for PIN page...
2025-08-01 11:24:32 - amazon_page_objects - INFO - 🔐 Found PIN input field
2025-08-01 11:24:35 - amazon_page_objects - INFO - 🔐 Entered PIN: 151093
2025-08-01 11:24:37 - amazon_page_objects - INFO - ➡️ Clicking continue button on PIN page: button[data-test-id="button-continue"]
2025-08-01 11:24:44 - amazon_page_objects - INFO - 🔍 Checking for email verification selection page...
2025-08-01 11:24:44 - amazon_page_objects - INFO - 📧 Found email verification selection page
2025-08-01 11:24:45 - amazon_page_objects - INFO - 📧 Clicked 'Send verification code' button
2025-08-01 11:24:48 - create_session - INFO - 📧 Retrieving OTP from Gmail...
2025-08-01 11:24:53 - create_session - INFO - ✅ Retrieved OTP: 624228
2025-08-01 11:24:53 - amazon_page_objects - INFO - 🔍 Checking for OTP verification page...
2025-08-01 11:24:56 - amazon_page_objects - INFO - 🔍 OTP verification page found
2025-08-01 11:24:56 - amazon_page_objects - INFO - 📧 Entering OTP...
2025-08-01 11:25:00 - amazon_page_objects - INFO - ✅ Entered OTP: 624228
2025-08-01 11:25:08 - amazon_page_objects - INFO - 🎉 OTP submitted successfully!
2025-08-01 11:25:12 - amazon_page_objects - INFO - 🔍 Checking for bottom consent button...
2025-08-01 11:25:16 - amazon_page_objects - INFO - ℹ️ No bottom consent button found
2025-08-01 11:25:16 - create_session - INFO - 💾 Saving session...
2025-08-01 11:25:17 - session_manager - INFO - ✅ Session saved successfully for lovepreet@teamarora.com
2025-08-01 11:25:17 - session_manager - INFO - 📁 Session file: amazon_session.pkl
2025-08-01 11:25:17 - session_manager - INFO - 🍪 Cookies count: 24
2025-08-01 11:25:17 - create_session - INFO - ✅ Session created and saved successfully!
2025-08-01 11:25:17 - create_session - INFO - 📁 Session saved to: amazon_session.pkl
2025-08-01 11:25:17 - create_session - INFO - 🍪 Cookies saved to: amazon_cookies.json
2025-08-01 11:25:33 - session_manager - INFO - ✅ Session saved successfully for lovepreet@teamarora.com
2025-08-01 11:25:33 - session_manager - INFO - 📁 Session file: amazon_session.pkl
2025-08-01 11:25:33 - session_manager - INFO - 🍪 Cookies count: 24
2025-08-01 11:25:33 - services.session_service - INFO - ✅ New session created and validated
2025-08-01 11:25:33 - enhanced_integrated_monitor - INFO - 🔔 Enhanced Discord notifier initialized successfully
2025-08-01 11:25:33 - enhanced_integrated_monitor - INFO - ✅ Loaded filter configuration from /Users/lovepreetgill/developer/amazon_shift_bot/filter_config.yaml
2025-08-01 11:25:33 - enhanced_integrated_monitor - INFO - 🚀 Starting Enhanced Job Monitor
2025-08-01 11:25:33 - enhanced_integrated_monitor - INFO - ✅ Enhanced components initialized successfully
2025-08-01 11:25:33 - enhanced_integrated_monitor - INFO - 📊 Starting monitoring cycle 1
2025-08-01 11:25:33 - enhanced_integrated_monitor - INFO - 🔍 Attempt 1: Processing URL 1/3: https://hiring.amazon.com/app#/jobSearch
2025-08-01 11:27:59 - enhanced_integrated_monitor - INFO - Found guided search modal: div:contains("Tell us a little more about yourself")
2025-08-01 11:27:59 - enhanced_integrated_monitor - INFO - Clicking 'View all filters' using: button:contains("View all filters")
2025-08-01 11:28:05 - enhanced_integrated_monitor - INFO - Detected page type: search
2025-08-01 11:28:06 - enhanced_integrated_monitor - INFO - Found visible element with selector: button:contains("View all filters")
2025-08-01 11:28:06 - enhanced_integrated_monitor - INFO - ✅ Filters accessible via: button:contains("View all filters")
2025-08-01 11:28:06 - enhanced_integrated_monitor - INFO - 🏙️ Processing city 1/24: Granville, NY
2025-08-01 11:28:06 - enhanced_integrated_monitor - INFO - 🔧 Applying city filter: Granville, NY
2025-08-01 11:28:06 - job_components - INFO - Applying filters: ['cities']
2025-08-01 11:28:06 - job_components - INFO - 🔍 Checking for guided search modal...
2025-08-01 11:28:06 - job_components - INFO - ✅ Guided search modal detected: .guidedSearchContainer
2025-08-01 11:28:06 - job_components - INFO - 🚀 Clicking skip button: button:contains("Skip")
2025-08-01 11:28:10 - job_components - INFO - ❌ Clicking close button: .guidedSearchCloseButton
2025-08-01 11:28:13 - job_components - INFO - ⚡ Attempting to complete guided search with location input...
2025-08-01 11:28:13 - job_components - INFO - 📍 Completing guided search with city: Seattle, WA
2025-08-01 11:28:13 - job_components - INFO - 📝 Found location input: [data-test-component="StencilSearchFieldInput"]
2025-08-01 11:28:18 - job_components - INFO - ✅ Filters panel detected as open: [data-test-id="StencilReactPageContainer"]
2025-08-01 11:28:18 - job_components - INFO - Filters panel already open
2025-08-01 11:28:19 - job_components - INFO - ✅ Filters panel detected as open: [data-test-id="StencilReactPageContainer"]
2025-08-01 11:28:19 - job_components - INFO - Filters panel already open
2025-08-01 11:28:19 - job_components - INFO - 🔧 Applying city filter: Granville, NY
2025-08-01 11:28:19 - job_components - INFO - ✅ Filters panel detected as open: [data-test-id="StencilReactPageContainer"]
2025-08-01 11:28:19 - job_components - INFO - Filters panel already open
2025-08-01 11:28:19 - job_components - ERROR - ❌ Error in city filter process: 'city_input_alt14'
2025-08-01 11:28:19 - job_components - INFO - Saved screenshot for debugging
2025-08-01 11:28:19 - job_components - INFO - ✅ Applied cities filter
2025-08-01 11:28:19 - job_components - INFO - Successfully applied 1/1 filters
2025-08-01 11:28:19 - job_components - INFO - Extracting all job information
2025-08-01 11:28:19 - job_components - INFO - Total jobs found: 5
2025-08-01 11:28:21 - job_components - INFO - Successfully extracted details for 13 jobs
2025-08-01 11:28:21 - job_components - INFO - Job extraction complete: 13 jobs, 2004 total shifts
2025-08-01 11:28:21 - enhanced_integrated_monitor - INFO - 📊 Generated report: 5 total jobs, 13 jobs extracted
2025-08-01 11:28:21 - enhanced_integrated_monitor - INFO - 🎯 JOBS FOUND! 13 jobs available.
2025-08-01 11:28:21 - enhanced_integrated_monitor - INFO - 🎯 Booking enabled! Attempting immediate booking for 13 jobs...
2025-08-01 11:28:21 - page_objects.shift_booking - INFO - 🔄 Daily booking state reset
2025-08-01 11:28:21 - enhanced_integrated_monitor - INFO - 🎯 Attempting to book job 1/13: Delivery Station Warehouse Associate
2025-08-01 11:28:21 - page_objects.shift_booking - INFO - 🔎 Starting shift slot discovery
2025-08-01 11:28:21 - page_objects.shift_booking - INFO - ✅ Discovered 13 available slots (excluding already booked)
2025-08-01 11:28:21 - enhanced_integrated_monitor - INFO - 🎯 Attempting to book slot: Delivery Station Warehouse Associate at Location TBD
2025-08-01 11:28:21 - page_objects.shift_booking - INFO - ▶️ Attempting to book slot: Delivery Station Warehouse Associate @ Location TBD
2025-08-01 11:28:21 - page_objects.shift_booking - WARNING - Failed to take initial screenshot: 'BaseCase' object has no attribute 'get_screenshot_as_png'
2025-08-01 11:28:21 - page_objects.shift_booking - INFO - 🔍 Found 13 job cards with selector: div[data-test-id='JobCard']
2025-08-01 11:28:21 - page_objects.shift_booking - INFO - 🖱️ Attempting to click job card 1 of 13
2025-08-01 11:28:21 - page_objects.shift_booking - WARNING - Click method 1 failed: ('Connection aborted.', RemoteDisconnected('Remote end closed connection without response'))
2025-08-01 11:29:23 - page_objects.shift_booking - WARNING - Click method 2 failed: Message: Active window was already closed!

2025-08-01 11:30:23 - page_objects.shift_booking - WARNING - Click method 3 failed: Message: Active window was already closed!

2025-08-01 11:30:23 - page_objects.shift_booking - WARNING - Click method 4 failed: 'BaseCase' object has no attribute 'execute'
2025-08-01 11:30:23 - page_objects.shift_booking - ERROR - ❌ All card click methods failed
2025-08-01 11:30:23 - enhanced_integrated_monitor - WARNING - ⚠️ Failed to book slot: Delivery Station Warehouse Associate
2025-08-01 11:30:23 - enhanced_integrated_monitor - INFO - 🎯 Attempting to book slot: Delivery Station Warehouse Associate at Location TBD
2025-08-01 11:30:23 - page_objects.shift_booking - INFO - ▶️ Attempting to book slot: Delivery Station Warehouse Associate @ Location TBD
2025-08-01 11:30:23 - page_objects.shift_booking - WARNING - Failed to take initial screenshot: 'BaseCase' object has no attribute 'get_screenshot_as_png'
2025-08-01 11:37:26 - page_objects.shift_booking - ERROR - ❌ No job cards found on the page
2025-08-01 11:37:26 - enhanced_integrated_monitor - WARNING - ⚠️ Failed to book slot: Delivery Station Warehouse Associate
2025-08-01 11:37:26 - enhanced_integrated_monitor - INFO - 🎯 Attempting to book slot: Delivery Station Warehouse Associate at Location TBD
2025-08-01 11:37:26 - page_objects.shift_booking - INFO - ▶️ Attempting to book slot: Delivery Station Warehouse Associate @ Location TBD
2025-08-01 11:37:26 - page_objects.shift_booking - WARNING - Failed to take initial screenshot: 'BaseCase' object has no attribute 'get_screenshot_as_png'
2025-08-01 11:46:25 - page_objects.shift_booking - ERROR - ❌ No job cards found on the page
2025-08-01 11:46:25 - enhanced_integrated_monitor - WARNING - ⚠️ Failed to book slot: Delivery Station Warehouse Associate
2025-08-01 11:46:25 - enhanced_integrated_monitor - INFO - 🎯 Attempting to book slot: Delivery Station Warehouse Associate at Location TBD
2025-08-01 11:46:25 - page_objects.shift_booking - INFO - ▶️ Attempting to book slot: Delivery Station Warehouse Associate @ Location TBD
2025-08-01 11:46:25 - page_objects.shift_booking - WARNING - Failed to take initial screenshot: 'BaseCase' object has no attribute 'get_screenshot_as_png'
2025-08-01 11:50:21 - page_objects.shift_booking - ERROR - ❌ No job cards found on the page
2025-08-01 11:50:21 - enhanced_integrated_monitor - WARNING - ⚠️ Failed to book slot: Delivery Station Warehouse Associate
2025-08-01 11:50:21 - enhanced_integrated_monitor - INFO - 🎯 Attempting to book slot: Delivery Station Warehouse Associate at Location TBD
2025-08-01 11:50:21 - page_objects.shift_booking - INFO - ▶️ Attempting to book slot: Delivery Station Warehouse Associate @ Location TBD
2025-08-01 11:50:21 - page_objects.shift_booking - WARNING - Failed to take initial screenshot: 'BaseCase' object has no attribute 'get_screenshot_as_png'
2025-08-01 11:50:22 - page_objects.shift_booking - ERROR - ❌ No job cards found on the page
2025-08-01 11:50:22 - enhanced_integrated_monitor - WARNING - ⚠️ Failed to book slot: Delivery Station Warehouse Associate
2025-08-01 11:50:22 - enhanced_integrated_monitor - INFO - 🎯 Attempting to book slot: Delivery Station Warehouse Associate at Location TBD
2025-08-01 11:50:22 - page_objects.shift_booking - INFO - ▶️ Attempting to book slot: Delivery Station Warehouse Associate @ Location TBD
2025-08-01 11:50:22 - page_objects.shift_booking - WARNING - Failed to take initial screenshot: 'BaseCase' object has no attribute 'get_screenshot_as_png'
2025-08-01 11:50:22 - page_objects.shift_booking - ERROR - ❌ No job cards found on the page
2025-08-01 11:50:22 - enhanced_integrated_monitor - WARNING - ⚠️ Failed to book slot: Delivery Station Warehouse Associate
2025-08-01 11:50:22 - enhanced_integrated_monitor - INFO - 🎯 Attempting to book slot: Delivery Station Warehouse Associate at Location TBD
2025-08-01 11:50:22 - page_objects.shift_booking - INFO - ▶️ Attempting to book slot: Delivery Station Warehouse Associate @ Location TBD
2025-08-01 11:50:22 - page_objects.shift_booking - WARNING - Failed to take initial screenshot: 'BaseCase' object has no attribute 'get_screenshot_as_png'
2025-08-01 11:50:22 - page_objects.shift_booking - ERROR - ❌ No job cards found on the page
2025-08-01 11:50:22 - enhanced_integrated_monitor - WARNING - ⚠️ Failed to book slot: Delivery Station Warehouse Associate
2025-08-01 11:50:22 - enhanced_integrated_monitor - INFO - 🎯 Attempting to book slot: Delivery Station Warehouse Associate at Location TBD
2025-08-01 11:50:22 - page_objects.shift_booking - INFO - ▶️ Attempting to book slot: Delivery Station Warehouse Associate @ Location TBD
2025-08-01 11:50:22 - page_objects.shift_booking - WARNING - Failed to take initial screenshot: 'BaseCase' object has no attribute 'get_screenshot_as_png'
2025-08-01 11:50:22 - page_objects.shift_booking - ERROR - ❌ No job cards found on the page
2025-08-01 11:50:22 - enhanced_integrated_monitor - WARNING - ⚠️ Failed to book slot: Delivery Station Warehouse Associate
2025-08-01 11:50:22 - enhanced_integrated_monitor - INFO - 🎯 Attempting to book slot: Sortation Center Warehouse Associate at Location TBD
2025-08-01 11:50:22 - page_objects.shift_booking - INFO - ▶️ Attempting to book slot: Sortation Center Warehouse Associate @ Location TBD
2025-08-01 11:50:22 - page_objects.shift_booking - WARNING - Failed to take initial screenshot: 'BaseCase' object has no attribute 'get_screenshot_as_png'
2025-08-01 11:50:22 - page_objects.shift_booking - ERROR - ❌ No job cards found on the page
2025-08-01 11:50:22 - enhanced_integrated_monitor - WARNING - ⚠️ Failed to book slot: Sortation Center Warehouse Associate
2025-08-01 11:50:22 - enhanced_integrated_monitor - INFO - 🎯 Attempting to book slot: Delivery Station Warehouse Associate at Location TBD
2025-08-01 11:50:22 - page_objects.shift_booking - INFO - ▶️ Attempting to book slot: Delivery Station Warehouse Associate @ Location TBD
2025-08-01 11:50:22 - page_objects.shift_booking - WARNING - Failed to take initial screenshot: 'BaseCase' object has no attribute 'get_screenshot_as_png'
2025-08-01 11:50:22 - page_objects.shift_booking - ERROR - ❌ No job cards found on the page
2025-08-01 11:50:22 - enhanced_integrated_monitor - WARNING - ⚠️ Failed to book slot: Delivery Station Warehouse Associate
2025-08-01 11:50:22 - enhanced_integrated_monitor - INFO - 🎯 Attempting to book slot: Delivery Station Warehouse Associate at Location TBD
2025-08-01 11:50:22 - page_objects.shift_booking - INFO - ▶️ Attempting to book slot: Delivery Station Warehouse Associate @ Location TBD
2025-08-01 11:50:22 - page_objects.shift_booking - WARNING - Failed to take initial screenshot: 'BaseCase' object has no attribute 'get_screenshot_as_png'
2025-08-01 11:50:22 - page_objects.shift_booking - ERROR - ❌ No job cards found on the page
2025-08-01 11:50:22 - enhanced_integrated_monitor - WARNING - ⚠️ Failed to book slot: Delivery Station Warehouse Associate
2025-08-01 11:50:22 - enhanced_integrated_monitor - INFO - 🎯 Attempting to book slot: Shift 12 at Location TBD
2025-08-01 11:50:22 - page_objects.shift_booking - INFO - ▶️ Attempting to book slot: Shift 12 @ Location TBD
2025-08-01 11:50:22 - page_objects.shift_booking - WARNING - Failed to take initial screenshot: 'BaseCase' object has no attribute 'get_screenshot_as_png'
2025-08-01 11:50:22 - page_objects.shift_booking - ERROR - ❌ No job cards found on the page
2025-08-01 11:50:22 - enhanced_integrated_monitor - WARNING - ⚠️ Failed to book slot: Shift 12
2025-08-01 11:50:22 - enhanced_integrated_monitor - INFO - 🎯 Attempting to book slot: Shift 13 at Location TBD
2025-08-01 11:50:22 - page_objects.shift_booking - INFO - ▶️ Attempting to book slot: Shift 13 @ Location TBD
2025-08-01 11:50:22 - page_objects.shift_booking - WARNING - Failed to take initial screenshot: 'BaseCase' object has no attribute 'get_screenshot_as_png'
2025-08-01 11:50:22 - page_objects.shift_booking - ERROR - ❌ No job cards found on the page
2025-08-01 11:50:22 - enhanced_integrated_monitor - WARNING - ⚠️ Failed to book slot: Shift 13
2025-08-01 11:50:22 - enhanced_integrated_monitor - INFO - 🎯 Attempting to book job 2/13: Delivery Station Warehouse Associate
2025-08-01 11:50:22 - page_objects.shift_booking - INFO - 🔎 Starting shift slot discovery
2025-08-01 11:50:32 - enhanced_integrated_monitor - ERROR - ❌ Error in immediate booking: Message: 
 Element {div[data-test-id='JobCard'], .job-card} was not present after 10 seconds!

2025-08-01 11:50:32 - enhanced_integrated_monitor - WARNING - ⚠️ Booking attempt failed, continuing monitoring...
2025-08-01 11:50:32 - enhanced_integrated_monitor - WARNING - ⚠️ Could not find clear filter button, filter may still be active
2025-08-01 11:50:32 - enhanced_integrated_monitor - INFO - ✅ Completed processing for city: Granville, NY
2025-08-01 11:50:33 - enhanced_integrated_monitor - INFO - 🏙️ Processing city 2/24: Poway, CA
2025-08-01 11:50:33 - enhanced_integrated_monitor - INFO - 🔧 Applying city filter: Poway, CA
2025-08-01 11:50:33 - job_components - INFO - Applying filters: ['cities']
2025-08-01 11:50:33 - job_components - INFO - 🔍 Checking for guided search modal...
2025-08-01 11:50:33 - job_components - INFO - No guided search modal found - proceeding normally
2025-08-01 11:50:33 - job_components - INFO - ❌ No filters panel detected as open
2025-08-01 11:50:33 - job_components - ERROR - Could not open filters panel with any selector
2025-08-01 11:50:33 - job_components - WARNING - Filters panel failed to open, trying fallback city search
2025-08-01 11:50:33 - job_components - INFO - 🔍 Fallback: Searching for city using main search field: Poway, CA
2025-08-01 11:50:33 - job_components - ERROR - ❌ Could not find main search input field with any selector
2025-08-01 11:50:33 - enhanced_integrated_monitor - WARNING - ⚠️ City filter may not have been applied: Poway, CA
2025-08-01 11:50:33 - job_components - INFO - Extracting all job information
2025-08-01 11:50:33 - job_components - ERROR - Error extracting job count: Message: Active window was already closed!

2025-08-01 11:50:33 - job_components - INFO - Total jobs found: 0
2025-08-01 11:50:33 - job_components - ERROR - Error extracting job details: Message: Active window was already closed!

2025-08-01 11:50:33 - job_components - INFO - Successfully extracted details for 0 jobs
2025-08-01 11:50:33 - job_components - INFO - Job extraction complete: 0 jobs, 0 total shifts
2025-08-01 11:50:33 - enhanced_integrated_monitor - INFO - 📊 Generated report: 0 total jobs, 0 jobs extracted
2025-08-01 11:50:33 - enhanced_integrated_monitor - WARNING - ⚠️ Could not find clear filter button, filter may still be active
2025-08-01 11:50:33 - enhanced_integrated_monitor - INFO - ✅ Completed processing for city: Poway, CA
2025-08-01 11:50:33 - enhanced_integrated_monitor - INFO - 🏙️ Processing city 3/24: North Pekin, IL
2025-08-01 11:50:33 - enhanced_integrated_monitor - INFO - 🔧 Applying city filter: North Pekin, IL
2025-08-01 11:50:33 - job_components - INFO - Applying filters: ['cities']
2025-08-01 11:50:33 - job_components - INFO - 🔍 Checking for guided search modal...
2025-08-01 11:50:33 - job_components - INFO - No guided search modal found - proceeding normally
2025-08-01 11:50:33 - job_components - INFO - ❌ No filters panel detected as open
2025-08-01 11:50:33 - job_components - ERROR - Could not open filters panel with any selector
2025-08-01 11:50:33 - job_components - WARNING - Filters panel failed to open, trying fallback city search
2025-08-01 11:50:33 - job_components - INFO - 🔍 Fallback: Searching for city using main search field: North Pekin, IL
2025-08-01 11:50:33 - job_components - ERROR - ❌ Could not find main search input field with any selector
2025-08-01 11:50:33 - enhanced_integrated_monitor - WARNING - ⚠️ City filter may not have been applied: North Pekin, IL
2025-08-01 11:50:33 - job_components - INFO - Extracting all job information
2025-08-01 11:50:33 - job_components - ERROR - Error extracting job count: Message: Active window was already closed!

2025-08-01 11:50:33 - job_components - INFO - Total jobs found: 0
2025-08-01 11:50:33 - job_components - ERROR - Error extracting job details: Message: Active window was already closed!

2025-08-01 11:50:33 - job_components - INFO - Successfully extracted details for 0 jobs
2025-08-01 11:50:33 - job_components - INFO - Job extraction complete: 0 jobs, 0 total shifts
2025-08-01 11:50:33 - enhanced_integrated_monitor - INFO - 📊 Generated report: 0 total jobs, 0 jobs extracted
2025-08-01 11:50:33 - enhanced_integrated_monitor - WARNING - ⚠️ Could not find clear filter button, filter may still be active
2025-08-01 11:50:33 - enhanced_integrated_monitor - INFO - ✅ Completed processing for city: North Pekin, IL
2025-08-01 11:50:34 - enhanced_integrated_monitor - INFO - 🏙️ Processing city 4/24: Missoula, MT
2025-08-01 11:50:34 - enhanced_integrated_monitor - INFO - 🔧 Applying city filter: Missoula, MT
2025-08-01 11:50:34 - job_components - INFO - Applying filters: ['cities']
2025-08-01 11:50:34 - job_components - INFO - 🔍 Checking for guided search modal...
2025-08-01 11:50:34 - job_components - INFO - No guided search modal found - proceeding normally
2025-08-01 11:50:34 - job_components - INFO - ❌ No filters panel detected as open
2025-08-01 11:50:34 - job_components - ERROR - Could not open filters panel with any selector
2025-08-01 11:50:34 - job_components - WARNING - Filters panel failed to open, trying fallback city search
2025-08-01 11:50:34 - job_components - INFO - 🔍 Fallback: Searching for city using main search field: Missoula, MT
2025-08-01 11:50:34 - job_components - ERROR - ❌ Could not find main search input field with any selector
2025-08-01 11:50:34 - enhanced_integrated_monitor - WARNING - ⚠️ City filter may not have been applied: Missoula, MT
2025-08-01 11:50:34 - job_components - INFO - Extracting all job information
2025-08-01 11:50:34 - job_components - ERROR - Error extracting job count: Message: Active window was already closed!

2025-08-01 11:50:34 - job_components - INFO - Total jobs found: 0
2025-08-01 11:50:34 - job_components - ERROR - Error extracting job details: Message: Active window was already closed!

2025-08-01 11:50:34 - job_components - INFO - Successfully extracted details for 0 jobs
2025-08-01 11:50:34 - job_components - INFO - Job extraction complete: 0 jobs, 0 total shifts
2025-08-01 11:50:34 - enhanced_integrated_monitor - INFO - 📊 Generated report: 0 total jobs, 0 jobs extracted
2025-08-01 11:50:34 - enhanced_integrated_monitor - WARNING - ⚠️ Could not find clear filter button, filter may still be active
2025-08-01 11:50:34 - enhanced_integrated_monitor - INFO - ✅ Completed processing for city: Missoula, MT
2025-08-01 11:50:34 - enhanced_integrated_monitor - INFO - 🏙️ Processing city 5/24: Ashland, MO
2025-08-01 11:50:34 - enhanced_integrated_monitor - INFO - 🔧 Applying city filter: Ashland, MO
2025-08-01 11:50:34 - job_components - INFO - Applying filters: ['cities']
2025-08-01 11:50:34 - job_components - INFO - 🔍 Checking for guided search modal...
2025-08-01 11:50:34 - job_components - INFO - No guided search modal found - proceeding normally
2025-08-01 11:50:34 - job_components - INFO - ❌ No filters panel detected as open
2025-08-01 11:50:34 - job_components - ERROR - Could not open filters panel with any selector
2025-08-01 11:50:34 - job_components - WARNING - Filters panel failed to open, trying fallback city search
2025-08-01 11:50:34 - job_components - INFO - 🔍 Fallback: Searching for city using main search field: Ashland, MO
2025-08-01 11:50:34 - job_components - ERROR - ❌ Could not find main search input field with any selector
2025-08-01 11:50:34 - enhanced_integrated_monitor - WARNING - ⚠️ City filter may not have been applied: Ashland, MO
2025-08-01 11:50:34 - job_components - INFO - Extracting all job information
2025-08-01 11:50:34 - job_components - ERROR - Error extracting job count: Message: Active window was already closed!

2025-08-01 11:50:34 - job_components - INFO - Total jobs found: 0
2025-08-01 11:50:34 - job_components - ERROR - Error extracting job details: Message: Active window was already closed!

2025-08-01 11:50:34 - job_components - INFO - Successfully extracted details for 0 jobs
2025-08-01 11:50:34 - job_components - INFO - Job extraction complete: 0 jobs, 0 total shifts
2025-08-01 11:50:34 - enhanced_integrated_monitor - INFO - 📊 Generated report: 0 total jobs, 0 jobs extracted
2025-08-01 11:50:34 - enhanced_integrated_monitor - WARNING - ⚠️ Could not find clear filter button, filter may still be active
2025-08-01 11:50:34 - enhanced_integrated_monitor - INFO - ✅ Completed processing for city: Ashland, MO
2025-08-01 11:50:35 - enhanced_integrated_monitor - INFO - 🏙️ Processing city 6/24: Gypsum, CO
2025-08-01 11:50:35 - enhanced_integrated_monitor - INFO - 🔧 Applying city filter: Gypsum, CO
2025-08-01 11:50:35 - job_components - INFO - Applying filters: ['cities']
2025-08-01 11:50:35 - job_components - INFO - 🔍 Checking for guided search modal...
2025-08-01 11:50:35 - job_components - INFO - No guided search modal found - proceeding normally
2025-08-01 11:50:35 - job_components - INFO - ❌ No filters panel detected as open
2025-08-01 11:50:35 - job_components - ERROR - Could not open filters panel with any selector
2025-08-01 11:50:35 - job_components - WARNING - Filters panel failed to open, trying fallback city search
2025-08-01 11:50:35 - job_components - INFO - 🔍 Fallback: Searching for city using main search field: Gypsum, CO
2025-08-01 11:50:35 - job_components - ERROR - ❌ Could not find main search input field with any selector
2025-08-01 11:50:35 - enhanced_integrated_monitor - WARNING - ⚠️ City filter may not have been applied: Gypsum, CO
2025-08-01 11:50:35 - job_components - INFO - Extracting all job information
2025-08-01 11:50:35 - job_components - ERROR - Error extracting job count: Message: Active window was already closed!

2025-08-01 11:50:35 - job_components - INFO - Total jobs found: 0
2025-08-01 11:50:35 - job_components - ERROR - Error extracting job details: Message: Active window was already closed!

2025-08-01 11:50:35 - job_components - INFO - Successfully extracted details for 0 jobs
2025-08-01 11:50:35 - job_components - INFO - Job extraction complete: 0 jobs, 0 total shifts
2025-08-01 11:50:35 - enhanced_integrated_monitor - INFO - 📊 Generated report: 0 total jobs, 0 jobs extracted
2025-08-01 11:50:35 - enhanced_integrated_monitor - WARNING - ⚠️ Could not find clear filter button, filter may still be active
2025-08-01 11:50:35 - enhanced_integrated_monitor - INFO - ✅ Completed processing for city: Gypsum, CO
2025-08-01 11:50:35 - enhanced_integrated_monitor - INFO - 🏙️ Processing city 7/24: Belgrade, MT
2025-08-01 11:50:35 - enhanced_integrated_monitor - INFO - 🔧 Applying city filter: Belgrade, MT
2025-08-01 11:50:35 - job_components - INFO - Applying filters: ['cities']
2025-08-01 11:50:35 - job_components - INFO - 🔍 Checking for guided search modal...
2025-08-01 11:50:36 - job_components - INFO - No guided search modal found - proceeding normally
2025-08-01 11:50:36 - job_components - INFO - ❌ No filters panel detected as open
2025-08-01 11:50:36 - job_components - ERROR - Could not open filters panel with any selector
2025-08-01 11:50:36 - job_components - WARNING - Filters panel failed to open, trying fallback city search
2025-08-01 11:50:36 - job_components - INFO - 🔍 Fallback: Searching for city using main search field: Belgrade, MT
2025-08-01 11:50:36 - job_components - ERROR - ❌ Could not find main search input field with any selector
2025-08-01 11:50:36 - enhanced_integrated_monitor - WARNING - ⚠️ City filter may not have been applied: Belgrade, MT
2025-08-01 11:50:36 - job_components - INFO - Extracting all job information
2025-08-01 11:50:36 - job_components - ERROR - Error extracting job count: Message: Active window was already closed!

2025-08-01 11:50:36 - job_components - INFO - Total jobs found: 0
2025-08-01 11:50:36 - job_components - ERROR - Error extracting job details: Message: Active window was already closed!

2025-08-01 11:50:36 - job_components - INFO - Successfully extracted details for 0 jobs
2025-08-01 11:50:36 - job_components - INFO - Job extraction complete: 0 jobs, 0 total shifts
2025-08-01 11:50:36 - enhanced_integrated_monitor - INFO - 📊 Generated report: 0 total jobs, 0 jobs extracted
2025-08-01 11:50:36 - enhanced_integrated_monitor - WARNING - ⚠️ Could not find clear filter button, filter may still be active
2025-08-01 11:50:36 - enhanced_integrated_monitor - INFO - ✅ Completed processing for city: Belgrade, MT
2025-08-01 11:50:36 - enhanced_integrated_monitor - INFO - 🏙️ Processing city 8/24: Basalt, CO
2025-08-01 11:50:36 - enhanced_integrated_monitor - INFO - 🔧 Applying city filter: Basalt, CO
2025-08-01 11:50:36 - job_components - INFO - Applying filters: ['cities']
2025-08-01 11:50:36 - job_components - INFO - 🔍 Checking for guided search modal...
2025-08-01 11:50:36 - job_components - INFO - No guided search modal found - proceeding normally
2025-08-01 11:50:36 - job_components - INFO - ❌ No filters panel detected as open
2025-08-01 11:50:36 - job_components - ERROR - Could not open filters panel with any selector
2025-08-01 11:50:36 - job_components - WARNING - Filters panel failed to open, trying fallback city search
2025-08-01 11:50:36 - job_components - INFO - 🔍 Fallback: Searching for city using main search field: Basalt, CO
2025-08-01 11:50:36 - job_components - ERROR - ❌ Could not find main search input field with any selector
2025-08-01 11:50:36 - enhanced_integrated_monitor - WARNING - ⚠️ City filter may not have been applied: Basalt, CO
2025-08-01 11:50:36 - job_components - INFO - Extracting all job information
2025-08-01 11:50:36 - job_components - ERROR - Error extracting job count: Message: Active window was already closed!

2025-08-01 11:50:36 - job_components - INFO - Total jobs found: 0
2025-08-01 11:50:36 - job_components - ERROR - Error extracting job details: Message: Active window was already closed!

2025-08-01 11:50:36 - job_components - INFO - Successfully extracted details for 0 jobs
2025-08-01 11:50:36 - job_components - INFO - Job extraction complete: 0 jobs, 0 total shifts
2025-08-01 11:50:36 - enhanced_integrated_monitor - INFO - 📊 Generated report: 0 total jobs, 0 jobs extracted
2025-08-01 11:50:36 - enhanced_integrated_monitor - WARNING - ⚠️ Could not find clear filter button, filter may still be active
2025-08-01 11:50:36 - enhanced_integrated_monitor - INFO - ✅ Completed processing for city: Basalt, CO
2025-08-01 11:50:37 - enhanced_integrated_monitor - INFO - 🏙️ Processing city 9/24: Ottawa, IL
2025-08-01 11:50:37 - enhanced_integrated_monitor - INFO - 🔧 Applying city filter: Ottawa, IL
2025-08-01 11:50:37 - job_components - INFO - Applying filters: ['cities']
2025-08-01 11:50:37 - job_components - INFO - 🔍 Checking for guided search modal...
2025-08-01 11:50:37 - job_components - INFO - No guided search modal found - proceeding normally
2025-08-01 11:50:37 - job_components - INFO - ❌ No filters panel detected as open
2025-08-01 11:50:37 - job_components - ERROR - Could not open filters panel with any selector
2025-08-01 11:50:37 - job_components - WARNING - Filters panel failed to open, trying fallback city search
2025-08-01 11:50:37 - job_components - INFO - 🔍 Fallback: Searching for city using main search field: Ottawa, IL
2025-08-01 11:50:37 - job_components - ERROR - ❌ Could not find main search input field with any selector
2025-08-01 11:50:37 - enhanced_integrated_monitor - WARNING - ⚠️ City filter may not have been applied: Ottawa, IL
2025-08-01 11:50:37 - job_components - INFO - Extracting all job information
2025-08-01 11:50:37 - job_components - ERROR - Error extracting job count: Message: Active window was already closed!

2025-08-01 11:50:37 - job_components - INFO - Total jobs found: 0
2025-08-01 11:50:37 - job_components - ERROR - Error extracting job details: Message: Active window was already closed!

2025-08-01 11:50:37 - job_components - INFO - Successfully extracted details for 0 jobs
2025-08-01 11:50:37 - job_components - INFO - Job extraction complete: 0 jobs, 0 total shifts
2025-08-01 11:50:37 - enhanced_integrated_monitor - INFO - 📊 Generated report: 0 total jobs, 0 jobs extracted
2025-08-01 11:50:37 - enhanced_integrated_monitor - WARNING - ⚠️ Could not find clear filter button, filter may still be active
2025-08-01 11:50:37 - enhanced_integrated_monitor - INFO - ✅ Completed processing for city: Ottawa, IL
2025-08-01 11:50:37 - enhanced_integrated_monitor - INFO - 🏙️ Processing city 10/24: Tillamook, OR
2025-08-01 11:50:37 - enhanced_integrated_monitor - INFO - 🔧 Applying city filter: Tillamook, OR
2025-08-01 11:50:37 - job_components - INFO - Applying filters: ['cities']
2025-08-01 11:50:37 - job_components - INFO - 🔍 Checking for guided search modal...
2025-08-01 11:50:37 - job_components - INFO - No guided search modal found - proceeding normally
2025-08-01 11:50:37 - job_components - INFO - ❌ No filters panel detected as open
2025-08-01 11:50:37 - job_components - ERROR - Could not open filters panel with any selector
2025-08-01 11:50:37 - job_components - WARNING - Filters panel failed to open, trying fallback city search
2025-08-01 11:50:37 - job_components - INFO - 🔍 Fallback: Searching for city using main search field: Tillamook, OR
2025-08-01 11:50:37 - job_components - ERROR - ❌ Could not find main search input field with any selector
2025-08-01 11:50:37 - enhanced_integrated_monitor - WARNING - ⚠️ City filter may not have been applied: Tillamook, OR
2025-08-01 11:50:37 - job_components - INFO - Extracting all job information
2025-08-01 11:50:37 - job_components - ERROR - Error extracting job count: Message: Active window was already closed!

2025-08-01 11:50:37 - job_components - INFO - Total jobs found: 0
2025-08-01 11:50:37 - job_components - ERROR - Error extracting job details: Message: Active window was already closed!

2025-08-01 11:50:37 - job_components - INFO - Successfully extracted details for 0 jobs
2025-08-01 11:50:37 - job_components - INFO - Job extraction complete: 0 jobs, 0 total shifts
2025-08-01 11:50:37 - enhanced_integrated_monitor - INFO - 📊 Generated report: 0 total jobs, 0 jobs extracted
2025-08-01 11:50:37 - enhanced_integrated_monitor - WARNING - ⚠️ Could not find clear filter button, filter may still be active
2025-08-01 11:50:37 - enhanced_integrated_monitor - INFO - ✅ Completed processing for city: Tillamook, OR
2025-08-01 11:50:38 - enhanced_integrated_monitor - INFO - 🏙️ Processing city 11/24: Jackson, WY
2025-08-01 11:50:38 - enhanced_integrated_monitor - INFO - 🔧 Applying city filter: Jackson, WY
2025-08-01 11:50:38 - job_components - INFO - Applying filters: ['cities']
2025-08-01 11:50:38 - job_components - INFO - 🔍 Checking for guided search modal...
2025-08-01 11:50:38 - job_components - INFO - No guided search modal found - proceeding normally
2025-08-01 11:50:38 - job_components - INFO - ❌ No filters panel detected as open
2025-08-01 11:50:38 - job_components - ERROR - Could not open filters panel with any selector
2025-08-01 11:50:38 - job_components - WARNING - Filters panel failed to open, trying fallback city search
2025-08-01 11:50:38 - job_components - INFO - 🔍 Fallback: Searching for city using main search field: Jackson, WY
2025-08-01 11:50:38 - job_components - ERROR - ❌ Could not find main search input field with any selector
2025-08-01 11:50:38 - enhanced_integrated_monitor - WARNING - ⚠️ City filter may not have been applied: Jackson, WY
2025-08-01 11:50:38 - job_components - INFO - Extracting all job information
2025-08-01 11:50:38 - job_components - ERROR - Error extracting job count: Message: Active window was already closed!

2025-08-01 11:50:38 - job_components - INFO - Total jobs found: 0
2025-08-01 11:50:38 - job_components - ERROR - Error extracting job details: Message: Active window was already closed!

2025-08-01 11:50:38 - job_components - INFO - Successfully extracted details for 0 jobs
2025-08-01 11:50:38 - job_components - INFO - Job extraction complete: 0 jobs, 0 total shifts
2025-08-01 11:50:38 - enhanced_integrated_monitor - INFO - 📊 Generated report: 0 total jobs, 0 jobs extracted
2025-08-01 11:50:38 - enhanced_integrated_monitor - WARNING - ⚠️ Could not find clear filter button, filter may still be active
2025-08-01 11:50:38 - enhanced_integrated_monitor - INFO - ✅ Completed processing for city: Jackson, WY
2025-08-01 11:50:38 - enhanced_integrated_monitor - INFO - 🏙️ Processing city 12/24: Weston, WI
2025-08-01 11:50:38 - enhanced_integrated_monitor - INFO - 🔧 Applying city filter: Weston, WI
2025-08-01 11:50:38 - job_components - INFO - Applying filters: ['cities']
2025-08-01 11:50:38 - job_components - INFO - 🔍 Checking for guided search modal...
2025-08-01 11:50:38 - job_components - INFO - No guided search modal found - proceeding normally
2025-08-01 11:50:38 - job_components - INFO - ❌ No filters panel detected as open
2025-08-01 11:50:38 - job_components - ERROR - Could not open filters panel with any selector
2025-08-01 11:50:38 - job_components - WARNING - Filters panel failed to open, trying fallback city search
2025-08-01 11:50:38 - job_components - INFO - 🔍 Fallback: Searching for city using main search field: Weston, WI
2025-08-01 11:50:38 - job_components - ERROR - ❌ Could not find main search input field with any selector
2025-08-01 11:50:38 - enhanced_integrated_monitor - WARNING - ⚠️ City filter may not have been applied: Weston, WI
2025-08-01 11:50:38 - job_components - INFO - Extracting all job information
2025-08-01 11:50:38 - job_components - ERROR - Error extracting job count: Message: Active window was already closed!

2025-08-01 11:50:38 - job_components - INFO - Total jobs found: 0
2025-08-01 11:50:38 - job_components - ERROR - Error extracting job details: Message: Active window was already closed!

2025-08-01 11:50:38 - job_components - INFO - Successfully extracted details for 0 jobs
2025-08-01 11:50:38 - job_components - INFO - Job extraction complete: 0 jobs, 0 total shifts
2025-08-01 11:50:38 - enhanced_integrated_monitor - INFO - 📊 Generated report: 0 total jobs, 0 jobs extracted
2025-08-01 11:50:38 - enhanced_integrated_monitor - WARNING - ⚠️ Could not find clear filter button, filter may still be active
2025-08-01 11:50:38 - enhanced_integrated_monitor - INFO - ✅ Completed processing for city: Weston, WI
2025-08-01 11:50:39 - enhanced_integrated_monitor - INFO - 🏙️ Processing city 13/24: Capitola, CA
2025-08-01 11:50:39 - enhanced_integrated_monitor - INFO - 🔧 Applying city filter: Capitola, CA
2025-08-01 11:50:39 - job_components - INFO - Applying filters: ['cities']
2025-08-01 11:50:39 - job_components - INFO - 🔍 Checking for guided search modal...
2025-08-01 11:50:39 - job_components - INFO - No guided search modal found - proceeding normally
2025-08-01 11:50:39 - job_components - INFO - ❌ No filters panel detected as open
2025-08-01 11:50:39 - job_components - ERROR - Could not open filters panel with any selector
2025-08-01 11:50:39 - job_components - WARNING - Filters panel failed to open, trying fallback city search
2025-08-01 11:50:39 - job_components - INFO - 🔍 Fallback: Searching for city using main search field: Capitola, CA
2025-08-01 11:50:39 - job_components - ERROR - ❌ Could not find main search input field with any selector
2025-08-01 11:50:39 - enhanced_integrated_monitor - WARNING - ⚠️ City filter may not have been applied: Capitola, CA
2025-08-01 11:50:39 - job_components - INFO - Extracting all job information
2025-08-01 11:50:39 - job_components - ERROR - Error extracting job count: Message: Active window was already closed!

2025-08-01 11:50:39 - job_components - INFO - Total jobs found: 0
2025-08-01 11:50:39 - job_components - ERROR - Error extracting job details: Message: Active window was already closed!

2025-08-01 11:50:39 - job_components - INFO - Successfully extracted details for 0 jobs
2025-08-01 11:50:39 - job_components - INFO - Job extraction complete: 0 jobs, 0 total shifts
2025-08-01 11:50:39 - enhanced_integrated_monitor - INFO - 📊 Generated report: 0 total jobs, 0 jobs extracted
2025-08-01 11:50:39 - enhanced_integrated_monitor - WARNING - ⚠️ Could not find clear filter button, filter may still be active
2025-08-01 11:50:39 - enhanced_integrated_monitor - INFO - ✅ Completed processing for city: Capitola, CA
2025-08-01 11:50:39 - enhanced_integrated_monitor - INFO - 🏙️ Processing city 14/24: Bend, OR
2025-08-01 11:50:39 - enhanced_integrated_monitor - INFO - 🔧 Applying city filter: Bend, OR
2025-08-01 11:50:39 - job_components - INFO - Applying filters: ['cities']
2025-08-01 11:50:39 - job_components - INFO - 🔍 Checking for guided search modal...
2025-08-01 11:50:39 - job_components - INFO - No guided search modal found - proceeding normally
2025-08-01 11:50:39 - job_components - INFO - ❌ No filters panel detected as open
2025-08-01 11:50:39 - job_components - ERROR - Could not open filters panel with any selector
2025-08-01 11:50:39 - job_components - WARNING - Filters panel failed to open, trying fallback city search
2025-08-01 11:50:39 - job_components - INFO - 🔍 Fallback: Searching for city using main search field: Bend, OR
2025-08-01 11:50:39 - job_components - ERROR - ❌ Could not find main search input field with any selector
2025-08-01 11:50:39 - enhanced_integrated_monitor - WARNING - ⚠️ City filter may not have been applied: Bend, OR
2025-08-01 11:50:39 - job_components - INFO - Extracting all job information
2025-08-01 11:50:39 - job_components - ERROR - Error extracting job count: Message: Active window was already closed!

2025-08-01 11:50:39 - job_components - INFO - Total jobs found: 0
2025-08-01 11:50:39 - job_components - ERROR - Error extracting job details: Message: Active window was already closed!

2025-08-01 11:50:39 - job_components - INFO - Successfully extracted details for 0 jobs
2025-08-01 11:50:39 - job_components - INFO - Job extraction complete: 0 jobs, 0 total shifts
2025-08-01 11:50:39 - enhanced_integrated_monitor - INFO - 📊 Generated report: 0 total jobs, 0 jobs extracted
2025-08-01 11:50:39 - enhanced_integrated_monitor - WARNING - ⚠️ Could not find clear filter button, filter may still be active
2025-08-01 11:50:39 - enhanced_integrated_monitor - INFO - ✅ Completed processing for city: Bend, OR
2025-08-01 11:50:40 - enhanced_integrated_monitor - INFO - 🏙️ Processing city 15/24: La Crosse, WI
2025-08-01 11:50:40 - enhanced_integrated_monitor - INFO - 🔧 Applying city filter: La Crosse, WI
2025-08-01 11:50:40 - job_components - INFO - Applying filters: ['cities']
2025-08-01 11:50:40 - job_components - INFO - 🔍 Checking for guided search modal...
2025-08-01 11:50:40 - job_components - INFO - No guided search modal found - proceeding normally
2025-08-01 11:50:40 - job_components - INFO - ❌ No filters panel detected as open
2025-08-01 11:50:40 - job_components - ERROR - Could not open filters panel with any selector
2025-08-01 11:50:40 - job_components - WARNING - Filters panel failed to open, trying fallback city search
2025-08-01 11:50:40 - job_components - INFO - 🔍 Fallback: Searching for city using main search field: La Crosse, WI
2025-08-01 11:50:40 - job_components - ERROR - ❌ Could not find main search input field with any selector
2025-08-01 11:50:40 - enhanced_integrated_monitor - WARNING - ⚠️ City filter may not have been applied: La Crosse, WI
2025-08-01 11:50:40 - job_components - INFO - Extracting all job information
2025-08-01 11:50:40 - job_components - ERROR - Error extracting job count: Message: Active window was already closed!

2025-08-01 11:50:40 - job_components - INFO - Total jobs found: 0
2025-08-01 11:50:40 - job_components - ERROR - Error extracting job details: Message: Active window was already closed!

2025-08-01 11:50:40 - job_components - INFO - Successfully extracted details for 0 jobs
2025-08-01 11:50:40 - job_components - INFO - Job extraction complete: 0 jobs, 0 total shifts
2025-08-01 11:50:40 - enhanced_integrated_monitor - INFO - 📊 Generated report: 0 total jobs, 0 jobs extracted
2025-08-01 11:50:40 - enhanced_integrated_monitor - WARNING - ⚠️ Could not find clear filter button, filter may still be active
2025-08-01 11:50:40 - enhanced_integrated_monitor - INFO - ✅ Completed processing for city: La Crosse, WI
2025-08-01 11:50:40 - enhanced_integrated_monitor - INFO - 🏙️ Processing city 16/24: Jerome, ID
2025-08-01 11:50:40 - enhanced_integrated_monitor - INFO - 🔧 Applying city filter: Jerome, ID
2025-08-01 11:50:40 - job_components - INFO - Applying filters: ['cities']
2025-08-01 11:50:40 - job_components - INFO - 🔍 Checking for guided search modal...
2025-08-01 11:50:40 - job_components - INFO - No guided search modal found - proceeding normally
2025-08-01 11:50:40 - job_components - INFO - ❌ No filters panel detected as open
2025-08-01 11:50:40 - job_components - ERROR - Could not open filters panel with any selector
2025-08-01 11:50:40 - job_components - WARNING - Filters panel failed to open, trying fallback city search
2025-08-01 11:50:40 - job_components - INFO - 🔍 Fallback: Searching for city using main search field: Jerome, ID
2025-08-01 11:50:40 - job_components - ERROR - ❌ Could not find main search input field with any selector
2025-08-01 11:50:40 - enhanced_integrated_monitor - WARNING - ⚠️ City filter may not have been applied: Jerome, ID
2025-08-01 11:50:40 - job_components - INFO - Extracting all job information
2025-08-01 11:50:40 - job_components - ERROR - Error extracting job count: Message: Active window was already closed!

2025-08-01 11:50:40 - job_components - INFO - Total jobs found: 0
2025-08-01 11:50:40 - job_components - ERROR - Error extracting job details: Message: Active window was already closed!

2025-08-01 11:50:40 - job_components - INFO - Successfully extracted details for 0 jobs
2025-08-01 11:50:40 - job_components - INFO - Job extraction complete: 0 jobs, 0 total shifts
2025-08-01 11:50:40 - enhanced_integrated_monitor - INFO - 📊 Generated report: 0 total jobs, 0 jobs extracted
2025-08-01 11:50:40 - enhanced_integrated_monitor - WARNING - ⚠️ Could not find clear filter button, filter may still be active
2025-08-01 11:50:40 - enhanced_integrated_monitor - INFO - ✅ Completed processing for city: Jerome, ID
2025-08-01 11:50:41 - enhanced_integrated_monitor - INFO - 🏙️ Processing city 17/24: Gaylord, MI
2025-08-01 11:50:41 - enhanced_integrated_monitor - INFO - 🔧 Applying city filter: Gaylord, MI
2025-08-01 11:50:41 - job_components - INFO - Applying filters: ['cities']
2025-08-01 11:50:41 - job_components - INFO - 🔍 Checking for guided search modal...
2025-08-01 11:50:41 - job_components - INFO - No guided search modal found - proceeding normally
2025-08-01 11:50:41 - job_components - INFO - ❌ No filters panel detected as open
2025-08-01 11:50:41 - job_components - ERROR - Could not open filters panel with any selector
2025-08-01 11:50:41 - job_components - WARNING - Filters panel failed to open, trying fallback city search
2025-08-01 11:50:41 - job_components - INFO - 🔍 Fallback: Searching for city using main search field: Gaylord, MI
2025-08-01 11:50:41 - job_components - ERROR - ❌ Could not find main search input field with any selector
2025-08-01 11:50:41 - enhanced_integrated_monitor - WARNING - ⚠️ City filter may not have been applied: Gaylord, MI
2025-08-01 11:50:41 - job_components - INFO - Extracting all job information
2025-08-01 11:50:41 - job_components - ERROR - Error extracting job count: Message: Active window was already closed!

2025-08-01 11:50:41 - job_components - INFO - Total jobs found: 0
2025-08-01 11:50:41 - job_components - ERROR - Error extracting job details: Message: Active window was already closed!

2025-08-01 11:50:41 - job_components - INFO - Successfully extracted details for 0 jobs
2025-08-01 11:50:41 - job_components - INFO - Job extraction complete: 0 jobs, 0 total shifts
2025-08-01 11:50:41 - enhanced_integrated_monitor - INFO - 📊 Generated report: 0 total jobs, 0 jobs extracted
2025-08-01 11:50:41 - enhanced_integrated_monitor - WARNING - ⚠️ Could not find clear filter button, filter may still be active
2025-08-01 11:50:41 - enhanced_integrated_monitor - INFO - ✅ Completed processing for city: Gaylord, MI
2025-08-01 11:50:41 - enhanced_integrated_monitor - INFO - 🏙️ Processing city 18/24: Traverse City, MI
2025-08-01 11:50:41 - enhanced_integrated_monitor - INFO - 🔧 Applying city filter: Traverse City, MI
2025-08-01 11:50:41 - job_components - INFO - Applying filters: ['cities']
2025-08-01 11:50:41 - job_components - INFO - 🔍 Checking for guided search modal...
2025-08-01 11:50:41 - job_components - INFO - No guided search modal found - proceeding normally
2025-08-01 11:50:42 - job_components - INFO - ❌ No filters panel detected as open
2025-08-01 11:50:42 - job_components - ERROR - Could not open filters panel with any selector
2025-08-01 11:50:42 - job_components - WARNING - Filters panel failed to open, trying fallback city search
2025-08-01 11:50:42 - job_components - INFO - 🔍 Fallback: Searching for city using main search field: Traverse City, MI
2025-08-01 11:50:42 - job_components - ERROR - ❌ Could not find main search input field with any selector
2025-08-01 11:50:42 - enhanced_integrated_monitor - WARNING - ⚠️ City filter may not have been applied: Traverse City, MI
2025-08-01 11:50:42 - job_components - INFO - Extracting all job information
2025-08-01 11:50:42 - job_components - ERROR - Error extracting job count: Message: Active window was already closed!

2025-08-01 11:50:42 - job_components - INFO - Total jobs found: 0
2025-08-01 11:50:42 - job_components - ERROR - Error extracting job details: Message: Active window was already closed!

2025-08-01 11:50:42 - job_components - INFO - Successfully extracted details for 0 jobs
2025-08-01 11:50:42 - job_components - INFO - Job extraction complete: 0 jobs, 0 total shifts
2025-08-01 11:50:42 - enhanced_integrated_monitor - INFO - 📊 Generated report: 0 total jobs, 0 jobs extracted
2025-08-01 11:50:42 - enhanced_integrated_monitor - WARNING - ⚠️ Could not find clear filter button, filter may still be active
2025-08-01 11:50:42 - enhanced_integrated_monitor - INFO - ✅ Completed processing for city: Traverse City, MI
2025-08-01 11:50:42 - enhanced_integrated_monitor - INFO - 🏙️ Processing city 19/24: Richfield, UT
2025-08-01 11:50:42 - enhanced_integrated_monitor - INFO - 🔧 Applying city filter: Richfield, UT
2025-08-01 11:50:42 - job_components - INFO - Applying filters: ['cities']
2025-08-01 11:50:42 - job_components - INFO - 🔍 Checking for guided search modal...
2025-08-01 11:50:42 - job_components - INFO - No guided search modal found - proceeding normally
2025-08-01 11:50:42 - job_components - INFO - ❌ No filters panel detected as open
2025-08-01 11:50:42 - job_components - ERROR - Could not open filters panel with any selector
2025-08-01 11:50:42 - job_components - WARNING - Filters panel failed to open, trying fallback city search
2025-08-01 11:50:42 - job_components - INFO - 🔍 Fallback: Searching for city using main search field: Richfield, UT
2025-08-01 11:50:42 - job_components - ERROR - ❌ Could not find main search input field with any selector
2025-08-01 11:50:42 - enhanced_integrated_monitor - WARNING - ⚠️ City filter may not have been applied: Richfield, UT
2025-08-01 11:50:42 - job_components - INFO - Extracting all job information
2025-08-01 11:50:42 - job_components - ERROR - Error extracting job count: Message: Active window was already closed!

2025-08-01 11:50:42 - job_components - INFO - Total jobs found: 0
2025-08-01 11:50:42 - job_components - ERROR - Error extracting job details: Message: Active window was already closed!

2025-08-01 11:50:42 - job_components - INFO - Successfully extracted details for 0 jobs
2025-08-01 11:50:42 - job_components - INFO - Job extraction complete: 0 jobs, 0 total shifts
2025-08-01 11:50:42 - enhanced_integrated_monitor - INFO - 📊 Generated report: 0 total jobs, 0 jobs extracted
2025-08-01 11:50:42 - enhanced_integrated_monitor - WARNING - ⚠️ Could not find clear filter button, filter may still be active
2025-08-01 11:50:42 - enhanced_integrated_monitor - INFO - ✅ Completed processing for city: Richfield, UT
2025-08-01 11:50:43 - enhanced_integrated_monitor - INFO - 🏙️ Processing city 20/24: Caribou, ME
2025-08-01 11:50:43 - enhanced_integrated_monitor - INFO - 🔧 Applying city filter: Caribou, ME
2025-08-01 11:50:43 - job_components - INFO - Applying filters: ['cities']
2025-08-01 11:50:43 - job_components - INFO - 🔍 Checking for guided search modal...
2025-08-01 11:50:43 - job_components - INFO - No guided search modal found - proceeding normally
2025-08-01 11:50:43 - job_components - INFO - ❌ No filters panel detected as open
2025-08-01 11:50:43 - job_components - ERROR - Could not open filters panel with any selector
2025-08-01 11:50:43 - job_components - WARNING - Filters panel failed to open, trying fallback city search
2025-08-01 11:50:43 - job_components - INFO - 🔍 Fallback: Searching for city using main search field: Caribou, ME
2025-08-01 11:50:43 - job_components - ERROR - ❌ Could not find main search input field with any selector
2025-08-01 11:50:43 - enhanced_integrated_monitor - WARNING - ⚠️ City filter may not have been applied: Caribou, ME
2025-08-01 11:50:43 - job_components - INFO - Extracting all job information
2025-08-01 11:50:43 - job_components - ERROR - Error extracting job count: Message: Active window was already closed!

2025-08-01 11:50:43 - job_components - INFO - Total jobs found: 0
2025-08-01 11:50:43 - job_components - ERROR - Error extracting job details: Message: Active window was already closed!

2025-08-01 11:50:43 - job_components - INFO - Successfully extracted details for 0 jobs
2025-08-01 11:50:43 - job_components - INFO - Job extraction complete: 0 jobs, 0 total shifts
2025-08-01 11:50:43 - enhanced_integrated_monitor - INFO - 📊 Generated report: 0 total jobs, 0 jobs extracted
2025-08-01 11:50:43 - enhanced_integrated_monitor - WARNING - ⚠️ Could not find clear filter button, filter may still be active
2025-08-01 11:50:43 - enhanced_integrated_monitor - INFO - ✅ Completed processing for city: Caribou, ME
2025-08-01 11:50:43 - enhanced_integrated_monitor - INFO - 🏙️ Processing city 21/24: Kahului, HI
2025-08-01 11:50:43 - enhanced_integrated_monitor - INFO - 🔧 Applying city filter: Kahului, HI
2025-08-01 11:50:43 - job_components - INFO - Applying filters: ['cities']
2025-08-01 11:50:43 - job_components - INFO - 🔍 Checking for guided search modal...
2025-08-01 11:50:43 - job_components - INFO - No guided search modal found - proceeding normally
2025-08-01 11:50:43 - job_components - INFO - ❌ No filters panel detected as open
2025-08-01 11:50:43 - job_components - ERROR - Could not open filters panel with any selector
2025-08-01 11:50:43 - job_components - WARNING - Filters panel failed to open, trying fallback city search
2025-08-01 11:50:43 - job_components - INFO - 🔍 Fallback: Searching for city using main search field: Kahului, HI
2025-08-01 11:50:43 - job_components - ERROR - ❌ Could not find main search input field with any selector
2025-08-01 11:50:43 - enhanced_integrated_monitor - WARNING - ⚠️ City filter may not have been applied: Kahului, HI
2025-08-01 11:50:43 - job_components - INFO - Extracting all job information
2025-08-01 11:50:43 - job_components - ERROR - Error extracting job count: Message: Active window was already closed!

2025-08-01 11:50:43 - job_components - INFO - Total jobs found: 0
2025-08-01 11:50:43 - job_components - ERROR - Error extracting job details: Message: Active window was already closed!

2025-08-01 11:50:43 - job_components - INFO - Successfully extracted details for 0 jobs
2025-08-01 11:50:43 - job_components - INFO - Job extraction complete: 0 jobs, 0 total shifts
2025-08-01 11:50:43 - enhanced_integrated_monitor - INFO - 📊 Generated report: 0 total jobs, 0 jobs extracted
2025-08-01 11:50:43 - enhanced_integrated_monitor - WARNING - ⚠️ Could not find clear filter button, filter may still be active
2025-08-01 11:50:43 - enhanced_integrated_monitor - INFO - ✅ Completed processing for city: Kahului, HI
2025-08-01 11:50:44 - enhanced_integrated_monitor - INFO - 🏙️ Processing city 22/24: Hyannis, MA
2025-08-01 11:50:44 - enhanced_integrated_monitor - INFO - 🔧 Applying city filter: Hyannis, MA
2025-08-01 11:50:44 - job_components - INFO - Applying filters: ['cities']
2025-08-01 11:50:44 - job_components - INFO - 🔍 Checking for guided search modal...
2025-08-01 11:50:44 - job_components - INFO - No guided search modal found - proceeding normally
2025-08-01 11:50:44 - job_components - INFO - ❌ No filters panel detected as open
2025-08-01 11:50:44 - job_components - ERROR - Could not open filters panel with any selector
2025-08-01 11:50:44 - job_components - WARNING - Filters panel failed to open, trying fallback city search
2025-08-01 11:50:44 - job_components - INFO - 🔍 Fallback: Searching for city using main search field: Hyannis, MA
2025-08-01 11:50:44 - job_components - ERROR - ❌ Could not find main search input field with any selector
2025-08-01 11:50:44 - enhanced_integrated_monitor - WARNING - ⚠️ City filter may not have been applied: Hyannis, MA
2025-08-01 11:50:44 - job_components - INFO - Extracting all job information
2025-08-01 11:50:44 - job_components - ERROR - Error extracting job count: Message: Active window was already closed!

2025-08-01 11:50:44 - job_components - INFO - Total jobs found: 0
2025-08-01 11:50:44 - job_components - ERROR - Error extracting job details: Message: Active window was already closed!

2025-08-01 11:50:44 - job_components - INFO - Successfully extracted details for 0 jobs
2025-08-01 11:50:44 - job_components - INFO - Job extraction complete: 0 jobs, 0 total shifts
2025-08-01 11:50:44 - enhanced_integrated_monitor - INFO - 📊 Generated report: 0 total jobs, 0 jobs extracted
2025-08-01 11:50:44 - enhanced_integrated_monitor - WARNING - ⚠️ Could not find clear filter button, filter may still be active
2025-08-01 11:50:44 - enhanced_integrated_monitor - INFO - ✅ Completed processing for city: Hyannis, MA
2025-08-01 11:50:44 - enhanced_integrated_monitor - INFO - 🏙️ Processing city 23/24: Lexington, KY
2025-08-01 11:50:44 - enhanced_integrated_monitor - INFO - 🔧 Applying city filter: Lexington, KY
2025-08-01 11:50:44 - job_components - INFO - Applying filters: ['cities']
2025-08-01 11:50:44 - job_components - INFO - 🔍 Checking for guided search modal...
2025-08-01 11:50:44 - job_components - INFO - No guided search modal found - proceeding normally
2025-08-01 11:50:44 - job_components - INFO - ❌ No filters panel detected as open
2025-08-01 11:50:44 - job_components - ERROR - Could not open filters panel with any selector
2025-08-01 11:50:44 - job_components - WARNING - Filters panel failed to open, trying fallback city search
2025-08-01 11:50:44 - job_components - INFO - 🔍 Fallback: Searching for city using main search field: Lexington, KY
2025-08-01 11:50:44 - job_components - ERROR - ❌ Could not find main search input field with any selector
2025-08-01 11:50:44 - enhanced_integrated_monitor - WARNING - ⚠️ City filter may not have been applied: Lexington, KY
2025-08-01 11:50:44 - job_components - INFO - Extracting all job information
2025-08-01 11:50:44 - job_components - ERROR - Error extracting job count: Message: Active window was already closed!

2025-08-01 11:50:44 - job_components - INFO - Total jobs found: 0
2025-08-01 11:50:44 - job_components - ERROR - Error extracting job details: Message: Active window was already closed!

2025-08-01 11:50:44 - job_components - INFO - Successfully extracted details for 0 jobs
2025-08-01 11:50:44 - job_components - INFO - Job extraction complete: 0 jobs, 0 total shifts
2025-08-01 11:50:44 - enhanced_integrated_monitor - INFO - 📊 Generated report: 0 total jobs, 0 jobs extracted
2025-08-01 11:50:44 - enhanced_integrated_monitor - WARNING - ⚠️ Could not find clear filter button, filter may still be active
2025-08-01 11:50:44 - enhanced_integrated_monitor - INFO - ✅ Completed processing for city: Lexington, KY
2025-08-01 11:50:45 - enhanced_integrated_monitor - INFO - 🏙️ Processing city 24/24: Bozeman, MT
2025-08-01 11:50:45 - enhanced_integrated_monitor - INFO - 🔧 Applying city filter: Bozeman, MT
2025-08-01 11:50:45 - job_components - INFO - Applying filters: ['cities']
2025-08-01 11:50:45 - job_components - INFO - 🔍 Checking for guided search modal...
2025-08-01 11:50:45 - job_components - INFO - No guided search modal found - proceeding normally
2025-08-01 11:50:45 - job_components - INFO - ❌ No filters panel detected as open
2025-08-01 11:50:45 - job_components - ERROR - Could not open filters panel with any selector
2025-08-01 11:50:45 - job_components - WARNING - Filters panel failed to open, trying fallback city search
2025-08-01 11:50:45 - job_components - INFO - 🔍 Fallback: Searching for city using main search field: Bozeman, MT
2025-08-01 11:50:45 - job_components - ERROR - ❌ Could not find main search input field with any selector
2025-08-01 11:50:45 - enhanced_integrated_monitor - WARNING - ⚠️ City filter may not have been applied: Bozeman, MT
2025-08-01 11:50:45 - job_components - INFO - Extracting all job information
2025-08-01 11:50:45 - job_components - ERROR - Error extracting job count: Message: Active window was already closed!

2025-08-01 11:50:45 - job_components - INFO - Total jobs found: 0
2025-08-01 11:50:45 - job_components - ERROR - Error extracting job details: Message: Active window was already closed!

2025-08-01 11:50:45 - job_components - INFO - Successfully extracted details for 0 jobs
2025-08-01 11:50:45 - job_components - INFO - Job extraction complete: 0 jobs, 0 total shifts
2025-08-01 11:50:45 - enhanced_integrated_monitor - INFO - 📊 Generated report: 0 total jobs, 0 jobs extracted
2025-08-01 11:50:45 - enhanced_integrated_monitor - WARNING - ⚠️ Could not find clear filter button, filter may still be active
2025-08-01 11:50:45 - enhanced_integrated_monitor - INFO - ✅ Completed processing for city: Bozeman, MT
2025-08-01 11:50:45 - enhanced_integrated_monitor - INFO - ✅ Completed processing all 24 cities. No bookings made.
2025-08-01 11:50:45 - enhanced_integrated_monitor - INFO - ⏰ Waiting 120s until next cycle
2025-08-01 11:52:45 - enhanced_integrated_monitor - INFO - 📊 Starting monitoring cycle 2
2025-08-01 11:52:45 - enhanced_integrated_monitor - INFO - 🔍 Attempt 1: Processing URL 1/3: https://hiring.amazon.com/app#/jobSearch
2025-08-01 11:52:45 - enhanced_integrated_monitor - ERROR - Error in attempt 1 for URL https://hiring.amazon.com/app#/jobSearch: Message: Active window was already closed!

2025-08-01 11:52:47 - enhanced_integrated_monitor - INFO - 🔍 Attempt 2: Processing URL 1/3: https://hiring.amazon.com/app#/jobSearch
2025-08-01 11:52:47 - enhanced_integrated_monitor - ERROR - Error in attempt 2 for URL https://hiring.amazon.com/app#/jobSearch: Message: Active window was already closed!

2025-08-01 11:52:49 - enhanced_integrated_monitor - INFO - 🔍 Attempt 3: Processing URL 1/3: https://hiring.amazon.com/app#/jobSearch
2025-08-01 11:52:49 - enhanced_integrated_monitor - ERROR - Error in attempt 3 for URL https://hiring.amazon.com/app#/jobSearch: Message: Active window was already closed!

2025-08-01 11:52:49 - enhanced_integrated_monitor - ERROR - All attempts failed for URL: https://hiring.amazon.com/app#/jobSearch
2025-08-01 11:52:49 - enhanced_integrated_monitor - INFO - 🔍 Attempt 1: Processing URL 2/3: https://hiring.amazon.com/app#/dashboard
2025-08-01 11:52:49 - enhanced_integrated_monitor - ERROR - Error in attempt 1 for URL https://hiring.amazon.com/app#/dashboard: Message: Active window was already closed!

2025-08-01 11:52:51 - enhanced_integrated_monitor - INFO - 🔍 Attempt 2: Processing URL 2/3: https://hiring.amazon.com/app#/dashboard
2025-08-01 11:52:51 - enhanced_integrated_monitor - ERROR - Error in attempt 2 for URL https://hiring.amazon.com/app#/dashboard: Message: Active window was already closed!

2025-08-01 11:52:53 - enhanced_integrated_monitor - INFO - 🔍 Attempt 3: Processing URL 2/3: https://hiring.amazon.com/app#/dashboard
2025-08-01 11:52:53 - enhanced_integrated_monitor - ERROR - Error in attempt 3 for URL https://hiring.amazon.com/app#/dashboard: Message: Active window was already closed!

2025-08-01 11:52:53 - enhanced_integrated_monitor - ERROR - All attempts failed for URL: https://hiring.amazon.com/app#/dashboard
2025-08-01 11:52:53 - enhanced_integrated_monitor - INFO - 🔍 Attempt 1: Processing URL 3/3: https://hiring.amazon.com/
2025-08-01 11:52:53 - enhanced_integrated_monitor - ERROR - Error in attempt 1 for URL https://hiring.amazon.com/: Message: Active window was already closed!

2025-08-01 11:52:55 - enhanced_integrated_monitor - INFO - 🔍 Attempt 2: Processing URL 3/3: https://hiring.amazon.com/
2025-08-01 11:52:55 - enhanced_integrated_monitor - ERROR - Error in attempt 2 for URL https://hiring.amazon.com/: Message: Active window was already closed!

2025-08-01 11:52:57 - enhanced_integrated_monitor - INFO - 🔍 Attempt 3: Processing URL 3/3: https://hiring.amazon.com/
2025-08-01 11:52:57 - enhanced_integrated_monitor - ERROR - Error in attempt 3 for URL https://hiring.amazon.com/: Message: Active window was already closed!

2025-08-01 11:52:57 - enhanced_integrated_monitor - ERROR - All attempts failed for URL: https://hiring.amazon.com/
2025-08-01 11:52:57 - enhanced_integrated_monitor - ERROR - All URLs and attempts failed
2025-08-01 11:52:57 - enhanced_integrated_monitor - INFO - ⏰ Waiting 120s until next cycle
2025-08-01 11:54:57 - enhanced_integrated_monitor - INFO - 📊 Starting monitoring cycle 3
2025-08-01 11:54:57 - enhanced_integrated_monitor - INFO - 🔍 Attempt 1: Processing URL 1/3: https://hiring.amazon.com/app#/jobSearch
2025-08-01 11:54:57 - enhanced_integrated_monitor - ERROR - Error in attempt 1 for URL https://hiring.amazon.com/app#/jobSearch: Message: Active window was already closed!

2025-08-01 11:54:59 - enhanced_integrated_monitor - INFO - 🔍 Attempt 2: Processing URL 1/3: https://hiring.amazon.com/app#/jobSearch
2025-08-01 11:54:59 - enhanced_integrated_monitor - ERROR - Error in attempt 2 for URL https://hiring.amazon.com/app#/jobSearch: Message: Active window was already closed!

2025-08-01 11:55:01 - enhanced_integrated_monitor - INFO - 🔍 Attempt 3: Processing URL 1/3: https://hiring.amazon.com/app#/jobSearch
2025-08-01 11:55:01 - enhanced_integrated_monitor - ERROR - Error in attempt 3 for URL https://hiring.amazon.com/app#/jobSearch: Message: Active window was already closed!

2025-08-01 11:55:01 - enhanced_integrated_monitor - ERROR - All attempts failed for URL: https://hiring.amazon.com/app#/jobSearch
2025-08-01 11:55:01 - enhanced_integrated_monitor - INFO - 🔍 Attempt 1: Processing URL 2/3: https://hiring.amazon.com/app#/dashboard
2025-08-01 11:55:01 - enhanced_integrated_monitor - ERROR - Error in attempt 1 for URL https://hiring.amazon.com/app#/dashboard: Message: Active window was already closed!

2025-08-01 11:55:03 - enhanced_integrated_monitor - INFO - 🔍 Attempt 2: Processing URL 2/3: https://hiring.amazon.com/app#/dashboard
2025-08-01 11:55:03 - enhanced_integrated_monitor - ERROR - Error in attempt 2 for URL https://hiring.amazon.com/app#/dashboard: Message: Active window was already closed!

2025-08-01 11:55:05 - enhanced_integrated_monitor - INFO - 🔍 Attempt 3: Processing URL 2/3: https://hiring.amazon.com/app#/dashboard
2025-08-01 11:55:05 - enhanced_integrated_monitor - ERROR - Error in attempt 3 for URL https://hiring.amazon.com/app#/dashboard: Message: Active window was already closed!

2025-08-01 11:55:05 - enhanced_integrated_monitor - ERROR - All attempts failed for URL: https://hiring.amazon.com/app#/dashboard
2025-08-01 11:55:05 - enhanced_integrated_monitor - INFO - 🔍 Attempt 1: Processing URL 3/3: https://hiring.amazon.com/
2025-08-01 11:55:05 - enhanced_integrated_monitor - ERROR - Error in attempt 1 for URL https://hiring.amazon.com/: Message: Active window was already closed!

2025-08-01 11:55:07 - enhanced_integrated_monitor - INFO - 🔍 Attempt 2: Processing URL 3/3: https://hiring.amazon.com/
2025-08-01 11:55:07 - enhanced_integrated_monitor - ERROR - Error in attempt 2 for URL https://hiring.amazon.com/: Message: Active window was already closed!

2025-08-01 11:55:09 - enhanced_integrated_monitor - INFO - 🔍 Attempt 3: Processing URL 3/3: https://hiring.amazon.com/
2025-08-01 11:55:09 - enhanced_integrated_monitor - ERROR - Error in attempt 3 for URL https://hiring.amazon.com/: Message: Active window was already closed!

2025-08-01 11:55:09 - enhanced_integrated_monitor - ERROR - All attempts failed for URL: https://hiring.amazon.com/
2025-08-01 11:55:09 - enhanced_integrated_monitor - ERROR - All URLs and attempts failed
2025-08-01 11:55:09 - enhanced_integrated_monitor - INFO - ⏰ Waiting 120s until next cycle
2025-08-01 11:57:09 - enhanced_integrated_monitor - INFO - 📊 Starting monitoring cycle 4
2025-08-01 11:57:09 - enhanced_integrated_monitor - INFO - 🔍 Attempt 1: Processing URL 1/3: https://hiring.amazon.com/app#/jobSearch
2025-08-01 11:57:10 - enhanced_integrated_monitor - ERROR - Error in attempt 1 for URL https://hiring.amazon.com/app#/jobSearch: Message: Active window was already closed!

2025-08-01 11:57:12 - enhanced_integrated_monitor - INFO - 🔍 Attempt 2: Processing URL 1/3: https://hiring.amazon.com/app#/jobSearch
2025-08-01 11:57:12 - enhanced_integrated_monitor - ERROR - Error in attempt 2 for URL https://hiring.amazon.com/app#/jobSearch: Message: Active window was already closed!

2025-08-01 11:57:14 - enhanced_integrated_monitor - INFO - 🔍 Attempt 3: Processing URL 1/3: https://hiring.amazon.com/app#/jobSearch
2025-08-01 11:57:14 - enhanced_integrated_monitor - ERROR - Error in attempt 3 for URL https://hiring.amazon.com/app#/jobSearch: Message: Active window was already closed!

2025-08-01 11:57:14 - enhanced_integrated_monitor - ERROR - All attempts failed for URL: https://hiring.amazon.com/app#/jobSearch
2025-08-01 11:57:14 - enhanced_integrated_monitor - INFO - 🔍 Attempt 1: Processing URL 2/3: https://hiring.amazon.com/app#/dashboard
2025-08-01 11:57:14 - enhanced_integrated_monitor - ERROR - Error in attempt 1 for URL https://hiring.amazon.com/app#/dashboard: Message: Active window was already closed!

2025-08-01 11:57:16 - enhanced_integrated_monitor - INFO - 🔍 Attempt 2: Processing URL 2/3: https://hiring.amazon.com/app#/dashboard
2025-08-01 11:57:16 - enhanced_integrated_monitor - ERROR - Error in attempt 2 for URL https://hiring.amazon.com/app#/dashboard: Message: Active window was already closed!

2025-08-01 11:57:18 - enhanced_integrated_monitor - INFO - 🔍 Attempt 3: Processing URL 2/3: https://hiring.amazon.com/app#/dashboard
2025-08-01 11:57:18 - enhanced_integrated_monitor - ERROR - Error in attempt 3 for URL https://hiring.amazon.com/app#/dashboard: Message: Active window was already closed!

2025-08-01 11:57:18 - enhanced_integrated_monitor - ERROR - All attempts failed for URL: https://hiring.amazon.com/app#/dashboard
2025-08-01 11:57:18 - enhanced_integrated_monitor - INFO - 🔍 Attempt 1: Processing URL 3/3: https://hiring.amazon.com/
2025-08-01 11:57:18 - enhanced_integrated_monitor - ERROR - Error in attempt 1 for URL https://hiring.amazon.com/: Message: Active window was already closed!

2025-08-01 11:57:20 - enhanced_integrated_monitor - INFO - 🔍 Attempt 2: Processing URL 3/3: https://hiring.amazon.com/
2025-08-01 11:57:20 - enhanced_integrated_monitor - ERROR - Error in attempt 2 for URL https://hiring.amazon.com/: Message: Active window was already closed!

2025-08-01 11:57:22 - enhanced_integrated_monitor - INFO - 🔍 Attempt 3: Processing URL 3/3: https://hiring.amazon.com/
2025-08-01 11:57:22 - enhanced_integrated_monitor - ERROR - Error in attempt 3 for URL https://hiring.amazon.com/: Message: Active window was already closed!

2025-08-01 11:57:22 - enhanced_integrated_monitor - ERROR - All attempts failed for URL: https://hiring.amazon.com/
2025-08-01 11:57:22 - enhanced_integrated_monitor - ERROR - All URLs and attempts failed
2025-08-01 11:57:22 - enhanced_integrated_monitor - INFO - ⏰ Waiting 120s until next cycle
2025-08-01 11:59:22 - enhanced_integrated_monitor - INFO - 📊 Starting monitoring cycle 5
2025-08-01 11:59:22 - enhanced_integrated_monitor - INFO - 🔍 Attempt 1: Processing URL 1/3: https://hiring.amazon.com/app#/jobSearch
