2025-08-01 23:41:08 - root - INFO - Logging initialized. Log file: logs/bot_run_20250801_234108.log
2025-08-01 23:41:08 - __main__ - INFO - ✅ Loaded YAML configuration from: instant_booking_config.yaml
2025-08-01 23:41:08 - __main__ - INFO - ⚡ Fast mode: True
2025-08-01 23:41:08 - __main__ - INFO - 🎯 Instant booking: True
2025-08-01 23:41:08 - __main__ - INFO - ⏰ Check interval: 45s
2025-08-01 23:41:08 - __main__ - INFO - 👁️ Headless mode: False
2025-08-01 23:41:08 - __main__ - INFO - 👁️ Using YAML config headless setting: False
2025-08-01 23:41:08 - __main__ - INFO - 🚀 Starting Amazon Shift Bot [ID: c992a101]
2025-08-01 23:41:08 - selenium.webdriver.common.driver_finder - DEBUG - Skipping Selenium Manager; path to chrome driver specified in Service class: /Users/lovepreetgill/developer/amazon_shift_bot/venv/lib/python3.12/site-packages/seleniumbase/drivers/uc_driver
2025-08-01 23:41:08 - selenium.webdriver.common.service - DEBUG - Started executable: `/Users/lovepreetgill/developer/amazon_shift_bot/venv/lib/python3.12/site-packages/seleniumbase/drivers/uc_driver` in a child process with pid: 94149 using 0 to output -1
2025-08-01 23:41:09 - asyncio - DEBUG - Using selector: KqueueSelector
2025-08-01 23:41:09 - selenium.webdriver.common.service - DEBUG - Started executable: `/Users/lovepreetgill/developer/amazon_shift_bot/venv/lib/python3.12/site-packages/seleniumbase/drivers/uc_driver` in a child process with pid: 94174 using 0 to output -1
2025-08-01 23:41:09 - services.session_service - INFO - 🔐 Establishing Amazon session
2025-08-01 23:41:10 - seleniumbase.undetected.reactor - DEBUG - Exception ignored: HTTPConnectionPool(host='localhost', port=64073): Max retries exceeded with url: /session/7329f3ad10357ed0350e442718c094c8/se/log (Caused by NewConnectionError('<urllib3.connection.HTTPConnection object at 0x1100930b0>: Failed to establish a new connection: [Errno 61] Connection refused'))
2025-08-01 23:41:12 - selenium.webdriver.common.service - DEBUG - Started executable: `/Users/lovepreetgill/developer/amazon_shift_bot/venv/lib/python3.12/site-packages/seleniumbase/drivers/uc_driver` in a child process with pid: 94203 using 0 to output -1
2025-08-01 23:41:17 - session_manager - INFO - 📊 Added 15/15 cookies
2025-08-01 23:41:17 - session_manager - DEBUG - Failed to restore local storage persist:alert: Message: javascript error: missing ) after argument list
  (Session info: chrome=138.0.7204.184)
Stacktrace:
0   uc_driver                           0x00000001029dba98 uc_driver + 6167192
1   uc_driver                           0x00000001029d304a uc_driver + 6131786
2   uc_driver                           0x000000010245fe00 uc_driver + 417280
3   uc_driver                           0x0000000102466b5e uc_driver + 445278
4   uc_driver                           0x000000010246982a uc_driver + 456746
5   uc_driver                           0x000000010250020a uc_driver + 1073674
6   uc_driver                           0x00000001024d7c92 uc_driver + 908434
7   uc_driver                           0x00000001024ff10c uc_driver + 1069324
8   uc_driver                           0x00000001024d7a63 uc_driver + 907875
9   uc_driver                           0x00000001024a40c7 uc_driver + 696519
10  uc_driver                           0x00000001024a4d31 uc_driver + 699697
11  uc_driver                           0x0000000102999c50 uc_driver + 5897296
12  uc_driver                           0x000000010299dcc9 uc_driver + 5913801
13  uc_driver                           0x0000000102974962 uc_driver + 5744994
14  uc_driver                           0x000000010299e64f uc_driver + 5916239
15  uc_driver                           0x0000000102963634 uc_driver + 5674548
16  uc_driver                           0x00000001029c0628 uc_driver + 6055464
17  uc_driver                           0x00000001029c07f0 uc_driver + 6055920
18  uc_driver                           0x00000001029d2be1 uc_driver + 6130657
19  libsystem_pthread.dylib             0x00007ff811914df1 _pthread_start + 99
20  libsystem_pthread.dylib             0x00007ff811910857 thread_start + 15

2025-08-01 23:41:18 - seleniumbase.undetected.reactor - DEBUG - Exception ignored: HTTPConnectionPool(host='localhost', port=64073): Max retries exceeded with url: /session/bfe3ae4b9aa52e67e8133c0723d4fc56/se/log (Caused by NewConnectionError('<urllib3.connection.HTTPConnection object at 0x110093380>: Failed to establish a new connection: [Errno 61] Connection refused'))
2025-08-01 23:41:19 - seleniumbase.undetected.reactor - DEBUG - Exception ignored: HTTPConnectionPool(host='localhost', port=64073): Max retries exceeded with url: /session/bfe3ae4b9aa52e67e8133c0723d4fc56/se/log (Caused by NewConnectionError('<urllib3.connection.HTTPConnection object at 0x110090dd0>: Failed to establish a new connection: [Errno 61] Connection refused'))
2025-08-01 23:41:20 - selenium.webdriver.common.service - DEBUG - Started executable: `/Users/lovepreetgill/developer/amazon_shift_bot/venv/lib/python3.12/site-packages/seleniumbase/drivers/uc_driver` in a child process with pid: 94262 using 0 to output -1
2025-08-01 23:41:28 - session_manager - INFO - ✅ Session valid - found: div[data-test-component="StencilReactRow"]
2025-08-01 23:41:28 - session_manager - INFO - ✅ Session restored successfully for lovepreet@teamarora.com
2025-08-01 23:41:28 - services.session_service - INFO - ✅ Session restored from saved state
2025-08-01 23:41:29 - seleniumbase.undetected.reactor - DEBUG - Exception ignored: HTTPConnectionPool(host='localhost', port=64073): Max retries exceeded with url: /session/37a37003152a995a06251c0355967d92/se/log (Caused by NewConnectionError('<urllib3.connection.HTTPConnection object at 0x110093e60>: Failed to establish a new connection: [Errno 61] Connection refused'))
2025-08-01 23:41:32 - selenium.webdriver.common.service - DEBUG - Started executable: `/Users/lovepreetgill/developer/amazon_shift_bot/venv/lib/python3.12/site-packages/seleniumbase/drivers/uc_driver` in a child process with pid: 94332 using 0 to output -1
2025-08-01 23:41:33 - services.session_service - DEBUG - Session valid - found: div[data-test-component="StencilReactRow"]
2025-08-01 23:41:33 - services.session_service - INFO - ✅ Restored session is valid
2025-08-01 23:41:33 - enhanced_notifier - INFO - 🔔 Sending Discord notification (attempt 1/3) with 5s timeout
2025-08-01 23:41:33 - enhanced_notifier - INFO - ✅ Discord notification sent successfully on attempt 1
2025-08-01 23:41:33 - enhanced_notifier - INFO - ✅ Discord notification system tested successfully!
2025-08-01 23:41:33 - enhanced_integrated_monitor - INFO - 🔔 Enhanced Discord notifier initialized successfully
2025-08-01 23:41:33 - enhanced_integrated_monitor - INFO - ✅ Loaded filter configuration from /Users/lovepreetgill/developer/amazon_shift_bot/filter_config.yaml
2025-08-01 23:41:33 - enhanced_integrated_monitor - INFO - 🚀 Starting Enhanced Job Monitor
2025-08-01 23:41:33 - enhanced_integrated_monitor - INFO - ✅ Enhanced components initialized successfully
2025-08-01 23:41:33 - enhanced_integrated_monitor - INFO - 📊 Starting monitoring cycle 1
2025-08-01 23:41:33 - enhanced_integrated_monitor - INFO - 🔍 Attempt 1: Processing URL 1/3: https://hiring.amazon.com/app#/jobSearch
2025-08-01 23:41:35 - seleniumbase.undetected.reactor - DEBUG - Exception ignored: HTTPConnectionPool(host='localhost', port=64073): Max retries exceeded with url: /session/cd4f91e60e429fcab6abe05a42ad8b53/se/log (Caused by NewConnectionError('<urllib3.connection.HTTPConnection object at 0x1100d2a20>: Failed to establish a new connection: [Errno 61] Connection refused'))
2025-08-01 23:41:36 - selenium.webdriver.common.service - DEBUG - Started executable: `/Users/lovepreetgill/developer/amazon_shift_bot/venv/lib/python3.12/site-packages/seleniumbase/drivers/uc_driver` in a child process with pid: 94362 using 0 to output -1
2025-08-01 23:42:23 - enhanced_integrated_monitor - INFO - 🛑 Monitoring stopped by user
2025-08-01 23:42:23 - enhanced_integrated_monitor - INFO - 🏁 Enhanced monitoring stopped
2025-08-01 23:42:23 - selenium.webdriver.common.service - DEBUG - Started executable: `/Users/lovepreetgill/developer/amazon_shift_bot/venv/lib/python3.12/site-packages/seleniumbase/drivers/uc_driver` in a child process with pid: 94639 using 0 to output -1
2025-08-01 23:42:24 - __main__ - INFO - 🛑 Monitoring stopped by user
