2025-07-31 03:56:22 - root - INFO - Logging initialized. Log file: logs/bot_run_20250731_035622.log
2025-07-31 03:56:22 - __main__ - INFO - Using default configuration
2025-07-31 03:56:22 - __main__ - INFO - 🚀 Starting Amazon Shift Bot [ID: 89f4d0f4]
2025-07-31 03:56:24 - services.session_service - INFO - 🔐 Establishing Amazon session
2025-07-31 03:56:31 - session_manager - INFO - 📊 Added 25/25 cookies
2025-07-31 03:56:41 - session_manager - INFO - ✅ Session valid - found: div[data-test-component="StencilReactRow"]
2025-07-31 03:56:41 - session_manager - INFO - ✅ Session restored successfully for lovepreet@teamarora.com
2025-07-31 03:56:44 - services.session_service - INFO - ✅ Existing session validated successfully
2025-07-31 03:56:44 - enhanced_integrated_monitor - INFO - ✅ Loaded filter configuration from /Users/lovepreetgill/developer/amazon_shift_bot/filter_config.yaml
2025-07-31 03:56:44 - enhanced_integrated_monitor - INFO - 🚀 Starting Enhanced Job Monitor
2025-07-31 03:56:44 - enhanced_integrated_monitor - INFO - ✅ Enhanced components initialized successfully
2025-07-31 03:56:44 - enhanced_integrated_monitor - INFO - 📊 Starting monitoring cycle 1
2025-07-31 03:56:44 - enhanced_integrated_monitor - INFO - 🔍 Attempt 1: Processing URL 1/3: https://hiring.amazon.com/app#/jobSearch
2025-07-31 03:58:03 - enhanced_integrated_monitor - INFO - Found guided search modal, attempting to close or use filters
2025-07-31 03:58:03 - enhanced_integrated_monitor - INFO - Clicking 'View all filters' to access filters panel
2025-07-31 03:58:09 - enhanced_integrated_monitor - INFO - Detected page type: search
2025-07-31 03:58:12 - enhanced_integrated_monitor - INFO - Found visible element with selector: button:contains("View all filters")
2025-07-31 03:58:12 - enhanced_integrated_monitor - INFO - ✅ Filters accessible via: button:contains("View all filters")
2025-07-31 03:58:12 - enhanced_integrated_monitor - INFO - 🏙️ Processing city: Granville, NY
2025-07-31 03:58:12 - enhanced_integrated_monitor - INFO - 🔧 Applying city filter: Granville, NY
2025-07-31 03:58:12 - job_components - INFO - Applying filters: ['cities']
2025-07-31 03:58:12 - job_components - INFO - Filters panel already open
2025-07-31 03:58:12 - job_components - INFO - Filters panel already open
2025-07-31 03:58:12 - job_components - INFO - Applying city filter: Granville, NY
2025-07-31 03:58:14 - job_components - INFO - ✅ Applied city filter: Granville, NY
2025-07-31 03:58:18 - job_components - INFO - ✅ Clicked show results button using: button:contains("Show")
2025-07-31 03:58:18 - job_components - INFO - ✅ Applied cities filter
2025-07-31 03:58:19 - job_components - INFO - Successfully applied 1/1 filters
2025-07-31 03:58:19 - job_components - INFO - Extracting all job information
2025-07-31 03:58:19 - job_components - INFO - Total jobs found: 1
2025-07-31 03:58:19 - job_components - INFO - Successfully extracted details for 1 jobs
2025-07-31 03:58:19 - job_components - INFO - Job extraction complete: 1 jobs, 1 total shifts
2025-07-31 03:58:19 - enhanced_integrated_monitor - INFO - 📊 Generated report: 1 total jobs, 1 jobs extracted
2025-07-31 03:58:20 - enhanced_integrated_monitor - INFO - ✅ Cleared city filter using close button: [data-test-component="StencilReactButton"]
2025-07-31 03:58:21 - enhanced_integrated_monitor - INFO - ✅ Completed processing for city: Granville, NY
2025-07-31 03:58:23 - enhanced_integrated_monitor - INFO - 🏙️ Processing city: Poway, CA
2025-07-31 03:58:23 - enhanced_integrated_monitor - INFO - 🔧 Applying city filter: Poway, CA
2025-07-31 03:58:23 - job_components - INFO - Applying filters: ['cities']
2025-07-31 03:58:23 - job_components - INFO - Filters panel already open
2025-07-31 03:58:23 - job_components - INFO - Filters panel already open
2025-07-31 03:58:23 - job_components - INFO - Applying city filter: Poway, CA
2025-07-31 03:58:23 - job_components - ERROR - Could not find city input field with any selector
2025-07-31 03:58:23 - job_components - INFO - ✅ Applied cities filter
2025-07-31 03:58:24 - job_components - INFO - Successfully applied 1/1 filters
2025-07-31 03:58:24 - job_components - INFO - Extracting all job information
2025-07-31 03:58:24 - job_components - INFO - Total jobs found: 0
2025-07-31 03:58:24 - job_components - INFO - Successfully extracted details for 0 jobs
2025-07-31 03:58:24 - job_components - INFO - Job extraction complete: 0 jobs, 0 total shifts
2025-07-31 03:58:24 - enhanced_integrated_monitor - INFO - 📊 Generated report: 0 total jobs, 0 jobs extracted
2025-07-31 03:58:24 - enhanced_integrated_monitor - INFO - ✅ Cleared city filter using close button: [data-test-component="StencilReactButton"]
2025-07-31 03:58:25 - enhanced_integrated_monitor - INFO - ✅ Completed processing for city: Poway, CA
2025-07-31 03:58:27 - enhanced_integrated_monitor - INFO - 🏙️ Processing city: North Pekin, IL
2025-07-31 03:58:27 - enhanced_integrated_monitor - INFO - 🔧 Applying city filter: North Pekin, IL
2025-07-31 03:58:27 - job_components - INFO - Applying filters: ['cities']
2025-07-31 03:58:27 - job_components - INFO - Filters panel already open
2025-07-31 03:58:27 - job_components - INFO - Filters panel already open
2025-07-31 03:58:27 - job_components - INFO - Applying city filter: North Pekin, IL
2025-07-31 03:58:28 - job_components - ERROR - Could not find city input field with any selector
2025-07-31 03:58:28 - job_components - INFO - ✅ Applied cities filter
2025-07-31 03:58:28 - job_components - INFO - Successfully applied 1/1 filters
2025-07-31 03:58:28 - job_components - INFO - Extracting all job information
2025-07-31 03:58:28 - job_components - INFO - Total jobs found: 0
2025-07-31 03:58:28 - job_components - INFO - Successfully extracted details for 0 jobs
2025-07-31 03:58:28 - job_components - INFO - Job extraction complete: 0 jobs, 0 total shifts
2025-07-31 03:58:28 - enhanced_integrated_monitor - INFO - 📊 Generated report: 0 total jobs, 0 jobs extracted
2025-07-31 03:58:29 - enhanced_integrated_monitor - INFO - ✅ Cleared city filter using close button: [data-test-component="StencilReactButton"]
2025-07-31 03:58:30 - enhanced_integrated_monitor - INFO - ✅ Completed processing for city: North Pekin, IL
2025-07-31 03:58:32 - enhanced_integrated_monitor - INFO - 🏙️ Processing city: Missoula, MT
2025-07-31 03:58:32 - enhanced_integrated_monitor - INFO - 🔧 Applying city filter: Missoula, MT
2025-07-31 03:58:32 - job_components - INFO - Applying filters: ['cities']
2025-07-31 03:58:32 - job_components - INFO - Filters panel already open
2025-07-31 03:58:32 - job_components - INFO - Filters panel already open
2025-07-31 03:58:32 - job_components - INFO - Applying city filter: Missoula, MT
2025-07-31 03:58:32 - job_components - ERROR - Could not find city input field with any selector
2025-07-31 03:58:32 - job_components - INFO - ✅ Applied cities filter
2025-07-31 03:58:32 - job_components - INFO - Successfully applied 1/1 filters
2025-07-31 03:58:32 - job_components - INFO - Extracting all job information
2025-07-31 03:58:33 - job_components - INFO - Total jobs found: 0
2025-07-31 03:58:33 - job_components - INFO - Successfully extracted details for 0 jobs
2025-07-31 03:58:33 - job_components - INFO - Job extraction complete: 0 jobs, 0 total shifts
2025-07-31 03:58:33 - enhanced_integrated_monitor - INFO - 📊 Generated report: 0 total jobs, 0 jobs extracted
2025-07-31 03:58:33 - enhanced_integrated_monitor - INFO - ✅ Cleared city filter using close button: [data-test-component="StencilReactButton"]
2025-07-31 03:58:34 - enhanced_integrated_monitor - INFO - ✅ Completed processing for city: Missoula, MT
2025-07-31 03:58:36 - enhanced_integrated_monitor - INFO - 🏙️ Processing city: Ashland, MO
2025-07-31 03:58:36 - enhanced_integrated_monitor - INFO - 🔧 Applying city filter: Ashland, MO
2025-07-31 03:58:36 - job_components - INFO - Applying filters: ['cities']
2025-07-31 03:58:36 - job_components - INFO - Filters panel already open
2025-07-31 03:58:36 - job_components - INFO - Filters panel already open
2025-07-31 03:58:36 - job_components - INFO - Applying city filter: Ashland, MO
2025-07-31 03:58:36 - job_components - ERROR - Could not find city input field with any selector
2025-07-31 03:58:36 - job_components - INFO - ✅ Applied cities filter
2025-07-31 03:58:37 - job_components - INFO - Successfully applied 1/1 filters
2025-07-31 03:58:37 - job_components - INFO - Extracting all job information
2025-07-31 03:58:37 - job_components - INFO - Total jobs found: 0
2025-07-31 03:58:37 - job_components - INFO - Successfully extracted details for 0 jobs
2025-07-31 03:58:37 - job_components - INFO - Job extraction complete: 0 jobs, 0 total shifts
2025-07-31 03:58:37 - enhanced_integrated_monitor - INFO - 📊 Generated report: 0 total jobs, 0 jobs extracted
2025-07-31 03:58:38 - enhanced_integrated_monitor - INFO - ✅ Cleared city filter using close button: [data-test-component="StencilReactButton"]
2025-07-31 03:58:39 - enhanced_integrated_monitor - INFO - ✅ Completed processing for city: Ashland, MO
2025-07-31 03:58:41 - enhanced_integrated_monitor - INFO - 🏙️ Processing city: Gypsum, CO
2025-07-31 03:58:41 - enhanced_integrated_monitor - INFO - 🔧 Applying city filter: Gypsum, CO
2025-07-31 03:58:41 - job_components - INFO - Applying filters: ['cities']
2025-07-31 03:58:41 - job_components - INFO - Filters panel already open
2025-07-31 03:58:41 - job_components - INFO - Filters panel already open
2025-07-31 03:58:41 - job_components - INFO - Applying city filter: Gypsum, CO
2025-07-31 03:58:41 - job_components - ERROR - Could not find city input field with any selector
2025-07-31 03:58:41 - job_components - INFO - ✅ Applied cities filter
2025-07-31 03:58:41 - job_components - INFO - Successfully applied 1/1 filters
2025-07-31 03:58:41 - job_components - INFO - Extracting all job information
2025-07-31 03:58:41 - job_components - INFO - Total jobs found: 0
2025-07-31 03:58:41 - job_components - INFO - Successfully extracted details for 0 jobs
2025-07-31 03:58:41 - job_components - INFO - Job extraction complete: 0 jobs, 0 total shifts
2025-07-31 03:58:41 - enhanced_integrated_monitor - INFO - 📊 Generated report: 0 total jobs, 0 jobs extracted
2025-07-31 03:58:42 - enhanced_integrated_monitor - INFO - ✅ Cleared city filter using close button: [data-test-component="StencilReactButton"]
2025-07-31 03:58:43 - enhanced_integrated_monitor - INFO - ✅ Completed processing for city: Gypsum, CO
2025-07-31 03:58:45 - enhanced_integrated_monitor - INFO - 🏙️ Processing city: Belgrade, MT
2025-07-31 03:58:45 - enhanced_integrated_monitor - INFO - 🔧 Applying city filter: Belgrade, MT
2025-07-31 03:58:45 - job_components - INFO - Applying filters: ['cities']
2025-07-31 03:58:45 - job_components - INFO - Filters panel already open
2025-07-31 03:58:45 - job_components - INFO - Filters panel already open
2025-07-31 03:58:45 - job_components - INFO - Applying city filter: Belgrade, MT
2025-07-31 03:58:45 - job_components - ERROR - Could not find city input field with any selector
2025-07-31 03:58:45 - job_components - INFO - ✅ Applied cities filter
2025-07-31 03:58:46 - job_components - INFO - Successfully applied 1/1 filters
2025-07-31 03:58:46 - job_components - INFO - Extracting all job information
2025-07-31 03:58:46 - job_components - INFO - Total jobs found: 0
2025-07-31 03:58:46 - job_components - INFO - Successfully extracted details for 0 jobs
2025-07-31 03:58:46 - job_components - INFO - Job extraction complete: 0 jobs, 0 total shifts
2025-07-31 03:58:46 - enhanced_integrated_monitor - INFO - 📊 Generated report: 0 total jobs, 0 jobs extracted
2025-07-31 03:58:46 - enhanced_integrated_monitor - INFO - ✅ Cleared city filter using close button: [data-test-component="StencilReactButton"]
2025-07-31 03:58:47 - enhanced_integrated_monitor - INFO - ✅ Completed processing for city: Belgrade, MT
2025-07-31 03:58:49 - enhanced_integrated_monitor - INFO - 🏙️ Processing city: Basalt, CO
2025-07-31 03:58:49 - enhanced_integrated_monitor - INFO - 🔧 Applying city filter: Basalt, CO
2025-07-31 03:58:49 - job_components - INFO - Applying filters: ['cities']
2025-07-31 03:58:49 - job_components - INFO - Filters panel already open
2025-07-31 03:58:49 - job_components - INFO - Filters panel already open
2025-07-31 03:58:49 - job_components - INFO - Applying city filter: Basalt, CO
2025-07-31 03:58:50 - job_components - ERROR - Could not find city input field with any selector
2025-07-31 03:58:50 - job_components - INFO - ✅ Applied cities filter
2025-07-31 03:58:50 - job_components - INFO - Successfully applied 1/1 filters
2025-07-31 03:58:50 - job_components - INFO - Extracting all job information
2025-07-31 03:58:50 - job_components - INFO - Total jobs found: 0
2025-07-31 03:58:50 - job_components - INFO - Successfully extracted details for 0 jobs
2025-07-31 03:58:50 - job_components - INFO - Job extraction complete: 0 jobs, 0 total shifts
2025-07-31 03:58:50 - enhanced_integrated_monitor - INFO - 📊 Generated report: 0 total jobs, 0 jobs extracted
2025-07-31 03:58:51 - enhanced_integrated_monitor - INFO - ✅ Cleared city filter using close button: [data-test-component="StencilReactButton"]
2025-07-31 03:58:52 - enhanced_integrated_monitor - INFO - ✅ Completed processing for city: Basalt, CO
2025-07-31 03:58:54 - enhanced_integrated_monitor - INFO - 🏙️ Processing city: Ottawa, IL
2025-07-31 03:58:54 - enhanced_integrated_monitor - INFO - 🔧 Applying city filter: Ottawa, IL
2025-07-31 03:58:54 - job_components - INFO - Applying filters: ['cities']
2025-07-31 03:58:54 - job_components - INFO - Filters panel already open
2025-07-31 03:58:54 - job_components - INFO - Filters panel already open
2025-07-31 03:58:54 - job_components - INFO - Applying city filter: Ottawa, IL
2025-07-31 03:58:54 - job_components - ERROR - Could not find city input field with any selector
2025-07-31 03:58:54 - job_components - INFO - ✅ Applied cities filter
2025-07-31 03:58:54 - job_components - INFO - Successfully applied 1/1 filters
2025-07-31 03:58:54 - job_components - INFO - Extracting all job information
2025-07-31 03:58:54 - job_components - INFO - Total jobs found: 0
2025-07-31 03:58:54 - job_components - INFO - Successfully extracted details for 0 jobs
2025-07-31 03:58:54 - job_components - INFO - Job extraction complete: 0 jobs, 0 total shifts
2025-07-31 03:58:54 - enhanced_integrated_monitor - INFO - 📊 Generated report: 0 total jobs, 0 jobs extracted
2025-07-31 03:58:55 - enhanced_integrated_monitor - INFO - ✅ Cleared city filter using close button: [data-test-component="StencilReactButton"]
2025-07-31 03:58:56 - enhanced_integrated_monitor - INFO - ✅ Completed processing for city: Ottawa, IL
2025-07-31 03:58:58 - enhanced_integrated_monitor - INFO - 🏙️ Processing city: Tillamook, OR
2025-07-31 03:58:58 - enhanced_integrated_monitor - INFO - 🔧 Applying city filter: Tillamook, OR
2025-07-31 03:58:58 - job_components - INFO - Applying filters: ['cities']
2025-07-31 03:58:58 - job_components - INFO - Filters panel already open
2025-07-31 03:58:58 - job_components - INFO - Filters panel already open
2025-07-31 03:58:58 - job_components - INFO - Applying city filter: Tillamook, OR
2025-07-31 03:58:58 - job_components - ERROR - Could not find city input field with any selector
2025-07-31 03:58:58 - job_components - INFO - ✅ Applied cities filter
2025-07-31 03:58:59 - job_components - INFO - Successfully applied 1/1 filters
2025-07-31 03:58:59 - job_components - INFO - Extracting all job information
2025-07-31 03:58:59 - job_components - INFO - Total jobs found: 0
2025-07-31 03:58:59 - job_components - INFO - Successfully extracted details for 0 jobs
2025-07-31 03:58:59 - job_components - INFO - Job extraction complete: 0 jobs, 0 total shifts
2025-07-31 03:58:59 - enhanced_integrated_monitor - INFO - 📊 Generated report: 0 total jobs, 0 jobs extracted
2025-07-31 03:58:59 - enhanced_integrated_monitor - INFO - ✅ Cleared city filter using close button: [data-test-component="StencilReactButton"]
2025-07-31 03:59:00 - enhanced_integrated_monitor - INFO - ✅ Completed processing for city: Tillamook, OR
2025-07-31 03:59:02 - enhanced_integrated_monitor - INFO - 🏙️ Processing city: Jackson, WY
2025-07-31 03:59:02 - enhanced_integrated_monitor - INFO - 🔧 Applying city filter: Jackson, WY
2025-07-31 03:59:02 - job_components - INFO - Applying filters: ['cities']
2025-07-31 03:59:02 - job_components - INFO - Filters panel already open
2025-07-31 03:59:02 - job_components - INFO - Filters panel already open
2025-07-31 03:59:02 - job_components - INFO - Applying city filter: Jackson, WY
2025-07-31 03:59:02 - job_components - ERROR - Could not find city input field with any selector
2025-07-31 03:59:02 - job_components - INFO - ✅ Applied cities filter
2025-07-31 03:59:03 - job_components - INFO - Successfully applied 1/1 filters
2025-07-31 03:59:03 - job_components - INFO - Extracting all job information
2025-07-31 03:59:03 - job_components - INFO - Total jobs found: 0
2025-07-31 03:59:03 - job_components - INFO - Successfully extracted details for 0 jobs
2025-07-31 03:59:03 - job_components - INFO - Job extraction complete: 0 jobs, 0 total shifts
2025-07-31 03:59:03 - enhanced_integrated_monitor - INFO - 📊 Generated report: 0 total jobs, 0 jobs extracted
2025-07-31 03:59:04 - enhanced_integrated_monitor - INFO - ✅ Cleared city filter using close button: [data-test-component="StencilReactButton"]
2025-07-31 03:59:05 - enhanced_integrated_monitor - INFO - ✅ Completed processing for city: Jackson, WY
2025-07-31 03:59:07 - enhanced_integrated_monitor - INFO - 🏙️ Processing city: Weston, WI
2025-07-31 03:59:07 - enhanced_integrated_monitor - INFO - 🔧 Applying city filter: Weston, WI
2025-07-31 03:59:07 - job_components - INFO - Applying filters: ['cities']
2025-07-31 03:59:07 - job_components - INFO - Filters panel already open
2025-07-31 03:59:07 - job_components - INFO - Filters panel already open
2025-07-31 03:59:07 - job_components - INFO - Applying city filter: Weston, WI
2025-07-31 03:59:07 - job_components - ERROR - Could not find city input field with any selector
2025-07-31 03:59:07 - job_components - INFO - ✅ Applied cities filter
2025-07-31 03:59:07 - job_components - INFO - Successfully applied 1/1 filters
2025-07-31 03:59:07 - job_components - INFO - Extracting all job information
2025-07-31 03:59:07 - job_components - INFO - Total jobs found: 0
2025-07-31 03:59:07 - job_components - INFO - Successfully extracted details for 0 jobs
2025-07-31 03:59:07 - job_components - INFO - Job extraction complete: 0 jobs, 0 total shifts
2025-07-31 03:59:07 - enhanced_integrated_monitor - INFO - 📊 Generated report: 0 total jobs, 0 jobs extracted
2025-07-31 03:59:08 - enhanced_integrated_monitor - INFO - ✅ Cleared city filter using close button: [data-test-component="StencilReactButton"]
2025-07-31 03:59:09 - enhanced_integrated_monitor - INFO - ✅ Completed processing for city: Weston, WI
2025-07-31 03:59:11 - enhanced_integrated_monitor - INFO - 🏙️ Processing city: Capitola, CA
2025-07-31 03:59:11 - enhanced_integrated_monitor - INFO - 🔧 Applying city filter: Capitola, CA
2025-07-31 03:59:11 - job_components - INFO - Applying filters: ['cities']
2025-07-31 03:59:11 - job_components - INFO - Filters panel already open
2025-07-31 03:59:11 - job_components - INFO - Filters panel already open
2025-07-31 03:59:11 - job_components - INFO - Applying city filter: Capitola, CA
2025-07-31 03:59:11 - job_components - ERROR - Could not find city input field with any selector
2025-07-31 03:59:11 - job_components - INFO - ✅ Applied cities filter
2025-07-31 03:59:12 - job_components - INFO - Successfully applied 1/1 filters
2025-07-31 03:59:12 - job_components - INFO - Extracting all job information
2025-07-31 03:59:12 - job_components - INFO - Total jobs found: 0
2025-07-31 03:59:12 - job_components - INFO - Successfully extracted details for 0 jobs
2025-07-31 03:59:12 - job_components - INFO - Job extraction complete: 0 jobs, 0 total shifts
2025-07-31 03:59:12 - enhanced_integrated_monitor - INFO - 📊 Generated report: 0 total jobs, 0 jobs extracted
2025-07-31 03:59:12 - enhanced_integrated_monitor - INFO - ✅ Cleared city filter using close button: [data-test-component="StencilReactButton"]
2025-07-31 03:59:13 - enhanced_integrated_monitor - INFO - ✅ Completed processing for city: Capitola, CA
2025-07-31 03:59:15 - enhanced_integrated_monitor - INFO - 🏙️ Processing city: Bend, OR
2025-07-31 03:59:15 - enhanced_integrated_monitor - INFO - 🔧 Applying city filter: Bend, OR
2025-07-31 03:59:15 - job_components - INFO - Applying filters: ['cities']
2025-07-31 03:59:15 - job_components - INFO - Filters panel already open
2025-07-31 03:59:15 - job_components - INFO - Filters panel already open
2025-07-31 03:59:15 - job_components - INFO - Applying city filter: Bend, OR
2025-07-31 03:59:15 - job_components - ERROR - Could not find city input field with any selector
2025-07-31 03:59:15 - job_components - INFO - ✅ Applied cities filter
2025-07-31 03:59:16 - job_components - INFO - Successfully applied 1/1 filters
2025-07-31 03:59:16 - job_components - INFO - Extracting all job information
2025-07-31 03:59:16 - job_components - INFO - Total jobs found: 0
2025-07-31 03:59:16 - job_components - INFO - Successfully extracted details for 0 jobs
2025-07-31 03:59:16 - job_components - INFO - Job extraction complete: 0 jobs, 0 total shifts
2025-07-31 03:59:16 - enhanced_integrated_monitor - INFO - 📊 Generated report: 0 total jobs, 0 jobs extracted
2025-07-31 03:59:17 - enhanced_integrated_monitor - INFO - ✅ Cleared city filter using close button: [data-test-component="StencilReactButton"]
2025-07-31 03:59:18 - enhanced_integrated_monitor - INFO - ✅ Completed processing for city: Bend, OR
2025-07-31 03:59:20 - enhanced_integrated_monitor - INFO - 🏙️ Processing city: La Crosse, WI
2025-07-31 03:59:20 - enhanced_integrated_monitor - INFO - 🔧 Applying city filter: La Crosse, WI
2025-07-31 03:59:20 - job_components - INFO - Applying filters: ['cities']
2025-07-31 03:59:20 - job_components - INFO - Filters panel already open
2025-07-31 03:59:20 - job_components - INFO - Filters panel already open
2025-07-31 03:59:20 - job_components - INFO - Applying city filter: La Crosse, WI
2025-07-31 03:59:20 - job_components - ERROR - Could not find city input field with any selector
2025-07-31 03:59:20 - job_components - INFO - ✅ Applied cities filter
2025-07-31 03:59:20 - job_components - INFO - Successfully applied 1/1 filters
2025-07-31 03:59:20 - job_components - INFO - Extracting all job information
2025-07-31 03:59:20 - job_components - INFO - Total jobs found: 0
2025-07-31 03:59:20 - job_components - INFO - Successfully extracted details for 0 jobs
2025-07-31 03:59:20 - job_components - INFO - Job extraction complete: 0 jobs, 0 total shifts
2025-07-31 03:59:20 - enhanced_integrated_monitor - INFO - 📊 Generated report: 0 total jobs, 0 jobs extracted
2025-07-31 03:59:21 - enhanced_integrated_monitor - INFO - ✅ Cleared city filter using close button: [data-test-component="StencilReactButton"]
2025-07-31 03:59:22 - enhanced_integrated_monitor - INFO - ✅ Completed processing for city: La Crosse, WI
2025-07-31 03:59:24 - enhanced_integrated_monitor - INFO - 🏙️ Processing city: Jerome, ID
2025-07-31 03:59:24 - enhanced_integrated_monitor - INFO - 🔧 Applying city filter: Jerome, ID
2025-07-31 03:59:24 - job_components - INFO - Applying filters: ['cities']
2025-07-31 03:59:24 - job_components - INFO - Filters panel already open
2025-07-31 03:59:24 - job_components - INFO - Filters panel already open
2025-07-31 03:59:24 - job_components - INFO - Applying city filter: Jerome, ID
2025-07-31 03:59:24 - job_components - ERROR - Could not find city input field with any selector
2025-07-31 03:59:24 - job_components - INFO - ✅ Applied cities filter
2025-07-31 03:59:25 - job_components - INFO - Successfully applied 1/1 filters
2025-07-31 03:59:25 - job_components - INFO - Extracting all job information
2025-07-31 03:59:25 - job_components - INFO - Total jobs found: 0
2025-07-31 03:59:25 - job_components - INFO - Successfully extracted details for 0 jobs
2025-07-31 03:59:25 - job_components - INFO - Job extraction complete: 0 jobs, 0 total shifts
2025-07-31 03:59:25 - enhanced_integrated_monitor - INFO - 📊 Generated report: 0 total jobs, 0 jobs extracted
2025-07-31 03:59:25 - enhanced_integrated_monitor - INFO - ✅ Cleared city filter using close button: [data-test-component="StencilReactButton"]
2025-07-31 03:59:26 - enhanced_integrated_monitor - INFO - ✅ Completed processing for city: Jerome, ID
2025-07-31 03:59:28 - enhanced_integrated_monitor - INFO - 🏙️ Processing city: Gaylord, MI
2025-07-31 03:59:28 - enhanced_integrated_monitor - INFO - 🔧 Applying city filter: Gaylord, MI
2025-07-31 03:59:28 - job_components - INFO - Applying filters: ['cities']
2025-07-31 03:59:29 - job_components - INFO - Filters panel already open
2025-07-31 03:59:29 - job_components - INFO - Filters panel already open
2025-07-31 03:59:29 - job_components - INFO - Applying city filter: Gaylord, MI
2025-07-31 03:59:29 - job_components - ERROR - Could not find city input field with any selector
2025-07-31 03:59:29 - job_components - INFO - ✅ Applied cities filter
2025-07-31 03:59:29 - job_components - INFO - Successfully applied 1/1 filters
2025-07-31 03:59:29 - job_components - INFO - Extracting all job information
2025-07-31 03:59:29 - job_components - INFO - Total jobs found: 0
2025-07-31 03:59:29 - job_components - INFO - Successfully extracted details for 0 jobs
2025-07-31 03:59:29 - job_components - INFO - Job extraction complete: 0 jobs, 0 total shifts
2025-07-31 03:59:29 - enhanced_integrated_monitor - INFO - 📊 Generated report: 0 total jobs, 0 jobs extracted
2025-07-31 03:59:30 - enhanced_integrated_monitor - INFO - ✅ Cleared city filter using close button: [data-test-component="StencilReactButton"]
2025-07-31 03:59:31 - enhanced_integrated_monitor - INFO - ✅ Completed processing for city: Gaylord, MI
2025-07-31 03:59:33 - enhanced_integrated_monitor - INFO - 🏙️ Processing city: Traverse City, MI
2025-07-31 03:59:33 - enhanced_integrated_monitor - INFO - 🔧 Applying city filter: Traverse City, MI
2025-07-31 03:59:33 - job_components - INFO - Applying filters: ['cities']
2025-07-31 03:59:33 - job_components - INFO - Filters panel already open
2025-07-31 03:59:33 - job_components - INFO - Filters panel already open
2025-07-31 03:59:33 - job_components - INFO - Applying city filter: Traverse City, MI
2025-07-31 03:59:33 - job_components - ERROR - Could not find city input field with any selector
2025-07-31 03:59:33 - job_components - INFO - ✅ Applied cities filter
2025-07-31 03:59:33 - job_components - INFO - Successfully applied 1/1 filters
2025-07-31 03:59:33 - job_components - INFO - Extracting all job information
2025-07-31 03:59:33 - job_components - INFO - Total jobs found: 0
2025-07-31 03:59:33 - job_components - INFO - Successfully extracted details for 0 jobs
2025-07-31 03:59:33 - job_components - INFO - Job extraction complete: 0 jobs, 0 total shifts
2025-07-31 03:59:33 - enhanced_integrated_monitor - INFO - 📊 Generated report: 0 total jobs, 0 jobs extracted
2025-07-31 03:59:34 - enhanced_integrated_monitor - INFO - ✅ Cleared city filter using close button: [data-test-component="StencilReactButton"]
2025-07-31 03:59:35 - enhanced_integrated_monitor - INFO - ✅ Completed processing for city: Traverse City, MI
2025-07-31 03:59:37 - enhanced_integrated_monitor - INFO - 🏙️ Processing city: Richfield, UT
2025-07-31 03:59:37 - enhanced_integrated_monitor - INFO - 🔧 Applying city filter: Richfield, UT
2025-07-31 03:59:37 - job_components - INFO - Applying filters: ['cities']
2025-07-31 03:59:37 - job_components - INFO - Filters panel already open
2025-07-31 03:59:37 - job_components - INFO - Filters panel already open
2025-07-31 03:59:37 - job_components - INFO - Applying city filter: Richfield, UT
2025-07-31 03:59:37 - job_components - ERROR - Could not find city input field with any selector
2025-07-31 03:59:37 - job_components - INFO - ✅ Applied cities filter
2025-07-31 03:59:38 - job_components - INFO - Successfully applied 1/1 filters
2025-07-31 03:59:38 - job_components - INFO - Extracting all job information
2025-07-31 03:59:38 - job_components - INFO - Total jobs found: 0
2025-07-31 03:59:38 - job_components - INFO - Successfully extracted details for 0 jobs
2025-07-31 03:59:38 - job_components - INFO - Job extraction complete: 0 jobs, 0 total shifts
2025-07-31 03:59:38 - enhanced_integrated_monitor - INFO - 📊 Generated report: 0 total jobs, 0 jobs extracted
2025-07-31 03:59:38 - enhanced_integrated_monitor - INFO - ✅ Cleared city filter using close button: [data-test-component="StencilReactButton"]
2025-07-31 03:59:39 - enhanced_integrated_monitor - INFO - ✅ Completed processing for city: Richfield, UT
2025-07-31 03:59:41 - enhanced_integrated_monitor - INFO - 🏙️ Processing city: Caribou, ME
2025-07-31 03:59:41 - enhanced_integrated_monitor - INFO - 🔧 Applying city filter: Caribou, ME
2025-07-31 03:59:41 - job_components - INFO - Applying filters: ['cities']
2025-07-31 03:59:42 - job_components - INFO - Filters panel already open
2025-07-31 03:59:42 - job_components - INFO - Filters panel already open
2025-07-31 03:59:42 - job_components - INFO - Applying city filter: Caribou, ME
2025-07-31 03:59:42 - job_components - ERROR - Could not find city input field with any selector
2025-07-31 03:59:42 - job_components - INFO - ✅ Applied cities filter
2025-07-31 03:59:42 - job_components - INFO - Successfully applied 1/1 filters
2025-07-31 03:59:42 - job_components - INFO - Extracting all job information
2025-07-31 03:59:42 - job_components - INFO - Total jobs found: 0
2025-07-31 03:59:42 - job_components - INFO - Successfully extracted details for 0 jobs
2025-07-31 03:59:42 - job_components - INFO - Job extraction complete: 0 jobs, 0 total shifts
2025-07-31 03:59:42 - enhanced_integrated_monitor - INFO - 📊 Generated report: 0 total jobs, 0 jobs extracted
2025-07-31 03:59:43 - enhanced_integrated_monitor - INFO - ✅ Cleared city filter using close button: [data-test-component="StencilReactButton"]
2025-07-31 03:59:44 - enhanced_integrated_monitor - INFO - ✅ Completed processing for city: Caribou, ME
2025-07-31 03:59:46 - enhanced_integrated_monitor - INFO - 🏙️ Processing city: Kahului, HI
2025-07-31 03:59:46 - enhanced_integrated_monitor - INFO - 🔧 Applying city filter: Kahului, HI
2025-07-31 03:59:46 - job_components - INFO - Applying filters: ['cities']
2025-07-31 03:59:46 - job_components - INFO - Filters panel already open
2025-07-31 03:59:46 - job_components - INFO - Filters panel already open
2025-07-31 03:59:46 - job_components - INFO - Applying city filter: Kahului, HI
2025-07-31 03:59:46 - job_components - ERROR - Could not find city input field with any selector
2025-07-31 03:59:46 - job_components - INFO - ✅ Applied cities filter
2025-07-31 03:59:46 - job_components - INFO - Successfully applied 1/1 filters
2025-07-31 03:59:46 - job_components - INFO - Extracting all job information
2025-07-31 03:59:47 - job_components - INFO - Total jobs found: 0
2025-07-31 03:59:47 - job_components - INFO - Successfully extracted details for 0 jobs
2025-07-31 03:59:47 - job_components - INFO - Job extraction complete: 0 jobs, 0 total shifts
2025-07-31 03:59:47 - enhanced_integrated_monitor - INFO - 📊 Generated report: 0 total jobs, 0 jobs extracted
2025-07-31 03:59:47 - enhanced_integrated_monitor - INFO - ✅ Cleared city filter using close button: [data-test-component="StencilReactButton"]
2025-07-31 03:59:48 - enhanced_integrated_monitor - INFO - ✅ Completed processing for city: Kahului, HI
2025-07-31 03:59:50 - enhanced_integrated_monitor - INFO - 🏙️ Processing city: Hyannis, MA
2025-07-31 03:59:50 - enhanced_integrated_monitor - INFO - 🔧 Applying city filter: Hyannis, MA
2025-07-31 03:59:50 - job_components - INFO - Applying filters: ['cities']
2025-07-31 03:59:50 - job_components - INFO - Filters panel already open
2025-07-31 03:59:50 - job_components - INFO - Filters panel already open
2025-07-31 03:59:50 - job_components - INFO - Applying city filter: Hyannis, MA
2025-07-31 03:59:50 - job_components - ERROR - Could not find city input field with any selector
2025-07-31 03:59:50 - job_components - INFO - ✅ Applied cities filter
2025-07-31 03:59:51 - job_components - INFO - Successfully applied 1/1 filters
2025-07-31 03:59:51 - job_components - INFO - Extracting all job information
2025-07-31 03:59:51 - job_components - INFO - Total jobs found: 0
2025-07-31 03:59:51 - job_components - INFO - Successfully extracted details for 0 jobs
2025-07-31 03:59:51 - job_components - INFO - Job extraction complete: 0 jobs, 0 total shifts
2025-07-31 03:59:51 - enhanced_integrated_monitor - INFO - 📊 Generated report: 0 total jobs, 0 jobs extracted
2025-07-31 03:59:52 - enhanced_integrated_monitor - INFO - ✅ Cleared city filter using close button: [data-test-component="StencilReactButton"]
2025-07-31 03:59:53 - enhanced_integrated_monitor - INFO - ✅ Completed processing for city: Hyannis, MA
2025-07-31 03:59:55 - enhanced_integrated_monitor - INFO - 🏙️ Processing city: Lexington, KY
2025-07-31 03:59:55 - enhanced_integrated_monitor - INFO - 🔧 Applying city filter: Lexington, KY
2025-07-31 03:59:55 - job_components - INFO - Applying filters: ['cities']
2025-07-31 03:59:55 - job_components - INFO - Filters panel already open
2025-07-31 03:59:55 - job_components - INFO - Filters panel already open
2025-07-31 03:59:55 - job_components - INFO - Applying city filter: Lexington, KY
2025-07-31 03:59:55 - job_components - ERROR - Could not find city input field with any selector
2025-07-31 03:59:55 - job_components - INFO - ✅ Applied cities filter
2025-07-31 03:59:55 - job_components - INFO - Successfully applied 1/1 filters
2025-07-31 03:59:55 - job_components - INFO - Extracting all job information
2025-07-31 03:59:55 - job_components - INFO - Total jobs found: 0
2025-07-31 03:59:55 - job_components - INFO - Successfully extracted details for 0 jobs
2025-07-31 03:59:55 - job_components - INFO - Job extraction complete: 0 jobs, 0 total shifts
2025-07-31 03:59:55 - enhanced_integrated_monitor - INFO - 📊 Generated report: 0 total jobs, 0 jobs extracted
2025-07-31 03:59:56 - enhanced_integrated_monitor - INFO - ✅ Cleared city filter using close button: [data-test-component="StencilReactButton"]
2025-07-31 03:59:57 - enhanced_integrated_monitor - INFO - ✅ Completed processing for city: Lexington, KY
2025-07-31 03:59:59 - enhanced_integrated_monitor - INFO - 🏙️ Processing city: Bozeman, MT
2025-07-31 03:59:59 - enhanced_integrated_monitor - INFO - 🔧 Applying city filter: Bozeman, MT
2025-07-31 03:59:59 - job_components - INFO - Applying filters: ['cities']
2025-07-31 03:59:59 - job_components - INFO - Filters panel already open
2025-07-31 03:59:59 - job_components - INFO - Filters panel already open
2025-07-31 03:59:59 - job_components - INFO - Applying city filter: Bozeman, MT
2025-07-31 03:59:59 - job_components - ERROR - Could not find city input field with any selector
2025-07-31 03:59:59 - job_components - INFO - ✅ Applied cities filter
2025-07-31 04:00:00 - job_components - INFO - Successfully applied 1/1 filters
2025-07-31 04:00:00 - job_components - INFO - Extracting all job information
2025-07-31 04:00:00 - job_components - INFO - Total jobs found: 0
2025-07-31 04:00:00 - job_components - INFO - Successfully extracted details for 0 jobs
2025-07-31 04:00:00 - job_components - INFO - Job extraction complete: 0 jobs, 0 total shifts
2025-07-31 04:00:00 - enhanced_integrated_monitor - INFO - 📊 Generated report: 0 total jobs, 0 jobs extracted
2025-07-31 04:00:00 - enhanced_integrated_monitor - INFO - ✅ Cleared city filter using close button: [data-test-component="StencilReactButton"]
2025-07-31 04:00:01 - enhanced_integrated_monitor - INFO - ✅ Completed processing for city: Bozeman, MT
2025-07-31 04:00:03 - enhanced_integrated_monitor - INFO - ⏰ Waiting 300s until next cycle
2025-07-31 04:05:03 - enhanced_integrated_monitor - INFO - 📊 Starting monitoring cycle 2
2025-07-31 04:05:03 - enhanced_integrated_monitor - INFO - 🔍 Attempt 1: Processing URL 1/3: https://hiring.amazon.com/app#/jobSearch
2025-07-31 04:06:23 - enhanced_integrated_monitor - INFO - Found guided search modal, attempting to close or use filters
2025-07-31 04:06:23 - enhanced_integrated_monitor - INFO - Clicking 'View all filters' to access filters panel
2025-07-31 04:06:27 - enhanced_integrated_monitor - INFO - Detected page type: search
2025-07-31 04:06:30 - enhanced_integrated_monitor - INFO - Found visible element with selector: button:contains("View all filters")
2025-07-31 04:06:30 - enhanced_integrated_monitor - INFO - ✅ Filters accessible via: button:contains("View all filters")
2025-07-31 04:06:30 - enhanced_integrated_monitor - INFO - 🏙️ Processing city: Granville, NY
2025-07-31 04:06:30 - enhanced_integrated_monitor - INFO - 🔧 Applying city filter: Granville, NY
2025-07-31 04:06:30 - job_components - INFO - Applying filters: ['cities']
2025-07-31 04:06:30 - job_components - INFO - Filters panel already open
2025-07-31 04:06:30 - job_components - INFO - Filters panel already open
2025-07-31 04:06:30 - job_components - INFO - Applying city filter: Granville, NY
2025-07-31 04:06:32 - job_components - INFO - ✅ Applied city filter: Granville, NY
2025-07-31 04:06:36 - job_components - INFO - ✅ Clicked show results button using: button:contains("Show")
2025-07-31 04:06:36 - job_components - INFO - ✅ Applied cities filter
2025-07-31 04:06:36 - job_components - INFO - Successfully applied 1/1 filters
2025-07-31 04:06:36 - job_components - INFO - Extracting all job information
2025-07-31 04:06:37 - job_components - INFO - Total jobs found: 0
2025-07-31 04:06:37 - job_components - INFO - Successfully extracted details for 0 jobs
2025-07-31 04:06:37 - job_components - INFO - Job extraction complete: 0 jobs, 0 total shifts
2025-07-31 04:06:37 - enhanced_integrated_monitor - INFO - 📊 Generated report: 0 total jobs, 0 jobs extracted
2025-07-31 04:06:38 - enhanced_integrated_monitor - INFO - ✅ Cleared city filter using close button: [data-test-component="StencilReactButton"]
2025-07-31 04:06:39 - enhanced_integrated_monitor - INFO - ✅ Completed processing for city: Granville, NY
2025-07-31 04:06:41 - enhanced_integrated_monitor - INFO - 🏙️ Processing city: Poway, CA
2025-07-31 04:06:41 - enhanced_integrated_monitor - INFO - 🔧 Applying city filter: Poway, CA
2025-07-31 04:06:41 - job_components - INFO - Applying filters: ['cities']
2025-07-31 04:06:42 - job_components - INFO - Filters panel already open
2025-07-31 04:06:42 - job_components - INFO - Filters panel already open
2025-07-31 04:06:42 - job_components - INFO - Applying city filter: Poway, CA
2025-07-31 04:06:42 - job_components - ERROR - Could not find city input field with any selector
2025-07-31 04:06:42 - job_components - INFO - ✅ Applied cities filter
2025-07-31 04:06:42 - job_components - INFO - Successfully applied 1/1 filters
2025-07-31 04:06:42 - job_components - INFO - Extracting all job information
2025-07-31 04:06:42 - job_components - INFO - Total jobs found: 0
2025-07-31 04:06:42 - job_components - INFO - Successfully extracted details for 0 jobs
2025-07-31 04:06:42 - job_components - INFO - Job extraction complete: 0 jobs, 0 total shifts
2025-07-31 04:06:42 - enhanced_integrated_monitor - INFO - 📊 Generated report: 0 total jobs, 0 jobs extracted
2025-07-31 04:06:43 - enhanced_integrated_monitor - INFO - ✅ Cleared city filter using close button: [data-test-component="StencilReactButton"]
2025-07-31 04:06:44 - enhanced_integrated_monitor - INFO - ✅ Completed processing for city: Poway, CA
2025-07-31 04:06:46 - enhanced_integrated_monitor - INFO - 🏙️ Processing city: North Pekin, IL
2025-07-31 04:06:46 - enhanced_integrated_monitor - INFO - 🔧 Applying city filter: North Pekin, IL
2025-07-31 04:06:46 - job_components - INFO - Applying filters: ['cities']
2025-07-31 04:06:46 - job_components - INFO - Filters panel already open
2025-07-31 04:06:46 - job_components - INFO - Filters panel already open
2025-07-31 04:06:46 - job_components - INFO - Applying city filter: North Pekin, IL
2025-07-31 04:06:46 - job_components - ERROR - Could not find city input field with any selector
2025-07-31 04:06:46 - job_components - INFO - ✅ Applied cities filter
2025-07-31 04:06:47 - job_components - INFO - Successfully applied 1/1 filters
2025-07-31 04:06:47 - job_components - INFO - Extracting all job information
2025-07-31 04:06:47 - job_components - INFO - Total jobs found: 0
2025-07-31 04:06:47 - job_components - INFO - Successfully extracted details for 0 jobs
2025-07-31 04:06:47 - job_components - INFO - Job extraction complete: 0 jobs, 0 total shifts
2025-07-31 04:06:47 - enhanced_integrated_monitor - INFO - 📊 Generated report: 0 total jobs, 0 jobs extracted
2025-07-31 04:06:47 - enhanced_integrated_monitor - INFO - ✅ Cleared city filter using close button: [data-test-component="StencilReactButton"]
2025-07-31 04:06:48 - enhanced_integrated_monitor - INFO - ✅ Completed processing for city: North Pekin, IL
2025-07-31 04:06:50 - enhanced_integrated_monitor - INFO - 🏙️ Processing city: Missoula, MT
2025-07-31 04:06:50 - enhanced_integrated_monitor - INFO - 🔧 Applying city filter: Missoula, MT
2025-07-31 04:06:50 - job_components - INFO - Applying filters: ['cities']
2025-07-31 04:06:51 - job_components - INFO - Filters panel already open
2025-07-31 04:06:51 - job_components - INFO - Filters panel already open
2025-07-31 04:06:51 - job_components - INFO - Applying city filter: Missoula, MT
2025-07-31 04:06:51 - job_components - ERROR - Could not find city input field with any selector
2025-07-31 04:06:51 - job_components - INFO - ✅ Applied cities filter
2025-07-31 04:06:51 - job_components - INFO - Successfully applied 1/1 filters
2025-07-31 04:06:51 - job_components - INFO - Extracting all job information
2025-07-31 04:06:51 - job_components - INFO - Total jobs found: 0
2025-07-31 04:06:51 - job_components - INFO - Successfully extracted details for 0 jobs
2025-07-31 04:06:51 - job_components - INFO - Job extraction complete: 0 jobs, 0 total shifts
2025-07-31 04:06:51 - enhanced_integrated_monitor - INFO - 📊 Generated report: 0 total jobs, 0 jobs extracted
2025-07-31 04:06:52 - enhanced_integrated_monitor - INFO - ✅ Cleared city filter using close button: [data-test-component="StencilReactButton"]
2025-07-31 04:06:53 - enhanced_integrated_monitor - INFO - ✅ Completed processing for city: Missoula, MT
2025-07-31 04:06:55 - enhanced_integrated_monitor - INFO - 🏙️ Processing city: Ashland, MO
2025-07-31 04:06:55 - enhanced_integrated_monitor - INFO - 🔧 Applying city filter: Ashland, MO
2025-07-31 04:06:55 - job_components - INFO - Applying filters: ['cities']
2025-07-31 04:06:55 - job_components - INFO - Filters panel already open
2025-07-31 04:06:55 - job_components - INFO - Filters panel already open
2025-07-31 04:06:55 - job_components - INFO - Applying city filter: Ashland, MO
2025-07-31 04:06:55 - job_components - ERROR - Could not find city input field with any selector
2025-07-31 04:06:55 - job_components - INFO - ✅ Applied cities filter
2025-07-31 04:06:56 - job_components - INFO - Successfully applied 1/1 filters
2025-07-31 04:06:56 - job_components - INFO - Extracting all job information
2025-07-31 04:06:56 - job_components - INFO - Total jobs found: 0
2025-07-31 04:06:56 - job_components - INFO - Successfully extracted details for 0 jobs
2025-07-31 04:06:56 - job_components - INFO - Job extraction complete: 0 jobs, 0 total shifts
2025-07-31 04:06:56 - enhanced_integrated_monitor - INFO - 📊 Generated report: 0 total jobs, 0 jobs extracted
2025-07-31 04:06:56 - enhanced_integrated_monitor - INFO - ✅ Cleared city filter using close button: [data-test-component="StencilReactButton"]
2025-07-31 04:06:57 - enhanced_integrated_monitor - INFO - ✅ Completed processing for city: Ashland, MO
2025-07-31 04:06:59 - enhanced_integrated_monitor - INFO - 🏙️ Processing city: Gypsum, CO
2025-07-31 04:06:59 - enhanced_integrated_monitor - INFO - 🔧 Applying city filter: Gypsum, CO
2025-07-31 04:06:59 - job_components - INFO - Applying filters: ['cities']
2025-07-31 04:06:59 - job_components - INFO - Filters panel already open
2025-07-31 04:06:59 - job_components - INFO - Filters panel already open
2025-07-31 04:06:59 - job_components - INFO - Applying city filter: Gypsum, CO
2025-07-31 04:06:59 - job_components - ERROR - Could not find city input field with any selector
2025-07-31 04:06:59 - job_components - INFO - ✅ Applied cities filter
2025-07-31 04:07:00 - job_components - INFO - Successfully applied 1/1 filters
2025-07-31 04:07:00 - job_components - INFO - Extracting all job information
2025-07-31 04:07:00 - job_components - INFO - Total jobs found: 0
2025-07-31 04:07:00 - job_components - INFO - Successfully extracted details for 0 jobs
2025-07-31 04:07:00 - job_components - INFO - Job extraction complete: 0 jobs, 0 total shifts
2025-07-31 04:07:00 - enhanced_integrated_monitor - INFO - 📊 Generated report: 0 total jobs, 0 jobs extracted
2025-07-31 04:07:01 - enhanced_integrated_monitor - INFO - ✅ Cleared city filter using close button: [data-test-component="StencilReactButton"]
2025-07-31 04:07:02 - enhanced_integrated_monitor - INFO - ✅ Completed processing for city: Gypsum, CO
2025-07-31 04:07:04 - enhanced_integrated_monitor - INFO - 🏙️ Processing city: Belgrade, MT
2025-07-31 04:07:04 - enhanced_integrated_monitor - INFO - 🔧 Applying city filter: Belgrade, MT
2025-07-31 04:07:04 - job_components - INFO - Applying filters: ['cities']
2025-07-31 04:07:04 - job_components - INFO - Filters panel already open
2025-07-31 04:07:04 - job_components - INFO - Filters panel already open
2025-07-31 04:07:04 - job_components - INFO - Applying city filter: Belgrade, MT
2025-07-31 04:07:04 - job_components - ERROR - Could not find city input field with any selector
2025-07-31 04:07:04 - job_components - INFO - ✅ Applied cities filter
2025-07-31 04:07:04 - job_components - INFO - Successfully applied 1/1 filters
2025-07-31 04:07:04 - job_components - INFO - Extracting all job information
2025-07-31 04:07:04 - job_components - INFO - Total jobs found: 0
2025-07-31 04:07:05 - job_components - INFO - Successfully extracted details for 0 jobs
2025-07-31 04:07:05 - job_components - INFO - Job extraction complete: 0 jobs, 0 total shifts
2025-07-31 04:07:05 - enhanced_integrated_monitor - INFO - 📊 Generated report: 0 total jobs, 0 jobs extracted
2025-07-31 04:07:05 - enhanced_integrated_monitor - INFO - ✅ Cleared city filter using close button: [data-test-component="StencilReactButton"]
2025-07-31 04:07:06 - enhanced_integrated_monitor - INFO - ✅ Completed processing for city: Belgrade, MT
2025-07-31 04:07:08 - enhanced_integrated_monitor - INFO - 🏙️ Processing city: Basalt, CO
2025-07-31 04:07:08 - enhanced_integrated_monitor - INFO - 🔧 Applying city filter: Basalt, CO
2025-07-31 04:07:08 - job_components - INFO - Applying filters: ['cities']
2025-07-31 04:07:08 - job_components - INFO - Filters panel already open
2025-07-31 04:07:08 - job_components - INFO - Filters panel already open
2025-07-31 04:07:08 - job_components - INFO - Applying city filter: Basalt, CO
2025-07-31 04:07:08 - job_components - ERROR - Could not find city input field with any selector
2025-07-31 04:07:08 - job_components - INFO - ✅ Applied cities filter
2025-07-31 04:07:09 - job_components - INFO - Successfully applied 1/1 filters
2025-07-31 04:07:09 - job_components - INFO - Extracting all job information
2025-07-31 04:07:09 - job_components - INFO - Total jobs found: 0
2025-07-31 04:07:09 - job_components - INFO - Successfully extracted details for 0 jobs
2025-07-31 04:07:09 - job_components - INFO - Job extraction complete: 0 jobs, 0 total shifts
2025-07-31 04:07:09 - enhanced_integrated_monitor - INFO - 📊 Generated report: 0 total jobs, 0 jobs extracted
2025-07-31 04:07:10 - enhanced_integrated_monitor - INFO - ✅ Cleared city filter using close button: [data-test-component="StencilReactButton"]
2025-07-31 04:07:11 - enhanced_integrated_monitor - INFO - ✅ Completed processing for city: Basalt, CO
2025-07-31 04:07:13 - enhanced_integrated_monitor - INFO - 🏙️ Processing city: Ottawa, IL
2025-07-31 04:07:13 - enhanced_integrated_monitor - INFO - 🔧 Applying city filter: Ottawa, IL
2025-07-31 04:07:13 - job_components - INFO - Applying filters: ['cities']
2025-07-31 04:07:13 - job_components - INFO - Filters panel already open
2025-07-31 04:07:13 - job_components - INFO - Filters panel already open
2025-07-31 04:07:13 - job_components - INFO - Applying city filter: Ottawa, IL
2025-07-31 04:07:13 - job_components - ERROR - Could not find city input field with any selector
2025-07-31 04:07:13 - job_components - INFO - ✅ Applied cities filter
2025-07-31 04:07:13 - job_components - INFO - Successfully applied 1/1 filters
2025-07-31 04:07:13 - job_components - INFO - Extracting all job information
2025-07-31 04:07:13 - job_components - INFO - Total jobs found: 0
2025-07-31 04:07:13 - job_components - INFO - Successfully extracted details for 0 jobs
2025-07-31 04:07:13 - job_components - INFO - Job extraction complete: 0 jobs, 0 total shifts
2025-07-31 04:07:13 - enhanced_integrated_monitor - INFO - 📊 Generated report: 0 total jobs, 0 jobs extracted
2025-07-31 04:07:14 - enhanced_integrated_monitor - INFO - ✅ Cleared city filter using close button: [data-test-component="StencilReactButton"]
2025-07-31 04:07:15 - enhanced_integrated_monitor - INFO - ✅ Completed processing for city: Ottawa, IL
2025-07-31 04:07:17 - enhanced_integrated_monitor - INFO - 🏙️ Processing city: Tillamook, OR
2025-07-31 04:07:17 - enhanced_integrated_monitor - INFO - 🔧 Applying city filter: Tillamook, OR
2025-07-31 04:07:17 - job_components - INFO - Applying filters: ['cities']
2025-07-31 04:07:17 - job_components - INFO - Filters panel already open
2025-07-31 04:07:17 - job_components - INFO - Filters panel already open
2025-07-31 04:07:17 - job_components - INFO - Applying city filter: Tillamook, OR
2025-07-31 04:07:17 - job_components - ERROR - Could not find city input field with any selector
2025-07-31 04:07:17 - job_components - INFO - ✅ Applied cities filter
2025-07-31 04:07:18 - job_components - INFO - Successfully applied 1/1 filters
2025-07-31 04:07:18 - job_components - INFO - Extracting all job information
2025-07-31 04:07:18 - job_components - INFO - Total jobs found: 0
2025-07-31 04:07:18 - job_components - INFO - Successfully extracted details for 0 jobs
2025-07-31 04:07:18 - job_components - INFO - Job extraction complete: 0 jobs, 0 total shifts
2025-07-31 04:07:18 - enhanced_integrated_monitor - INFO - 📊 Generated report: 0 total jobs, 0 jobs extracted
2025-07-31 04:07:18 - enhanced_integrated_monitor - INFO - ✅ Cleared city filter using close button: [data-test-component="StencilReactButton"]
2025-07-31 04:07:19 - enhanced_integrated_monitor - INFO - ✅ Completed processing for city: Tillamook, OR
2025-07-31 04:07:21 - enhanced_integrated_monitor - INFO - 🏙️ Processing city: Jackson, WY
2025-07-31 04:07:21 - enhanced_integrated_monitor - INFO - 🔧 Applying city filter: Jackson, WY
2025-07-31 04:07:21 - job_components - INFO - Applying filters: ['cities']
2025-07-31 04:07:21 - job_components - INFO - Filters panel already open
2025-07-31 04:07:21 - job_components - INFO - Filters panel already open
2025-07-31 04:07:21 - job_components - INFO - Applying city filter: Jackson, WY
2025-07-31 04:07:21 - job_components - ERROR - Could not find city input field with any selector
2025-07-31 04:07:21 - job_components - INFO - ✅ Applied cities filter
2025-07-31 04:07:22 - job_components - INFO - Successfully applied 1/1 filters
2025-07-31 04:07:22 - job_components - INFO - Extracting all job information
2025-07-31 04:07:22 - job_components - INFO - Total jobs found: 0
2025-07-31 04:07:22 - job_components - INFO - Successfully extracted details for 0 jobs
2025-07-31 04:07:22 - job_components - INFO - Job extraction complete: 0 jobs, 0 total shifts
2025-07-31 04:07:22 - enhanced_integrated_monitor - INFO - 📊 Generated report: 0 total jobs, 0 jobs extracted
2025-07-31 04:07:23 - enhanced_integrated_monitor - INFO - ✅ Cleared city filter using close button: [data-test-component="StencilReactButton"]
2025-07-31 04:07:24 - enhanced_integrated_monitor - INFO - ✅ Completed processing for city: Jackson, WY
2025-07-31 04:07:26 - enhanced_integrated_monitor - INFO - 🏙️ Processing city: Weston, WI
2025-07-31 04:07:26 - enhanced_integrated_monitor - INFO - 🔧 Applying city filter: Weston, WI
2025-07-31 04:07:26 - job_components - INFO - Applying filters: ['cities']
2025-07-31 04:07:26 - job_components - INFO - Filters panel already open
2025-07-31 04:07:26 - job_components - INFO - Filters panel already open
2025-07-31 04:07:26 - job_components - INFO - Applying city filter: Weston, WI
2025-07-31 04:07:26 - job_components - ERROR - Could not find city input field with any selector
2025-07-31 04:07:26 - job_components - INFO - ✅ Applied cities filter
2025-07-31 04:07:26 - job_components - INFO - Successfully applied 1/1 filters
2025-07-31 04:07:26 - job_components - INFO - Extracting all job information
2025-07-31 04:07:26 - job_components - INFO - Total jobs found: 0
2025-07-31 04:07:26 - job_components - INFO - Successfully extracted details for 0 jobs
2025-07-31 04:07:26 - job_components - INFO - Job extraction complete: 0 jobs, 0 total shifts
2025-07-31 04:07:26 - enhanced_integrated_monitor - INFO - 📊 Generated report: 0 total jobs, 0 jobs extracted
2025-07-31 04:07:27 - enhanced_integrated_monitor - INFO - ✅ Cleared city filter using close button: [data-test-component="StencilReactButton"]
2025-07-31 04:07:28 - enhanced_integrated_monitor - INFO - ✅ Completed processing for city: Weston, WI
2025-07-31 04:07:30 - enhanced_integrated_monitor - INFO - 🏙️ Processing city: Capitola, CA
2025-07-31 04:07:30 - enhanced_integrated_monitor - INFO - 🔧 Applying city filter: Capitola, CA
2025-07-31 04:07:30 - job_components - INFO - Applying filters: ['cities']
2025-07-31 04:07:30 - job_components - INFO - Filters panel already open
2025-07-31 04:07:30 - job_components - INFO - Filters panel already open
2025-07-31 04:07:30 - job_components - INFO - Applying city filter: Capitola, CA
2025-07-31 04:07:30 - job_components - ERROR - Could not find city input field with any selector
2025-07-31 04:07:30 - job_components - INFO - ✅ Applied cities filter
2025-07-31 04:07:31 - job_components - INFO - Successfully applied 1/1 filters
2025-07-31 04:07:31 - job_components - INFO - Extracting all job information
2025-07-31 04:07:31 - job_components - INFO - Total jobs found: 0
2025-07-31 04:07:31 - job_components - INFO - Successfully extracted details for 0 jobs
2025-07-31 04:07:31 - job_components - INFO - Job extraction complete: 0 jobs, 0 total shifts
2025-07-31 04:07:31 - enhanced_integrated_monitor - INFO - 📊 Generated report: 0 total jobs, 0 jobs extracted
2025-07-31 04:07:31 - enhanced_integrated_monitor - INFO - ✅ Cleared city filter using close button: [data-test-component="StencilReactButton"]
2025-07-31 04:07:32 - enhanced_integrated_monitor - INFO - ✅ Completed processing for city: Capitola, CA
2025-07-31 04:07:34 - enhanced_integrated_monitor - INFO - 🏙️ Processing city: Bend, OR
2025-07-31 04:07:34 - enhanced_integrated_monitor - INFO - 🔧 Applying city filter: Bend, OR
2025-07-31 04:07:34 - job_components - INFO - Applying filters: ['cities']
2025-07-31 04:07:34 - job_components - INFO - Filters panel already open
2025-07-31 04:07:34 - job_components - INFO - Filters panel already open
2025-07-31 04:07:34 - job_components - INFO - Applying city filter: Bend, OR
2025-07-31 04:07:34 - job_components - ERROR - Could not find city input field with any selector
2025-07-31 04:07:34 - job_components - INFO - ✅ Applied cities filter
2025-07-31 04:07:35 - job_components - INFO - Successfully applied 1/1 filters
2025-07-31 04:07:35 - job_components - INFO - Extracting all job information
2025-07-31 04:07:35 - job_components - INFO - Total jobs found: 0
2025-07-31 04:07:35 - job_components - INFO - Successfully extracted details for 0 jobs
2025-07-31 04:07:35 - job_components - INFO - Job extraction complete: 0 jobs, 0 total shifts
2025-07-31 04:07:35 - enhanced_integrated_monitor - INFO - 📊 Generated report: 0 total jobs, 0 jobs extracted
2025-07-31 04:07:35 - enhanced_integrated_monitor - INFO - ✅ Cleared city filter using close button: [data-test-component="StencilReactButton"]
2025-07-31 04:07:36 - enhanced_integrated_monitor - INFO - ✅ Completed processing for city: Bend, OR
2025-07-31 04:07:38 - enhanced_integrated_monitor - INFO - 🏙️ Processing city: La Crosse, WI
2025-07-31 04:07:38 - enhanced_integrated_monitor - INFO - 🔧 Applying city filter: La Crosse, WI
2025-07-31 04:07:38 - job_components - INFO - Applying filters: ['cities']
2025-07-31 04:07:39 - job_components - INFO - Filters panel already open
2025-07-31 04:07:39 - job_components - INFO - Filters panel already open
2025-07-31 04:07:39 - job_components - INFO - Applying city filter: La Crosse, WI
2025-07-31 04:07:39 - job_components - ERROR - Could not find city input field with any selector
2025-07-31 04:07:39 - job_components - INFO - ✅ Applied cities filter
2025-07-31 04:07:39 - job_components - INFO - Successfully applied 1/1 filters
2025-07-31 04:07:39 - job_components - INFO - Extracting all job information
2025-07-31 04:07:39 - job_components - INFO - Total jobs found: 0
2025-07-31 04:07:39 - job_components - INFO - Successfully extracted details for 0 jobs
2025-07-31 04:07:39 - job_components - INFO - Job extraction complete: 0 jobs, 0 total shifts
2025-07-31 04:07:39 - enhanced_integrated_monitor - INFO - 📊 Generated report: 0 total jobs, 0 jobs extracted
2025-07-31 04:07:40 - enhanced_integrated_monitor - INFO - ✅ Cleared city filter using close button: [data-test-component="StencilReactButton"]
2025-07-31 04:07:41 - enhanced_integrated_monitor - INFO - ✅ Completed processing for city: La Crosse, WI
2025-07-31 04:07:43 - enhanced_integrated_monitor - INFO - 🏙️ Processing city: Jerome, ID
2025-07-31 04:07:43 - enhanced_integrated_monitor - INFO - 🔧 Applying city filter: Jerome, ID
2025-07-31 04:07:43 - job_components - INFO - Applying filters: ['cities']
2025-07-31 04:07:43 - job_components - INFO - Filters panel already open
2025-07-31 04:07:43 - job_components - INFO - Filters panel already open
2025-07-31 04:07:43 - job_components - INFO - Applying city filter: Jerome, ID
2025-07-31 04:07:43 - job_components - ERROR - Could not find city input field with any selector
2025-07-31 04:07:43 - job_components - INFO - ✅ Applied cities filter
2025-07-31 04:07:44 - job_components - INFO - Successfully applied 1/1 filters
2025-07-31 04:07:44 - job_components - INFO - Extracting all job information
2025-07-31 04:07:44 - job_components - INFO - Total jobs found: 0
2025-07-31 04:07:44 - job_components - INFO - Successfully extracted details for 0 jobs
2025-07-31 04:07:44 - job_components - INFO - Job extraction complete: 0 jobs, 0 total shifts
2025-07-31 04:07:44 - enhanced_integrated_monitor - INFO - 📊 Generated report: 0 total jobs, 0 jobs extracted
2025-07-31 04:07:44 - enhanced_integrated_monitor - INFO - ✅ Cleared city filter using close button: [data-test-component="StencilReactButton"]
2025-07-31 04:07:45 - enhanced_integrated_monitor - INFO - ✅ Completed processing for city: Jerome, ID
2025-07-31 04:07:47 - enhanced_integrated_monitor - INFO - 🏙️ Processing city: Gaylord, MI
2025-07-31 04:07:47 - enhanced_integrated_monitor - INFO - 🔧 Applying city filter: Gaylord, MI
2025-07-31 04:07:47 - job_components - INFO - Applying filters: ['cities']
2025-07-31 04:07:47 - job_components - INFO - Filters panel already open
2025-07-31 04:07:47 - job_components - INFO - Filters panel already open
2025-07-31 04:07:47 - job_components - INFO - Applying city filter: Gaylord, MI
2025-07-31 04:07:47 - job_components - ERROR - Could not find city input field with any selector
2025-07-31 04:07:47 - job_components - INFO - ✅ Applied cities filter
2025-07-31 04:07:48 - job_components - INFO - Successfully applied 1/1 filters
2025-07-31 04:07:48 - job_components - INFO - Extracting all job information
2025-07-31 04:07:48 - job_components - INFO - Total jobs found: 0
2025-07-31 04:07:48 - job_components - INFO - Successfully extracted details for 0 jobs
2025-07-31 04:07:48 - job_components - INFO - Job extraction complete: 0 jobs, 0 total shifts
2025-07-31 04:07:48 - enhanced_integrated_monitor - INFO - 📊 Generated report: 0 total jobs, 0 jobs extracted
2025-07-31 04:07:49 - enhanced_integrated_monitor - INFO - ✅ Cleared city filter using close button: [data-test-component="StencilReactButton"]
2025-07-31 04:07:50 - enhanced_integrated_monitor - INFO - ✅ Completed processing for city: Gaylord, MI
2025-07-31 04:07:52 - enhanced_integrated_monitor - INFO - 🏙️ Processing city: Traverse City, MI
2025-07-31 04:07:52 - enhanced_integrated_monitor - INFO - 🔧 Applying city filter: Traverse City, MI
2025-07-31 04:07:52 - job_components - INFO - Applying filters: ['cities']
2025-07-31 04:07:52 - job_components - INFO - Filters panel already open
2025-07-31 04:07:52 - job_components - INFO - Filters panel already open
2025-07-31 04:07:52 - job_components - INFO - Applying city filter: Traverse City, MI
2025-07-31 04:07:52 - job_components - ERROR - Could not find city input field with any selector
2025-07-31 04:07:52 - job_components - INFO - ✅ Applied cities filter
2025-07-31 04:07:52 - job_components - INFO - Successfully applied 1/1 filters
2025-07-31 04:07:52 - job_components - INFO - Extracting all job information
2025-07-31 04:07:52 - job_components - INFO - Total jobs found: 0
2025-07-31 04:07:52 - job_components - INFO - Successfully extracted details for 0 jobs
2025-07-31 04:07:52 - job_components - INFO - Job extraction complete: 0 jobs, 0 total shifts
2025-07-31 04:07:52 - enhanced_integrated_monitor - INFO - 📊 Generated report: 0 total jobs, 0 jobs extracted
2025-07-31 04:07:53 - enhanced_integrated_monitor - INFO - ✅ Cleared city filter using close button: [data-test-component="StencilReactButton"]
2025-07-31 04:07:54 - enhanced_integrated_monitor - INFO - ✅ Completed processing for city: Traverse City, MI
2025-07-31 04:07:56 - enhanced_integrated_monitor - INFO - 🏙️ Processing city: Richfield, UT
2025-07-31 04:07:56 - enhanced_integrated_monitor - INFO - 🔧 Applying city filter: Richfield, UT
2025-07-31 04:07:56 - job_components - INFO - Applying filters: ['cities']
2025-07-31 04:07:56 - job_components - INFO - Filters panel already open
2025-07-31 04:07:56 - job_components - INFO - Filters panel already open
2025-07-31 04:07:56 - job_components - INFO - Applying city filter: Richfield, UT
2025-07-31 04:07:56 - job_components - ERROR - Could not find city input field with any selector
2025-07-31 04:07:56 - job_components - INFO - ✅ Applied cities filter
2025-07-31 04:07:57 - job_components - INFO - Successfully applied 1/1 filters
2025-07-31 04:07:57 - job_components - INFO - Extracting all job information
2025-07-31 04:07:57 - job_components - INFO - Total jobs found: 0
2025-07-31 04:07:57 - job_components - INFO - Successfully extracted details for 0 jobs
2025-07-31 04:07:57 - job_components - INFO - Job extraction complete: 0 jobs, 0 total shifts
2025-07-31 04:07:57 - enhanced_integrated_monitor - INFO - 📊 Generated report: 0 total jobs, 0 jobs extracted
2025-07-31 04:07:57 - enhanced_integrated_monitor - INFO - ✅ Cleared city filter using close button: [data-test-component="StencilReactButton"]
2025-07-31 04:07:58 - enhanced_integrated_monitor - INFO - ✅ Completed processing for city: Richfield, UT
2025-07-31 04:08:00 - enhanced_integrated_monitor - INFO - 🏙️ Processing city: Caribou, ME
2025-07-31 04:08:00 - enhanced_integrated_monitor - INFO - 🔧 Applying city filter: Caribou, ME
2025-07-31 04:08:00 - job_components - INFO - Applying filters: ['cities']
2025-07-31 04:08:00 - job_components - INFO - Filters panel already open
2025-07-31 04:08:00 - job_components - INFO - Filters panel already open
2025-07-31 04:08:00 - job_components - INFO - Applying city filter: Caribou, ME
2025-07-31 04:08:01 - job_components - ERROR - Could not find city input field with any selector
2025-07-31 04:08:01 - job_components - INFO - ✅ Applied cities filter
2025-07-31 04:08:01 - job_components - INFO - Successfully applied 1/1 filters
2025-07-31 04:08:01 - job_components - INFO - Extracting all job information
2025-07-31 04:08:01 - job_components - INFO - Total jobs found: 0
2025-07-31 04:08:01 - job_components - INFO - Successfully extracted details for 0 jobs
2025-07-31 04:08:01 - job_components - INFO - Job extraction complete: 0 jobs, 0 total shifts
2025-07-31 04:08:01 - enhanced_integrated_monitor - INFO - 📊 Generated report: 0 total jobs, 0 jobs extracted
2025-07-31 04:08:02 - enhanced_integrated_monitor - INFO - ✅ Cleared city filter using close button: [data-test-component="StencilReactButton"]
2025-07-31 04:08:03 - enhanced_integrated_monitor - INFO - ✅ Completed processing for city: Caribou, ME
2025-07-31 04:08:05 - enhanced_integrated_monitor - INFO - 🏙️ Processing city: Kahului, HI
2025-07-31 04:08:05 - enhanced_integrated_monitor - INFO - 🔧 Applying city filter: Kahului, HI
2025-07-31 04:08:05 - job_components - INFO - Applying filters: ['cities']
2025-07-31 04:08:05 - job_components - INFO - Filters panel already open
2025-07-31 04:08:05 - job_components - INFO - Filters panel already open
2025-07-31 04:08:05 - job_components - INFO - Applying city filter: Kahului, HI
2025-07-31 04:08:05 - job_components - ERROR - Could not find city input field with any selector
2025-07-31 04:08:05 - job_components - INFO - ✅ Applied cities filter
2025-07-31 04:08:05 - job_components - INFO - Successfully applied 1/1 filters
2025-07-31 04:08:05 - job_components - INFO - Extracting all job information
2025-07-31 04:08:05 - job_components - INFO - Total jobs found: 0
2025-07-31 04:08:05 - job_components - INFO - Successfully extracted details for 0 jobs
2025-07-31 04:08:05 - job_components - INFO - Job extraction complete: 0 jobs, 0 total shifts
2025-07-31 04:08:05 - enhanced_integrated_monitor - INFO - 📊 Generated report: 0 total jobs, 0 jobs extracted
2025-07-31 04:08:06 - enhanced_integrated_monitor - INFO - ✅ Cleared city filter using close button: [data-test-component="StencilReactButton"]
2025-07-31 04:08:07 - enhanced_integrated_monitor - INFO - ✅ Completed processing for city: Kahului, HI
2025-07-31 04:08:09 - enhanced_integrated_monitor - INFO - 🏙️ Processing city: Hyannis, MA
2025-07-31 04:08:09 - enhanced_integrated_monitor - INFO - 🔧 Applying city filter: Hyannis, MA
2025-07-31 04:08:09 - job_components - INFO - Applying filters: ['cities']
2025-07-31 04:08:09 - job_components - INFO - Filters panel already open
2025-07-31 04:08:09 - job_components - INFO - Filters panel already open
2025-07-31 04:08:09 - job_components - INFO - Applying city filter: Hyannis, MA
2025-07-31 04:08:09 - job_components - ERROR - Could not find city input field with any selector
2025-07-31 04:08:09 - job_components - INFO - ✅ Applied cities filter
2025-07-31 04:08:10 - job_components - INFO - Successfully applied 1/1 filters
2025-07-31 04:08:10 - job_components - INFO - Extracting all job information
2025-07-31 04:08:10 - job_components - INFO - Total jobs found: 0
2025-07-31 04:08:10 - job_components - INFO - Successfully extracted details for 0 jobs
2025-07-31 04:08:10 - job_components - INFO - Job extraction complete: 0 jobs, 0 total shifts
2025-07-31 04:08:10 - enhanced_integrated_monitor - INFO - 📊 Generated report: 0 total jobs, 0 jobs extracted
2025-07-31 04:08:10 - enhanced_integrated_monitor - INFO - ✅ Cleared city filter using close button: [data-test-component="StencilReactButton"]
2025-07-31 04:08:11 - enhanced_integrated_monitor - INFO - ✅ Completed processing for city: Hyannis, MA
2025-07-31 04:08:13 - enhanced_integrated_monitor - INFO - 🏙️ Processing city: Lexington, KY
2025-07-31 04:08:13 - enhanced_integrated_monitor - INFO - 🔧 Applying city filter: Lexington, KY
2025-07-31 04:08:13 - job_components - INFO - Applying filters: ['cities']
2025-07-31 04:08:13 - job_components - INFO - Filters panel already open
2025-07-31 04:08:13 - job_components - INFO - Filters panel already open
2025-07-31 04:08:13 - job_components - INFO - Applying city filter: Lexington, KY
2025-07-31 04:08:14 - job_components - ERROR - Could not find city input field with any selector
2025-07-31 04:08:14 - job_components - INFO - ✅ Applied cities filter
2025-07-31 04:08:14 - job_components - INFO - Successfully applied 1/1 filters
2025-07-31 04:08:14 - job_components - INFO - Extracting all job information
2025-07-31 04:08:14 - job_components - INFO - Total jobs found: 0
2025-07-31 04:08:14 - job_components - INFO - Successfully extracted details for 0 jobs
2025-07-31 04:08:14 - job_components - INFO - Job extraction complete: 0 jobs, 0 total shifts
2025-07-31 04:08:14 - enhanced_integrated_monitor - INFO - 📊 Generated report: 0 total jobs, 0 jobs extracted
2025-07-31 04:08:15 - enhanced_integrated_monitor - INFO - ✅ Cleared city filter using close button: [data-test-component="StencilReactButton"]
2025-07-31 04:08:16 - enhanced_integrated_monitor - INFO - ✅ Completed processing for city: Lexington, KY
2025-07-31 04:08:18 - enhanced_integrated_monitor - INFO - 🏙️ Processing city: Bozeman, MT
2025-07-31 04:08:18 - enhanced_integrated_monitor - INFO - 🔧 Applying city filter: Bozeman, MT
2025-07-31 04:08:18 - job_components - INFO - Applying filters: ['cities']
2025-07-31 04:08:18 - job_components - INFO - Filters panel already open
2025-07-31 04:08:18 - job_components - INFO - Filters panel already open
2025-07-31 04:08:18 - job_components - INFO - Applying city filter: Bozeman, MT
2025-07-31 04:08:18 - job_components - ERROR - Could not find city input field with any selector
2025-07-31 04:08:18 - job_components - INFO - ✅ Applied cities filter
2025-07-31 04:08:18 - job_components - INFO - Successfully applied 1/1 filters
2025-07-31 04:08:18 - job_components - INFO - Extracting all job information
2025-07-31 04:08:18 - job_components - INFO - Total jobs found: 0
2025-07-31 04:08:19 - job_components - INFO - Successfully extracted details for 0 jobs
2025-07-31 04:08:19 - job_components - INFO - Job extraction complete: 0 jobs, 0 total shifts
2025-07-31 04:08:19 - enhanced_integrated_monitor - INFO - 📊 Generated report: 0 total jobs, 0 jobs extracted
2025-07-31 04:08:19 - enhanced_integrated_monitor - INFO - ✅ Cleared city filter using close button: [data-test-component="StencilReactButton"]
2025-07-31 04:08:20 - enhanced_integrated_monitor - INFO - ✅ Completed processing for city: Bozeman, MT
2025-07-31 04:08:22 - enhanced_integrated_monitor - INFO - ⏰ Waiting 300s until next cycle
2025-07-31 04:13:22 - enhanced_integrated_monitor - INFO - 📊 Starting monitoring cycle 3
2025-07-31 04:13:22 - enhanced_integrated_monitor - INFO - 🔍 Attempt 1: Processing URL 1/3: https://hiring.amazon.com/app#/jobSearch
2025-07-31 04:14:41 - enhanced_integrated_monitor - INFO - Found guided search modal, attempting to close or use filters
2025-07-31 04:14:41 - enhanced_integrated_monitor - INFO - Clicking 'View all filters' to access filters panel
2025-07-31 04:14:47 - enhanced_integrated_monitor - INFO - Detected page type: search
2025-07-31 04:14:50 - enhanced_integrated_monitor - INFO - Found visible element with selector: button:contains("View all filters")
2025-07-31 04:14:50 - enhanced_integrated_monitor - INFO - ✅ Filters accessible via: button:contains("View all filters")
2025-07-31 04:14:50 - enhanced_integrated_monitor - INFO - 🏙️ Processing city: Granville, NY
2025-07-31 04:14:50 - enhanced_integrated_monitor - INFO - 🔧 Applying city filter: Granville, NY
2025-07-31 04:14:50 - job_components - INFO - Applying filters: ['cities']
2025-07-31 04:14:50 - job_components - INFO - Filters panel already open
2025-07-31 04:14:50 - job_components - INFO - Filters panel already open
2025-07-31 04:14:50 - job_components - INFO - Applying city filter: Granville, NY
2025-07-31 04:14:52 - job_components - INFO - ✅ Applied city filter: Granville, NY
2025-07-31 04:14:56 - job_components - INFO - ✅ Clicked show results button using: button:contains("Show")
2025-07-31 04:14:56 - job_components - INFO - ✅ Applied cities filter
2025-07-31 04:14:57 - job_components - INFO - Successfully applied 1/1 filters
2025-07-31 04:14:57 - job_components - INFO - Extracting all job information
2025-07-31 04:14:57 - job_components - INFO - Total jobs found: 1
2025-07-31 04:14:57 - job_components - INFO - Successfully extracted details for 1 jobs
2025-07-31 04:14:57 - job_components - INFO - Job extraction complete: 1 jobs, 1 total shifts
2025-07-31 04:14:57 - enhanced_integrated_monitor - INFO - 📊 Generated report: 1 total jobs, 1 jobs extracted
2025-07-31 04:14:58 - enhanced_integrated_monitor - INFO - ✅ Cleared city filter using close button: [data-test-component="StencilReactButton"]
2025-07-31 04:14:59 - enhanced_integrated_monitor - INFO - 🛑 Monitoring stopped by user
2025-07-31 04:14:59 - enhanced_integrated_monitor - INFO - 🏁 Enhanced monitoring stopped
2025-07-31 04:14:59 - __main__ - INFO - 🛑 Monitoring stopped by user
