2025-07-31 04:15:18 - root - INFO - Logging initialized. Log file: logs/bot_run_20250731_041518.log
2025-07-31 04:15:18 - __main__ - INFO - Using default configuration
2025-07-31 04:15:18 - __main__ - INFO - 🚀 Starting Amazon Shift Bot [ID: 69139645]
2025-07-31 04:15:20 - services.session_service - INFO - 🔐 Establishing Amazon session
2025-07-31 04:15:27 - session_manager - INFO - 📊 Added 25/25 cookies
2025-07-31 04:15:36 - session_manager - INFO - ✅ Session valid - found: div[data-test-component="StencilReactRow"]
2025-07-31 04:15:36 - session_manager - INFO - ✅ Session restored successfully for lovepreet@teamarora.com
2025-07-31 04:15:40 - services.session_service - INFO - ✅ Existing session validated successfully
2025-07-31 04:15:40 - enhanced_integrated_monitor - INFO - ✅ Loaded filter configuration from /Users/lovepreetgill/developer/amazon_shift_bot/filter_config.yaml
2025-07-31 04:15:40 - enhanced_integrated_monitor - INFO - 🚀 Starting Enhanced Job Monitor
2025-07-31 04:15:40 - enhanced_integrated_monitor - INFO - ✅ Enhanced components initialized successfully
2025-07-31 04:15:40 - enhanced_integrated_monitor - INFO - 📊 Starting monitoring cycle 1
2025-07-31 04:15:40 - enhanced_integrated_monitor - INFO - 🔍 Attempt 1: Processing URL 1/3: https://hiring.amazon.com/app#/jobSearch
2025-07-31 04:17:00 - enhanced_integrated_monitor - INFO - Found guided search modal, attempting to close or use filters
2025-07-31 04:17:00 - enhanced_integrated_monitor - INFO - Clicking 'View all filters' to access filters panel
2025-07-31 04:17:06 - enhanced_integrated_monitor - INFO - Detected page type: search
2025-07-31 04:17:09 - enhanced_integrated_monitor - INFO - Found visible element with selector: button:contains("View all filters")
2025-07-31 04:17:09 - enhanced_integrated_monitor - INFO - ✅ Filters accessible via: button:contains("View all filters")
2025-07-31 04:17:09 - enhanced_integrated_monitor - INFO - 🏙️ Processing city 1/24: Granville, NY
2025-07-31 04:17:09 - enhanced_integrated_monitor - INFO - 🔧 Applying city filter: Granville, NY
2025-07-31 04:17:09 - job_components - INFO - Applying filters: ['cities']
2025-07-31 04:17:09 - job_components - INFO - Filters panel already open
2025-07-31 04:17:09 - job_components - INFO - Filters panel already open
2025-07-31 04:17:09 - job_components - INFO - Applying city filter: Granville, NY
2025-07-31 04:17:11 - job_components - INFO - ✅ Applied city filter: Granville, NY
2025-07-31 04:17:16 - job_components - INFO - ✅ Clicked show results button using: button:contains("Show")
2025-07-31 04:17:16 - job_components - INFO - ✅ Applied cities filter
2025-07-31 04:17:16 - job_components - INFO - Successfully applied 1/1 filters
2025-07-31 04:17:16 - enhanced_integrated_monitor - ERROR - Error handling shift processing: 'EnhancedJobReporter' object has no attribute 'extract_all_job_information'
2025-07-31 04:17:17 - enhanced_integrated_monitor - INFO - ✅ Cleared city filter using close button: [data-test-component="StencilReactButton"]
2025-07-31 04:17:18 - enhanced_integrated_monitor - INFO - ✅ Completed processing for city: Granville, NY
2025-07-31 04:17:20 - enhanced_integrated_monitor - INFO - 🏙️ Processing city 2/24: Poway, CA
2025-07-31 04:17:20 - enhanced_integrated_monitor - INFO - 🔧 Applying city filter: Poway, CA
2025-07-31 04:17:20 - job_components - INFO - Applying filters: ['cities']
2025-07-31 04:17:20 - job_components - INFO - Filters panel already open
2025-07-31 04:17:20 - job_components - INFO - Filters panel already open
2025-07-31 04:17:20 - job_components - INFO - Applying city filter: Poway, CA
2025-07-31 04:17:20 - job_components - WARNING - City input not found, attempt 1/2. Trying to reopen filters panel...
2025-07-31 04:17:21 - job_components - INFO - Filters panel already open
2025-07-31 04:17:23 - job_components - ERROR - Could not find city input field with any selector after retries
2025-07-31 04:17:23 - job_components - INFO - ✅ Applied cities filter
2025-07-31 04:17:23 - job_components - INFO - Successfully applied 1/1 filters
2025-07-31 04:17:23 - enhanced_integrated_monitor - ERROR - Error handling shift processing: 'EnhancedJobReporter' object has no attribute 'extract_all_job_information'
2025-07-31 04:17:24 - enhanced_integrated_monitor - INFO - ✅ Cleared city filter using close button: [data-test-component="StencilReactButton"]
2025-07-31 04:17:25 - enhanced_integrated_monitor - INFO - ✅ Completed processing for city: Poway, CA
2025-07-31 04:17:27 - enhanced_integrated_monitor - INFO - 🏙️ Processing city 3/24: North Pekin, IL
2025-07-31 04:17:27 - enhanced_integrated_monitor - INFO - 🔧 Applying city filter: North Pekin, IL
2025-07-31 04:17:27 - job_components - INFO - Applying filters: ['cities']
2025-07-31 04:17:27 - job_components - INFO - Filters panel already open
2025-07-31 04:17:27 - job_components - INFO - Filters panel already open
2025-07-31 04:17:27 - job_components - INFO - Applying city filter: North Pekin, IL
2025-07-31 04:17:27 - job_components - WARNING - City input not found, attempt 1/2. Trying to reopen filters panel...
2025-07-31 04:17:28 - job_components - INFO - Filters panel already open
2025-07-31 04:17:29 - job_components - ERROR - Could not find city input field with any selector after retries
2025-07-31 04:17:29 - job_components - INFO - ✅ Applied cities filter
2025-07-31 04:17:30 - job_components - INFO - Successfully applied 1/1 filters
2025-07-31 04:17:30 - enhanced_integrated_monitor - ERROR - Error handling shift processing: 'EnhancedJobReporter' object has no attribute 'extract_all_job_information'
2025-07-31 04:17:30 - enhanced_integrated_monitor - INFO - ✅ Cleared city filter using close button: [data-test-component="StencilReactButton"]
2025-07-31 04:17:31 - enhanced_integrated_monitor - INFO - ✅ Completed processing for city: North Pekin, IL
2025-07-31 04:17:33 - enhanced_integrated_monitor - INFO - 🏙️ Processing city 4/24: Missoula, MT
2025-07-31 04:17:33 - enhanced_integrated_monitor - INFO - 🔧 Applying city filter: Missoula, MT
2025-07-31 04:17:33 - job_components - INFO - Applying filters: ['cities']
2025-07-31 04:17:33 - job_components - INFO - Filters panel already open
2025-07-31 04:17:33 - job_components - INFO - Filters panel already open
2025-07-31 04:17:33 - job_components - INFO - Applying city filter: Missoula, MT
2025-07-31 04:17:33 - job_components - WARNING - City input not found, attempt 1/2. Trying to reopen filters panel...
2025-07-31 04:17:34 - job_components - INFO - Filters panel already open
2025-07-31 04:17:36 - job_components - ERROR - Could not find city input field with any selector after retries
2025-07-31 04:17:36 - job_components - INFO - ✅ Applied cities filter
2025-07-31 04:17:36 - job_components - INFO - Successfully applied 1/1 filters
2025-07-31 04:17:36 - enhanced_integrated_monitor - ERROR - Error handling shift processing: 'EnhancedJobReporter' object has no attribute 'extract_all_job_information'
2025-07-31 04:17:37 - enhanced_integrated_monitor - INFO - ✅ Cleared city filter using close button: [data-test-component="StencilReactButton"]
2025-07-31 04:17:38 - enhanced_integrated_monitor - INFO - ✅ Completed processing for city: Missoula, MT
2025-07-31 04:17:40 - enhanced_integrated_monitor - INFO - 🏙️ Processing city 5/24: Ashland, MO
2025-07-31 04:17:40 - enhanced_integrated_monitor - INFO - 🔧 Applying city filter: Ashland, MO
2025-07-31 04:17:40 - job_components - INFO - Applying filters: ['cities']
2025-07-31 04:17:40 - job_components - INFO - Filters panel already open
2025-07-31 04:17:40 - job_components - INFO - Filters panel already open
2025-07-31 04:17:40 - job_components - INFO - Applying city filter: Ashland, MO
2025-07-31 04:17:40 - job_components - WARNING - City input not found, attempt 1/2. Trying to reopen filters panel...
2025-07-31 04:17:41 - job_components - INFO - Filters panel already open
2025-07-31 04:17:42 - job_components - ERROR - Could not find city input field with any selector after retries
2025-07-31 04:17:42 - job_components - INFO - ✅ Applied cities filter
2025-07-31 04:17:42 - job_components - INFO - Successfully applied 1/1 filters
2025-07-31 04:17:42 - enhanced_integrated_monitor - ERROR - Error handling shift processing: 'EnhancedJobReporter' object has no attribute 'extract_all_job_information'
2025-07-31 04:17:43 - enhanced_integrated_monitor - INFO - ✅ Cleared city filter using close button: [data-test-component="StencilReactButton"]
2025-07-31 04:17:44 - enhanced_integrated_monitor - INFO - ✅ Completed processing for city: Ashland, MO
2025-07-31 04:17:46 - enhanced_integrated_monitor - INFO - 🏙️ Processing city 6/24: Gypsum, CO
2025-07-31 04:17:46 - enhanced_integrated_monitor - INFO - 🔧 Applying city filter: Gypsum, CO
2025-07-31 04:17:46 - job_components - INFO - Applying filters: ['cities']
2025-07-31 04:17:46 - job_components - INFO - Filters panel already open
2025-07-31 04:17:46 - job_components - INFO - Filters panel already open
2025-07-31 04:17:46 - job_components - INFO - Applying city filter: Gypsum, CO
2025-07-31 04:17:46 - job_components - WARNING - City input not found, attempt 1/2. Trying to reopen filters panel...
2025-07-31 04:17:47 - job_components - INFO - Filters panel already open
2025-07-31 04:17:48 - job_components - ERROR - Could not find city input field with any selector after retries
2025-07-31 04:17:48 - job_components - INFO - ✅ Applied cities filter
2025-07-31 04:17:49 - job_components - INFO - Successfully applied 1/1 filters
2025-07-31 04:17:49 - enhanced_integrated_monitor - ERROR - Error handling shift processing: 'EnhancedJobReporter' object has no attribute 'extract_all_job_information'
2025-07-31 04:17:49 - enhanced_integrated_monitor - INFO - ✅ Cleared city filter using close button: [data-test-component="StencilReactButton"]
2025-07-31 04:17:50 - enhanced_integrated_monitor - INFO - ✅ Completed processing for city: Gypsum, CO
2025-07-31 04:17:52 - enhanced_integrated_monitor - INFO - 🏙️ Processing city 7/24: Belgrade, MT
2025-07-31 04:17:52 - enhanced_integrated_monitor - INFO - 🔧 Applying city filter: Belgrade, MT
2025-07-31 04:17:52 - job_components - INFO - Applying filters: ['cities']
2025-07-31 04:17:52 - job_components - INFO - Filters panel already open
2025-07-31 04:17:53 - job_components - INFO - Filters panel already open
2025-07-31 04:17:53 - job_components - INFO - Applying city filter: Belgrade, MT
2025-07-31 04:17:53 - job_components - WARNING - City input not found, attempt 1/2. Trying to reopen filters panel...
2025-07-31 04:17:54 - job_components - INFO - Filters panel already open
2025-07-31 04:17:55 - job_components - ERROR - Could not find city input field with any selector after retries
2025-07-31 04:17:55 - job_components - INFO - ✅ Applied cities filter
2025-07-31 04:17:55 - job_components - INFO - Successfully applied 1/1 filters
2025-07-31 04:17:55 - enhanced_integrated_monitor - ERROR - Error handling shift processing: 'EnhancedJobReporter' object has no attribute 'extract_all_job_information'
2025-07-31 04:17:56 - enhanced_integrated_monitor - INFO - ✅ Cleared city filter using close button: [data-test-component="StencilReactButton"]
2025-07-31 04:17:57 - enhanced_integrated_monitor - INFO - ✅ Completed processing for city: Belgrade, MT
2025-07-31 04:17:59 - enhanced_integrated_monitor - INFO - 🏙️ Processing city 8/24: Basalt, CO
2025-07-31 04:17:59 - enhanced_integrated_monitor - INFO - 🔧 Applying city filter: Basalt, CO
2025-07-31 04:17:59 - job_components - INFO - Applying filters: ['cities']
2025-07-31 04:17:59 - job_components - INFO - Filters panel already open
2025-07-31 04:17:59 - job_components - INFO - Filters panel already open
2025-07-31 04:17:59 - job_components - INFO - Applying city filter: Basalt, CO
2025-07-31 04:17:59 - job_components - WARNING - City input not found, attempt 1/2. Trying to reopen filters panel...
2025-07-31 04:18:00 - job_components - INFO - Filters panel already open
2025-07-31 04:18:01 - job_components - ERROR - Could not find city input field with any selector after retries
2025-07-31 04:18:01 - job_components - INFO - ✅ Applied cities filter
2025-07-31 04:18:02 - job_components - INFO - Successfully applied 1/1 filters
2025-07-31 04:18:02 - enhanced_integrated_monitor - ERROR - Error handling shift processing: 'EnhancedJobReporter' object has no attribute 'extract_all_job_information'
2025-07-31 04:18:02 - enhanced_integrated_monitor - INFO - ✅ Cleared city filter using close button: [data-test-component="StencilReactButton"]
2025-07-31 04:18:03 - enhanced_integrated_monitor - INFO - ✅ Completed processing for city: Basalt, CO
2025-07-31 04:18:05 - enhanced_integrated_monitor - INFO - 🏙️ Processing city 9/24: Ottawa, IL
2025-07-31 04:18:05 - enhanced_integrated_monitor - INFO - 🔧 Applying city filter: Ottawa, IL
2025-07-31 04:18:05 - job_components - INFO - Applying filters: ['cities']
2025-07-31 04:18:05 - job_components - INFO - Filters panel already open
2025-07-31 04:18:05 - job_components - INFO - Filters panel already open
2025-07-31 04:18:05 - job_components - INFO - Applying city filter: Ottawa, IL
2025-07-31 04:18:05 - job_components - WARNING - City input not found, attempt 1/2. Trying to reopen filters panel...
2025-07-31 04:18:06 - job_components - INFO - Filters panel already open
2025-07-31 04:18:08 - job_components - ERROR - Could not find city input field with any selector after retries
2025-07-31 04:18:08 - job_components - INFO - ✅ Applied cities filter
2025-07-31 04:18:08 - job_components - INFO - Successfully applied 1/1 filters
2025-07-31 04:18:08 - enhanced_integrated_monitor - ERROR - Error handling shift processing: 'EnhancedJobReporter' object has no attribute 'extract_all_job_information'
2025-07-31 04:18:09 - enhanced_integrated_monitor - INFO - ✅ Cleared city filter using close button: [data-test-component="StencilReactButton"]
2025-07-31 04:18:10 - enhanced_integrated_monitor - INFO - ✅ Completed processing for city: Ottawa, IL
2025-07-31 04:18:12 - enhanced_integrated_monitor - INFO - 🏙️ Processing city 10/24: Tillamook, OR
2025-07-31 04:18:12 - enhanced_integrated_monitor - INFO - 🔧 Applying city filter: Tillamook, OR
2025-07-31 04:18:12 - job_components - INFO - Applying filters: ['cities']
2025-07-31 04:18:12 - job_components - INFO - Filters panel already open
2025-07-31 04:18:12 - job_components - INFO - Filters panel already open
2025-07-31 04:18:12 - job_components - INFO - Applying city filter: Tillamook, OR
2025-07-31 04:18:12 - job_components - WARNING - City input not found, attempt 1/2. Trying to reopen filters panel...
2025-07-31 04:18:13 - job_components - INFO - Filters panel already open
2025-07-31 04:18:14 - job_components - ERROR - Could not find city input field with any selector after retries
2025-07-31 04:18:14 - job_components - INFO - ✅ Applied cities filter
2025-07-31 04:18:14 - job_components - INFO - Successfully applied 1/1 filters
2025-07-31 04:18:14 - enhanced_integrated_monitor - ERROR - Error handling shift processing: 'EnhancedJobReporter' object has no attribute 'extract_all_job_information'
2025-07-31 04:18:15 - enhanced_integrated_monitor - INFO - ✅ Cleared city filter using close button: [data-test-component="StencilReactButton"]
2025-07-31 04:18:16 - enhanced_integrated_monitor - INFO - ✅ Completed processing for city: Tillamook, OR
2025-07-31 04:18:18 - enhanced_integrated_monitor - INFO - 🏙️ Processing city 11/24: Jackson, WY
2025-07-31 04:18:18 - enhanced_integrated_monitor - INFO - 🔧 Applying city filter: Jackson, WY
2025-07-31 04:18:18 - job_components - INFO - Applying filters: ['cities']
2025-07-31 04:18:18 - job_components - INFO - Filters panel already open
2025-07-31 04:18:18 - job_components - INFO - Filters panel already open
2025-07-31 04:18:18 - job_components - INFO - Applying city filter: Jackson, WY
2025-07-31 04:18:18 - job_components - WARNING - City input not found, attempt 1/2. Trying to reopen filters panel...
2025-07-31 04:18:19 - job_components - INFO - Filters panel already open
2025-07-31 04:18:20 - job_components - ERROR - Could not find city input field with any selector after retries
2025-07-31 04:18:20 - job_components - INFO - ✅ Applied cities filter
2025-07-31 04:18:21 - job_components - INFO - Successfully applied 1/1 filters
2025-07-31 04:18:21 - enhanced_integrated_monitor - ERROR - Error handling shift processing: 'EnhancedJobReporter' object has no attribute 'extract_all_job_information'
2025-07-31 04:18:21 - enhanced_integrated_monitor - INFO - ✅ Cleared city filter using close button: [data-test-component="StencilReactButton"]
2025-07-31 04:18:22 - enhanced_integrated_monitor - INFO - ✅ Completed processing for city: Jackson, WY
2025-07-31 04:18:24 - enhanced_integrated_monitor - INFO - 🏙️ Processing city 12/24: Weston, WI
2025-07-31 04:18:24 - enhanced_integrated_monitor - INFO - 🔧 Applying city filter: Weston, WI
2025-07-31 04:18:24 - job_components - INFO - Applying filters: ['cities']
2025-07-31 04:18:24 - job_components - INFO - Filters panel already open
2025-07-31 04:18:24 - job_components - INFO - Filters panel already open
2025-07-31 04:18:24 - job_components - INFO - Applying city filter: Weston, WI
2025-07-31 04:18:25 - job_components - WARNING - City input not found, attempt 1/2. Trying to reopen filters panel...
2025-07-31 04:18:26 - job_components - INFO - Filters panel already open
2025-07-31 04:18:27 - job_components - ERROR - Could not find city input field with any selector after retries
2025-07-31 04:18:27 - job_components - INFO - ✅ Applied cities filter
2025-07-31 04:18:27 - job_components - INFO - Successfully applied 1/1 filters
2025-07-31 04:18:27 - enhanced_integrated_monitor - ERROR - Error handling shift processing: 'EnhancedJobReporter' object has no attribute 'extract_all_job_information'
2025-07-31 04:18:28 - enhanced_integrated_monitor - INFO - ✅ Cleared city filter using close button: [data-test-component="StencilReactButton"]
2025-07-31 04:18:29 - enhanced_integrated_monitor - INFO - ✅ Completed processing for city: Weston, WI
2025-07-31 04:18:31 - enhanced_integrated_monitor - INFO - 🏙️ Processing city 13/24: Capitola, CA
2025-07-31 04:18:31 - enhanced_integrated_monitor - INFO - 🔧 Applying city filter: Capitola, CA
2025-07-31 04:18:31 - job_components - INFO - Applying filters: ['cities']
2025-07-31 04:18:31 - job_components - INFO - Filters panel already open
2025-07-31 04:18:31 - job_components - INFO - Filters panel already open
2025-07-31 04:18:31 - job_components - INFO - Applying city filter: Capitola, CA
2025-07-31 04:18:31 - job_components - WARNING - City input not found, attempt 1/2. Trying to reopen filters panel...
2025-07-31 04:18:32 - job_components - INFO - Filters panel already open
2025-07-31 04:18:33 - job_components - ERROR - Could not find city input field with any selector after retries
2025-07-31 04:18:33 - job_components - INFO - ✅ Applied cities filter
2025-07-31 04:18:34 - job_components - INFO - Successfully applied 1/1 filters
2025-07-31 04:18:34 - enhanced_integrated_monitor - ERROR - Error handling shift processing: 'EnhancedJobReporter' object has no attribute 'extract_all_job_information'
2025-07-31 04:18:34 - enhanced_integrated_monitor - INFO - ✅ Cleared city filter using close button: [data-test-component="StencilReactButton"]
2025-07-31 04:18:35 - enhanced_integrated_monitor - INFO - ✅ Completed processing for city: Capitola, CA
2025-07-31 04:18:37 - enhanced_integrated_monitor - INFO - 🏙️ Processing city 14/24: Bend, OR
2025-07-31 04:18:37 - enhanced_integrated_monitor - INFO - 🔧 Applying city filter: Bend, OR
2025-07-31 04:18:37 - job_components - INFO - Applying filters: ['cities']
2025-07-31 04:18:37 - job_components - INFO - Filters panel already open
2025-07-31 04:18:37 - job_components - INFO - Filters panel already open
2025-07-31 04:18:37 - job_components - INFO - Applying city filter: Bend, OR
2025-07-31 04:18:37 - job_components - WARNING - City input not found, attempt 1/2. Trying to reopen filters panel...
2025-07-31 04:18:38 - job_components - INFO - Filters panel already open
2025-07-31 04:18:39 - job_components - ERROR - Could not find city input field with any selector after retries
2025-07-31 04:18:39 - job_components - INFO - ✅ Applied cities filter
2025-07-31 04:18:40 - job_components - INFO - Successfully applied 1/1 filters
2025-07-31 04:18:40 - enhanced_integrated_monitor - ERROR - Error handling shift processing: 'EnhancedJobReporter' object has no attribute 'extract_all_job_information'
2025-07-31 04:18:40 - enhanced_integrated_monitor - INFO - ✅ Cleared city filter using close button: [data-test-component="StencilReactButton"]
2025-07-31 04:18:41 - enhanced_integrated_monitor - INFO - ✅ Completed processing for city: Bend, OR
2025-07-31 04:18:43 - enhanced_integrated_monitor - INFO - 🏙️ Processing city 15/24: La Crosse, WI
2025-07-31 04:18:43 - enhanced_integrated_monitor - INFO - 🔧 Applying city filter: La Crosse, WI
2025-07-31 04:18:43 - job_components - INFO - Applying filters: ['cities']
2025-07-31 04:18:44 - job_components - INFO - Filters panel already open
2025-07-31 04:18:44 - job_components - INFO - Filters panel already open
2025-07-31 04:18:44 - job_components - INFO - Applying city filter: La Crosse, WI
2025-07-31 04:18:44 - job_components - WARNING - City input not found, attempt 1/2. Trying to reopen filters panel...
2025-07-31 04:18:45 - job_components - INFO - Filters panel already open
2025-07-31 04:18:46 - job_components - ERROR - Could not find city input field with any selector after retries
2025-07-31 04:18:46 - job_components - INFO - ✅ Applied cities filter
2025-07-31 04:18:46 - job_components - INFO - Successfully applied 1/1 filters
2025-07-31 04:18:46 - enhanced_integrated_monitor - ERROR - Error handling shift processing: 'EnhancedJobReporter' object has no attribute 'extract_all_job_information'
2025-07-31 04:18:47 - enhanced_integrated_monitor - INFO - ✅ Cleared city filter using close button: [data-test-component="StencilReactButton"]
2025-07-31 04:18:48 - enhanced_integrated_monitor - INFO - ✅ Completed processing for city: La Crosse, WI
2025-07-31 04:18:50 - enhanced_integrated_monitor - INFO - 🏙️ Processing city 16/24: Jerome, ID
2025-07-31 04:18:50 - enhanced_integrated_monitor - INFO - 🔧 Applying city filter: Jerome, ID
2025-07-31 04:18:50 - job_components - INFO - Applying filters: ['cities']
2025-07-31 04:18:50 - job_components - INFO - Filters panel already open
2025-07-31 04:18:50 - job_components - INFO - Filters panel already open
2025-07-31 04:18:50 - job_components - INFO - Applying city filter: Jerome, ID
2025-07-31 04:18:50 - job_components - WARNING - City input not found, attempt 1/2. Trying to reopen filters panel...
2025-07-31 04:18:51 - job_components - INFO - Filters panel already open
2025-07-31 04:18:52 - job_components - ERROR - Could not find city input field with any selector after retries
2025-07-31 04:18:52 - job_components - INFO - ✅ Applied cities filter
2025-07-31 04:18:53 - job_components - INFO - Successfully applied 1/1 filters
2025-07-31 04:18:53 - enhanced_integrated_monitor - ERROR - Error handling shift processing: 'EnhancedJobReporter' object has no attribute 'extract_all_job_information'
2025-07-31 04:18:53 - enhanced_integrated_monitor - INFO - ✅ Cleared city filter using close button: [data-test-component="StencilReactButton"]
2025-07-31 04:18:54 - enhanced_integrated_monitor - INFO - ✅ Completed processing for city: Jerome, ID
2025-07-31 04:18:56 - enhanced_integrated_monitor - INFO - 🏙️ Processing city 17/24: Gaylord, MI
2025-07-31 04:18:56 - enhanced_integrated_monitor - INFO - 🔧 Applying city filter: Gaylord, MI
2025-07-31 04:18:56 - job_components - INFO - Applying filters: ['cities']
2025-07-31 04:18:56 - job_components - INFO - Filters panel already open
2025-07-31 04:18:56 - job_components - INFO - Filters panel already open
2025-07-31 04:18:56 - job_components - INFO - Applying city filter: Gaylord, MI
2025-07-31 04:18:56 - job_components - WARNING - City input not found, attempt 1/2. Trying to reopen filters panel...
2025-07-31 04:18:58 - job_components - INFO - Filters panel already open
2025-07-31 04:18:59 - job_components - ERROR - Could not find city input field with any selector after retries
2025-07-31 04:18:59 - job_components - INFO - ✅ Applied cities filter
2025-07-31 04:18:59 - job_components - INFO - Successfully applied 1/1 filters
2025-07-31 04:18:59 - enhanced_integrated_monitor - ERROR - Error handling shift processing: 'EnhancedJobReporter' object has no attribute 'extract_all_job_information'
2025-07-31 04:19:00 - enhanced_integrated_monitor - INFO - ✅ Cleared city filter using close button: [data-test-component="StencilReactButton"]
2025-07-31 04:19:01 - enhanced_integrated_monitor - INFO - ✅ Completed processing for city: Gaylord, MI
2025-07-31 04:19:03 - enhanced_integrated_monitor - INFO - 🏙️ Processing city 18/24: Traverse City, MI
2025-07-31 04:19:03 - enhanced_integrated_monitor - INFO - 🔧 Applying city filter: Traverse City, MI
2025-07-31 04:19:03 - job_components - INFO - Applying filters: ['cities']
2025-07-31 04:19:03 - job_components - INFO - Filters panel already open
2025-07-31 04:19:03 - job_components - INFO - Filters panel already open
2025-07-31 04:19:03 - job_components - INFO - Applying city filter: Traverse City, MI
2025-07-31 04:19:03 - job_components - WARNING - City input not found, attempt 1/2. Trying to reopen filters panel...
2025-07-31 04:19:04 - job_components - INFO - Filters panel already open
2025-07-31 04:19:05 - job_components - ERROR - Could not find city input field with any selector after retries
2025-07-31 04:19:05 - job_components - INFO - ✅ Applied cities filter
2025-07-31 04:19:05 - job_components - INFO - Successfully applied 1/1 filters
2025-07-31 04:19:05 - enhanced_integrated_monitor - ERROR - Error handling shift processing: 'EnhancedJobReporter' object has no attribute 'extract_all_job_information'
2025-07-31 04:19:06 - enhanced_integrated_monitor - INFO - ✅ Cleared city filter using close button: [data-test-component="StencilReactButton"]
2025-07-31 04:19:07 - enhanced_integrated_monitor - INFO - ✅ Completed processing for city: Traverse City, MI
2025-07-31 04:19:09 - enhanced_integrated_monitor - INFO - 🏙️ Processing city 19/24: Richfield, UT
2025-07-31 04:19:09 - enhanced_integrated_monitor - INFO - 🔧 Applying city filter: Richfield, UT
2025-07-31 04:19:09 - job_components - INFO - Applying filters: ['cities']
2025-07-31 04:19:09 - job_components - INFO - Filters panel already open
2025-07-31 04:19:09 - job_components - INFO - Filters panel already open
2025-07-31 04:19:09 - job_components - INFO - Applying city filter: Richfield, UT
2025-07-31 04:19:09 - job_components - WARNING - City input not found, attempt 1/2. Trying to reopen filters panel...
2025-07-31 04:19:10 - job_components - INFO - Filters panel already open
2025-07-31 04:19:11 - job_components - ERROR - Could not find city input field with any selector after retries
2025-07-31 04:19:11 - job_components - INFO - ✅ Applied cities filter
2025-07-31 04:19:12 - job_components - INFO - Successfully applied 1/1 filters
2025-07-31 04:19:12 - enhanced_integrated_monitor - ERROR - Error handling shift processing: 'EnhancedJobReporter' object has no attribute 'extract_all_job_information'
2025-07-31 04:19:12 - enhanced_integrated_monitor - INFO - ✅ Cleared city filter using close button: [data-test-component="StencilReactButton"]
2025-07-31 04:19:13 - enhanced_integrated_monitor - INFO - ✅ Completed processing for city: Richfield, UT
2025-07-31 04:19:15 - enhanced_integrated_monitor - INFO - 🏙️ Processing city 20/24: Caribou, ME
2025-07-31 04:19:15 - enhanced_integrated_monitor - INFO - 🔧 Applying city filter: Caribou, ME
2025-07-31 04:19:15 - job_components - INFO - Applying filters: ['cities']
2025-07-31 04:19:15 - job_components - INFO - Filters panel already open
2025-07-31 04:19:16 - job_components - INFO - Filters panel already open
2025-07-31 04:19:16 - job_components - INFO - Applying city filter: Caribou, ME
2025-07-31 04:19:16 - job_components - WARNING - City input not found, attempt 1/2. Trying to reopen filters panel...
2025-07-31 04:19:17 - job_components - INFO - Filters panel already open
2025-07-31 04:19:18 - job_components - ERROR - Could not find city input field with any selector after retries
2025-07-31 04:19:18 - job_components - INFO - ✅ Applied cities filter
2025-07-31 04:19:18 - job_components - INFO - Successfully applied 1/1 filters
2025-07-31 04:19:18 - enhanced_integrated_monitor - ERROR - Error handling shift processing: 'EnhancedJobReporter' object has no attribute 'extract_all_job_information'
2025-07-31 04:19:19 - enhanced_integrated_monitor - INFO - ✅ Cleared city filter using close button: [data-test-component="StencilReactButton"]
2025-07-31 04:19:20 - enhanced_integrated_monitor - INFO - ✅ Completed processing for city: Caribou, ME
2025-07-31 04:19:22 - enhanced_integrated_monitor - INFO - 🏙️ Processing city 21/24: Kahului, HI
2025-07-31 04:19:22 - enhanced_integrated_monitor - INFO - 🔧 Applying city filter: Kahului, HI
2025-07-31 04:19:22 - job_components - INFO - Applying filters: ['cities']
2025-07-31 04:19:22 - job_components - INFO - Filters panel already open
2025-07-31 04:19:22 - job_components - INFO - Filters panel already open
2025-07-31 04:19:22 - job_components - INFO - Applying city filter: Kahului, HI
2025-07-31 04:19:22 - job_components - WARNING - City input not found, attempt 1/2. Trying to reopen filters panel...
2025-07-31 04:19:23 - job_components - INFO - Filters panel already open
2025-07-31 04:19:24 - job_components - ERROR - Could not find city input field with any selector after retries
2025-07-31 04:19:24 - job_components - INFO - ✅ Applied cities filter
2025-07-31 04:19:25 - job_components - INFO - Successfully applied 1/1 filters
2025-07-31 04:19:25 - enhanced_integrated_monitor - ERROR - Error handling shift processing: 'EnhancedJobReporter' object has no attribute 'extract_all_job_information'
2025-07-31 04:19:25 - enhanced_integrated_monitor - INFO - ✅ Cleared city filter using close button: [data-test-component="StencilReactButton"]
2025-07-31 04:19:26 - enhanced_integrated_monitor - INFO - ✅ Completed processing for city: Kahului, HI
2025-07-31 04:19:28 - enhanced_integrated_monitor - INFO - 🏙️ Processing city 22/24: Hyannis, MA
2025-07-31 04:19:28 - enhanced_integrated_monitor - INFO - 🔧 Applying city filter: Hyannis, MA
2025-07-31 04:19:28 - job_components - INFO - Applying filters: ['cities']
2025-07-31 04:19:28 - job_components - INFO - Filters panel already open
2025-07-31 04:19:28 - job_components - INFO - Filters panel already open
2025-07-31 04:19:28 - job_components - INFO - Applying city filter: Hyannis, MA
2025-07-31 04:19:28 - job_components - WARNING - City input not found, attempt 1/2. Trying to reopen filters panel...
2025-07-31 04:19:29 - job_components - INFO - Filters panel already open
2025-07-31 04:19:31 - job_components - ERROR - Could not find city input field with any selector after retries
2025-07-31 04:19:31 - job_components - INFO - ✅ Applied cities filter
2025-07-31 04:19:31 - job_components - INFO - Successfully applied 1/1 filters
2025-07-31 04:19:31 - enhanced_integrated_monitor - ERROR - Error handling shift processing: 'EnhancedJobReporter' object has no attribute 'extract_all_job_information'
2025-07-31 04:19:32 - enhanced_integrated_monitor - INFO - ✅ Cleared city filter using close button: [data-test-component="StencilReactButton"]
2025-07-31 04:19:33 - enhanced_integrated_monitor - INFO - ✅ Completed processing for city: Hyannis, MA
2025-07-31 04:19:35 - enhanced_integrated_monitor - INFO - 🏙️ Processing city 23/24: Lexington, KY
2025-07-31 04:19:35 - enhanced_integrated_monitor - INFO - 🔧 Applying city filter: Lexington, KY
2025-07-31 04:19:35 - job_components - INFO - Applying filters: ['cities']
2025-07-31 04:19:35 - job_components - INFO - Filters panel already open
2025-07-31 04:19:35 - job_components - INFO - Filters panel already open
2025-07-31 04:19:35 - job_components - INFO - Applying city filter: Lexington, KY
2025-07-31 04:19:35 - job_components - WARNING - City input not found, attempt 1/2. Trying to reopen filters panel...
2025-07-31 04:19:36 - job_components - INFO - Filters panel already open
2025-07-31 04:19:37 - job_components - ERROR - Could not find city input field with any selector after retries
2025-07-31 04:19:37 - job_components - INFO - ✅ Applied cities filter
2025-07-31 04:19:37 - job_components - INFO - Successfully applied 1/1 filters
2025-07-31 04:19:37 - enhanced_integrated_monitor - ERROR - Error handling shift processing: 'EnhancedJobReporter' object has no attribute 'extract_all_job_information'
2025-07-31 04:19:38 - enhanced_integrated_monitor - INFO - ✅ Cleared city filter using close button: [data-test-component="StencilReactButton"]
2025-07-31 04:19:39 - enhanced_integrated_monitor - INFO - ✅ Completed processing for city: Lexington, KY
2025-07-31 04:19:41 - enhanced_integrated_monitor - INFO - 🏙️ Processing city 24/24: Bozeman, MT
2025-07-31 04:19:41 - enhanced_integrated_monitor - INFO - 🔧 Applying city filter: Bozeman, MT
2025-07-31 04:19:41 - job_components - INFO - Applying filters: ['cities']
2025-07-31 04:19:41 - job_components - INFO - Filters panel already open
2025-07-31 04:19:41 - job_components - INFO - Filters panel already open
2025-07-31 04:19:41 - job_components - INFO - Applying city filter: Bozeman, MT
2025-07-31 04:19:41 - job_components - WARNING - City input not found, attempt 1/2. Trying to reopen filters panel...
2025-07-31 04:19:42 - job_components - INFO - Filters panel already open
2025-07-31 04:19:43 - job_components - ERROR - Could not find city input field with any selector after retries
2025-07-31 04:19:43 - job_components - INFO - ✅ Applied cities filter
2025-07-31 04:19:44 - job_components - INFO - Successfully applied 1/1 filters
2025-07-31 04:19:44 - enhanced_integrated_monitor - ERROR - Error handling shift processing: 'EnhancedJobReporter' object has no attribute 'extract_all_job_information'
2025-07-31 04:19:45 - enhanced_integrated_monitor - INFO - ✅ Cleared city filter using close button: [data-test-component="StencilReactButton"]
2025-07-31 04:19:46 - enhanced_integrated_monitor - INFO - ✅ Completed processing for city: Bozeman, MT
2025-07-31 04:19:48 - enhanced_integrated_monitor - INFO - ✅ Completed processing all 24 cities. No bookings made.
2025-07-31 04:19:48 - enhanced_integrated_monitor - INFO - ⏰ Waiting 300s until next cycle
2025-07-31 04:24:48 - enhanced_integrated_monitor - INFO - 📊 Starting monitoring cycle 2
2025-07-31 04:24:48 - enhanced_integrated_monitor - INFO - 🔍 Attempt 1: Processing URL 1/3: https://hiring.amazon.com/app#/jobSearch
2025-07-31 04:25:00 - enhanced_integrated_monitor - INFO - 🛑 Monitoring stopped by user
2025-07-31 04:25:00 - enhanced_integrated_monitor - INFO - 🏁 Enhanced monitoring stopped
2025-07-31 04:25:06 - __main__ - INFO - 🛑 Monitoring stopped by user
